TRACE::2024-06-19.17:19:26::SCWPlatform::Trying to open the hw design at D:/FPGA_RISC/vitis_gpio_led/button_design_wrapper/hw/button_design_wrapper.xsa
TRACE::2024-06-19.17:19:26::SCWPlatform::DSA given D:/FPGA_RISC/vitis_gpio_led/button_design_wrapper/hw/button_design_wrapper.xsa
TRACE::2024-06-19.17:19:26::SCWPlatform::DSA absoulate path D:/FPGA_RISC/vitis_gpio_led/button_design_wrapper/hw/button_design_wrapper.xsa
TRACE::2024-06-19.17:19:26::SCWPlatform::DSA directory D:/FPGA_RISC/vitis_gpio_led/button_design_wrapper/hw
TRACE::2024-06-19.17:19:26::SCWPlatform:: Platform Path D:/FPGA_RISC/vitis_gpio_led/button_design_wrapper/hw/button_design_wrapper.xsa
TRACE::2024-06-19.17:19:26::SCWPlatform:: Unique name xilinx:basys3::0.0
TRACE::2024-06-19.17:19:26::SCWPlatform::Do not have an existing db opened. 
TRACE::2024-06-19.17:19:26::SCWPlatform::Opened new HwDB with name design_1_wrapper_3
TRACE::2024-06-19.17:19:26::SCWWriter::formatted JSON is {
	"platformName":	"button_design_wrapper",
	"sprVersion":	"2.0",
	"mode":	"gui",
	"dsaType":	"Fixed",
	"platformDesc":	"button_design_wrapper",
	"platHandOff":	"D:/FPGA_RISC/20240619_Microblaze_gpio/button_design_wrapper.xsa",
	"platIntHandOff":	"<platformDir>/hw/button_design_wrapper.xsa",
	"deviceType":	"FPGA",
	"platIsPrebuiltAutogen":	"false",
	"platIsNoBootBsp":	"false",
	"hasFsblMakeHasChanges":	"false",
	"hasPmufwMakeHasChanges":	"false",
	"platPreBuiltFlag":	false,
	"platformSamplesDir":	""
}
TRACE::2024-06-19.17:19:26::SCWWriter::formatted JSON is {
	"platformName":	"button_design_wrapper",
	"sprVersion":	"2.0",
	"mode":	"gui",
	"dsaType":	"Fixed",
	"platformDesc":	"button_design_wrapper",
	"platHandOff":	"D:/FPGA_RISC/20240619_Microblaze_gpio/button_design_wrapper.xsa",
	"platIntHandOff":	"<platformDir>/hw/button_design_wrapper.xsa",
	"deviceType":	"FPGA",
	"platIsPrebuiltAutogen":	"false",
	"platIsNoBootBsp":	"false",
	"hasFsblMakeHasChanges":	"false",
	"hasPmufwMakeHasChanges":	"false",
	"platPreBuiltFlag":	false,
	"platformSamplesDir":	"",
	"platActiveSys":	"button_design_wrapper",
	"systems":	[{
			"systemName":	"button_design_wrapper",
			"systemDesc":	"button_design_wrapper",
			"sysIsBootAutoGen":	"true",
			"systemDispName":	"button_design_wrapper"
		}]
}
TRACE::2024-06-19.17:19:26::SCWPlatform::Boot application domains not present, creating them
TRACE::2024-06-19.17:19:26::SCWPlatform::Pure FPGA device, no boot application will be created.
TRACE::2024-06-19.17:19:26::SCWWriter::formatted JSON is {
	"platformName":	"button_design_wrapper",
	"sprVersion":	"2.0",
	"mode":	"gui",
	"dsaType":	"Fixed",
	"platformDesc":	"button_design_wrapper",
	"platHandOff":	"D:/FPGA_RISC/20240619_Microblaze_gpio/button_design_wrapper.xsa",
	"platIntHandOff":	"<platformDir>/hw/button_design_wrapper.xsa",
	"deviceType":	"FPGA",
	"platIsPrebuiltAutogen":	"false",
	"platIsNoBootBsp":	"false",
	"hasFsblMakeHasChanges":	"false",
	"hasPmufwMakeHasChanges":	"false",
	"platPreBuiltFlag":	false,
	"platformSamplesDir":	"",
	"platActiveSys":	"button_design_wrapper",
	"systems":	[{
			"systemName":	"button_design_wrapper",
			"systemDesc":	"button_design_wrapper",
			"sysIsBootAutoGen":	"true",
			"systemDispName":	"button_design_wrapper"
		}]
}
TRACE::2024-06-19.17:19:26::SCWWriter::formatted JSON is {
	"platformName":	"button_design_wrapper",
	"sprVersion":	"2.0",
	"mode":	"gui",
	"dsaType":	"Fixed",
	"platformDesc":	"button_design_wrapper",
	"platHandOff":	"D:/FPGA_RISC/20240619_Microblaze_gpio/button_design_wrapper.xsa",
	"platIntHandOff":	"<platformDir>/hw/button_design_wrapper.xsa",
	"deviceType":	"FPGA",
	"platIsPrebuiltAutogen":	"false",
	"platIsNoBootBsp":	"false",
	"hasFsblMakeHasChanges":	"false",
	"hasPmufwMakeHasChanges":	"false",
	"platPreBuiltFlag":	false,
	"platformSamplesDir":	"",
	"platActiveSys":	"button_design_wrapper",
	"systems":	[{
			"systemName":	"button_design_wrapper",
			"systemDesc":	"button_design_wrapper",
			"sysIsBootAutoGen":	"true",
			"systemDispName":	"button_design_wrapper"
		}]
}
TRACE::2024-06-19.17:19:26::SCWPlatform::Trying to open the hw design at D:/FPGA_RISC/vitis_gpio_led/button_design_wrapper/hw/button_design_wrapper.xsa
TRACE::2024-06-19.17:19:26::SCWPlatform::DSA given D:/FPGA_RISC/vitis_gpio_led/button_design_wrapper/hw/button_design_wrapper.xsa
TRACE::2024-06-19.17:19:26::SCWPlatform::DSA absoulate path D:/FPGA_RISC/vitis_gpio_led/button_design_wrapper/hw/button_design_wrapper.xsa
TRACE::2024-06-19.17:19:26::SCWPlatform::DSA directory D:/FPGA_RISC/vitis_gpio_led/button_design_wrapper/hw
TRACE::2024-06-19.17:19:26::SCWPlatform:: Platform Path D:/FPGA_RISC/vitis_gpio_led/button_design_wrapper/hw/button_design_wrapper.xsa
TRACE::2024-06-19.17:19:26::SCWPlatform:: Unique name xilinx:basys3::0.0
TRACE::2024-06-19.17:19:26::SCWPlatform::Trying to set the existing hwdb with name design_1_wrapper_3
TRACE::2024-06-19.17:19:26::SCWPlatform::Opened existing hwdb design_1_wrapper_3
TRACE::2024-06-19.17:19:26::SCWPlatform::Found the Hw Db part of the input DSA
TRACE::2024-06-19.17:19:26::SCWDomain::checking for install qemu data   : 
TRACE::2024-06-19.17:19:26::SCWPlatform::Trying to open the hw design at D:/FPGA_RISC/vitis_gpio_led/button_design_wrapper/hw/button_design_wrapper.xsa
TRACE::2024-06-19.17:19:26::SCWPlatform::DSA given D:/FPGA_RISC/vitis_gpio_led/button_design_wrapper/hw/button_design_wrapper.xsa
TRACE::2024-06-19.17:19:26::SCWPlatform::DSA absoulate path D:/FPGA_RISC/vitis_gpio_led/button_design_wrapper/hw/button_design_wrapper.xsa
TRACE::2024-06-19.17:19:26::SCWPlatform::DSA directory D:/FPGA_RISC/vitis_gpio_led/button_design_wrapper/hw
TRACE::2024-06-19.17:19:26::SCWPlatform:: Platform Path D:/FPGA_RISC/vitis_gpio_led/button_design_wrapper/hw/button_design_wrapper.xsa
TRACE::2024-06-19.17:19:26::SCWPlatform:: Unique name xilinx:basys3::0.0
TRACE::2024-06-19.17:19:26::SCWPlatform::Trying to set the existing hwdb with name design_1_wrapper_3
TRACE::2024-06-19.17:19:26::SCWPlatform::Opened existing hwdb design_1_wrapper_3
TRACE::2024-06-19.17:19:26::SCWPlatform::Found the Hw Db part of the input DSA
TRACE::2024-06-19.17:19:26::SCWPlatform::Trying to open the hw design at D:/FPGA_RISC/vitis_gpio_led/button_design_wrapper/hw/button_design_wrapper.xsa
TRACE::2024-06-19.17:19:26::SCWPlatform::DSA given D:/FPGA_RISC/vitis_gpio_led/button_design_wrapper/hw/button_design_wrapper.xsa
TRACE::2024-06-19.17:19:26::SCWPlatform::DSA absoulate path D:/FPGA_RISC/vitis_gpio_led/button_design_wrapper/hw/button_design_wrapper.xsa
TRACE::2024-06-19.17:19:26::SCWPlatform::DSA directory D:/FPGA_RISC/vitis_gpio_led/button_design_wrapper/hw
TRACE::2024-06-19.17:19:26::SCWPlatform:: Platform Path D:/FPGA_RISC/vitis_gpio_led/button_design_wrapper/hw/button_design_wrapper.xsa
TRACE::2024-06-19.17:19:26::SCWPlatform:: Unique name xilinx:basys3::0.0
TRACE::2024-06-19.17:19:26::SCWPlatform::Trying to set the existing hwdb with name design_1_wrapper_3
TRACE::2024-06-19.17:19:26::SCWPlatform::Opened existing hwdb design_1_wrapper_3
TRACE::2024-06-19.17:19:26::SCWPlatform::Found the Hw Db part of the input DSA
TRACE::2024-06-19.17:19:26::SCWPlatform::Trying to open the hw design at D:/FPGA_RISC/vitis_gpio_led/button_design_wrapper/hw/button_design_wrapper.xsa
TRACE::2024-06-19.17:19:26::SCWPlatform::DSA given D:/FPGA_RISC/vitis_gpio_led/button_design_wrapper/hw/button_design_wrapper.xsa
TRACE::2024-06-19.17:19:26::SCWPlatform::DSA absoulate path D:/FPGA_RISC/vitis_gpio_led/button_design_wrapper/hw/button_design_wrapper.xsa
TRACE::2024-06-19.17:19:26::SCWPlatform::DSA directory D:/FPGA_RISC/vitis_gpio_led/button_design_wrapper/hw
TRACE::2024-06-19.17:19:26::SCWPlatform:: Platform Path D:/FPGA_RISC/vitis_gpio_led/button_design_wrapper/hw/button_design_wrapper.xsa
TRACE::2024-06-19.17:19:26::SCWPlatform:: Unique name xilinx:basys3::0.0
TRACE::2024-06-19.17:19:26::SCWPlatform::Trying to set the existing hwdb with name design_1_wrapper_3
TRACE::2024-06-19.17:19:26::SCWPlatform::Opened existing hwdb design_1_wrapper_3
TRACE::2024-06-19.17:19:26::SCWPlatform::Found the Hw Db part of the input DSA
TRACE::2024-06-19.17:19:26::SCWMssOS::Checking the sw design at  D:/FPGA_RISC/vitis_gpio_led/button_design_wrapper/microblaze_0/standalone_microblaze_0/bsp/system.mss
TRACE::2024-06-19.17:19:26::SCWMssOS::DEBUG:  swdes dump  D:/FPGA_RISC/vitis_gpio_led/led_design_wrapper/microblaze_0/standalone_microblaze_0/bsp/system.mss|system||

TRACE::2024-06-19.17:19:26::SCWMssOS::No sw design opened at  D:/FPGA_RISC/vitis_gpio_led/button_design_wrapper/microblaze_0/standalone_microblaze_0/bsp/system.mss
TRACE::2024-06-19.17:19:26::SCWMssOS::mss does not exists at D:/FPGA_RISC/vitis_gpio_led/button_design_wrapper/microblaze_0/standalone_microblaze_0/bsp/system.mss
TRACE::2024-06-19.17:19:26::SCWMssOS::Creating sw design at  D:/FPGA_RISC/vitis_gpio_led/button_design_wrapper/microblaze_0/standalone_microblaze_0/bsp/system.mss
TRACE::2024-06-19.17:19:26::SCWMssOS::Adding the swdes entry, created swdb D:/FPGA_RISC/vitis_gpio_led/button_design_wrapper/microblaze_0/standalone_microblaze_0/bsp/system.mss with des name D:/FPGA_RISC/vitis_gpio_led/button_design_wrapper/microblaze_0/standalone_microblaze_0/bsp/system.mss
TRACE::2024-06-19.17:19:26::SCWMssOS::updating the scw layer changes to swdes at   D:/FPGA_RISC/vitis_gpio_led/button_design_wrapper/microblaze_0/standalone_microblaze_0/bsp/system.mss
TRACE::2024-06-19.17:19:26::SCWMssOS::Writing mss at D:/FPGA_RISC/vitis_gpio_led/button_design_wrapper/microblaze_0/standalone_microblaze_0/bsp/system.mss
TRACE::2024-06-19.17:19:26::SCWMssOS::Completed writing the mss file at D:/FPGA_RISC/vitis_gpio_led/button_design_wrapper/microblaze_0/standalone_microblaze_0/bsp
TRACE::2024-06-19.17:19:26::SCWMssOS::Picking up changes from newly written mss file into SCW Layer. 
TRACE::2024-06-19.17:19:26::SCWMssOS::Updated the changes from newly written mss file into SCW Layer. 
TRACE::2024-06-19.17:19:26::SCWMssOS::Completed writing the mss file at D:/FPGA_RISC/vitis_gpio_led/button_design_wrapper/microblaze_0/standalone_microblaze_0/bsp
TRACE::2024-06-19.17:19:26::SCWMssOS::Forcing BSP Sources regeneration.
TRACE::2024-06-19.17:19:27::SCWMssOS::Saving the mss changes D:/FPGA_RISC/vitis_gpio_led/button_design_wrapper/microblaze_0/standalone_microblaze_0/bsp/system.mss
TRACE::2024-06-19.17:19:27::SCWMssOS::Found a swdesign opened with the mssfile.
TRACE::2024-06-19.17:19:27::SCWMssOS::Running validate of swdbs.
KEYINFO::2024-06-19.17:19:27::SCWMssOS::Could not open the swdb for D:/FPGA_RISC/vitis_gpio_led/button_design_wrapper/microblaze_0/standalone_microblaze_0/bsp/system.mss
KEYINFO::2024-06-19.17:19:27::SCWMssOS::Could not open the sw design at  D:/FPGA_RISC/vitis_gpio_led/button_design_wrapper/microblaze_0/standalone_microblaze_0/bsp/system.mss
ERROR: [Hsi 55-1558] Software Design D:/FPGA_RISC/vitis_gpio_led/button_design_wrapper/microblaze_0/standalone_microblaze_0/bsp/system.mss is not found

TRACE::2024-06-19.17:19:27::SCWMssOS::Cleared the swdb table entry
TRACE::2024-06-19.17:19:27::SCWMssOS::Adding the swdes entry, mss present, able to open swdb D:/FPGA_RISC/vitis_gpio_led/button_design_wrapper/microblaze_0/standalone_microblaze_0/bsp/system.mss with des name system_0
TRACE::2024-06-19.17:19:27::SCWMssOS::Writing the mss file completed D:/FPGA_RISC/vitis_gpio_led/button_design_wrapper/microblaze_0/standalone_microblaze_0/bsp/system.mss
TRACE::2024-06-19.17:19:27::SCWMssOS::Commit changes completed.
TRACE::2024-06-19.17:19:27::SCWPlatform::Trying to open the hw design at D:/FPGA_RISC/vitis_gpio_led/button_design_wrapper/hw/button_design_wrapper.xsa
TRACE::2024-06-19.17:19:27::SCWPlatform::DSA given D:/FPGA_RISC/vitis_gpio_led/button_design_wrapper/hw/button_design_wrapper.xsa
TRACE::2024-06-19.17:19:27::SCWPlatform::DSA absoulate path D:/FPGA_RISC/vitis_gpio_led/button_design_wrapper/hw/button_design_wrapper.xsa
TRACE::2024-06-19.17:19:27::SCWPlatform::DSA directory D:/FPGA_RISC/vitis_gpio_led/button_design_wrapper/hw
TRACE::2024-06-19.17:19:27::SCWPlatform:: Platform Path D:/FPGA_RISC/vitis_gpio_led/button_design_wrapper/hw/button_design_wrapper.xsa
TRACE::2024-06-19.17:19:27::SCWPlatform:: Unique name xilinx:basys3::0.0
TRACE::2024-06-19.17:19:27::SCWPlatform::Trying to set the existing hwdb with name design_1_wrapper_3
TRACE::2024-06-19.17:19:27::SCWPlatform::Opened existing hwdb design_1_wrapper_3
TRACE::2024-06-19.17:19:27::SCWPlatform::Found the Hw Db part of the input DSA
TRACE::2024-06-19.17:19:27::SCWMssOS::Checking the sw design at  D:/FPGA_RISC/vitis_gpio_led/button_design_wrapper/microblaze_0/standalone_microblaze_0/bsp/system.mss
TRACE::2024-06-19.17:19:27::SCWMssOS::DEBUG:  swdes dump  D:/FPGA_RISC/vitis_gpio_led/button_design_wrapper/microblaze_0/standalone_microblaze_0/bsp/system.mss|system_0||
D:/FPGA_RISC/vitis_gpio_led/led_design_wrapper/microblaze_0/standalone_microblaze_0/bsp/system.mss|system||

TRACE::2024-06-19.17:19:27::SCWMssOS::Sw design exists and opened at  D:/FPGA_RISC/vitis_gpio_led/button_design_wrapper/microblaze_0/standalone_microblaze_0/bsp/system.mss
TRACE::2024-06-19.17:19:27::SCWPlatform::Trying to open the hw design at D:/FPGA_RISC/vitis_gpio_led/button_design_wrapper/hw/button_design_wrapper.xsa
TRACE::2024-06-19.17:19:27::SCWPlatform::DSA given D:/FPGA_RISC/vitis_gpio_led/button_design_wrapper/hw/button_design_wrapper.xsa
TRACE::2024-06-19.17:19:27::SCWPlatform::DSA absoulate path D:/FPGA_RISC/vitis_gpio_led/button_design_wrapper/hw/button_design_wrapper.xsa
TRACE::2024-06-19.17:19:27::SCWPlatform::DSA directory D:/FPGA_RISC/vitis_gpio_led/button_design_wrapper/hw
TRACE::2024-06-19.17:19:27::SCWPlatform:: Platform Path D:/FPGA_RISC/vitis_gpio_led/button_design_wrapper/hw/button_design_wrapper.xsa
TRACE::2024-06-19.17:19:27::SCWPlatform:: Unique name xilinx:basys3::0.0
TRACE::2024-06-19.17:19:27::SCWPlatform::Trying to set the existing hwdb with name design_1_wrapper_3
TRACE::2024-06-19.17:19:27::SCWPlatform::Opened existing hwdb design_1_wrapper_3
TRACE::2024-06-19.17:19:27::SCWPlatform::Found the Hw Db part of the input DSA
TRACE::2024-06-19.17:19:27::SCWMssOS::Checking the sw design at  D:/FPGA_RISC/vitis_gpio_led/button_design_wrapper/microblaze_0/standalone_microblaze_0/bsp/system.mss
TRACE::2024-06-19.17:19:27::SCWMssOS::DEBUG:  swdes dump  D:/FPGA_RISC/vitis_gpio_led/button_design_wrapper/microblaze_0/standalone_microblaze_0/bsp/system.mss|system_0||
D:/FPGA_RISC/vitis_gpio_led/led_design_wrapper/microblaze_0/standalone_microblaze_0/bsp/system.mss|system||

TRACE::2024-06-19.17:19:27::SCWMssOS::Sw design exists and opened at  D:/FPGA_RISC/vitis_gpio_led/button_design_wrapper/microblaze_0/standalone_microblaze_0/bsp/system.mss
TRACE::2024-06-19.17:19:27::SCWPlatform::Trying to open the hw design at D:/FPGA_RISC/vitis_gpio_led/button_design_wrapper/hw/button_design_wrapper.xsa
TRACE::2024-06-19.17:19:27::SCWPlatform::DSA given D:/FPGA_RISC/vitis_gpio_led/button_design_wrapper/hw/button_design_wrapper.xsa
TRACE::2024-06-19.17:19:27::SCWPlatform::DSA absoulate path D:/FPGA_RISC/vitis_gpio_led/button_design_wrapper/hw/button_design_wrapper.xsa
TRACE::2024-06-19.17:19:27::SCWPlatform::DSA directory D:/FPGA_RISC/vitis_gpio_led/button_design_wrapper/hw
TRACE::2024-06-19.17:19:27::SCWPlatform:: Platform Path D:/FPGA_RISC/vitis_gpio_led/button_design_wrapper/hw/button_design_wrapper.xsa
TRACE::2024-06-19.17:19:27::SCWPlatform:: Unique name xilinx:basys3::0.0
TRACE::2024-06-19.17:19:27::SCWPlatform::Trying to set the existing hwdb with name design_1_wrapper_3
TRACE::2024-06-19.17:19:27::SCWPlatform::Opened existing hwdb design_1_wrapper_3
TRACE::2024-06-19.17:19:27::SCWPlatform::Found the Hw Db part of the input DSA
TRACE::2024-06-19.17:19:27::SCWMssOS::Checking the sw design at  D:/FPGA_RISC/vitis_gpio_led/button_design_wrapper/microblaze_0/standalone_microblaze_0/bsp/system.mss
TRACE::2024-06-19.17:19:27::SCWMssOS::DEBUG:  swdes dump  D:/FPGA_RISC/vitis_gpio_led/button_design_wrapper/microblaze_0/standalone_microblaze_0/bsp/system.mss|system_0||
D:/FPGA_RISC/vitis_gpio_led/led_design_wrapper/microblaze_0/standalone_microblaze_0/bsp/system.mss|system||

TRACE::2024-06-19.17:19:27::SCWMssOS::Sw design exists and opened at  D:/FPGA_RISC/vitis_gpio_led/button_design_wrapper/microblaze_0/standalone_microblaze_0/bsp/system.mss
TRACE::2024-06-19.17:19:27::SCWWriter::formatted JSON is {
	"platformName":	"button_design_wrapper",
	"sprVersion":	"2.0",
	"mode":	"gui",
	"dsaType":	"Fixed",
	"platformDesc":	"button_design_wrapper",
	"platHandOff":	"D:/FPGA_RISC/20240619_Microblaze_gpio/button_design_wrapper.xsa",
	"platIntHandOff":	"<platformDir>/hw/button_design_wrapper.xsa",
	"deviceType":	"FPGA",
	"platIsPrebuiltAutogen":	"false",
	"platIsNoBootBsp":	"false",
	"hasFsblMakeHasChanges":	"false",
	"hasPmufwMakeHasChanges":	"false",
	"platPreBuiltFlag":	false,
	"platformSamplesDir":	"",
	"platActiveSys":	"button_design_wrapper",
	"systems":	[{
			"systemName":	"button_design_wrapper",
			"systemDesc":	"button_design_wrapper",
			"sysIsBootAutoGen":	"true",
			"systemDispName":	"button_design_wrapper",
			"sysActiveDom":	"standalone_microblaze_0",
			"sysDefaultDom":	"standalone_microblaze_0",
			"domains":	[{
					"domainName":	"standalone_microblaze_0",
					"domainDispName":	"standalone_microblaze_0",
					"domainDesc":	"standalone_microblaze_0",
					"processors":	"microblaze_0",
					"os":	"standalone",
					"sdxOs":	"standalone",
					"debugEnable":	"False",
					"domRuntimes":	["cpp"],
					"swRepo":	"",
					"mssOsVer":	"7.3",
					"mssFile":	"",
					"md5Digest":	"27c595da0a597c53e2116614f872aab8",
					"compatibleApp":	"hello_world",
					"domType":	"mssDomain",
					"arch":	"32-bit",
					"appSettings":	{
						"appCompilerFlags":	"",
						"appLinkerFlags":	""
					},
					"addedLibs":	[],
					"libOptions":	{
						"libsContainingOptions":	[]
					},
					"prebuiltLibs":	{
						"prebuiltIncPath":	[],
						"prebuiltLibPath":	[]
					},
					"isolation":	{
					}
				}]
		}]
}
LOG::2024-06-19.17:19:27::SCWPlatform::Started generating the artifacts platform button_design_wrapper
TRACE::2024-06-19.17:19:27::SCWPlatform::Sanity checking of platform is completed
LOG::2024-06-19.17:19:27::SCWPlatform::Started generating the artifacts for system configuration button_design_wrapper
LOG::2024-06-19.17:19:27::SCWSystem::Checking the domain standalone_microblaze_0
LOG::2024-06-19.17:19:27::SCWSystem::Not a boot domain 
LOG::2024-06-19.17:19:27::SCWSystem::Started Processing the domain standalone_microblaze_0
TRACE::2024-06-19.17:19:27::SCWDomain::Generating domain artifcats
TRACE::2024-06-19.17:19:27::SCWMssOS::Generating standalone artifcats
TRACE::2024-06-19.17:19:27::SCWMssOS:: Copying the user libraries. 
TRACE::2024-06-19.17:19:27::SCWPlatform::Trying to open the hw design at D:/FPGA_RISC/vitis_gpio_led/button_design_wrapper/hw/button_design_wrapper.xsa
TRACE::2024-06-19.17:19:27::SCWPlatform::DSA given D:/FPGA_RISC/vitis_gpio_led/button_design_wrapper/hw/button_design_wrapper.xsa
TRACE::2024-06-19.17:19:27::SCWPlatform::DSA absoulate path D:/FPGA_RISC/vitis_gpio_led/button_design_wrapper/hw/button_design_wrapper.xsa
TRACE::2024-06-19.17:19:27::SCWPlatform::DSA directory D:/FPGA_RISC/vitis_gpio_led/button_design_wrapper/hw
TRACE::2024-06-19.17:19:27::SCWPlatform:: Platform Path D:/FPGA_RISC/vitis_gpio_led/button_design_wrapper/hw/button_design_wrapper.xsa
TRACE::2024-06-19.17:19:27::SCWPlatform:: Unique name xilinx:basys3::0.0
TRACE::2024-06-19.17:19:27::SCWPlatform::Trying to set the existing hwdb with name design_1_wrapper_3
TRACE::2024-06-19.17:19:27::SCWPlatform::Opened existing hwdb design_1_wrapper_3
TRACE::2024-06-19.17:19:27::SCWPlatform::Found the Hw Db part of the input DSA
TRACE::2024-06-19.17:19:27::SCWMssOS::Checking the sw design at  D:/FPGA_RISC/vitis_gpio_led/button_design_wrapper/microblaze_0/standalone_microblaze_0/bsp/system.mss
TRACE::2024-06-19.17:19:27::SCWMssOS::DEBUG:  swdes dump  D:/FPGA_RISC/vitis_gpio_led/button_design_wrapper/microblaze_0/standalone_microblaze_0/bsp/system.mss|system_0||
D:/FPGA_RISC/vitis_gpio_led/led_design_wrapper/microblaze_0/standalone_microblaze_0/bsp/system.mss|system||

TRACE::2024-06-19.17:19:27::SCWMssOS::Sw design exists and opened at  D:/FPGA_RISC/vitis_gpio_led/button_design_wrapper/microblaze_0/standalone_microblaze_0/bsp/system.mss
TRACE::2024-06-19.17:19:27::SCWMssOS::Completed writing the mss file at D:/FPGA_RISC/vitis_gpio_led/button_design_wrapper/microblaze_0/standalone_microblaze_0/bsp
TRACE::2024-06-19.17:19:27::SCWMssOS::Mss edits present, copying mssfile into export location D:/FPGA_RISC/vitis_gpio_led/button_design_wrapper/microblaze_0/standalone_microblaze_0/bsp/system.mss
TRACE::2024-06-19.17:19:27::SCWMssOS::bsp generated is upto date with the mss file. Skipping bsp generation.
TRACE::2024-06-19.17:19:27::SCWMssOS::BSP is already built. skipping the bsp build ... 
TRACE::2024-06-19.17:19:27::SCWDomain::Skipping the build for domain :  standalone_microblaze_0
TRACE::2024-06-19.17:19:27::SCWMssOS::skipping the bsp build ... 
TRACE::2024-06-19.17:19:27::SCWMssOS::Copying to export directory.
TRACE::2024-06-19.17:19:27::SCWMssOS:: Checking if to create the Supporting Applications
TRACE::2024-06-19.17:19:27::SCWMssOS:: No Linux domain exists, trying to generate FSBL 
LOG::2024-06-19.17:19:27::SCWSystem::Completed Processing the domain standalone_microblaze_0
LOG::2024-06-19.17:19:27::SCWSystem::Completed Processing the sysconfig button_design_wrapper
LOG::2024-06-19.17:19:27::SCWPlatform::Completed generating the artifacts for system configuration button_design_wrapper
TRACE::2024-06-19.17:19:27::SCWPlatform::Started preparing the platform 
TRACE::2024-06-19.17:19:27::SCWSystem::Writing the bif file for system config button_design_wrapper
TRACE::2024-06-19.17:19:27::SCWSystem::dir created 
TRACE::2024-06-19.17:19:27::SCWSystem::Writing the bif 
TRACE::2024-06-19.17:19:27::SCWPlatform::Started writing the spfm file 
TRACE::2024-06-19.17:19:27::SCWPlatform::Started writing the xpfm file 
TRACE::2024-06-19.17:19:27::SCWPlatform::Completed generating the platform
TRACE::2024-06-19.17:19:27::SCWMssOS::Saving the mss changes D:/FPGA_RISC/vitis_gpio_led/button_design_wrapper/microblaze_0/standalone_microblaze_0/bsp/system.mss
TRACE::2024-06-19.17:19:27::SCWMssOS::Found a swdesign opened with the mssfile.
TRACE::2024-06-19.17:19:27::SCWMssOS::Completed writemss as part of save.
TRACE::2024-06-19.17:19:27::SCWMssOS::Commit changes completed.
TRACE::2024-06-19.17:19:27::SCWPlatform::Trying to open the hw design at D:/FPGA_RISC/vitis_gpio_led/button_design_wrapper/hw/button_design_wrapper.xsa
TRACE::2024-06-19.17:19:27::SCWPlatform::DSA given D:/FPGA_RISC/vitis_gpio_led/button_design_wrapper/hw/button_design_wrapper.xsa
TRACE::2024-06-19.17:19:27::SCWPlatform::DSA absoulate path D:/FPGA_RISC/vitis_gpio_led/button_design_wrapper/hw/button_design_wrapper.xsa
TRACE::2024-06-19.17:19:27::SCWPlatform::DSA directory D:/FPGA_RISC/vitis_gpio_led/button_design_wrapper/hw
TRACE::2024-06-19.17:19:27::SCWPlatform:: Platform Path D:/FPGA_RISC/vitis_gpio_led/button_design_wrapper/hw/button_design_wrapper.xsa
TRACE::2024-06-19.17:19:27::SCWPlatform:: Unique name xilinx:basys3::0.0
TRACE::2024-06-19.17:19:27::SCWPlatform::Trying to set the existing hwdb with name design_1_wrapper_3
TRACE::2024-06-19.17:19:27::SCWPlatform::Opened existing hwdb design_1_wrapper_3
TRACE::2024-06-19.17:19:27::SCWPlatform::Found the Hw Db part of the input DSA
TRACE::2024-06-19.17:19:27::SCWMssOS::Checking the sw design at  D:/FPGA_RISC/vitis_gpio_led/button_design_wrapper/microblaze_0/standalone_microblaze_0/bsp/system.mss
TRACE::2024-06-19.17:19:27::SCWMssOS::DEBUG:  swdes dump  D:/FPGA_RISC/vitis_gpio_led/button_design_wrapper/microblaze_0/standalone_microblaze_0/bsp/system.mss|system_0||
D:/FPGA_RISC/vitis_gpio_led/led_design_wrapper/microblaze_0/standalone_microblaze_0/bsp/system.mss|system||

TRACE::2024-06-19.17:19:27::SCWMssOS::Sw design exists and opened at  D:/FPGA_RISC/vitis_gpio_led/button_design_wrapper/microblaze_0/standalone_microblaze_0/bsp/system.mss
TRACE::2024-06-19.17:19:27::SCWPlatform::Trying to open the hw design at D:/FPGA_RISC/vitis_gpio_led/button_design_wrapper/hw/button_design_wrapper.xsa
TRACE::2024-06-19.17:19:27::SCWPlatform::DSA given D:/FPGA_RISC/vitis_gpio_led/button_design_wrapper/hw/button_design_wrapper.xsa
TRACE::2024-06-19.17:19:27::SCWPlatform::DSA absoulate path D:/FPGA_RISC/vitis_gpio_led/button_design_wrapper/hw/button_design_wrapper.xsa
TRACE::2024-06-19.17:19:27::SCWPlatform::DSA directory D:/FPGA_RISC/vitis_gpio_led/button_design_wrapper/hw
TRACE::2024-06-19.17:19:27::SCWPlatform:: Platform Path D:/FPGA_RISC/vitis_gpio_led/button_design_wrapper/hw/button_design_wrapper.xsa
TRACE::2024-06-19.17:19:27::SCWPlatform:: Unique name xilinx:basys3::0.0
TRACE::2024-06-19.17:19:27::SCWPlatform::Trying to set the existing hwdb with name design_1_wrapper_3
TRACE::2024-06-19.17:19:27::SCWPlatform::Opened existing hwdb design_1_wrapper_3
TRACE::2024-06-19.17:19:27::SCWPlatform::Found the Hw Db part of the input DSA
TRACE::2024-06-19.17:19:27::SCWMssOS::Checking the sw design at  D:/FPGA_RISC/vitis_gpio_led/button_design_wrapper/microblaze_0/standalone_microblaze_0/bsp/system.mss
TRACE::2024-06-19.17:19:27::SCWMssOS::DEBUG:  swdes dump  D:/FPGA_RISC/vitis_gpio_led/button_design_wrapper/microblaze_0/standalone_microblaze_0/bsp/system.mss|system_0||
D:/FPGA_RISC/vitis_gpio_led/led_design_wrapper/microblaze_0/standalone_microblaze_0/bsp/system.mss|system||

TRACE::2024-06-19.17:19:27::SCWMssOS::Sw design exists and opened at  D:/FPGA_RISC/vitis_gpio_led/button_design_wrapper/microblaze_0/standalone_microblaze_0/bsp/system.mss
TRACE::2024-06-19.17:19:27::SCWPlatform::Trying to open the hw design at D:/FPGA_RISC/vitis_gpio_led/button_design_wrapper/hw/button_design_wrapper.xsa
TRACE::2024-06-19.17:19:27::SCWPlatform::DSA given D:/FPGA_RISC/vitis_gpio_led/button_design_wrapper/hw/button_design_wrapper.xsa
TRACE::2024-06-19.17:19:27::SCWPlatform::DSA absoulate path D:/FPGA_RISC/vitis_gpio_led/button_design_wrapper/hw/button_design_wrapper.xsa
TRACE::2024-06-19.17:19:27::SCWPlatform::DSA directory D:/FPGA_RISC/vitis_gpio_led/button_design_wrapper/hw
TRACE::2024-06-19.17:19:27::SCWPlatform:: Platform Path D:/FPGA_RISC/vitis_gpio_led/button_design_wrapper/hw/button_design_wrapper.xsa
TRACE::2024-06-19.17:19:27::SCWPlatform:: Unique name xilinx:basys3::0.0
TRACE::2024-06-19.17:19:27::SCWPlatform::Trying to set the existing hwdb with name design_1_wrapper_3
TRACE::2024-06-19.17:19:27::SCWPlatform::Opened existing hwdb design_1_wrapper_3
TRACE::2024-06-19.17:19:27::SCWPlatform::Found the Hw Db part of the input DSA
TRACE::2024-06-19.17:19:27::SCWMssOS::Checking the sw design at  D:/FPGA_RISC/vitis_gpio_led/button_design_wrapper/microblaze_0/standalone_microblaze_0/bsp/system.mss
TRACE::2024-06-19.17:19:27::SCWMssOS::DEBUG:  swdes dump  D:/FPGA_RISC/vitis_gpio_led/button_design_wrapper/microblaze_0/standalone_microblaze_0/bsp/system.mss|system_0||
D:/FPGA_RISC/vitis_gpio_led/led_design_wrapper/microblaze_0/standalone_microblaze_0/bsp/system.mss|system||

TRACE::2024-06-19.17:19:27::SCWMssOS::Sw design exists and opened at  D:/FPGA_RISC/vitis_gpio_led/button_design_wrapper/microblaze_0/standalone_microblaze_0/bsp/system.mss
TRACE::2024-06-19.17:19:27::SCWWriter::formatted JSON is {
	"platformName":	"button_design_wrapper",
	"sprVersion":	"2.0",
	"mode":	"gui",
	"dsaType":	"Fixed",
	"platformDesc":	"button_design_wrapper",
	"platHandOff":	"D:/FPGA_RISC/20240619_Microblaze_gpio/button_design_wrapper.xsa",
	"platIntHandOff":	"<platformDir>/hw/button_design_wrapper.xsa",
	"deviceType":	"FPGA",
	"platIsPrebuiltAutogen":	"false",
	"platIsNoBootBsp":	"false",
	"hasFsblMakeHasChanges":	"false",
	"hasPmufwMakeHasChanges":	"false",
	"platPreBuiltFlag":	false,
	"platformSamplesDir":	"",
	"platActiveSys":	"button_design_wrapper",
	"systems":	[{
			"systemName":	"button_design_wrapper",
			"systemDesc":	"button_design_wrapper",
			"sysIsBootAutoGen":	"true",
			"systemDispName":	"button_design_wrapper",
			"sysActiveDom":	"standalone_microblaze_0",
			"sysDefaultDom":	"standalone_microblaze_0",
			"domains":	[{
					"domainName":	"standalone_microblaze_0",
					"domainDispName":	"standalone_microblaze_0",
					"domainDesc":	"standalone_microblaze_0",
					"processors":	"microblaze_0",
					"os":	"standalone",
					"sdxOs":	"standalone",
					"debugEnable":	"False",
					"domRuntimes":	["cpp"],
					"swRepo":	"",
					"mssOsVer":	"7.3",
					"mssFile":	"",
					"md5Digest":	"27c595da0a597c53e2116614f872aab8",
					"compatibleApp":	"hello_world",
					"domType":	"mssDomain",
					"arch":	"32-bit",
					"appSettings":	{
						"appCompilerFlags":	"",
						"appLinkerFlags":	""
					},
					"addedLibs":	[],
					"libOptions":	{
						"libsContainingOptions":	[]
					},
					"prebuiltLibs":	{
						"prebuiltIncPath":	[],
						"prebuiltLibPath":	[]
					},
					"isolation":	{
					}
				}]
		}]
}
KEYINFO::2024-06-19.17:19:27::SCWPlatform::updated the xpfm file.
TRACE::2024-06-19.17:19:27::SCWPlatform::Trying to open the hw design at D:/FPGA_RISC/vitis_gpio_led/button_design_wrapper/hw/button_design_wrapper.xsa
TRACE::2024-06-19.17:19:27::SCWPlatform::DSA given D:/FPGA_RISC/vitis_gpio_led/button_design_wrapper/hw/button_design_wrapper.xsa
TRACE::2024-06-19.17:19:27::SCWPlatform::DSA absoulate path D:/FPGA_RISC/vitis_gpio_led/button_design_wrapper/hw/button_design_wrapper.xsa
TRACE::2024-06-19.17:19:27::SCWPlatform::DSA directory D:/FPGA_RISC/vitis_gpio_led/button_design_wrapper/hw
TRACE::2024-06-19.17:19:27::SCWPlatform:: Platform Path D:/FPGA_RISC/vitis_gpio_led/button_design_wrapper/hw/button_design_wrapper.xsa
TRACE::2024-06-19.17:19:27::SCWPlatform:: Unique name xilinx:basys3::0.0
TRACE::2024-06-19.17:19:27::SCWPlatform::Trying to set the existing hwdb with name design_1_wrapper_3
TRACE::2024-06-19.17:19:27::SCWPlatform::Opened existing hwdb design_1_wrapper_3
TRACE::2024-06-19.17:19:27::SCWPlatform::Found the Hw Db part of the input DSA
TRACE::2024-06-19.17:19:27::SCWMssOS::Checking the sw design at  D:/FPGA_RISC/vitis_gpio_led/button_design_wrapper/microblaze_0/standalone_microblaze_0/bsp/system.mss
TRACE::2024-06-19.17:19:27::SCWMssOS::DEBUG:  swdes dump  D:/FPGA_RISC/vitis_gpio_led/button_design_wrapper/microblaze_0/standalone_microblaze_0/bsp/system.mss|system_0||
D:/FPGA_RISC/vitis_gpio_led/led_design_wrapper/microblaze_0/standalone_microblaze_0/bsp/system.mss|system||

TRACE::2024-06-19.17:19:27::SCWMssOS::Sw design exists and opened at  D:/FPGA_RISC/vitis_gpio_led/button_design_wrapper/microblaze_0/standalone_microblaze_0/bsp/system.mss
TRACE::2024-06-19.17:19:27::SCWMssOS::Saving the mss changes D:/FPGA_RISC/vitis_gpio_led/button_design_wrapper/microblaze_0/standalone_microblaze_0/bsp/system.mss
TRACE::2024-06-19.17:19:27::SCWMssOS::Found a swdesign opened with the mssfile.
TRACE::2024-06-19.17:19:27::SCWMssOS::Completed writemss as part of save.
TRACE::2024-06-19.17:19:27::SCWMssOS::Commit changes completed.
TRACE::2024-06-19.17:19:27::SCWPlatform::Trying to open the hw design at D:/FPGA_RISC/vitis_gpio_led/button_design_wrapper/hw/button_design_wrapper.xsa
TRACE::2024-06-19.17:19:27::SCWPlatform::DSA given D:/FPGA_RISC/vitis_gpio_led/button_design_wrapper/hw/button_design_wrapper.xsa
TRACE::2024-06-19.17:19:27::SCWPlatform::DSA absoulate path D:/FPGA_RISC/vitis_gpio_led/button_design_wrapper/hw/button_design_wrapper.xsa
TRACE::2024-06-19.17:19:27::SCWPlatform::DSA directory D:/FPGA_RISC/vitis_gpio_led/button_design_wrapper/hw
TRACE::2024-06-19.17:19:27::SCWPlatform:: Platform Path D:/FPGA_RISC/vitis_gpio_led/button_design_wrapper/hw/button_design_wrapper.xsa
TRACE::2024-06-19.17:19:27::SCWPlatform:: Unique name xilinx:basys3::0.0
TRACE::2024-06-19.17:19:27::SCWPlatform::Trying to set the existing hwdb with name design_1_wrapper_3
TRACE::2024-06-19.17:19:27::SCWPlatform::Opened existing hwdb design_1_wrapper_3
TRACE::2024-06-19.17:19:27::SCWPlatform::Found the Hw Db part of the input DSA
TRACE::2024-06-19.17:19:27::SCWMssOS::Checking the sw design at  D:/FPGA_RISC/vitis_gpio_led/button_design_wrapper/microblaze_0/standalone_microblaze_0/bsp/system.mss
TRACE::2024-06-19.17:19:27::SCWMssOS::DEBUG:  swdes dump  D:/FPGA_RISC/vitis_gpio_led/button_design_wrapper/microblaze_0/standalone_microblaze_0/bsp/system.mss|system_0||
D:/FPGA_RISC/vitis_gpio_led/led_design_wrapper/microblaze_0/standalone_microblaze_0/bsp/system.mss|system||

TRACE::2024-06-19.17:19:27::SCWMssOS::Sw design exists and opened at  D:/FPGA_RISC/vitis_gpio_led/button_design_wrapper/microblaze_0/standalone_microblaze_0/bsp/system.mss
TRACE::2024-06-19.17:19:27::SCWPlatform::Trying to open the hw design at D:/FPGA_RISC/vitis_gpio_led/button_design_wrapper/hw/button_design_wrapper.xsa
TRACE::2024-06-19.17:19:27::SCWPlatform::DSA given D:/FPGA_RISC/vitis_gpio_led/button_design_wrapper/hw/button_design_wrapper.xsa
TRACE::2024-06-19.17:19:27::SCWPlatform::DSA absoulate path D:/FPGA_RISC/vitis_gpio_led/button_design_wrapper/hw/button_design_wrapper.xsa
TRACE::2024-06-19.17:19:27::SCWPlatform::DSA directory D:/FPGA_RISC/vitis_gpio_led/button_design_wrapper/hw
TRACE::2024-06-19.17:19:27::SCWPlatform:: Platform Path D:/FPGA_RISC/vitis_gpio_led/button_design_wrapper/hw/button_design_wrapper.xsa
TRACE::2024-06-19.17:19:27::SCWPlatform:: Unique name xilinx:basys3::0.0
TRACE::2024-06-19.17:19:27::SCWPlatform::Trying to set the existing hwdb with name design_1_wrapper_3
TRACE::2024-06-19.17:19:27::SCWPlatform::Opened existing hwdb design_1_wrapper_3
TRACE::2024-06-19.17:19:27::SCWPlatform::Found the Hw Db part of the input DSA
TRACE::2024-06-19.17:19:27::SCWMssOS::Checking the sw design at  D:/FPGA_RISC/vitis_gpio_led/button_design_wrapper/microblaze_0/standalone_microblaze_0/bsp/system.mss
TRACE::2024-06-19.17:19:27::SCWMssOS::DEBUG:  swdes dump  D:/FPGA_RISC/vitis_gpio_led/button_design_wrapper/microblaze_0/standalone_microblaze_0/bsp/system.mss|system_0||
D:/FPGA_RISC/vitis_gpio_led/led_design_wrapper/microblaze_0/standalone_microblaze_0/bsp/system.mss|system||

TRACE::2024-06-19.17:19:27::SCWMssOS::Sw design exists and opened at  D:/FPGA_RISC/vitis_gpio_led/button_design_wrapper/microblaze_0/standalone_microblaze_0/bsp/system.mss
TRACE::2024-06-19.17:19:27::SCWPlatform::Trying to open the hw design at D:/FPGA_RISC/vitis_gpio_led/button_design_wrapper/hw/button_design_wrapper.xsa
TRACE::2024-06-19.17:19:27::SCWPlatform::DSA given D:/FPGA_RISC/vitis_gpio_led/button_design_wrapper/hw/button_design_wrapper.xsa
TRACE::2024-06-19.17:19:27::SCWPlatform::DSA absoulate path D:/FPGA_RISC/vitis_gpio_led/button_design_wrapper/hw/button_design_wrapper.xsa
TRACE::2024-06-19.17:19:27::SCWPlatform::DSA directory D:/FPGA_RISC/vitis_gpio_led/button_design_wrapper/hw
TRACE::2024-06-19.17:19:27::SCWPlatform:: Platform Path D:/FPGA_RISC/vitis_gpio_led/button_design_wrapper/hw/button_design_wrapper.xsa
TRACE::2024-06-19.17:19:27::SCWPlatform:: Unique name xilinx:basys3::0.0
TRACE::2024-06-19.17:19:27::SCWPlatform::Trying to set the existing hwdb with name design_1_wrapper_3
TRACE::2024-06-19.17:19:27::SCWPlatform::Opened existing hwdb design_1_wrapper_3
TRACE::2024-06-19.17:19:27::SCWPlatform::Found the Hw Db part of the input DSA
TRACE::2024-06-19.17:19:27::SCWMssOS::Checking the sw design at  D:/FPGA_RISC/vitis_gpio_led/button_design_wrapper/microblaze_0/standalone_microblaze_0/bsp/system.mss
TRACE::2024-06-19.17:19:27::SCWMssOS::DEBUG:  swdes dump  D:/FPGA_RISC/vitis_gpio_led/button_design_wrapper/microblaze_0/standalone_microblaze_0/bsp/system.mss|system_0||
D:/FPGA_RISC/vitis_gpio_led/led_design_wrapper/microblaze_0/standalone_microblaze_0/bsp/system.mss|system||

TRACE::2024-06-19.17:19:27::SCWMssOS::Sw design exists and opened at  D:/FPGA_RISC/vitis_gpio_led/button_design_wrapper/microblaze_0/standalone_microblaze_0/bsp/system.mss
TRACE::2024-06-19.17:19:27::SCWWriter::formatted JSON is {
	"platformName":	"button_design_wrapper",
	"sprVersion":	"2.0",
	"mode":	"gui",
	"dsaType":	"Fixed",
	"platformDesc":	"button_design_wrapper",
	"platHandOff":	"D:/FPGA_RISC/20240619_Microblaze_gpio/button_design_wrapper.xsa",
	"platIntHandOff":	"<platformDir>/hw/button_design_wrapper.xsa",
	"deviceType":	"FPGA",
	"platIsPrebuiltAutogen":	"false",
	"platIsNoBootBsp":	"false",
	"hasFsblMakeHasChanges":	"false",
	"hasPmufwMakeHasChanges":	"false",
	"platPreBuiltFlag":	false,
	"platformSamplesDir":	"",
	"platActiveSys":	"button_design_wrapper",
	"systems":	[{
			"systemName":	"button_design_wrapper",
			"systemDesc":	"button_design_wrapper",
			"sysIsBootAutoGen":	"true",
			"systemDispName":	"button_design_wrapper",
			"sysActiveDom":	"standalone_microblaze_0",
			"sysDefaultDom":	"standalone_microblaze_0",
			"domains":	[{
					"domainName":	"standalone_microblaze_0",
					"domainDispName":	"standalone_microblaze_0",
					"domainDesc":	"standalone_microblaze_0",
					"processors":	"microblaze_0",
					"os":	"standalone",
					"sdxOs":	"standalone",
					"debugEnable":	"False",
					"domRuntimes":	["cpp"],
					"swRepo":	"",
					"mssOsVer":	"7.3",
					"mssFile":	"",
					"md5Digest":	"27c595da0a597c53e2116614f872aab8",
					"compatibleApp":	"hello_world",
					"domType":	"mssDomain",
					"arch":	"32-bit",
					"appSettings":	{
						"appCompilerFlags":	"",
						"appLinkerFlags":	""
					},
					"addedLibs":	[],
					"libOptions":	{
						"libsContainingOptions":	[]
					},
					"prebuiltLibs":	{
						"prebuiltIncPath":	[],
						"prebuiltLibPath":	[]
					},
					"isolation":	{
					}
				}]
		}]
}
TRACE::2024-06-19.17:19:27::SCWPlatform::Trying to open the hw design at D:/FPGA_RISC/vitis_gpio_led/button_design_wrapper/hw/button_design_wrapper.xsa
TRACE::2024-06-19.17:19:27::SCWPlatform::DSA given D:/FPGA_RISC/vitis_gpio_led/button_design_wrapper/hw/button_design_wrapper.xsa
TRACE::2024-06-19.17:19:27::SCWPlatform::DSA absoulate path D:/FPGA_RISC/vitis_gpio_led/button_design_wrapper/hw/button_design_wrapper.xsa
TRACE::2024-06-19.17:19:27::SCWPlatform::DSA directory D:/FPGA_RISC/vitis_gpio_led/button_design_wrapper/hw
TRACE::2024-06-19.17:19:27::SCWPlatform:: Platform Path D:/FPGA_RISC/vitis_gpio_led/button_design_wrapper/hw/button_design_wrapper.xsa
TRACE::2024-06-19.17:19:27::SCWPlatform:: Unique name xilinx:basys3::0.0
TRACE::2024-06-19.17:19:27::SCWPlatform::Trying to set the existing hwdb with name design_1_wrapper_3
TRACE::2024-06-19.17:19:27::SCWPlatform::Opened existing hwdb design_1_wrapper_3
TRACE::2024-06-19.17:19:27::SCWPlatform::Found the Hw Db part of the input DSA
TRACE::2024-06-19.17:19:27::SCWMssOS::Checking the sw design at  D:/FPGA_RISC/vitis_gpio_led/button_design_wrapper/microblaze_0/standalone_microblaze_0/bsp/system.mss
TRACE::2024-06-19.17:19:27::SCWMssOS::DEBUG:  swdes dump  D:/FPGA_RISC/vitis_gpio_led/button_design_wrapper/microblaze_0/standalone_microblaze_0/bsp/system.mss|system_0||
D:/FPGA_RISC/vitis_gpio_led/led_design_wrapper/microblaze_0/standalone_microblaze_0/bsp/system.mss|system||

TRACE::2024-06-19.17:19:27::SCWMssOS::Sw design exists and opened at  D:/FPGA_RISC/vitis_gpio_led/button_design_wrapper/microblaze_0/standalone_microblaze_0/bsp/system.mss
TRACE::2024-06-19.17:19:27::SCWPlatform::Trying to open the hw design at D:/FPGA_RISC/vitis_gpio_led/button_design_wrapper/hw/button_design_wrapper.xsa
TRACE::2024-06-19.17:19:27::SCWPlatform::DSA given D:/FPGA_RISC/vitis_gpio_led/button_design_wrapper/hw/button_design_wrapper.xsa
TRACE::2024-06-19.17:19:27::SCWPlatform::DSA absoulate path D:/FPGA_RISC/vitis_gpio_led/button_design_wrapper/hw/button_design_wrapper.xsa
TRACE::2024-06-19.17:19:27::SCWPlatform::DSA directory D:/FPGA_RISC/vitis_gpio_led/button_design_wrapper/hw
TRACE::2024-06-19.17:19:27::SCWPlatform:: Platform Path D:/FPGA_RISC/vitis_gpio_led/button_design_wrapper/hw/button_design_wrapper.xsa
TRACE::2024-06-19.17:19:27::SCWPlatform:: Unique name xilinx:basys3::0.0
TRACE::2024-06-19.17:19:27::SCWPlatform::Trying to set the existing hwdb with name design_1_wrapper_3
TRACE::2024-06-19.17:19:27::SCWPlatform::Opened existing hwdb design_1_wrapper_3
TRACE::2024-06-19.17:19:27::SCWPlatform::Found the Hw Db part of the input DSA
TRACE::2024-06-19.17:19:27::SCWMssOS::Checking the sw design at  D:/FPGA_RISC/vitis_gpio_led/button_design_wrapper/microblaze_0/standalone_microblaze_0/bsp/system.mss
TRACE::2024-06-19.17:19:27::SCWMssOS::DEBUG:  swdes dump  D:/FPGA_RISC/vitis_gpio_led/button_design_wrapper/microblaze_0/standalone_microblaze_0/bsp/system.mss|system_0||
D:/FPGA_RISC/vitis_gpio_led/led_design_wrapper/microblaze_0/standalone_microblaze_0/bsp/system.mss|system||

TRACE::2024-06-19.17:19:27::SCWMssOS::Sw design exists and opened at  D:/FPGA_RISC/vitis_gpio_led/button_design_wrapper/microblaze_0/standalone_microblaze_0/bsp/system.mss
TRACE::2024-06-19.17:19:27::SCWMssOS::Saving the mss changes D:/FPGA_RISC/vitis_gpio_led/button_design_wrapper/microblaze_0/standalone_microblaze_0/bsp/system.mss
TRACE::2024-06-19.17:19:27::SCWMssOS::Found a swdesign opened with the mssfile.
TRACE::2024-06-19.17:19:27::SCWMssOS::Completed writemss as part of save.
TRACE::2024-06-19.17:19:27::SCWMssOS::Commit changes completed.
TRACE::2024-06-19.17:19:27::SCWPlatform::Trying to open the hw design at D:/FPGA_RISC/vitis_gpio_led/button_design_wrapper/hw/button_design_wrapper.xsa
TRACE::2024-06-19.17:19:27::SCWPlatform::DSA given D:/FPGA_RISC/vitis_gpio_led/button_design_wrapper/hw/button_design_wrapper.xsa
TRACE::2024-06-19.17:19:27::SCWPlatform::DSA absoulate path D:/FPGA_RISC/vitis_gpio_led/button_design_wrapper/hw/button_design_wrapper.xsa
TRACE::2024-06-19.17:19:27::SCWPlatform::DSA directory D:/FPGA_RISC/vitis_gpio_led/button_design_wrapper/hw
TRACE::2024-06-19.17:19:27::SCWPlatform:: Platform Path D:/FPGA_RISC/vitis_gpio_led/button_design_wrapper/hw/button_design_wrapper.xsa
TRACE::2024-06-19.17:19:27::SCWPlatform:: Unique name xilinx:basys3::0.0
TRACE::2024-06-19.17:19:27::SCWPlatform::Trying to set the existing hwdb with name design_1_wrapper_3
TRACE::2024-06-19.17:19:27::SCWPlatform::Opened existing hwdb design_1_wrapper_3
TRACE::2024-06-19.17:19:27::SCWPlatform::Found the Hw Db part of the input DSA
TRACE::2024-06-19.17:19:27::SCWMssOS::Checking the sw design at  D:/FPGA_RISC/vitis_gpio_led/button_design_wrapper/microblaze_0/standalone_microblaze_0/bsp/system.mss
TRACE::2024-06-19.17:19:27::SCWMssOS::DEBUG:  swdes dump  D:/FPGA_RISC/vitis_gpio_led/button_design_wrapper/microblaze_0/standalone_microblaze_0/bsp/system.mss|system_0||
D:/FPGA_RISC/vitis_gpio_led/led_design_wrapper/microblaze_0/standalone_microblaze_0/bsp/system.mss|system||

TRACE::2024-06-19.17:19:27::SCWMssOS::Sw design exists and opened at  D:/FPGA_RISC/vitis_gpio_led/button_design_wrapper/microblaze_0/standalone_microblaze_0/bsp/system.mss
TRACE::2024-06-19.17:19:27::SCWPlatform::Trying to open the hw design at D:/FPGA_RISC/vitis_gpio_led/button_design_wrapper/hw/button_design_wrapper.xsa
TRACE::2024-06-19.17:19:27::SCWPlatform::DSA given D:/FPGA_RISC/vitis_gpio_led/button_design_wrapper/hw/button_design_wrapper.xsa
TRACE::2024-06-19.17:19:27::SCWPlatform::DSA absoulate path D:/FPGA_RISC/vitis_gpio_led/button_design_wrapper/hw/button_design_wrapper.xsa
TRACE::2024-06-19.17:19:27::SCWPlatform::DSA directory D:/FPGA_RISC/vitis_gpio_led/button_design_wrapper/hw
TRACE::2024-06-19.17:19:27::SCWPlatform:: Platform Path D:/FPGA_RISC/vitis_gpio_led/button_design_wrapper/hw/button_design_wrapper.xsa
TRACE::2024-06-19.17:19:27::SCWPlatform:: Unique name xilinx:basys3::0.0
TRACE::2024-06-19.17:19:27::SCWPlatform::Trying to set the existing hwdb with name design_1_wrapper_3
TRACE::2024-06-19.17:19:27::SCWPlatform::Opened existing hwdb design_1_wrapper_3
TRACE::2024-06-19.17:19:27::SCWPlatform::Found the Hw Db part of the input DSA
TRACE::2024-06-19.17:19:27::SCWMssOS::Checking the sw design at  D:/FPGA_RISC/vitis_gpio_led/button_design_wrapper/microblaze_0/standalone_microblaze_0/bsp/system.mss
TRACE::2024-06-19.17:19:27::SCWMssOS::DEBUG:  swdes dump  D:/FPGA_RISC/vitis_gpio_led/button_design_wrapper/microblaze_0/standalone_microblaze_0/bsp/system.mss|system_0||
D:/FPGA_RISC/vitis_gpio_led/led_design_wrapper/microblaze_0/standalone_microblaze_0/bsp/system.mss|system||

TRACE::2024-06-19.17:19:27::SCWMssOS::Sw design exists and opened at  D:/FPGA_RISC/vitis_gpio_led/button_design_wrapper/microblaze_0/standalone_microblaze_0/bsp/system.mss
TRACE::2024-06-19.17:19:27::SCWPlatform::Trying to open the hw design at D:/FPGA_RISC/vitis_gpio_led/button_design_wrapper/hw/button_design_wrapper.xsa
TRACE::2024-06-19.17:19:27::SCWPlatform::DSA given D:/FPGA_RISC/vitis_gpio_led/button_design_wrapper/hw/button_design_wrapper.xsa
TRACE::2024-06-19.17:19:27::SCWPlatform::DSA absoulate path D:/FPGA_RISC/vitis_gpio_led/button_design_wrapper/hw/button_design_wrapper.xsa
TRACE::2024-06-19.17:19:27::SCWPlatform::DSA directory D:/FPGA_RISC/vitis_gpio_led/button_design_wrapper/hw
TRACE::2024-06-19.17:19:27::SCWPlatform:: Platform Path D:/FPGA_RISC/vitis_gpio_led/button_design_wrapper/hw/button_design_wrapper.xsa
TRACE::2024-06-19.17:19:27::SCWPlatform:: Unique name xilinx:basys3::0.0
TRACE::2024-06-19.17:19:27::SCWPlatform::Trying to set the existing hwdb with name design_1_wrapper_3
TRACE::2024-06-19.17:19:27::SCWPlatform::Opened existing hwdb design_1_wrapper_3
TRACE::2024-06-19.17:19:27::SCWPlatform::Found the Hw Db part of the input DSA
TRACE::2024-06-19.17:19:27::SCWMssOS::Checking the sw design at  D:/FPGA_RISC/vitis_gpio_led/button_design_wrapper/microblaze_0/standalone_microblaze_0/bsp/system.mss
TRACE::2024-06-19.17:19:27::SCWMssOS::DEBUG:  swdes dump  D:/FPGA_RISC/vitis_gpio_led/button_design_wrapper/microblaze_0/standalone_microblaze_0/bsp/system.mss|system_0||
D:/FPGA_RISC/vitis_gpio_led/led_design_wrapper/microblaze_0/standalone_microblaze_0/bsp/system.mss|system||

TRACE::2024-06-19.17:19:27::SCWMssOS::Sw design exists and opened at  D:/FPGA_RISC/vitis_gpio_led/button_design_wrapper/microblaze_0/standalone_microblaze_0/bsp/system.mss
TRACE::2024-06-19.17:19:27::SCWWriter::formatted JSON is {
	"platformName":	"button_design_wrapper",
	"sprVersion":	"2.0",
	"mode":	"gui",
	"dsaType":	"Fixed",
	"platformDesc":	"button_design_wrapper",
	"platHandOff":	"D:/FPGA_RISC/20240619_Microblaze_gpio/button_design_wrapper.xsa",
	"platIntHandOff":	"<platformDir>/hw/button_design_wrapper.xsa",
	"deviceType":	"FPGA",
	"platIsPrebuiltAutogen":	"false",
	"platIsNoBootBsp":	"false",
	"hasFsblMakeHasChanges":	"false",
	"hasPmufwMakeHasChanges":	"false",
	"platPreBuiltFlag":	false,
	"platformSamplesDir":	"",
	"platActiveSys":	"button_design_wrapper",
	"systems":	[{
			"systemName":	"button_design_wrapper",
			"systemDesc":	"button_design_wrapper",
			"sysIsBootAutoGen":	"true",
			"systemDispName":	"button_design_wrapper",
			"sysActiveDom":	"standalone_microblaze_0",
			"sysDefaultDom":	"standalone_microblaze_0",
			"domains":	[{
					"domainName":	"standalone_microblaze_0",
					"domainDispName":	"standalone_microblaze_0",
					"domainDesc":	"standalone_microblaze_0",
					"processors":	"microblaze_0",
					"os":	"standalone",
					"sdxOs":	"standalone",
					"debugEnable":	"False",
					"domRuntimes":	["cpp"],
					"swRepo":	"",
					"mssOsVer":	"7.3",
					"mssFile":	"",
					"md5Digest":	"27c595da0a597c53e2116614f872aab8",
					"compatibleApp":	"hello_world",
					"domType":	"mssDomain",
					"arch":	"32-bit",
					"appSettings":	{
						"appCompilerFlags":	"",
						"appLinkerFlags":	""
					},
					"addedLibs":	[],
					"libOptions":	{
						"libsContainingOptions":	[]
					},
					"prebuiltLibs":	{
						"prebuiltIncPath":	[],
						"prebuiltLibPath":	[]
					},
					"isolation":	{
					}
				}]
		}]
}
LOG::2024-06-19.17:19:27::SCWPlatform::Started generating the artifacts platform button_design_wrapper
TRACE::2024-06-19.17:19:27::SCWPlatform::Sanity checking of platform is completed
LOG::2024-06-19.17:19:27::SCWPlatform::Started generating the artifacts for system configuration button_design_wrapper
LOG::2024-06-19.17:19:27::SCWSystem::Started Processing the domain standalone_microblaze_0
TRACE::2024-06-19.17:19:27::SCWDomain::Generating domain artifcats
TRACE::2024-06-19.17:19:27::SCWMssOS::Generating standalone artifcats
TRACE::2024-06-19.17:19:27::SCWMssOS:: Copying the user libraries. 
TRACE::2024-06-19.17:19:27::SCWPlatform::Trying to open the hw design at D:/FPGA_RISC/vitis_gpio_led/button_design_wrapper/hw/button_design_wrapper.xsa
TRACE::2024-06-19.17:19:27::SCWPlatform::DSA given D:/FPGA_RISC/vitis_gpio_led/button_design_wrapper/hw/button_design_wrapper.xsa
TRACE::2024-06-19.17:19:27::SCWPlatform::DSA absoulate path D:/FPGA_RISC/vitis_gpio_led/button_design_wrapper/hw/button_design_wrapper.xsa
TRACE::2024-06-19.17:19:27::SCWPlatform::DSA directory D:/FPGA_RISC/vitis_gpio_led/button_design_wrapper/hw
TRACE::2024-06-19.17:19:27::SCWPlatform:: Platform Path D:/FPGA_RISC/vitis_gpio_led/button_design_wrapper/hw/button_design_wrapper.xsa
TRACE::2024-06-19.17:19:27::SCWPlatform:: Unique name xilinx:basys3::0.0
TRACE::2024-06-19.17:19:27::SCWPlatform::Trying to set the existing hwdb with name design_1_wrapper_3
TRACE::2024-06-19.17:19:27::SCWPlatform::Opened existing hwdb design_1_wrapper_3
TRACE::2024-06-19.17:19:27::SCWPlatform::Found the Hw Db part of the input DSA
TRACE::2024-06-19.17:19:27::SCWMssOS::Checking the sw design at  D:/FPGA_RISC/vitis_gpio_led/button_design_wrapper/microblaze_0/standalone_microblaze_0/bsp/system.mss
TRACE::2024-06-19.17:19:27::SCWMssOS::DEBUG:  swdes dump  D:/FPGA_RISC/vitis_gpio_led/button_design_wrapper/microblaze_0/standalone_microblaze_0/bsp/system.mss|system_0||
D:/FPGA_RISC/vitis_gpio_led/led_design_wrapper/microblaze_0/standalone_microblaze_0/bsp/system.mss|system||

TRACE::2024-06-19.17:19:27::SCWMssOS::Sw design exists and opened at  D:/FPGA_RISC/vitis_gpio_led/button_design_wrapper/microblaze_0/standalone_microblaze_0/bsp/system.mss
TRACE::2024-06-19.17:19:27::SCWMssOS::Completed writing the mss file at D:/FPGA_RISC/vitis_gpio_led/button_design_wrapper/microblaze_0/standalone_microblaze_0/bsp
TRACE::2024-06-19.17:19:27::SCWMssOS::Mss edits present, copying mssfile into export location D:/FPGA_RISC/vitis_gpio_led/button_design_wrapper/microblaze_0/standalone_microblaze_0/bsp/system.mss
TRACE::2024-06-19.17:19:27::SCWMssOS::bsp generated is upto date with the mss file. Skipping bsp generation.
TRACE::2024-06-19.17:19:27::SCWMssOS::BSP is already built. skipping the bsp build ... 
TRACE::2024-06-19.17:19:27::SCWDomain::Building the domain as part of full build :  standalone_microblaze_0
TRACE::2024-06-19.17:19:27::SCWMssOS::skipping the bsp build ... 
TRACE::2024-06-19.17:19:27::SCWMssOS::Copying to export directory.
TRACE::2024-06-19.17:19:27::SCWMssOS:: Checking if to create the Supporting Applications
TRACE::2024-06-19.17:19:27::SCWMssOS:: No Linux domain exists, trying to generate FSBL 
LOG::2024-06-19.17:19:27::SCWSystem::Completed Processing the domain standalone_microblaze_0
LOG::2024-06-19.17:19:27::SCWSystem::Completed Processing the sysconfig button_design_wrapper
LOG::2024-06-19.17:19:27::SCWPlatform::Completed generating the artifacts for system configuration button_design_wrapper
TRACE::2024-06-19.17:19:27::SCWPlatform::Started preparing the platform 
TRACE::2024-06-19.17:19:27::SCWSystem::Writing the bif file for system config button_design_wrapper
TRACE::2024-06-19.17:19:27::SCWSystem::dir created 
TRACE::2024-06-19.17:19:27::SCWSystem::Writing the bif 
TRACE::2024-06-19.17:19:27::SCWPlatform::Started writing the spfm file 
TRACE::2024-06-19.17:19:27::SCWPlatform::Started writing the xpfm file 
TRACE::2024-06-19.17:19:27::SCWPlatform::Completed generating the platform
TRACE::2024-06-19.17:19:27::SCWMssOS::Saving the mss changes D:/FPGA_RISC/vitis_gpio_led/button_design_wrapper/microblaze_0/standalone_microblaze_0/bsp/system.mss
TRACE::2024-06-19.17:19:27::SCWMssOS::Found a swdesign opened with the mssfile.
TRACE::2024-06-19.17:19:27::SCWMssOS::Completed writemss as part of save.
TRACE::2024-06-19.17:19:27::SCWMssOS::Commit changes completed.
TRACE::2024-06-19.17:19:27::SCWPlatform::Trying to open the hw design at D:/FPGA_RISC/vitis_gpio_led/button_design_wrapper/hw/button_design_wrapper.xsa
TRACE::2024-06-19.17:19:27::SCWPlatform::DSA given D:/FPGA_RISC/vitis_gpio_led/button_design_wrapper/hw/button_design_wrapper.xsa
TRACE::2024-06-19.17:19:27::SCWPlatform::DSA absoulate path D:/FPGA_RISC/vitis_gpio_led/button_design_wrapper/hw/button_design_wrapper.xsa
TRACE::2024-06-19.17:19:27::SCWPlatform::DSA directory D:/FPGA_RISC/vitis_gpio_led/button_design_wrapper/hw
TRACE::2024-06-19.17:19:27::SCWPlatform:: Platform Path D:/FPGA_RISC/vitis_gpio_led/button_design_wrapper/hw/button_design_wrapper.xsa
TRACE::2024-06-19.17:19:27::SCWPlatform:: Unique name xilinx:basys3::0.0
TRACE::2024-06-19.17:19:27::SCWPlatform::Trying to set the existing hwdb with name design_1_wrapper_3
TRACE::2024-06-19.17:19:27::SCWPlatform::Opened existing hwdb design_1_wrapper_3
TRACE::2024-06-19.17:19:27::SCWPlatform::Found the Hw Db part of the input DSA
TRACE::2024-06-19.17:19:27::SCWMssOS::Checking the sw design at  D:/FPGA_RISC/vitis_gpio_led/button_design_wrapper/microblaze_0/standalone_microblaze_0/bsp/system.mss
TRACE::2024-06-19.17:19:27::SCWMssOS::DEBUG:  swdes dump  D:/FPGA_RISC/vitis_gpio_led/button_design_wrapper/microblaze_0/standalone_microblaze_0/bsp/system.mss|system_0||
D:/FPGA_RISC/vitis_gpio_led/led_design_wrapper/microblaze_0/standalone_microblaze_0/bsp/system.mss|system||

TRACE::2024-06-19.17:19:27::SCWMssOS::Sw design exists and opened at  D:/FPGA_RISC/vitis_gpio_led/button_design_wrapper/microblaze_0/standalone_microblaze_0/bsp/system.mss
TRACE::2024-06-19.17:19:27::SCWPlatform::Trying to open the hw design at D:/FPGA_RISC/vitis_gpio_led/button_design_wrapper/hw/button_design_wrapper.xsa
TRACE::2024-06-19.17:19:27::SCWPlatform::DSA given D:/FPGA_RISC/vitis_gpio_led/button_design_wrapper/hw/button_design_wrapper.xsa
TRACE::2024-06-19.17:19:27::SCWPlatform::DSA absoulate path D:/FPGA_RISC/vitis_gpio_led/button_design_wrapper/hw/button_design_wrapper.xsa
TRACE::2024-06-19.17:19:27::SCWPlatform::DSA directory D:/FPGA_RISC/vitis_gpio_led/button_design_wrapper/hw
TRACE::2024-06-19.17:19:27::SCWPlatform:: Platform Path D:/FPGA_RISC/vitis_gpio_led/button_design_wrapper/hw/button_design_wrapper.xsa
TRACE::2024-06-19.17:19:27::SCWPlatform:: Unique name xilinx:basys3::0.0
TRACE::2024-06-19.17:19:27::SCWPlatform::Trying to set the existing hwdb with name design_1_wrapper_3
TRACE::2024-06-19.17:19:27::SCWPlatform::Opened existing hwdb design_1_wrapper_3
TRACE::2024-06-19.17:19:27::SCWPlatform::Found the Hw Db part of the input DSA
TRACE::2024-06-19.17:19:27::SCWMssOS::Checking the sw design at  D:/FPGA_RISC/vitis_gpio_led/button_design_wrapper/microblaze_0/standalone_microblaze_0/bsp/system.mss
TRACE::2024-06-19.17:19:27::SCWMssOS::DEBUG:  swdes dump  D:/FPGA_RISC/vitis_gpio_led/button_design_wrapper/microblaze_0/standalone_microblaze_0/bsp/system.mss|system_0||
D:/FPGA_RISC/vitis_gpio_led/led_design_wrapper/microblaze_0/standalone_microblaze_0/bsp/system.mss|system||

TRACE::2024-06-19.17:19:27::SCWMssOS::Sw design exists and opened at  D:/FPGA_RISC/vitis_gpio_led/button_design_wrapper/microblaze_0/standalone_microblaze_0/bsp/system.mss
TRACE::2024-06-19.17:19:27::SCWPlatform::Trying to open the hw design at D:/FPGA_RISC/vitis_gpio_led/button_design_wrapper/hw/button_design_wrapper.xsa
TRACE::2024-06-19.17:19:27::SCWPlatform::DSA given D:/FPGA_RISC/vitis_gpio_led/button_design_wrapper/hw/button_design_wrapper.xsa
TRACE::2024-06-19.17:19:27::SCWPlatform::DSA absoulate path D:/FPGA_RISC/vitis_gpio_led/button_design_wrapper/hw/button_design_wrapper.xsa
TRACE::2024-06-19.17:19:27::SCWPlatform::DSA directory D:/FPGA_RISC/vitis_gpio_led/button_design_wrapper/hw
TRACE::2024-06-19.17:19:27::SCWPlatform:: Platform Path D:/FPGA_RISC/vitis_gpio_led/button_design_wrapper/hw/button_design_wrapper.xsa
TRACE::2024-06-19.17:19:27::SCWPlatform:: Unique name xilinx:basys3::0.0
TRACE::2024-06-19.17:19:27::SCWPlatform::Trying to set the existing hwdb with name design_1_wrapper_3
TRACE::2024-06-19.17:19:27::SCWPlatform::Opened existing hwdb design_1_wrapper_3
TRACE::2024-06-19.17:19:27::SCWPlatform::Found the Hw Db part of the input DSA
TRACE::2024-06-19.17:19:27::SCWMssOS::Checking the sw design at  D:/FPGA_RISC/vitis_gpio_led/button_design_wrapper/microblaze_0/standalone_microblaze_0/bsp/system.mss
TRACE::2024-06-19.17:19:27::SCWMssOS::DEBUG:  swdes dump  D:/FPGA_RISC/vitis_gpio_led/button_design_wrapper/microblaze_0/standalone_microblaze_0/bsp/system.mss|system_0||
D:/FPGA_RISC/vitis_gpio_led/led_design_wrapper/microblaze_0/standalone_microblaze_0/bsp/system.mss|system||

TRACE::2024-06-19.17:19:27::SCWMssOS::Sw design exists and opened at  D:/FPGA_RISC/vitis_gpio_led/button_design_wrapper/microblaze_0/standalone_microblaze_0/bsp/system.mss
TRACE::2024-06-19.17:19:27::SCWWriter::formatted JSON is {
	"platformName":	"button_design_wrapper",
	"sprVersion":	"2.0",
	"mode":	"gui",
	"dsaType":	"Fixed",
	"platformDesc":	"button_design_wrapper",
	"platHandOff":	"D:/FPGA_RISC/20240619_Microblaze_gpio/button_design_wrapper.xsa",
	"platIntHandOff":	"<platformDir>/hw/button_design_wrapper.xsa",
	"deviceType":	"FPGA",
	"platIsPrebuiltAutogen":	"false",
	"platIsNoBootBsp":	"false",
	"hasFsblMakeHasChanges":	"false",
	"hasPmufwMakeHasChanges":	"false",
	"platPreBuiltFlag":	false,
	"platformSamplesDir":	"",
	"platActiveSys":	"button_design_wrapper",
	"systems":	[{
			"systemName":	"button_design_wrapper",
			"systemDesc":	"button_design_wrapper",
			"sysIsBootAutoGen":	"true",
			"systemDispName":	"button_design_wrapper",
			"sysActiveDom":	"standalone_microblaze_0",
			"sysDefaultDom":	"standalone_microblaze_0",
			"domains":	[{
					"domainName":	"standalone_microblaze_0",
					"domainDispName":	"standalone_microblaze_0",
					"domainDesc":	"standalone_microblaze_0",
					"processors":	"microblaze_0",
					"os":	"standalone",
					"sdxOs":	"standalone",
					"debugEnable":	"False",
					"domRuntimes":	["cpp"],
					"swRepo":	"",
					"mssOsVer":	"7.3",
					"mssFile":	"",
					"md5Digest":	"27c595da0a597c53e2116614f872aab8",
					"compatibleApp":	"hello_world",
					"domType":	"mssDomain",
					"arch":	"32-bit",
					"appSettings":	{
						"appCompilerFlags":	"",
						"appLinkerFlags":	""
					},
					"addedLibs":	[],
					"libOptions":	{
						"libsContainingOptions":	[]
					},
					"prebuiltLibs":	{
						"prebuiltIncPath":	[],
						"prebuiltLibPath":	[]
					},
					"isolation":	{
					}
				}]
		}]
}
KEYINFO::2024-06-19.17:19:27::SCWPlatform::updated the xpfm file.
LOG::2024-06-19.17:45:04::SCWPlatform::Started generating the artifacts platform button_design_wrapper
TRACE::2024-06-19.17:45:04::SCWPlatform::Sanity checking of platform is completed
LOG::2024-06-19.17:45:04::SCWPlatform::Started generating the artifacts for system configuration button_design_wrapper
LOG::2024-06-19.17:45:04::SCWSystem::Checking the domain standalone_microblaze_0
LOG::2024-06-19.17:45:04::SCWSystem::Not a boot domain 
LOG::2024-06-19.17:45:04::SCWSystem::Started Processing the domain standalone_microblaze_0
TRACE::2024-06-19.17:45:04::SCWDomain::Generating domain artifcats
TRACE::2024-06-19.17:45:04::SCWMssOS::Generating standalone artifcats
TRACE::2024-06-19.17:45:04::SCWMssOS:: Copying the user libraries. 
TRACE::2024-06-19.17:45:04::SCWPlatform::Trying to open the hw design at D:/FPGA_RISC/vitis_gpio_led/button_design_wrapper/hw/button_design_wrapper.xsa
TRACE::2024-06-19.17:45:04::SCWPlatform::DSA given D:/FPGA_RISC/vitis_gpio_led/button_design_wrapper/hw/button_design_wrapper.xsa
TRACE::2024-06-19.17:45:04::SCWPlatform::DSA absoulate path D:/FPGA_RISC/vitis_gpio_led/button_design_wrapper/hw/button_design_wrapper.xsa
TRACE::2024-06-19.17:45:04::SCWPlatform::DSA directory D:/FPGA_RISC/vitis_gpio_led/button_design_wrapper/hw
TRACE::2024-06-19.17:45:04::SCWPlatform:: Platform Path D:/FPGA_RISC/vitis_gpio_led/button_design_wrapper/hw/button_design_wrapper.xsa
TRACE::2024-06-19.17:45:04::SCWPlatform:: Unique name xilinx:basys3::0.0
TRACE::2024-06-19.17:45:04::SCWPlatform::Trying to set the existing hwdb with name design_1_wrapper_3
TRACE::2024-06-19.17:45:04::SCWPlatform::Opened existing hwdb design_1_wrapper_3
TRACE::2024-06-19.17:45:04::SCWPlatform::Found the Hw Db part of the input DSA
TRACE::2024-06-19.17:45:04::SCWMssOS::Checking the sw design at  D:/FPGA_RISC/vitis_gpio_led/button_design_wrapper/microblaze_0/standalone_microblaze_0/bsp/system.mss
TRACE::2024-06-19.17:45:04::SCWMssOS::DEBUG:  swdes dump  D:/FPGA_RISC/vitis_gpio_led/button_design_wrapper/microblaze_0/standalone_microblaze_0/bsp/system.mss|system_0||
D:/FPGA_RISC/vitis_gpio_led/led_design_wrapper/microblaze_0/standalone_microblaze_0/bsp/system.mss|system||

TRACE::2024-06-19.17:45:04::SCWMssOS::Sw design exists and opened at  D:/FPGA_RISC/vitis_gpio_led/button_design_wrapper/microblaze_0/standalone_microblaze_0/bsp/system.mss
TRACE::2024-06-19.17:45:04::SCWMssOS::Completed writing the mss file at D:/FPGA_RISC/vitis_gpio_led/button_design_wrapper/microblaze_0/standalone_microblaze_0/bsp
TRACE::2024-06-19.17:45:04::SCWMssOS::Mss edits present, copying mssfile into export location D:/FPGA_RISC/vitis_gpio_led/button_design_wrapper/microblaze_0/standalone_microblaze_0/bsp/system.mss
TRACE::2024-06-19.17:45:04::SCWMssOS::bsp generated is upto date with the mss file. Skipping bsp generation.
TRACE::2024-06-19.17:45:04::SCWMssOS::BSP is already built. skipping the bsp build ... 
TRACE::2024-06-19.17:45:04::SCWDomain::Building the domain as part of full build :  standalone_microblaze_0
TRACE::2024-06-19.17:45:04::SCWMssOS::doing bsp build ... 
TRACE::2024-06-19.17:45:04::SCWMssOS::System Command Ran  D: & cd  D:/FPGA_RISC/vitis_gpio_led/button_design_wrapper/microblaze_0/standalone_microblaze_0/bsp & make 
TRACE::2024-06-19.17:45:04::SCWMssOS::make --no-print-directory seq_libs

TRACE::2024-06-19.17:45:04::SCWMssOS::'Finished building libraries sequentially.'

TRACE::2024-06-19.17:45:04::SCWMssOS::make -j --no-print-directory par_libs

TRACE::2024-06-19.17:45:04::SCWMssOS::"Running Make include in microblaze_0/libsrc/bram_v4_5/src"

TRACE::2024-06-19.17:45:04::SCWMssOS::make -C microblaze_0/libsrc/bram_v4_5/src -s include  "SHELL=CMD" "COMPILER=mb-gcc" "ASSEMBLER=mb-as" "ARCHIVER=mb-ar" "COMPILE
TRACE::2024-06-19.17:45:04::SCWMssOS::R_FLAGS=  -O2 -c -mcpu=v11.0 -mlittle-endian -mxl-soft-mul" "EXTRA_COMPILER_FLAGS=-g -ffunction-sections -fdata-sections -Wall 
TRACE::2024-06-19.17:45:04::SCWMssOS::-Wextra"

TRACE::2024-06-19.17:45:04::SCWMssOS::"Running Make include in microblaze_0/libsrc/cpu_v2_12/src"

TRACE::2024-06-19.17:45:04::SCWMssOS::make -C microblaze_0/libsrc/cpu_v2_12/src -s include  "SHELL=CMD" "COMPILER=mb-gcc" "ASSEMBLER=mb-as" "ARCHIVER=mb-ar" "COMPILE
TRACE::2024-06-19.17:45:04::SCWMssOS::R_FLAGS=  -O2 -c -mcpu=v11.0 -mlittle-endian -mxl-soft-mul" "EXTRA_COMPILER_FLAGS=-g -ffunction-sections -fdata-sections -Wall 
TRACE::2024-06-19.17:45:04::SCWMssOS::-Wextra"

TRACE::2024-06-19.17:45:05::SCWMssOS::"Running Make include in microblaze_0/libsrc/gpio_v4_7/src"

TRACE::2024-06-19.17:45:05::SCWMssOS::make -C microblaze_0/libsrc/gpio_v4_7/src -s include  "SHELL=CMD" "COMPILER=mb-gcc" "ASSEMBLER=mb-as" "ARCHIVER=mb-ar" "COMPILE
TRACE::2024-06-19.17:45:05::SCWMssOS::R_FLAGS=  -O2 -c -mcpu=v11.0 -mlittle-endian -mxl-soft-mul" "EXTRA_COMPILER_FLAGS=-g -ffunction-sections -fdata-sections -Wall 
TRACE::2024-06-19.17:45:05::SCWMssOS::-Wextra"

TRACE::2024-06-19.17:45:05::SCWMssOS::"Running Make include in microblaze_0/libsrc/standalone_v7_3/src"

TRACE::2024-06-19.17:45:05::SCWMssOS::make -C microblaze_0/libsrc/standalone_v7_3/src -s include  "SHELL=CMD" "COMPILER=mb-gcc" "ASSEMBLER=mb-as" "ARCHIVER=mb-ar" "C
TRACE::2024-06-19.17:45:05::SCWMssOS::OMPILER_FLAGS=  -O2 -c -mcpu=v11.0 -mlittle-endian -mxl-soft-mul" "EXTRA_COMPILER_FLAGS=-g -ffunction-sections -fdata-sections 
TRACE::2024-06-19.17:45:05::SCWMssOS::-Wall -Wextra"

TRACE::2024-06-19.17:45:05::SCWMssOS::"Running Make include in microblaze_0/libsrc/uartlite_v3_5/src"

TRACE::2024-06-19.17:45:05::SCWMssOS::make -C microblaze_0/libsrc/uartlite_v3_5/src -s include  "SHELL=CMD" "COMPILER=mb-gcc" "ASSEMBLER=mb-as" "ARCHIVER=mb-ar" "COM
TRACE::2024-06-19.17:45:05::SCWMssOS::PILER_FLAGS=  -O2 -c -mcpu=v11.0 -mlittle-endian -mxl-soft-mul" "EXTRA_COMPILER_FLAGS=-g -ffunction-sections -fdata-sections -W
TRACE::2024-06-19.17:45:05::SCWMssOS::all -Wextra"

TRACE::2024-06-19.17:45:05::SCWMssOS::"Running Make libs in microblaze_0/libsrc/bram_v4_5/src"

TRACE::2024-06-19.17:45:05::SCWMssOS::make -C microblaze_0/libsrc/bram_v4_5/src -s libs  "SHELL=CMD" "COMPILER=mb-gcc" "ASSEMBLER=mb-as" "ARCHIVER=mb-ar" "COMPILER_F
TRACE::2024-06-19.17:45:05::SCWMssOS::LAGS=  -O2 -c -mcpu=v11.0 -mlittle-endian -mxl-soft-mul" "EXTRA_COMPILER_FLAGS=-g -ffunction-sections -fdata-sections -Wall -We
TRACE::2024-06-19.17:45:05::SCWMssOS::xtra"

TRACE::2024-06-19.17:45:05::SCWMssOS::"Running Make libs in microblaze_0/libsrc/cpu_v2_12/src"

TRACE::2024-06-19.17:45:05::SCWMssOS::make -C microblaze_0/libsrc/cpu_v2_12/src -s libs  "SHELL=CMD" "COMPILER=mb-gcc" "ASSEMBLER=mb-as" "ARCHIVER=mb-ar" "COMPILER_F
TRACE::2024-06-19.17:45:05::SCWMssOS::LAGS=  -O2 -c -mcpu=v11.0 -mlittle-endian -mxl-soft-mul" "EXTRA_COMPILER_FLAGS=-g -ffunction-sections -fdata-sections -Wall -We
TRACE::2024-06-19.17:45:05::SCWMssOS::xtra"

TRACE::2024-06-19.17:45:05::SCWMssOS::"Running Make libs in microblaze_0/libsrc/gpio_v4_7/src"

TRACE::2024-06-19.17:45:05::SCWMssOS::make -C microblaze_0/libsrc/gpio_v4_7/src -s libs  "SHELL=CMD" "COMPILER=mb-gcc" "ASSEMBLER=mb-as" "ARCHIVER=mb-ar" "COMPILER_F
TRACE::2024-06-19.17:45:05::SCWMssOS::LAGS=  -O2 -c -mcpu=v11.0 -mlittle-endian -mxl-soft-mul" "EXTRA_COMPILER_FLAGS=-g -ffunction-sections -fdata-sections -Wall -We
TRACE::2024-06-19.17:45:05::SCWMssOS::xtra"

TRACE::2024-06-19.17:45:05::SCWMssOS::"Running Make libs in microblaze_0/libsrc/standalone_v7_3/src"

TRACE::2024-06-19.17:45:05::SCWMssOS::make -C microblaze_0/libsrc/standalone_v7_3/src -s libs  "SHELL=CMD" "COMPILER=mb-gcc" "ASSEMBLER=mb-as" "ARCHIVER=mb-ar" "COMP
TRACE::2024-06-19.17:45:05::SCWMssOS::ILER_FLAGS=  -O2 -c -mcpu=v11.0 -mlittle-endian -mxl-soft-mul" "EXTRA_COMPILER_FLAGS=-g -ffunction-sections -fdata-sections -Wa
TRACE::2024-06-19.17:45:05::SCWMssOS::ll -Wextra"

TRACE::2024-06-19.17:45:05::SCWMssOS::"Running Make libs in microblaze_0/libsrc/uartlite_v3_5/src"

TRACE::2024-06-19.17:45:05::SCWMssOS::make -C microblaze_0/libsrc/uartlite_v3_5/src -s libs  "SHELL=CMD" "COMPILER=mb-gcc" "ASSEMBLER=mb-as" "ARCHIVER=mb-ar" "COMPIL
TRACE::2024-06-19.17:45:05::SCWMssOS::ER_FLAGS=  -O2 -c -mcpu=v11.0 -mlittle-endian -mxl-soft-mul" "EXTRA_COMPILER_FLAGS=-g -ffunction-sections -fdata-sections -Wall
TRACE::2024-06-19.17:45:05::SCWMssOS:: -Wextra"

TRACE::2024-06-19.17:45:06::SCWMssOS::"DEBUG NON_LTO_OBJECTS is ../../../lib/microblaze_interrupt_handler.o"

TRACE::2024-06-19.17:45:06::SCWMssOS::'Finished building libraries parallelly.'

TRACE::2024-06-19.17:45:06::SCWMssOS::make --no-print-directory archive

TRACE::2024-06-19.17:45:06::SCWMssOS::mb-ar -r  microblaze_0/lib/libxil.a microblaze_0/lib/xplatform_info.o microblaze_0/lib/xuartlite.o microblaze_0/lib/microblaze_
TRACE::2024-06-19.17:45:06::SCWMssOS::disable_exceptions.o microblaze_0/lib/print.o microblaze_0/lib/_exit.o microblaze_0/lib/xil_testio.o microblaze_0/lib/microblaz
TRACE::2024-06-19.17:45:06::SCWMssOS::e_disable_dcache.o microblaze_0/lib/microblaze_flush_dcache_range.o microblaze_0/lib/microblaze_flush_cache_ext.o microblaze_0/
TRACE::2024-06-19.17:45:06::SCWMssOS::lib/xbram_sinit.o microblaze_0/lib/xil_misc_psreset_api.o microblaze_0/lib/xil_cache.o microblaze_0/lib/xil_util.o microblaze_0
TRACE::2024-06-19.17:45:06::SCWMssOS::/lib/inbyte.o microblaze_0/lib/microblaze_exception_handler.o microblaze_0/lib/xbram_g.o microblaze_0/lib/microblaze_scrub.o mi
TRACE::2024-06-19.17:45:06::SCWMssOS::croblaze_0/lib/microblaze_invalidate_dcache.o microblaze_0/lib/microblaze_disable_interrupts.o microblaze_0/lib/xbram_selftest.
TRACE::2024-06-19.17:45:06::SCWMssOS::o microblaze_0/lib/microblaze_interrupt_handler.o microblaze_0/lib/microblaze_disable_icache.o microblaze_0/lib/xgpio_g.o micro
TRACE::2024-06-19.17:45:06::SCWMssOS::blaze_0/lib/xil_mem.o microblaze_0/lib/microblaze_flush_cache_ext_range.o microblaze_0/lib/xbram_intr.o microblaze_0/lib/xil_sl
TRACE::2024-06-19.17:45:06::SCWMssOS::eepcommon.o microblaze_0/lib/xil_printf.o microblaze_0/lib/xio.o microblaze_0/lib/outbyte.o microblaze_0/lib/xgpio_intr.o micro
TRACE::2024-06-19.17:45:06::SCWMssOS::blaze_0/lib/microblaze_invalidate_dcache_range.o microblaze_0/lib/xuartlite_g.o microblaze_0/lib/microblaze_invalidate_cache_ex
TRACE::2024-06-19.17:45:06::SCWMssOS::t.o microblaze_0/lib/microblaze_sleep.o microblaze_0/lib/hw_exception_handler.o microblaze_0/lib/xuartlite_selftest.o microblaz
TRACE::2024-06-19.17:45:06::SCWMssOS::e_0/lib/xgpio_sinit.o microblaze_0/lib/microblaze_update_dcache.o microblaze_0/lib/xil_testcache.o microblaze_0/lib/microblaze_
TRACE::2024-06-19.17:45:06::SCWMssOS::selftest.o microblaze_0/lib/microblaze_interrupts_g.o microblaze_0/lib/microblaze_enable_exceptions.o microblaze_0/lib/microbla
TRACE::2024-06-19.17:45:06::SCWMssOS::ze_enable_dcache.o microblaze_0/lib/xbram.o microblaze_0/lib/microblaze_invalidate_icache_range.o microblaze_0/lib/xuartlite_si
TRACE::2024-06-19.17:45:06::SCWMssOS::nit.o microblaze_0/lib/microblaze_init_dcache_range.o microblaze_0/lib/microblaze_invalidate_icache.o microblaze_0/lib/errno.o 
TRACE::2024-06-19.17:45:06::SCWMssOS::microblaze_0/lib/xuartlite_l.o microblaze_0/lib/xuartlite_stats.o microblaze_0/lib/microblaze_invalidate_cache_ext_range.o micr
TRACE::2024-06-19.17:45:06::SCWMssOS::oblaze_0/lib/xil_exception.o microblaze_0/lib/pvr.o microblaze_0/lib/xgpio.o microblaze_0/lib/xil_testmem.o microblaze_0/lib/mi
TRACE::2024-06-19.17:45:06::SCWMssOS::croblaze_update_icache.o microblaze_0/lib/xuartlite_intr.o microblaze_0/lib/microblaze_flush_dcache.o microblaze_0/lib/xil_cloc
TRACE::2024-06-19.17:45:06::SCWMssOS::king.o microblaze_0/lib/xil_assert.o microblaze_0/lib/microblaze_enable_interrupts.o microblaze_0/lib/xgpio_extra.o microblaze_
TRACE::2024-06-19.17:45:06::SCWMssOS::0/lib/microblaze_enable_icache.o microblaze_0/lib/microblaze_init_icache_range.o microblaze_0/lib/fcntl.o microblaze_0/lib/xgpi
TRACE::2024-06-19.17:45:06::SCWMssOS::o_selftest.o

TRACE::2024-06-19.17:45:06::SCWMssOS::'Finished building libraries'

TRACE::2024-06-19.17:45:06::SCWMssOS::Copying to export directory.
TRACE::2024-06-19.17:45:06::SCWMssOS:: Checking if to create the Supporting Applications
TRACE::2024-06-19.17:45:06::SCWMssOS:: No Linux domain exists, trying to generate FSBL 
LOG::2024-06-19.17:45:06::SCWSystem::Completed Processing the domain standalone_microblaze_0
LOG::2024-06-19.17:45:06::SCWSystem::Completed Processing the sysconfig button_design_wrapper
LOG::2024-06-19.17:45:06::SCWPlatform::Completed generating the artifacts for system configuration button_design_wrapper
TRACE::2024-06-19.17:45:06::SCWPlatform::Started preparing the platform 
TRACE::2024-06-19.17:45:06::SCWSystem::Writing the bif file for system config button_design_wrapper
TRACE::2024-06-19.17:45:06::SCWSystem::dir created 
TRACE::2024-06-19.17:45:06::SCWSystem::Writing the bif 
TRACE::2024-06-19.17:45:06::SCWPlatform::Started writing the spfm file 
TRACE::2024-06-19.17:45:06::SCWPlatform::Started writing the xpfm file 
TRACE::2024-06-19.17:45:06::SCWPlatform::Completed generating the platform
TRACE::2024-06-19.17:45:06::SCWMssOS::Saving the mss changes D:/FPGA_RISC/vitis_gpio_led/button_design_wrapper/microblaze_0/standalone_microblaze_0/bsp/system.mss
TRACE::2024-06-19.17:45:06::SCWMssOS::Found a swdesign opened with the mssfile.
TRACE::2024-06-19.17:45:06::SCWMssOS::Completed writemss as part of save.
TRACE::2024-06-19.17:45:06::SCWMssOS::Commit changes completed.
TRACE::2024-06-19.17:45:06::SCWPlatform::Trying to open the hw design at D:/FPGA_RISC/vitis_gpio_led/button_design_wrapper/hw/button_design_wrapper.xsa
TRACE::2024-06-19.17:45:06::SCWPlatform::DSA given D:/FPGA_RISC/vitis_gpio_led/button_design_wrapper/hw/button_design_wrapper.xsa
TRACE::2024-06-19.17:45:06::SCWPlatform::DSA absoulate path D:/FPGA_RISC/vitis_gpio_led/button_design_wrapper/hw/button_design_wrapper.xsa
TRACE::2024-06-19.17:45:06::SCWPlatform::DSA directory D:/FPGA_RISC/vitis_gpio_led/button_design_wrapper/hw
TRACE::2024-06-19.17:45:06::SCWPlatform:: Platform Path D:/FPGA_RISC/vitis_gpio_led/button_design_wrapper/hw/button_design_wrapper.xsa
TRACE::2024-06-19.17:45:06::SCWPlatform:: Unique name xilinx:basys3::0.0
TRACE::2024-06-19.17:45:06::SCWPlatform::Trying to set the existing hwdb with name design_1_wrapper_3
TRACE::2024-06-19.17:45:06::SCWPlatform::Opened existing hwdb design_1_wrapper_3
TRACE::2024-06-19.17:45:06::SCWPlatform::Found the Hw Db part of the input DSA
TRACE::2024-06-19.17:45:06::SCWMssOS::Checking the sw design at  D:/FPGA_RISC/vitis_gpio_led/button_design_wrapper/microblaze_0/standalone_microblaze_0/bsp/system.mss
TRACE::2024-06-19.17:45:06::SCWMssOS::DEBUG:  swdes dump  D:/FPGA_RISC/vitis_gpio_led/button_design_wrapper/microblaze_0/standalone_microblaze_0/bsp/system.mss|system_0||
D:/FPGA_RISC/vitis_gpio_led/led_design_wrapper/microblaze_0/standalone_microblaze_0/bsp/system.mss|system||

TRACE::2024-06-19.17:45:06::SCWMssOS::Sw design exists and opened at  D:/FPGA_RISC/vitis_gpio_led/button_design_wrapper/microblaze_0/standalone_microblaze_0/bsp/system.mss
TRACE::2024-06-19.17:45:06::SCWPlatform::Trying to open the hw design at D:/FPGA_RISC/vitis_gpio_led/button_design_wrapper/hw/button_design_wrapper.xsa
TRACE::2024-06-19.17:45:06::SCWPlatform::DSA given D:/FPGA_RISC/vitis_gpio_led/button_design_wrapper/hw/button_design_wrapper.xsa
TRACE::2024-06-19.17:45:06::SCWPlatform::DSA absoulate path D:/FPGA_RISC/vitis_gpio_led/button_design_wrapper/hw/button_design_wrapper.xsa
TRACE::2024-06-19.17:45:06::SCWPlatform::DSA directory D:/FPGA_RISC/vitis_gpio_led/button_design_wrapper/hw
TRACE::2024-06-19.17:45:06::SCWPlatform:: Platform Path D:/FPGA_RISC/vitis_gpio_led/button_design_wrapper/hw/button_design_wrapper.xsa
TRACE::2024-06-19.17:45:06::SCWPlatform:: Unique name xilinx:basys3::0.0
TRACE::2024-06-19.17:45:06::SCWPlatform::Trying to set the existing hwdb with name design_1_wrapper_3
TRACE::2024-06-19.17:45:06::SCWPlatform::Opened existing hwdb design_1_wrapper_3
TRACE::2024-06-19.17:45:06::SCWPlatform::Found the Hw Db part of the input DSA
TRACE::2024-06-19.17:45:06::SCWMssOS::Checking the sw design at  D:/FPGA_RISC/vitis_gpio_led/button_design_wrapper/microblaze_0/standalone_microblaze_0/bsp/system.mss
TRACE::2024-06-19.17:45:06::SCWMssOS::DEBUG:  swdes dump  D:/FPGA_RISC/vitis_gpio_led/button_design_wrapper/microblaze_0/standalone_microblaze_0/bsp/system.mss|system_0||
D:/FPGA_RISC/vitis_gpio_led/led_design_wrapper/microblaze_0/standalone_microblaze_0/bsp/system.mss|system||

TRACE::2024-06-19.17:45:06::SCWMssOS::Sw design exists and opened at  D:/FPGA_RISC/vitis_gpio_led/button_design_wrapper/microblaze_0/standalone_microblaze_0/bsp/system.mss
TRACE::2024-06-19.17:45:06::SCWPlatform::Trying to open the hw design at D:/FPGA_RISC/vitis_gpio_led/button_design_wrapper/hw/button_design_wrapper.xsa
TRACE::2024-06-19.17:45:06::SCWPlatform::DSA given D:/FPGA_RISC/vitis_gpio_led/button_design_wrapper/hw/button_design_wrapper.xsa
TRACE::2024-06-19.17:45:06::SCWPlatform::DSA absoulate path D:/FPGA_RISC/vitis_gpio_led/button_design_wrapper/hw/button_design_wrapper.xsa
TRACE::2024-06-19.17:45:06::SCWPlatform::DSA directory D:/FPGA_RISC/vitis_gpio_led/button_design_wrapper/hw
TRACE::2024-06-19.17:45:06::SCWPlatform:: Platform Path D:/FPGA_RISC/vitis_gpio_led/button_design_wrapper/hw/button_design_wrapper.xsa
TRACE::2024-06-19.17:45:06::SCWPlatform:: Unique name xilinx:basys3::0.0
TRACE::2024-06-19.17:45:06::SCWPlatform::Trying to set the existing hwdb with name design_1_wrapper_3
TRACE::2024-06-19.17:45:06::SCWPlatform::Opened existing hwdb design_1_wrapper_3
TRACE::2024-06-19.17:45:06::SCWPlatform::Found the Hw Db part of the input DSA
TRACE::2024-06-19.17:45:06::SCWMssOS::Checking the sw design at  D:/FPGA_RISC/vitis_gpio_led/button_design_wrapper/microblaze_0/standalone_microblaze_0/bsp/system.mss
TRACE::2024-06-19.17:45:06::SCWMssOS::DEBUG:  swdes dump  D:/FPGA_RISC/vitis_gpio_led/button_design_wrapper/microblaze_0/standalone_microblaze_0/bsp/system.mss|system_0||
D:/FPGA_RISC/vitis_gpio_led/led_design_wrapper/microblaze_0/standalone_microblaze_0/bsp/system.mss|system||

TRACE::2024-06-19.17:45:06::SCWMssOS::Sw design exists and opened at  D:/FPGA_RISC/vitis_gpio_led/button_design_wrapper/microblaze_0/standalone_microblaze_0/bsp/system.mss
TRACE::2024-06-19.17:45:06::SCWWriter::formatted JSON is {
	"platformName":	"button_design_wrapper",
	"sprVersion":	"2.0",
	"mode":	"gui",
	"dsaType":	"Fixed",
	"platformDesc":	"button_design_wrapper",
	"platHandOff":	"D:/FPGA_RISC/20240619_Microblaze_gpio/button_design_wrapper.xsa",
	"platIntHandOff":	"<platformDir>/hw/button_design_wrapper.xsa",
	"deviceType":	"FPGA",
	"platIsPrebuiltAutogen":	"false",
	"platIsNoBootBsp":	"false",
	"hasFsblMakeHasChanges":	"false",
	"hasPmufwMakeHasChanges":	"false",
	"platPreBuiltFlag":	false,
	"platformSamplesDir":	"",
	"platActiveSys":	"button_design_wrapper",
	"systems":	[{
			"systemName":	"button_design_wrapper",
			"systemDesc":	"button_design_wrapper",
			"sysIsBootAutoGen":	"true",
			"systemDispName":	"button_design_wrapper",
			"sysActiveDom":	"standalone_microblaze_0",
			"sysDefaultDom":	"standalone_microblaze_0",
			"domains":	[{
					"domainName":	"standalone_microblaze_0",
					"domainDispName":	"standalone_microblaze_0",
					"domainDesc":	"standalone_microblaze_0",
					"processors":	"microblaze_0",
					"os":	"standalone",
					"sdxOs":	"standalone",
					"debugEnable":	"False",
					"domRuntimes":	["cpp"],
					"swRepo":	"",
					"mssOsVer":	"7.3",
					"mssFile":	"",
					"md5Digest":	"27c595da0a597c53e2116614f872aab8",
					"compatibleApp":	"hello_world",
					"domType":	"mssDomain",
					"arch":	"32-bit",
					"appSettings":	{
						"appCompilerFlags":	"",
						"appLinkerFlags":	""
					},
					"addedLibs":	[],
					"libOptions":	{
						"libsContainingOptions":	[]
					},
					"prebuiltLibs":	{
						"prebuiltIncPath":	[],
						"prebuiltLibPath":	[]
					},
					"isolation":	{
					}
				}]
		}]
}
KEYINFO::2024-06-19.17:45:06::SCWPlatform::updated the xpfm file.
TRACE::2024-06-19.17:45:06::SCWPlatform::Trying to open the hw design at D:/FPGA_RISC/vitis_gpio_led/button_design_wrapper/hw/button_design_wrapper.xsa
TRACE::2024-06-19.17:45:06::SCWPlatform::DSA given D:/FPGA_RISC/vitis_gpio_led/button_design_wrapper/hw/button_design_wrapper.xsa
TRACE::2024-06-19.17:45:06::SCWPlatform::DSA absoulate path D:/FPGA_RISC/vitis_gpio_led/button_design_wrapper/hw/button_design_wrapper.xsa
TRACE::2024-06-19.17:45:06::SCWPlatform::DSA directory D:/FPGA_RISC/vitis_gpio_led/button_design_wrapper/hw
TRACE::2024-06-19.17:45:06::SCWPlatform:: Platform Path D:/FPGA_RISC/vitis_gpio_led/button_design_wrapper/hw/button_design_wrapper.xsa
TRACE::2024-06-19.17:45:06::SCWPlatform:: Unique name xilinx:basys3::0.0
TRACE::2024-06-19.17:45:06::SCWPlatform::Trying to set the existing hwdb with name design_1_wrapper_3
TRACE::2024-06-19.17:45:06::SCWPlatform::Opened existing hwdb design_1_wrapper_3
TRACE::2024-06-19.17:45:06::SCWPlatform::Found the Hw Db part of the input DSA
TRACE::2024-06-19.17:45:06::SCWMssOS::Checking the sw design at  D:/FPGA_RISC/vitis_gpio_led/button_design_wrapper/microblaze_0/standalone_microblaze_0/bsp/system.mss
TRACE::2024-06-19.17:45:06::SCWMssOS::DEBUG:  swdes dump  D:/FPGA_RISC/vitis_gpio_led/button_design_wrapper/microblaze_0/standalone_microblaze_0/bsp/system.mss|system_0||
D:/FPGA_RISC/vitis_gpio_led/led_design_wrapper/microblaze_0/standalone_microblaze_0/bsp/system.mss|system||

TRACE::2024-06-19.17:45:06::SCWMssOS::Sw design exists and opened at  D:/FPGA_RISC/vitis_gpio_led/button_design_wrapper/microblaze_0/standalone_microblaze_0/bsp/system.mss
