#
# A fatal error has been detected by the Java Runtime Environment:
#
#  EXCEPTION_ACCESS_VIOLATION (0xc0000005) at pc=0x00007fff0d8b9670, pid=3764, tid=16940
#
# JRE version: OpenJDK Runtime Environment (11.0.2+9) (build 11.0.2+9)
# Java VM: OpenJDK 64-Bit Server VM (11.0.2+9, mixed mode, tiered, compressed oops, g1 gc, windows-amd64)
# Problematic frame:
# C  0x00007fff0d8b9670
#
# No core dump will be written. Minidumps are not enabled by default on client versions of Windows
#
# If you would like to submit a bug report, please visit:
#   http://bugreport.java.com/bugreport/crash.jsp
# The crash happened outside the Java Virtual Machine in native code.
# See problematic frame for where to report the bug.
#

---------------  S U M M A R Y ------------

Command Line: -Dsun.java2d.pmoffscreen=false -Dhttps.protocols=TLSv1,TLSv1.1,TLSv1.2 -Dsun.java2d.xrender=false -Dsun.java2d.d3d=false -Dsun.awt.nopixfmt=true -Dsun.java2d.dpiaware=true -Dsun.java2d.uiScale.enabled=false -Xverify:none -Dswing.aatext=true -XX:-UsePerfData -Djdk.map.althashing.threshold=512 -XX:StringTableSize=4072 --add-opens=java.base/java.nio=ALL-UNNAMED --add-opens=java.desktop/sun.swing=ALL-UNNAMED --add-opens=java.desktop/javax.swing=ALL-UNNAMED --add-opens=java.desktop/javax.swing.tree=ALL-UNNAMED --add-opens=java.desktop/javax.swing.plaf.basic=ALL-UNNAMED --add-opens=java.desktop/javax.swing.plaf.synth=ALL-UNNAMED --add-opens=java.desktop/com.sun.awt=ALL-UNNAMED -XX:NewSize=60m -XX:MaxNewSize=60m -Xms128m -Xmx3072m -Xss5m 

Host: 12th Gen Intel(R) Core(TM) i7-1260P, 16 cores, 15G,  Windows 10 , 64 bit Build 22621 (10.0.22621.3527)
Time: Fri Jun  7 18:45:30 2024 대한민국 표준시 elapsed time: 471 seconds (0d 0h 7m 51s)

---------------  T H R E A D  ---------------

Current thread (0x0000021bd5ad0800):  JavaThread "AWT-EventQueue-0" [_thread_in_native, id=16940, stack(0x000000bd4ad00000,0x000000bd4b200000)]

Stack: [0x000000bd4ad00000,0x000000bd4b200000],  sp=0x000000bd4b1f3698,  free space=5069k
Native frames: (J=compiled Java code, j=interpreted, Vv=VM code, C=native code)
C  0x00007fff0d8b9670

Java frames: (J=compiled Java code, j=interpreted, Vv=VM code)
J 20257  ui.views.waveform.waveformi.WVExecutive_getGraphicsDataSize(J)J (0 bytes) @ 0x0000021b88dc3c91 [0x0000021b88dc3c40+0x0000000000000051]
J 20256 c1 ui.views.waveform.executive.a.klK()Ljava/io/ByteArrayInputStream; (93 bytes) @ 0x0000021b8331c02c [0x0000021b8331bf40+0x00000000000000ec]
J 20255 c1 ui.views.waveform.b.a.klh()V (144 bytes) @ 0x0000021b83317b34 [0x0000021b83317aa0+0x0000000000000094]
J 20303 c1 ui.views.waveform.w.aH(ZZ)V (48 bytes) @ 0x0000021b833515e4 [0x0000021b833510e0+0x0000000000000504]
J 19895 c1 ui.views.waveform.c.b.j(Lui/frmwork/a/l;)V (605 bytes) @ 0x0000021b8322bd5c [0x0000021b83223280+0x0000000000008adc]
J 19894 c1 ui.views.waveform.w.handleTclEvent(Lui/frmwork/a/l;)V (17 bytes) @ 0x0000021b83221dbc [0x0000021b83221ce0+0x00000000000000dc]
J 15407 c1 ui.frmwork.a.o.c(Lui/frmwork/a/l;)V (61 bytes) @ 0x0000021b8295438c [0x0000021b829539e0+0x00000000000009ac]
J 21407 c2 ui.frmwork.E.i(JZ)V (471 bytes) @ 0x0000021b88ed85f8 [0x0000021b88ed6c60+0x0000000000001998]
J 15386 c1 ui.frmwork.E.fireTclEvent(J)I (113 bytes) @ 0x0000021b82924594 [0x0000021b82923dc0+0x00000000000007d4]
v  ~StubRoutines::call_stub
j  ui.views.waveform.waveformi.WVExecutive_processModelEvent(JJ)V+0
j  ui.views.waveform.executive.a.gb(J)V+5
j  ui.views.waveform.c.b.ga(J)V+8
J 19895 c1 ui.views.waveform.c.b.j(Lui/frmwork/a/l;)V (605 bytes) @ 0x0000021b8322caf4 [0x0000021b83223280+0x0000000000009874]
J 19894 c1 ui.views.waveform.w.handleTclEvent(Lui/frmwork/a/l;)V (17 bytes) @ 0x0000021b83221dbc [0x0000021b83221ce0+0x00000000000000dc]
J 15407 c1 ui.frmwork.a.o.c(Lui/frmwork/a/l;)V (61 bytes) @ 0x0000021b8295438c [0x0000021b829539e0+0x00000000000009ac]
J 21407 c2 ui.frmwork.E.i(JZ)V (471 bytes) @ 0x0000021b88ed85f8 [0x0000021b88ed6c60+0x0000000000001998]
J 15386 c1 ui.frmwork.E.fireTclEvent(J)I (113 bytes) @ 0x0000021b82924594 [0x0000021b82923dc0+0x00000000000007d4]
v  ~StubRoutines::call_stub
j  ui.views.waveform.waveformi.WVExecutive_processModelEvent(JJ)V+0
j  ui.views.waveform.executive.a.gb(J)V+5
j  ui.views.waveform.c.b.ga(J)V+8
j  ui.views.waveform.c.e.actionPerformed(Ljava/awt/event/ActionEvent;)V+8
J 21234 c2 javax.swing.Timer.fireActionPerformed(Ljava/awt/event/ActionEvent;)V java.desktop@11.0.2 (46 bytes) @ 0x0000021b88842554 [0x0000021b88842440+0x0000000000000114]
J 21230 c2 javax.swing.Timer$DoPostEvent.run()V java.desktop@11.0.2 (82 bytes) @ 0x0000021b888217d8 [0x0000021b888214e0+0x00000000000002f8]
J 15972 c2 java.awt.event.InvocationEvent.dispatch()V java.desktop@11.0.2 (69 bytes) @ 0x0000021b889a4098 [0x0000021b889a4040+0x0000000000000058]
J 15982 c2 java.awt.EventQueue$4.run()Ljava/lang/Object; java.desktop@11.0.2 (5 bytes) @ 0x0000021b889a521c [0x0000021b889a5160+0x00000000000000bc]
v  ~StubRoutines::call_stub
J 4713  java.security.AccessController.doPrivileged(Ljava/security/PrivilegedAction;Ljava/security/AccessControlContext;)Ljava/lang/Object; java.base@11.0.2 (0 bytes) @ 0x0000021b87e7bbb6 [0x0000021b87e7bb40+0x0000000000000076]
J 15588 c2 java.awt.EventQueue.dispatchEvent(Ljava/awt/AWTEvent;)V java.desktop@11.0.2 (80 bytes) @ 0x0000021b87f7e2e4 [0x0000021b87f7dd40+0x00000000000005a4]
J 18671 c2 java.awt.EventDispatchThread.pumpOneEventForFilters(I)V java.desktop@11.0.2 (113 bytes) @ 0x0000021b88c5e814 [0x0000021b88c5dac0+0x0000000000000d54]
j  java.awt.EventDispatchThread.pumpEventsForFilter(ILjava/awt/Conditional;Ljava/awt/EventFilter;)V+35 java.desktop@11.0.2
j  java.awt.EventDispatchThread.pumpEventsForFilter(Ljava/awt/Conditional;Ljava/awt/EventFilter;)V+4 java.desktop@11.0.2
j  java.awt.WaitDispatchSupport$2.run()V+59 java.desktop@11.0.2
j  java.awt.WaitDispatchSupport$4.run()Ljava/lang/Void;+4 java.desktop@11.0.2
j  java.awt.WaitDispatchSupport$4.run()Ljava/lang/Object;+1 java.desktop@11.0.2
v  ~StubRoutines::call_stub
J 1086  java.security.AccessController.doPrivileged(Ljava/security/PrivilegedAction;)Ljava/lang/Object; java.base@11.0.2 (0 bytes) @ 0x0000021b87bf6122 [0x0000021b87bf60c0+0x0000000000000062]
j  java.awt.WaitDispatchSupport.enter()Z+260 java.desktop@11.0.2
j  java.awt.Dialog.show()V+224 java.desktop@11.0.2
J 7558 c1 java.awt.Component.setVisible(Z)V java.desktop@11.0.2 (6 bytes) @ 0x0000021b80971fe4 [0x0000021b80971de0+0x0000000000000204]
j  java.awt.Window.setVisible(Z)V+2 java.desktop@11.0.2
j  java.awt.Dialog.setVisible(Z)V+2 java.desktop@11.0.2
j  ui.dlg.c.g.setVisible(Z)V+2
j  ui.dlg.c.bz.bIi()V+64
j  ui.dlg.c.bI.actionPerformed(Ljava/awt/event/ActionEvent;)V+8
j  ui.dlg.c.bz.fud()V+388
j  ui.views.c.t.b.a.run()V+60
j  ui.frmwork.cmd.a.hsT()Z+66
j  ui.frmwork.cmd.d.htb()V+42
j  ui.bm.actionPerformed(Ljava/awt/event/ActionEvent;)V+25
j  javax.swing.AbstractButton.fireActionPerformed(Ljava/awt/event/ActionEvent;)V+83 java.desktop@11.0.2
j  ui.utils.swing.b.E.fireActionPerformed(Ljava/awt/event/ActionEvent;)V+7
j  javax.swing.AbstractButton$Handler.actionPerformed(Ljava/awt/event/ActionEvent;)V+5 java.desktop@11.0.2
j  javax.swing.DefaultButtonModel.fireActionPerformed(Ljava/awt/event/ActionEvent;)V+34 java.desktop@11.0.2
j  javax.swing.DefaultButtonModel.setPressed(Z)V+117 java.desktop@11.0.2
j  javax.swing.plaf.basic.BasicButtonListener.mouseReleased(Ljava/awt/event/MouseEvent;)V+35 java.desktop@11.0.2
j  com.jidesoft.plaf.basic.BasicJideButtonListener.mouseReleased(Ljava/awt/event/MouseEvent;)V+61
J 21453 c1 java.awt.AWTEventMulticaster.mouseReleased(Ljava/awt/event/MouseEvent;)V java.desktop@11.0.2 (27 bytes) @ 0x0000021b81476f2c [0x0000021b81476d00+0x000000000000022c]
J 21453 c1 java.awt.AWTEventMulticaster.mouseReleased(Ljava/awt/event/MouseEvent;)V java.desktop@11.0.2 (27 bytes) @ 0x0000021b81476f2c [0x0000021b81476d00+0x000000000000022c]
J 21453 c1 java.awt.AWTEventMulticaster.mouseReleased(Ljava/awt/event/MouseEvent;)V java.desktop@11.0.2 (27 bytes) @ 0x0000021b81476f2c [0x0000021b81476d00+0x000000000000022c]
J 21453 c1 java.awt.AWTEventMulticaster.mouseReleased(Ljava/awt/event/MouseEvent;)V java.desktop@11.0.2 (27 bytes) @ 0x0000021b81476f2c [0x0000021b81476d00+0x000000000000022c]
J 18547 c1 java.awt.Component.processMouseEvent(Ljava/awt/event/MouseEvent;)V java.desktop@11.0.2 (100 bytes) @ 0x0000021b82f8a73c [0x0000021b82f8a2c0+0x000000000000047c]
J 18546 c1 javax.swing.JComponent.processMouseEvent(Ljava/awt/event/MouseEvent;)V java.desktop@11.0.2 (27 bytes) @ 0x0000021b82f89df4 [0x0000021b82f89be0+0x0000000000000214]
J 15822 c2 java.awt.Container.processEvent(Ljava/awt/AWTEvent;)V java.desktop@11.0.2 (22 bytes) @ 0x0000021b889639d4 [0x0000021b889638a0+0x0000000000000134]
J 21447 c2 java.awt.Component.dispatchEventImpl(Ljava/awt/AWTEvent;)V java.desktop@11.0.2 (777 bytes) @ 0x0000021b88ee2cc8 [0x0000021b88ee2340+0x0000000000000988]
J 17805 c2 java.awt.Container.dispatchEventImpl(Ljava/awt/AWTEvent;)V java.desktop@11.0.2 (129 bytes) @ 0x0000021b880804f8 [0x0000021b880804a0+0x0000000000000058]
J 19000 c2 java.awt.LightweightDispatcher.retargetMouseEvent(Ljava/awt/Component;ILjava/awt/event/MouseEvent;)V java.desktop@11.0.2 (372 bytes) @ 0x0000021b88cce6dc [0x0000021b88cce140+0x000000000000059c]
J 21094 c2 java.awt.LightweightDispatcher.processMouseEvent(Ljava/awt/event/MouseEvent;)Z java.desktop@11.0.2 (265 bytes) @ 0x0000021b886a544c [0x0000021b886a4d00+0x000000000000074c]
J 17805 c2 java.awt.Container.dispatchEventImpl(Ljava/awt/AWTEvent;)V java.desktop@11.0.2 (129 bytes) @ 0x0000021b880807c4 [0x0000021b880804a0+0x0000000000000324]
J 19799 c2 java.awt.Window.dispatchEventImpl(Ljava/awt/AWTEvent;)V java.desktop@11.0.2 (23 bytes) @ 0x0000021b88d0ad8c [0x0000021b88d0ad40+0x000000000000004c]
J 15982 c2 java.awt.EventQueue$4.run()Ljava/lang/Object; java.desktop@11.0.2 (5 bytes) @ 0x0000021b889a52ac [0x0000021b889a5160+0x000000000000014c]
v  ~StubRoutines::call_stub
J 4713  java.security.AccessController.doPrivileged(Ljava/security/PrivilegedAction;Ljava/security/AccessControlContext;)Ljava/lang/Object; java.base@11.0.2 (0 bytes) @ 0x0000021b87e7bbb6 [0x0000021b87e7bb40+0x0000000000000076]
J 19072 c2 java.awt.EventQueue$5.run()Ljava/lang/Object; java.desktop@11.0.2 (5 bytes) @ 0x0000021b88cec2f4 [0x0000021b88cec080+0x0000000000000274]
v  ~StubRoutines::call_stub
J 4713  java.security.AccessController.doPrivileged(Ljava/security/PrivilegedAction;Ljava/security/AccessControlContext;)Ljava/lang/Object; java.base@11.0.2 (0 bytes) @ 0x0000021b87e7bbb6 [0x0000021b87e7bb40+0x0000000000000076]
J 15588 c2 java.awt.EventQueue.dispatchEvent(Ljava/awt/AWTEvent;)V java.desktop@11.0.2 (80 bytes) @ 0x0000021b87f7e0ec [0x0000021b87f7dd40+0x00000000000003ac]
J 18671 c2 java.awt.EventDispatchThread.pumpOneEventForFilters(I)V java.desktop@11.0.2 (113 bytes) @ 0x0000021b88c5e814 [0x0000021b88c5dac0+0x0000000000000d54]
j  java.awt.EventDispatchThread.pumpEventsForFilter(ILjava/awt/Conditional;Ljava/awt/EventFilter;)V+35 java.desktop@11.0.2
j  java.awt.EventDispatchThread.pumpEventsForHierarchy(ILjava/awt/Conditional;Ljava/awt/Component;)V+11 java.desktop@11.0.2
j  java.awt.EventDispatchThread.pumpEvents(ILjava/awt/Conditional;)V+4 java.desktop@11.0.2
j  java.awt.EventDispatchThread.pumpEvents(Ljava/awt/Conditional;)V+3 java.desktop@11.0.2
j  java.awt.EventDispatchThread.run()V+9 java.desktop@11.0.2
v  ~StubRoutines::call_stub

siginfo: EXCEPTION_ACCESS_VIOLATION (0xc0000005), data execution prevention violation at address 0x00007fff0d8b9670


Register to memory mapping:

RIP=0x00007fff0d8b9670 points into unknown readable memory: 01 00 00 00 00 00 00 00
RAX=0x00007fff0d860720 points into unknown readable memory: 00 88 4c 0d ff 7f 00 00
RBX=0x0000000000000001 is an unknown value
RCX=0x0000021bf99b90a0 points into unknown readable memory: 20 07 86 0d ff 7f 00 00
RDX=0x0000021bfdb4e850 points into unknown readable memory: d8 84 de 05 ff 7f 00 00
RSP=0x000000bd4b1f3698 is pointing into the stack for thread: 0x0000021bd5ad0800
RBP=0x000000bd4b1f3890 is pointing into the stack for thread: 0x0000021bd5ad0800
RSI=0x0000021bfa25e2a0 points into unknown readable memory: 30 07 86 0d ff 7f 00 00
RDI=0x0000021bf99b90a0 points into unknown readable memory: 20 07 86 0d ff 7f 00 00
R8 =0x000000bd4b1f3880 is pointing into the stack for thread: 0x0000021bd5ad0800
R9 =0x000000bd4b1f38c0 is pointing into the stack for thread: 0x0000021bd5ad0800
R10=0x00007fff7c820000 VCRUNTIME140.dll
R11=0x3fffffff3ffffffb is an unknown value
R12=0x000000bd4b1f3880 is pointing into the stack for thread: 0x0000021bd5ad0800
R13=0x000000bd4b1f38c0 is pointing into the stack for thread: 0x0000021bd5ad0800
R14=0x000000bd4b1f3998 is pointing into the stack for thread: 0x0000021bd5ad0800
R15=0x0000021bfdb4e850 points into unknown readable memory: d8 84 de 05 ff 7f 00 00


Registers:
RAX=0x00007fff0d860720, RBX=0x0000000000000001, RCX=0x0000021bf99b90a0, RDX=0x0000021bfdb4e850
RSP=0x000000bd4b1f3698, RBP=0x000000bd4b1f3890, RSI=0x0000021bfa25e2a0, RDI=0x0000021bf99b90a0
R8 =0x000000bd4b1f3880, R9 =0x000000bd4b1f38c0, R10=0x00007fff7c820000, R11=0x3fffffff3ffffffb
R12=0x000000bd4b1f3880, R13=0x000000bd4b1f38c0, R14=0x000000bd4b1f3998, R15=0x0000021bfdb4e850
RIP=0x00007fff0d8b9670, EFLAGS=0x0000000000010206

Top of Stack: (sp=0x000000bd4b1f3698)
0x000000bd4b1f3698:   00007fff0d590855 000000bded856f00
0x000000bd4b1f36a8:   0000021b88d0ad8c 0000021b99102268
0x000000bd4b1f36b8:   00007fffb028d1aa fffffffffffffffe
0x000000bd4b1f36c8:   0000000000000010 0000021b93e042f0
0x000000bd4b1f36d8:   0000000000000000 0000000000000000
0x000000bd4b1f36e8:   0000000740385058 0000000700000000
0x000000bd4b1f36f8:   0000021bce6db400 000000074545f3c0
0x000000bd4b1f3708:   0000000740385020 0000021bce6d02a4
0x000000bd4b1f3718:   0000000000000010 0000021bce6d0d20
0x000000bd4b1f3728:   0000021b88815c88 000014934a470bcf
0x000000bd4b1f3738:   0000000000000008 0000000000000000
0x000000bd4b1f3748:   0000000000000000 000000bd4b1f3998
0x000000bd4b1f3758:   0000021bfcd6d5a8 0000021bf99b90a0
0x000000bd4b1f3768:   0000021bfdb4e850 0000021bfa25e2a0
0x000000bd4b1f3778:   000000bd4b1f3890 0000000000000001
0x000000bd4b1f3788:   00007fff0d5883a6 0000000000000008 

Instructions: (pc=0x00007fff0d8b9670)
0x00007fff0d8b9650:   00 00 00 00 ff ff ff ff 00 00 00 00 40 00 00 00
0x00007fff0d8b9660:   20 96 43 00 00 00 00 00 00 00 00 00 00 00 00 00
0x00007fff0d8b9670:   01 00 00 00 00 00 00 00 00 00 00 00 a0 19 57 00
0x00007fff0d8b9680:   98 96 43 00 70 96 43 00 00 00 00 00 00 00 00 00 


Stack slot to memory mapping:
stack at sp + 0 slots: 0x00007fff0d590855 points into unknown readable memory: 8b f0 83
stack at sp + 1 slots: 0x000000bded856f00 is an unknown value
stack at sp + 2 slots: 0x0000021b88d0ad8c is at entry_point+76 in (nmethod*)0x0000021b88d0ab90
stack at sp + 3 slots: 0x0000021b99102268 is pointing into metadata
stack at sp + 4 slots: 0x00007fffb028d1aa ntdll.dll
stack at sp + 5 slots: 0xfffffffffffffffe is an unknown value
stack at sp + 6 slots: 0x0000000000000010 is an unknown value
stack at sp + 7 slots: 0x0000021b93e042f0 points into unknown readable memory: 00 b4 6d ce 1b 02 00 00


---------------  P R O C E S S  ---------------

Threads class SMR info:
_java_thread_list=0x0000021bd66d00b0, length=31, elements={
0x0000021bf7cff800, 0x0000021bf35a9800, 0x0000021bf72db000, 0x0000021bf7266000,
0x0000021bf7267800, 0x0000021bf797b800, 0x0000021bf6c5c800, 0x0000021bee1ca000,
0x0000021befc97800, 0x0000021befcc1000, 0x0000021befec9000, 0x0000021befe17800,
0x0000021befe18800, 0x0000021beca5c000, 0x0000021bd5ad0800, 0x0000021bec4ee800,
0x0000021becd48800, 0x0000021becf5a000, 0x0000021bece9b800, 0x0000021bece9f800,
0x0000021bece9a000, 0x0000021becea1800, 0x0000021becea3000, 0x0000021bece9c800,
0x0000021becea0800, 0x0000021becea7000, 0x0000021becea4800, 0x0000021bf6c59800,
0x0000021bf6c5b800, 0x0000021bfba9d000, 0x0000021bfba9b800
}

Java Threads: ( => current thread )
  0x0000021bf7cff800 JavaThread "main" [_thread_blocked, id=11728, stack(0x000000bd45e00000,0x000000bd45f00000)]
  0x0000021bf35a9800 JavaThread "Reference Handler" daemon [_thread_blocked, id=12260, stack(0x000000bd46500000,0x000000bd46a00000)]
  0x0000021bf72db000 JavaThread "Finalizer" daemon [_thread_blocked, id=7416, stack(0x000000bd46a00000,0x000000bd46f00000)]
  0x0000021bf7266000 JavaThread "Signal Dispatcher" daemon [_thread_blocked, id=7212, stack(0x000000bd46f00000,0x000000bd47400000)]
  0x0000021bf7267800 JavaThread "Attach Listener" daemon [_thread_blocked, id=17792, stack(0x000000bd47400000,0x000000bd47900000)]
  0x0000021bf797b800 JavaThread "C2 CompilerThread0" daemon [_thread_blocked, id=18124, stack(0x000000bd47900000,0x000000bd47a00000)]
  0x0000021bf6c5c800 JavaThread "C1 CompilerThread0" daemon [_thread_blocked, id=17320, stack(0x000000bd47a00000,0x000000bd47b00000)]
  0x0000021bee1ca000 JavaThread "Sweeper thread" daemon [_thread_blocked, id=8752, stack(0x000000bd47b00000,0x000000bd48000000)]
  0x0000021befc97800 JavaThread "Common-Cleaner" daemon [_thread_blocked, id=6724, stack(0x000000bd48400000,0x000000bd48900000)]
  0x0000021befcc1000 JavaThread "Service Thread" daemon [_thread_blocked, id=15068, stack(0x000000bd48900000,0x000000bd48e00000)]
  0x0000021befec9000 JavaThread "Java2D Disposer" daemon [_thread_blocked, id=10032, stack(0x000000bd48f00000,0x000000bd49400000)]
  0x0000021befe17800 JavaThread "AWT-Shutdown" [_thread_blocked, id=15816, stack(0x000000bd49400000,0x000000bd49900000)]
  0x0000021befe18800 JavaThread "AWT-Windows" daemon [_thread_in_native, id=18000, stack(0x000000bd49900000,0x000000bd49e00000)]
  0x0000021beca5c000 JavaThread "TimerQueue" daemon [_thread_blocked, id=7424, stack(0x000000bd49e00000,0x000000bd4a300000)]
=>0x0000021bd5ad0800 JavaThread "AWT-EventQueue-0" [_thread_in_native, id=16940, stack(0x000000bd4ad00000,0x000000bd4b200000)]
  0x0000021bec4ee800 JavaThread "Thread-1" [_thread_in_native, id=4652, stack(0x000000bd44700000,0x000000bd45b00000)]
  0x0000021becd48800 JavaThread "Process Messages Thread" [_thread_blocked, id=11316, stack(0x000000bd4b700000,0x000000bd4bc00000)]
  0x0000021becf5a000 JavaThread "Batik CleanerThread" daemon [_thread_blocked, id=5088, stack(0x000000bd4b200000,0x000000bd4b700000)]
  0x0000021bece9b800 JavaThread "SyntheticaCleanerThread" daemon [_thread_blocked, id=18248, stack(0x000000bd4cf00000,0x000000bd4d400000)]
  0x0000021bece9f800 JavaThread "Monitor HEventQueue Thread" [_thread_blocked, id=10856, stack(0x000000bd4d900000,0x000000bd4de00000)]
  0x0000021bece9a000 JavaThread "SyntheticaAnimation 50" daemon [_thread_blocked, id=10960, stack(0x000000bd4de00000,0x000000bd4e300000)]
  0x0000021becea1800 JavaThread "SyntheticaAnimation 25" daemon [_thread_blocked, id=17932, stack(0x000000bd4e400000,0x000000bd4e900000)]
  0x0000021becea3000 JavaThread "SyntheticaAnimation 70" daemon [_thread_blocked, id=5676, stack(0x000000bd4f800000,0x000000bd4fd00000)]
  0x0000021bece9c800 JavaThread "Refresh Filesets Swing Worker Thread" [_thread_blocked, id=10684, stack(0x000000bd4ea00000,0x000000bd4ef00000)]
  0x0000021becea0800 JavaThread "hw_ila_monitor" [_thread_blocked, id=7444, stack(0x000000bd4fd00000,0x000000bd50200000)]
  0x0000021becea7000 JavaThread "pool-2-thread-1" [_thread_blocked, id=16664, stack(0x000000bd50200000,0x000000bd50700000)]
  0x0000021becea4800 JavaThread "pool-3-thread-1" [_thread_blocked, id=14628, stack(0x000000bd50700000,0x000000bd50c00000)]
  0x0000021bf6c59800 JavaThread "pool-4-thread-1" [_thread_blocked, id=2344, stack(0x000000bd50c00000,0x000000bd51100000)]
  0x0000021bf6c5b800 JavaThread "Update Runs Swing Worker Thread" [_thread_blocked, id=17956, stack(0x000000bd51600000,0x000000bd51b00000)]
  0x0000021bfba9d000 JavaThread "SyntheticaAnimation 50" daemon [_thread_blocked, id=13100, stack(0x000000bd4a300000,0x000000bd4a800000)]
  0x0000021bfba9b800 JavaThread "Relaunch Simulation Thread" [_thread_blocked, id=17456, stack(0x000000bd4c900000,0x000000bd4ce00000)]

Other Threads:
  0x0000021bd3631800 VMThread "VM Thread" [stack: 0x000000bd46400000,0x000000bd46500000] [id=10904]
  0x0000021befcc4800 WatcherThread [stack: 0x000000bd48e00000,0x000000bd48f00000] [id=9828]
  0x0000021bf8dee800 GCTaskThread "GC Thread#0" [stack: 0x000000bd45f00000,0x000000bd46000000] [id=12276]
  0x0000021bd616d000 GCTaskThread "GC Thread#1" [stack: 0x000000bd4bc00000,0x000000bd4bd00000] [id=16736]
  0x0000021bd60e8800 GCTaskThread "GC Thread#2" [stack: 0x000000bd4bd00000,0x000000bd4be00000] [id=17964]
  0x0000021bd61d1800 GCTaskThread "GC Thread#3" [stack: 0x000000bd4be00000,0x000000bd4bf00000] [id=7980]
  0x0000021bd62f0000 GCTaskThread "GC Thread#4" [stack: 0x000000bd4bf00000,0x000000bd4c000000] [id=16772]
  0x0000021bd5e10000 GCTaskThread "GC Thread#5" [stack: 0x000000bd4c000000,0x000000bd4c100000] [id=11956]
  0x0000021bd5b35000 GCTaskThread "GC Thread#6" [stack: 0x000000bd4c100000,0x000000bd4c200000] [id=5804]
  0x0000021bd5fcc800 GCTaskThread "GC Thread#7" [stack: 0x000000bd4c200000,0x000000bd4c300000] [id=11648]
  0x0000021bf9566000 GCTaskThread "GC Thread#8" [stack: 0x000000bd4c300000,0x000000bd4c400000] [id=7556]
  0x0000021bd5fc8800 GCTaskThread "GC Thread#9" [stack: 0x000000bd4c400000,0x000000bd4c500000] [id=3772]
  0x0000021bd5fcb000 GCTaskThread "GC Thread#10" [stack: 0x000000bd4c500000,0x000000bd4c600000] [id=4240]
  0x0000021bd5fcb800 GCTaskThread "GC Thread#11" [stack: 0x000000bd4c600000,0x000000bd4c700000] [id=17576]
  0x0000021bfb199000 GCTaskThread "GC Thread#12" [stack: 0x000000bd4e900000,0x000000bd4ea00000] [id=8896]
  0x0000021bf457e000 ConcurrentGCThread "G1 Main Marker" [stack: 0x000000bd46000000,0x000000bd46100000] [id=7128]
  0x0000021bf1fbf000 ConcurrentGCThread "G1 Conc#0" [stack: 0x000000bd46100000,0x000000bd46200000] [id=6684]
  0x0000021bd5fc9800 ConcurrentGCThread "G1 Conc#1" [stack: 0x000000bd4c700000,0x000000bd4c800000] [id=15464]
  0x0000021bd5fca000 ConcurrentGCThread "G1 Conc#2" [stack: 0x000000bd4c800000,0x000000bd4c900000] [id=17756]
  0x0000021bf7ac3800 ConcurrentGCThread "G1 Refine#0" [stack: 0x000000bd46200000,0x000000bd46300000] [id=14440]
  0x0000021bf97f3000 ConcurrentGCThread "G1 Refine#1" [stack: 0x000000bd4ce00000,0x000000bd4cf00000] [id=7436]
  0x0000021bee326800 ConcurrentGCThread "G1 Young RemSet Sampling" [stack: 0x000000bd46300000,0x000000bd46400000] [id=6404]

Threads with active compile tasks:

VM state:not at safepoint (normal execution)

VM Mutex/Monitor currently owned by a thread: None

Heap address: 0x0000000740000000, size: 3072 MB, Compressed Oops mode: Zero based, Oop shift amount: 3
Narrow klass base: 0x0000000800000000, Narrow klass shift: 0
Compressed class space size: 1073741824 Address: 0x0000000800000000

Heap:
 garbage-first heap   total 342016K, used 121391K [0x0000000740000000, 0x0000000800000000)
  region size 1024K, 24 young (24576K), 1 survivors (1024K)
 Metaspace       used 94922K, capacity 97366K, committed 97544K, reserved 1132544K
  class space    used 12875K, capacity 13978K, committed 14080K, reserved 1048576K
Heap Regions: E=young(eden), S=young(survivor), O=old, HS=humongous(starts), HC=humongous(continues), CS=collection set, F=free, A=archive, TAMS=top-at-mark-start (previous, next)
|   0|0x0000000740000000, 0x0000000740100000, 0x0000000740100000|100%|HS|  |TAMS 0x0000000740000000, 0x0000000740000000| Untracked 
|   1|0x0000000740100000, 0x0000000740200000, 0x0000000740200000|100%|HC|  |TAMS 0x0000000740100000, 0x0000000740100000| Untracked 
|   2|0x0000000740200000, 0x0000000740300000, 0x0000000740300000|100%|HS|  |TAMS 0x0000000740200000, 0x0000000740200000| Untracked 
|   3|0x0000000740300000, 0x0000000740400000, 0x0000000740400000|100%| O|  |TAMS 0x0000000740300000, 0x0000000740300000| Untracked 
|   4|0x0000000740400000, 0x00000007404ffff0, 0x0000000740500000| 99%| O|  |TAMS 0x0000000740400000, 0x0000000740400000| Untracked 
|   5|0x0000000740500000, 0x00000007405ffff0, 0x0000000740600000| 99%| O|  |TAMS 0x0000000740500000, 0x0000000740500000| Untracked 
|   6|0x0000000740600000, 0x0000000740700000, 0x0000000740700000|100%| O|  |TAMS 0x0000000740600000, 0x0000000740600000| Untracked 
|   7|0x0000000740700000, 0x00000007407ffff8, 0x0000000740800000| 99%| O|  |TAMS 0x0000000740700000, 0x0000000740700000| Untracked 
|   8|0x0000000740800000, 0x00000007408ffff8, 0x0000000740900000| 99%| O|  |TAMS 0x0000000740800000, 0x0000000740800000| Untracked 
|   9|0x0000000740900000, 0x0000000740a00000, 0x0000000740a00000|100%| O|  |TAMS 0x0000000740900000, 0x0000000740900000| Untracked 
|  10|0x0000000740a00000, 0x0000000740affff8, 0x0000000740b00000| 99%| O|  |TAMS 0x0000000740a00000, 0x0000000740a00000| Untracked 
|  11|0x0000000740b00000, 0x0000000740bffff8, 0x0000000740c00000| 99%| O|  |TAMS 0x0000000740b00000, 0x0000000740b00000| Untracked 
|  12|0x0000000740c00000, 0x0000000740cffff8, 0x0000000740d00000| 99%| O|  |TAMS 0x0000000740c00000, 0x0000000740c00000| Untracked 
|  13|0x0000000740d00000, 0x0000000740dffff0, 0x0000000740e00000| 99%| O|  |TAMS 0x0000000740d00000, 0x0000000740d00000| Untracked 
|  14|0x0000000740e00000, 0x0000000740efff28, 0x0000000740f00000| 99%| O|  |TAMS 0x0000000740e00000, 0x0000000740e00000| Untracked 
|  15|0x0000000740f00000, 0x0000000740ffb848, 0x0000000741000000| 98%| O|  |TAMS 0x0000000740f00000, 0x0000000740f00000| Untracked 
|  16|0x0000000741000000, 0x0000000741100000, 0x0000000741100000|100%| O|  |TAMS 0x0000000741000000, 0x0000000741000000| Untracked 
|  17|0x0000000741100000, 0x0000000741200000, 0x0000000741200000|100%| O|  |TAMS 0x0000000741100000, 0x0000000741100000| Untracked 
|  18|0x0000000741200000, 0x00000007412ffff0, 0x0000000741300000| 99%| O|  |TAMS 0x0000000741200000, 0x0000000741200000| Untracked 
|  19|0x0000000741300000, 0x00000007413ffff0, 0x0000000741400000| 99%| O|  |TAMS 0x0000000741300000, 0x0000000741300000| Untracked 
|  20|0x0000000741400000, 0x00000007414ffff8, 0x0000000741500000| 99%| O|  |TAMS 0x0000000741400000, 0x0000000741400000| Untracked 
|  21|0x0000000741500000, 0x00000007415ffff8, 0x0000000741600000| 99%| O|  |TAMS 0x0000000741500000, 0x0000000741500000| Untracked 
|  22|0x0000000741600000, 0x0000000741700000, 0x0000000741700000|100%| O|  |TAMS 0x0000000741600000, 0x0000000741600000| Untracked 
|  23|0x0000000741700000, 0x00000007417ffff8, 0x0000000741800000| 99%| O|  |TAMS 0x0000000741700000, 0x0000000741700000| Untracked 
|  24|0x0000000741800000, 0x00000007418ffff8, 0x0000000741900000| 99%| O|  |TAMS 0x0000000741800000, 0x0000000741800000| Untracked 
|  25|0x0000000741900000, 0x00000007419ffff0, 0x0000000741a00000| 99%| O|  |TAMS 0x0000000741900000, 0x0000000741900000| Untracked 
|  26|0x0000000741a00000, 0x0000000741affff8, 0x0000000741b00000| 99%| O|  |TAMS 0x0000000741a00000, 0x0000000741a00000| Untracked 
|  27|0x0000000741b00000, 0x0000000741c00000, 0x0000000741c00000|100%| O|  |TAMS 0x0000000741b00000, 0x0000000741b00000| Untracked 
|  28|0x0000000741c00000, 0x0000000741cffff0, 0x0000000741d00000| 99%| O|  |TAMS 0x0000000741c00000, 0x0000000741c00000| Untracked 
|  29|0x0000000741d00000, 0x0000000741dfffe8, 0x0000000741e00000| 99%| O|  |TAMS 0x0000000741d00000, 0x0000000741d00000| Untracked 
|  30|0x0000000741e00000, 0x0000000741efffe0, 0x0000000741f00000| 99%| O|  |TAMS 0x0000000741e00000, 0x0000000741e00000| Untracked 
|  31|0x0000000741f00000, 0x0000000742000000, 0x0000000742000000|100%| O|  |TAMS 0x0000000741f00000, 0x0000000741f00000| Untracked 
|  32|0x0000000742000000, 0x00000007420ffff8, 0x0000000742100000| 99%| O|  |TAMS 0x0000000742000000, 0x0000000742000000| Untracked 
|  33|0x0000000742100000, 0x00000007421ffff8, 0x0000000742200000| 99%| O|  |TAMS 0x0000000742100000, 0x0000000742100000| Untracked 
|  34|0x0000000742200000, 0x00000007422ffff8, 0x0000000742300000| 99%| O|  |TAMS 0x0000000742200000, 0x0000000742200000| Untracked 
|  35|0x0000000742300000, 0x0000000742400000, 0x0000000742400000|100%| O|  |TAMS 0x0000000742300000, 0x0000000742300000| Untracked 
|  36|0x0000000742400000, 0x0000000742500000, 0x0000000742500000|100%| O|  |TAMS 0x0000000742400000, 0x0000000742400000| Untracked 
|  37|0x0000000742500000, 0x00000007425ffff0, 0x0000000742600000| 99%| O|  |TAMS 0x0000000742500000, 0x0000000742500000| Untracked 
|  38|0x0000000742600000, 0x00000007426ffff8, 0x0000000742700000| 99%| O|  |TAMS 0x0000000742600000, 0x0000000742600000| Untracked 
|  39|0x0000000742700000, 0x0000000742800000, 0x0000000742800000|100%| O|  |TAMS 0x0000000742700000, 0x0000000742700000| Untracked 
|  40|0x0000000742800000, 0x0000000742900000, 0x0000000742900000|100%| O|  |TAMS 0x0000000742800000, 0x0000000742800000| Untracked 
|  41|0x0000000742900000, 0x00000007429ffff0, 0x0000000742a00000| 99%| O|  |TAMS 0x0000000742900000, 0x0000000742900000| Untracked 
|  42|0x0000000742a00000, 0x0000000742b00000, 0x0000000742b00000|100%|HS|  |TAMS 0x0000000742a00000, 0x0000000742a00000| Untracked 
|  43|0x0000000742b00000, 0x0000000742c00000, 0x0000000742c00000|100%|HC|  |TAMS 0x0000000742b00000, 0x0000000742b00000| Untracked 
|  44|0x0000000742c00000, 0x0000000742d00000, 0x0000000742d00000|100%|HC|  |TAMS 0x0000000742c00000, 0x0000000742c00000| Untracked 
|  45|0x0000000742d00000, 0x0000000742e00000, 0x0000000742e00000|100%|HC|  |TAMS 0x0000000742d00000, 0x0000000742d00000| Untracked 
|  46|0x0000000742e00000, 0x0000000742f00000, 0x0000000742f00000|100%|HC|  |TAMS 0x0000000742e00000, 0x0000000742e00000| Untracked 
|  47|0x0000000742f00000, 0x0000000743000000, 0x0000000743000000|100%|HC|  |TAMS 0x0000000742f00000, 0x0000000742f00000| Untracked 
|  48|0x0000000743000000, 0x0000000743100000, 0x0000000743100000|100%|HC|  |TAMS 0x0000000743000000, 0x0000000743000000| Untracked 
|  49|0x0000000743100000, 0x0000000743200000, 0x0000000743200000|100%|HC|  |TAMS 0x0000000743100000, 0x0000000743100000| Untracked 
|  50|0x0000000743200000, 0x0000000743300000, 0x0000000743300000|100%|HC|  |TAMS 0x0000000743200000, 0x0000000743200000| Untracked 
|  51|0x0000000743300000, 0x0000000743400000, 0x0000000743400000|100%|HC|  |TAMS 0x0000000743300000, 0x0000000743300000| Untracked 
|  52|0x0000000743400000, 0x0000000743500000, 0x0000000743500000|100%|HC|  |TAMS 0x0000000743400000, 0x0000000743400000| Untracked 
|  53|0x0000000743500000, 0x0000000743600000, 0x0000000743600000|100%|HC|  |TAMS 0x0000000743500000, 0x0000000743500000| Untracked 
|  54|0x0000000743600000, 0x0000000743700000, 0x0000000743700000|100%|HC|  |TAMS 0x0000000743600000, 0x0000000743600000| Untracked 
|  55|0x0000000743700000, 0x0000000743800000, 0x0000000743800000|100%|HC|  |TAMS 0x0000000743700000, 0x0000000743700000| Untracked 
|  56|0x0000000743800000, 0x00000007438ffff8, 0x0000000743900000| 99%| O|  |TAMS 0x0000000743800000, 0x0000000743800000| Untracked 
|  57|0x0000000743900000, 0x00000007439fffe8, 0x0000000743a00000| 99%| O|  |TAMS 0x0000000743900000, 0x0000000743900000| Untracked 
|  58|0x0000000743a00000, 0x0000000743b00000, 0x0000000743b00000|100%| O|  |TAMS 0x0000000743a00000, 0x0000000743a00000| Untracked 
|  59|0x0000000743b00000, 0x0000000743c00000, 0x0000000743c00000|100%| O|  |TAMS 0x0000000743b00000, 0x0000000743b00000| Untracked 
|  60|0x0000000743c00000, 0x0000000743d00000, 0x0000000743d00000|100%| O|  |TAMS 0x0000000743c00000, 0x0000000743c00000| Untracked 
|  61|0x0000000743d00000, 0x0000000743dffff8, 0x0000000743e00000| 99%| O|  |TAMS 0x0000000743d00000, 0x0000000743d00000| Untracked 
|  62|0x0000000743e00000, 0x0000000743f00000, 0x0000000743f00000|100%| O|  |TAMS 0x0000000743e00000, 0x0000000743e00000| Untracked 
|  63|0x0000000743f00000, 0x0000000743fffff8, 0x0000000744000000| 99%| O|  |TAMS 0x0000000743f00000, 0x0000000743f00000| Untracked 
|  64|0x0000000744000000, 0x00000007440fffe8, 0x0000000744100000| 99%| O|  |TAMS 0x0000000744000000, 0x0000000744000000| Untracked 
|  65|0x0000000744100000, 0x00000007441ffff8, 0x0000000744200000| 99%| O|  |TAMS 0x0000000744100000, 0x0000000744100000| Untracked 
|  66|0x0000000744200000, 0x00000007442ffff8, 0x0000000744300000| 99%| O|  |TAMS 0x0000000744200000, 0x0000000744200000| Untracked 
|  67|0x0000000744300000, 0x00000007443ffff0, 0x0000000744400000| 99%| O|  |TAMS 0x0000000744300000, 0x0000000744300000| Untracked 
|  68|0x0000000744400000, 0x0000000744500000, 0x0000000744500000|100%| O|  |TAMS 0x0000000744400000, 0x0000000744400000| Untracked 
|  69|0x0000000744500000, 0x0000000744600000, 0x0000000744600000|100%| O|  |TAMS 0x0000000744500000, 0x0000000744500000| Untracked 
|  70|0x0000000744600000, 0x00000007446ffff8, 0x0000000744700000| 99%| O|  |TAMS 0x0000000744600000, 0x0000000744600000| Untracked 
|  71|0x0000000744700000, 0x0000000744800000, 0x0000000744800000|100%| O|  |TAMS 0x0000000744700000, 0x0000000744700000| Untracked 
|  72|0x0000000744800000, 0x0000000744900000, 0x0000000744900000|100%| O|  |TAMS 0x0000000744800000, 0x0000000744800000| Untracked 
|  73|0x0000000744900000, 0x0000000744a00000, 0x0000000744a00000|100%| O|  |TAMS 0x0000000744900000, 0x0000000744900000| Untracked 
|  74|0x0000000744a00000, 0x0000000744affff0, 0x0000000744b00000| 99%| O|  |TAMS 0x0000000744a00000, 0x0000000744a00000| Untracked 
|  75|0x0000000744b00000, 0x0000000744bffff0, 0x0000000744c00000| 99%| O|  |TAMS 0x0000000744b00000, 0x0000000744b00000| Untracked 
|  76|0x0000000744c00000, 0x0000000744cffff8, 0x0000000744d00000| 99%| O|  |TAMS 0x0000000744c00000, 0x0000000744c00000| Untracked 
|  77|0x0000000744d00000, 0x0000000744e00000, 0x0000000744e00000|100%| O|  |TAMS 0x0000000744d00000, 0x0000000744d00000| Untracked 
|  78|0x0000000744e00000, 0x0000000744effff0, 0x0000000744f00000| 99%| O|  |TAMS 0x0000000744e00000, 0x0000000744e00000| Untracked 
|  79|0x0000000744f00000, 0x0000000744fffff8, 0x0000000745000000| 99%| O|  |TAMS 0x0000000744f00000, 0x0000000744f00000| Untracked 
|  80|0x0000000745000000, 0x00000007450ffff8, 0x0000000745100000| 99%| O|  |TAMS 0x0000000745000000, 0x0000000745000000| Untracked 
|  81|0x0000000745100000, 0x0000000745200000, 0x0000000745200000|100%| O|  |TAMS 0x0000000745100000, 0x0000000745100000| Untracked 
|  82|0x0000000745200000, 0x00000007452ffff8, 0x0000000745300000| 99%| O|  |TAMS 0x0000000745200000, 0x0000000745200000| Untracked 
|  83|0x0000000745300000, 0x0000000745400000, 0x0000000745400000|100%| O|  |TAMS 0x0000000745300000, 0x0000000745300000| Untracked 
|  84|0x0000000745400000, 0x0000000745500000, 0x0000000745500000|100%| O|  |TAMS 0x0000000745400000, 0x0000000745400000| Untracked 
|  85|0x0000000745500000, 0x00000007455ffff0, 0x0000000745600000| 99%| O|  |TAMS 0x0000000745500000, 0x0000000745500000| Untracked 
|  86|0x0000000745600000, 0x00000007456ffff0, 0x0000000745700000| 99%| O|  |TAMS 0x0000000745600000, 0x0000000745600000| Untracked 
|  87|0x0000000745700000, 0x00000007457f7b78, 0x0000000745800000| 96%| O|  |TAMS 0x0000000745700000, 0x0000000745700000| Untracked 
|  88|0x0000000745800000, 0x0000000745900000, 0x0000000745900000|100%|HS|  |TAMS 0x0000000745800000, 0x0000000745800000| Untracked 
|  89|0x0000000745900000, 0x00000007459efa50, 0x0000000745a00000| 93%| O|  |TAMS 0x0000000745900000, 0x0000000745900000| Untracked 
|  90|0x0000000745a00000, 0x0000000745aaec10, 0x0000000745b00000| 68%| O|  |TAMS 0x0000000745a00000, 0x0000000745a00000| Untracked 
|  91|0x0000000745b00000, 0x0000000745b1c1a8, 0x0000000745c00000| 10%| O|  |TAMS 0x0000000745b00000, 0x0000000745b00000| Untracked 
|  92|0x0000000745c00000, 0x0000000745c00000, 0x0000000745d00000|  0%| F|  |TAMS 0x0000000745c00000, 0x0000000745c00000| Untracked 
|  93|0x0000000745d00000, 0x0000000745d00000, 0x0000000745e00000|  0%| F|  |TAMS 0x0000000745d00000, 0x0000000745d00000| Untracked 
|  94|0x0000000745e00000, 0x0000000745e00000, 0x0000000745f00000|  0%| F|  |TAMS 0x0000000745e00000, 0x0000000745e00000| Untracked 
|  95|0x0000000745f00000, 0x0000000745f00000, 0x0000000746000000|  0%| F|  |TAMS 0x0000000745f00000, 0x0000000745f00000| Untracked 
|  96|0x0000000746000000, 0x0000000746000000, 0x0000000746100000|  0%| F|  |TAMS 0x0000000746000000, 0x0000000746000000| Untracked 
|  97|0x0000000746100000, 0x0000000746200000, 0x0000000746200000|100%|HS|  |TAMS 0x0000000746100000, 0x0000000746100000| Untracked 
|  98|0x0000000746200000, 0x0000000746300000, 0x0000000746300000|100%|HC|  |TAMS 0x0000000746200000, 0x0000000746200000| Untracked 
|  99|0x0000000746300000, 0x0000000746400000, 0x0000000746400000|100%|HC|  |TAMS 0x0000000746300000, 0x0000000746300000| Untracked 
| 100|0x0000000746400000, 0x0000000746500000, 0x0000000746500000|100%|HC|  |TAMS 0x0000000746400000, 0x0000000746400000| Untracked 
| 101|0x0000000746500000, 0x0000000746600000, 0x0000000746600000|100%|HC|  |TAMS 0x0000000746500000, 0x0000000746500000| Untracked 
| 102|0x0000000746600000, 0x0000000746600000, 0x0000000746700000|  0%| F|  |TAMS 0x0000000746600000, 0x0000000746600000| Untracked 
| 103|0x0000000746700000, 0x0000000746700000, 0x0000000746800000|  0%| F|  |TAMS 0x0000000746700000, 0x0000000746700000| Untracked 
| 104|0x0000000746800000, 0x0000000746800000, 0x0000000746900000|  0%| F|  |TAMS 0x0000000746800000, 0x0000000746800000| Untracked 
| 105|0x0000000746900000, 0x0000000746900000, 0x0000000746a00000|  0%| F|  |TAMS 0x0000000746900000, 0x0000000746900000| Untracked 
| 106|0x0000000746a00000, 0x0000000746a00000, 0x0000000746b00000|  0%| F|  |TAMS 0x0000000746a00000, 0x0000000746a00000| Untracked 
| 107|0x0000000746b00000, 0x0000000746b00000, 0x0000000746c00000|  0%| F|  |TAMS 0x0000000746b00000, 0x0000000746b00000| Untracked 
| 108|0x0000000746c00000, 0x0000000746c00000, 0x0000000746d00000|  0%| F|  |TAMS 0x0000000746c00000, 0x0000000746c00000| Untracked 
| 109|0x0000000746d00000, 0x0000000746d00000, 0x0000000746e00000|  0%| F|  |TAMS 0x0000000746d00000, 0x0000000746d00000| Untracked 
| 110|0x0000000746e00000, 0x0000000746e00000, 0x0000000746f00000|  0%| F|  |TAMS 0x0000000746e00000, 0x0000000746e00000| Untracked 
| 111|0x0000000746f00000, 0x0000000746f00000, 0x0000000747000000|  0%| F|  |TAMS 0x0000000746f00000, 0x0000000746f00000| Untracked 
| 112|0x0000000747000000, 0x0000000747000000, 0x0000000747100000|  0%| F|  |TAMS 0x0000000747000000, 0x0000000747000000| Untracked 
| 113|0x0000000747100000, 0x0000000747100000, 0x0000000747200000|  0%| F|  |TAMS 0x0000000747100000, 0x0000000747100000| Untracked 
| 114|0x0000000747200000, 0x0000000747200000, 0x0000000747300000|  0%| F|  |TAMS 0x0000000747200000, 0x0000000747200000| Untracked 
| 115|0x0000000747300000, 0x0000000747300000, 0x0000000747400000|  0%| F|  |TAMS 0x0000000747300000, 0x0000000747300000| Untracked 
| 116|0x0000000747400000, 0x0000000747400000, 0x0000000747500000|  0%| F|  |TAMS 0x0000000747400000, 0x0000000747400000| Untracked 
| 117|0x0000000747500000, 0x0000000747500000, 0x0000000747600000|  0%| F|  |TAMS 0x0000000747500000, 0x0000000747500000| Untracked 
| 118|0x0000000747600000, 0x0000000747600000, 0x0000000747700000|  0%| F|  |TAMS 0x0000000747600000, 0x0000000747600000| Untracked 
| 119|0x0000000747700000, 0x0000000747700000, 0x0000000747800000|  0%| F|  |TAMS 0x0000000747700000, 0x0000000747700000| Untracked 
| 120|0x0000000747800000, 0x0000000747800000, 0x0000000747900000|  0%| F|  |TAMS 0x0000000747800000, 0x0000000747800000| Untracked 
| 121|0x0000000747900000, 0x0000000747900000, 0x0000000747a00000|  0%| F|  |TAMS 0x0000000747900000, 0x0000000747900000| Untracked 
| 122|0x0000000747a00000, 0x0000000747a00000, 0x0000000747b00000|  0%| F|  |TAMS 0x0000000747a00000, 0x0000000747a00000| Untracked 
| 123|0x0000000747b00000, 0x0000000747b00000, 0x0000000747c00000|  0%| F|  |TAMS 0x0000000747b00000, 0x0000000747b00000| Untracked 
| 124|0x0000000747c00000, 0x0000000747c00000, 0x0000000747d00000|  0%| F|  |TAMS 0x0000000747c00000, 0x0000000747c00000| Untracked 
| 125|0x0000000747d00000, 0x0000000747d00000, 0x0000000747e00000|  0%| F|  |TAMS 0x0000000747d00000, 0x0000000747d00000| Untracked 
| 126|0x0000000747e00000, 0x0000000747e00000, 0x0000000747f00000|  0%| F|  |TAMS 0x0000000747e00000, 0x0000000747e00000| Untracked 
| 127|0x0000000747f00000, 0x0000000747f00000, 0x0000000748000000|  0%| F|  |TAMS 0x0000000747f00000, 0x0000000747f00000| Untracked 
| 128|0x0000000748000000, 0x0000000748000000, 0x0000000748100000|  0%| F|  |TAMS 0x0000000748000000, 0x0000000748000000| Untracked 
| 129|0x0000000748100000, 0x0000000748100000, 0x0000000748200000|  0%| F|  |TAMS 0x0000000748100000, 0x0000000748100000| Untracked 
| 130|0x0000000748200000, 0x0000000748200000, 0x0000000748300000|  0%| F|  |TAMS 0x0000000748200000, 0x0000000748200000| Untracked 
| 131|0x0000000748300000, 0x0000000748300000, 0x0000000748400000|  0%| F|  |TAMS 0x0000000748300000, 0x0000000748300000| Untracked 
| 132|0x0000000748400000, 0x0000000748400000, 0x0000000748500000|  0%| F|  |TAMS 0x0000000748400000, 0x0000000748400000| Untracked 
| 133|0x0000000748500000, 0x0000000748500000, 0x0000000748600000|  0%| F|  |TAMS 0x0000000748500000, 0x0000000748500000| Untracked 
| 134|0x0000000748600000, 0x0000000748600000, 0x0000000748700000|  0%| F|  |TAMS 0x0000000748600000, 0x0000000748600000| Untracked 
| 135|0x0000000748700000, 0x0000000748700000, 0x0000000748800000|  0%| F|  |TAMS 0x0000000748700000, 0x0000000748700000| Untracked 
| 136|0x0000000748800000, 0x0000000748800000, 0x0000000748900000|  0%| F|  |TAMS 0x0000000748800000, 0x0000000748800000| Untracked 
| 137|0x0000000748900000, 0x0000000748900000, 0x0000000748a00000|  0%| F|  |TAMS 0x0000000748900000, 0x0000000748900000| Untracked 
| 138|0x0000000748a00000, 0x0000000748a00000, 0x0000000748b00000|  0%| F|  |TAMS 0x0000000748a00000, 0x0000000748a00000| Untracked 
| 139|0x0000000748b00000, 0x0000000748b00000, 0x0000000748c00000|  0%| F|  |TAMS 0x0000000748b00000, 0x0000000748b00000| Untracked 
| 140|0x0000000748c00000, 0x0000000748c00000, 0x0000000748d00000|  0%| F|  |TAMS 0x0000000748c00000, 0x0000000748c00000| Untracked 
| 141|0x0000000748d00000, 0x0000000748d00000, 0x0000000748e00000|  0%| F|  |TAMS 0x0000000748d00000, 0x0000000748d00000| Untracked 
| 142|0x0000000748e00000, 0x0000000748e00000, 0x0000000748f00000|  0%| F|  |TAMS 0x0000000748e00000, 0x0000000748e00000| Untracked 
| 143|0x0000000748f00000, 0x0000000748f00000, 0x0000000749000000|  0%| F|  |TAMS 0x0000000748f00000, 0x0000000748f00000| Untracked 
| 144|0x0000000749000000, 0x0000000749000000, 0x0000000749100000|  0%| F|  |TAMS 0x0000000749000000, 0x0000000749000000| Untracked 
| 145|0x0000000749100000, 0x0000000749100000, 0x0000000749200000|  0%| F|  |TAMS 0x0000000749100000, 0x0000000749100000| Untracked 
| 146|0x0000000749200000, 0x0000000749200000, 0x0000000749300000|  0%| F|  |TAMS 0x0000000749200000, 0x0000000749200000| Untracked 
| 147|0x0000000749300000, 0x0000000749300000, 0x0000000749400000|  0%| F|  |TAMS 0x0000000749300000, 0x0000000749300000| Untracked 
| 148|0x0000000749400000, 0x0000000749400000, 0x0000000749500000|  0%| F|  |TAMS 0x0000000749400000, 0x0000000749400000| Untracked 
| 149|0x0000000749500000, 0x0000000749500000, 0x0000000749600000|  0%| F|  |TAMS 0x0000000749500000, 0x0000000749500000| Untracked 
| 150|0x0000000749600000, 0x0000000749600000, 0x0000000749700000|  0%| F|  |TAMS 0x0000000749600000, 0x0000000749600000| Untracked 
| 151|0x0000000749700000, 0x0000000749700000, 0x0000000749800000|  0%| F|  |TAMS 0x0000000749700000, 0x0000000749700000| Untracked 
| 152|0x0000000749800000, 0x0000000749800000, 0x0000000749900000|  0%| F|  |TAMS 0x0000000749800000, 0x0000000749800000| Untracked 
| 153|0x0000000749900000, 0x0000000749900000, 0x0000000749a00000|  0%| F|  |TAMS 0x0000000749900000, 0x0000000749900000| Untracked 
| 154|0x0000000749a00000, 0x0000000749a00000, 0x0000000749b00000|  0%| F|  |TAMS 0x0000000749a00000, 0x0000000749a00000| Untracked 
| 155|0x0000000749b00000, 0x0000000749b00000, 0x0000000749c00000|  0%| F|  |TAMS 0x0000000749b00000, 0x0000000749b00000| Untracked 
| 156|0x0000000749c00000, 0x0000000749c00000, 0x0000000749d00000|  0%| F|  |TAMS 0x0000000749c00000, 0x0000000749c00000| Untracked 
| 157|0x0000000749d00000, 0x0000000749d00000, 0x0000000749e00000|  0%| F|  |TAMS 0x0000000749d00000, 0x0000000749d00000| Untracked 
| 158|0x0000000749e00000, 0x0000000749e00000, 0x0000000749f00000|  0%| F|  |TAMS 0x0000000749e00000, 0x0000000749e00000| Untracked 
| 159|0x0000000749f00000, 0x0000000749f00000, 0x000000074a000000|  0%| F|  |TAMS 0x0000000749f00000, 0x0000000749f00000| Untracked 
| 160|0x000000074a000000, 0x000000074a000000, 0x000000074a100000|  0%| F|  |TAMS 0x000000074a000000, 0x000000074a000000| Untracked 
| 161|0x000000074a100000, 0x000000074a100000, 0x000000074a200000|  0%| F|  |TAMS 0x000000074a100000, 0x000000074a100000| Untracked 
| 162|0x000000074a200000, 0x000000074a200000, 0x000000074a300000|  0%| F|  |TAMS 0x000000074a200000, 0x000000074a200000| Untracked 
| 163|0x000000074a300000, 0x000000074a300000, 0x000000074a400000|  0%| F|  |TAMS 0x000000074a300000, 0x000000074a300000| Untracked 
| 164|0x000000074a400000, 0x000000074a400000, 0x000000074a500000|  0%| F|  |TAMS 0x000000074a400000, 0x000000074a400000| Untracked 
| 165|0x000000074a500000, 0x000000074a500000, 0x000000074a600000|  0%| F|  |TAMS 0x000000074a500000, 0x000000074a500000| Untracked 
| 166|0x000000074a600000, 0x000000074a600000, 0x000000074a700000|  0%| F|  |TAMS 0x000000074a600000, 0x000000074a600000| Untracked 
| 167|0x000000074a700000, 0x000000074a700000, 0x000000074a800000|  0%| F|  |TAMS 0x000000074a700000, 0x000000074a700000| Untracked 
| 168|0x000000074a800000, 0x000000074a800000, 0x000000074a900000|  0%| F|  |TAMS 0x000000074a800000, 0x000000074a800000| Untracked 
| 169|0x000000074a900000, 0x000000074a900000, 0x000000074aa00000|  0%| F|  |TAMS 0x000000074a900000, 0x000000074a900000| Untracked 
| 170|0x000000074aa00000, 0x000000074aa00000, 0x000000074ab00000|  0%| F|  |TAMS 0x000000074aa00000, 0x000000074aa00000| Untracked 
| 171|0x000000074ab00000, 0x000000074ab00000, 0x000000074ac00000|  0%| F|  |TAMS 0x000000074ab00000, 0x000000074ab00000| Untracked 
| 172|0x000000074ac00000, 0x000000074ac00000, 0x000000074ad00000|  0%| F|  |TAMS 0x000000074ac00000, 0x000000074ac00000| Untracked 
| 173|0x000000074ad00000, 0x000000074ad00000, 0x000000074ae00000|  0%| F|  |TAMS 0x000000074ad00000, 0x000000074ad00000| Untracked 
| 174|0x000000074ae00000, 0x000000074ae00000, 0x000000074af00000|  0%| F|  |TAMS 0x000000074ae00000, 0x000000074ae00000| Untracked 
| 175|0x000000074af00000, 0x000000074af00000, 0x000000074b000000|  0%| F|  |TAMS 0x000000074af00000, 0x000000074af00000| Untracked 
| 176|0x000000074b000000, 0x000000074b000000, 0x000000074b100000|  0%| F|  |TAMS 0x000000074b000000, 0x000000074b000000| Untracked 
| 177|0x000000074b100000, 0x000000074b100000, 0x000000074b200000|  0%| F|  |TAMS 0x000000074b100000, 0x000000074b100000| Untracked 
| 178|0x000000074b200000, 0x000000074b200000, 0x000000074b300000|  0%| F|  |TAMS 0x000000074b200000, 0x000000074b200000| Untracked 
| 179|0x000000074b300000, 0x000000074b300000, 0x000000074b400000|  0%| F|  |TAMS 0x000000074b300000, 0x000000074b300000| Untracked 
| 180|0x000000074b400000, 0x000000074b400000, 0x000000074b500000|  0%| F|  |TAMS 0x000000074b400000, 0x000000074b400000| Untracked 
| 181|0x000000074b500000, 0x000000074b500000, 0x000000074b600000|  0%| F|  |TAMS 0x000000074b500000, 0x000000074b500000| Untracked 
| 182|0x000000074b600000, 0x000000074b600000, 0x000000074b700000|  0%| F|  |TAMS 0x000000074b600000, 0x000000074b600000| Untracked 
| 183|0x000000074b700000, 0x000000074b700000, 0x000000074b800000|  0%| F|  |TAMS 0x000000074b700000, 0x000000074b700000| Untracked 
| 184|0x000000074b800000, 0x000000074b800000, 0x000000074b900000|  0%| F|  |TAMS 0x000000074b800000, 0x000000074b800000| Untracked 
| 185|0x000000074b900000, 0x000000074b900000, 0x000000074ba00000|  0%| F|  |TAMS 0x000000074b900000, 0x000000074b900000| Untracked 
| 186|0x000000074ba00000, 0x000000074ba00000, 0x000000074bb00000|  0%| F|  |TAMS 0x000000074ba00000, 0x000000074ba00000| Untracked 
| 187|0x000000074bb00000, 0x000000074bb00000, 0x000000074bc00000|  0%| F|  |TAMS 0x000000074bb00000, 0x000000074bb00000| Untracked 
| 188|0x000000074bc00000, 0x000000074bc00000, 0x000000074bd00000|  0%| F|  |TAMS 0x000000074bc00000, 0x000000074bc00000| Untracked 
| 189|0x000000074bd00000, 0x000000074bd00000, 0x000000074be00000|  0%| F|  |TAMS 0x000000074bd00000, 0x000000074bd00000| Untracked 
| 190|0x000000074be00000, 0x000000074be00000, 0x000000074bf00000|  0%| F|  |TAMS 0x000000074be00000, 0x000000074be00000| Untracked 
| 191|0x000000074bf00000, 0x000000074bf00000, 0x000000074c000000|  0%| F|  |TAMS 0x000000074bf00000, 0x000000074bf00000| Untracked 
| 192|0x000000074c000000, 0x000000074c000000, 0x000000074c100000|  0%| F|  |TAMS 0x000000074c000000, 0x000000074c000000| Untracked 
| 193|0x000000074c100000, 0x000000074c100000, 0x000000074c200000|  0%| F|  |TAMS 0x000000074c100000, 0x000000074c100000| Untracked 
| 194|0x000000074c200000, 0x000000074c200000, 0x000000074c300000|  0%| F|  |TAMS 0x000000074c200000, 0x000000074c200000| Untracked 
| 195|0x000000074c300000, 0x000000074c300000, 0x000000074c400000|  0%| F|  |TAMS 0x000000074c300000, 0x000000074c300000| Untracked 
| 196|0x000000074c400000, 0x000000074c400000, 0x000000074c500000|  0%| F|  |TAMS 0x000000074c400000, 0x000000074c400000| Untracked 
| 197|0x000000074c500000, 0x000000074c500000, 0x000000074c600000|  0%| F|  |TAMS 0x000000074c500000, 0x000000074c500000| Untracked 
| 198|0x000000074c600000, 0x000000074c600000, 0x000000074c700000|  0%| F|  |TAMS 0x000000074c600000, 0x000000074c600000| Untracked 
| 199|0x000000074c700000, 0x000000074c700000, 0x000000074c800000|  0%| F|  |TAMS 0x000000074c700000, 0x000000074c700000| Untracked 
| 200|0x000000074c800000, 0x000000074c800000, 0x000000074c900000|  0%| F|  |TAMS 0x000000074c800000, 0x000000074c800000| Untracked 
| 201|0x000000074c900000, 0x000000074c900000, 0x000000074ca00000|  0%| F|  |TAMS 0x000000074c900000, 0x000000074c900000| Untracked 
| 202|0x000000074ca00000, 0x000000074ca00000, 0x000000074cb00000|  0%| F|  |TAMS 0x000000074ca00000, 0x000000074ca00000| Untracked 
| 203|0x000000074cb00000, 0x000000074cb00000, 0x000000074cc00000|  0%| F|  |TAMS 0x000000074cb00000, 0x000000074cb00000| Untracked 
| 204|0x000000074cc00000, 0x000000074cc00000, 0x000000074cd00000|  0%| F|  |TAMS 0x000000074cc00000, 0x000000074cc00000| Untracked 
| 205|0x000000074cd00000, 0x000000074cd00000, 0x000000074ce00000|  0%| F|  |TAMS 0x000000074cd00000, 0x000000074cd00000| Untracked 
| 206|0x000000074ce00000, 0x000000074ce00000, 0x000000074cf00000|  0%| F|  |TAMS 0x000000074ce00000, 0x000000074ce00000| Untracked 
| 207|0x000000074cf00000, 0x000000074cf00000, 0x000000074d000000|  0%| F|  |TAMS 0x000000074cf00000, 0x000000074cf00000| Untracked 
| 208|0x000000074d000000, 0x000000074d000000, 0x000000074d100000|  0%| F|  |TAMS 0x000000074d000000, 0x000000074d000000| Untracked 
| 209|0x000000074d100000, 0x000000074d100000, 0x000000074d200000|  0%| F|  |TAMS 0x000000074d100000, 0x000000074d100000| Untracked 
| 210|0x000000074d200000, 0x000000074d200000, 0x000000074d300000|  0%| F|  |TAMS 0x000000074d200000, 0x000000074d200000| Untracked 
| 211|0x000000074d300000, 0x000000074d300000, 0x000000074d400000|  0%| F|  |TAMS 0x000000074d300000, 0x000000074d300000| Untracked 
| 212|0x000000074d400000, 0x000000074d400000, 0x000000074d500000|  0%| F|  |TAMS 0x000000074d400000, 0x000000074d400000| Untracked 
| 213|0x000000074d500000, 0x000000074d500000, 0x000000074d600000|  0%| F|  |TAMS 0x000000074d500000, 0x000000074d500000| Untracked 
| 214|0x000000074d600000, 0x000000074d600000, 0x000000074d700000|  0%| F|  |TAMS 0x000000074d600000, 0x000000074d600000| Untracked 
| 215|0x000000074d700000, 0x000000074d7b1750, 0x000000074d800000| 69%| S|CS|TAMS 0x000000074d700000, 0x000000074d700000| Complete 
| 216|0x000000074d800000, 0x000000074d800000, 0x000000074d900000|  0%| F|  |TAMS 0x000000074d800000, 0x000000074d800000| Untracked 
| 217|0x000000074d900000, 0x000000074d900000, 0x000000074da00000|  0%| F|  |TAMS 0x000000074d900000, 0x000000074d900000| Untracked 
| 218|0x000000074da00000, 0x000000074da00000, 0x000000074db00000|  0%| F|  |TAMS 0x000000074da00000, 0x000000074da00000| Untracked 
| 219|0x000000074db00000, 0x000000074db00000, 0x000000074dc00000|  0%| F|  |TAMS 0x000000074db00000, 0x000000074db00000| Untracked 
| 220|0x000000074dc00000, 0x000000074dc00000, 0x000000074dd00000|  0%| F|  |TAMS 0x000000074dc00000, 0x000000074dc00000| Untracked 
| 221|0x000000074dd00000, 0x000000074dd00000, 0x000000074de00000|  0%| F|  |TAMS 0x000000074dd00000, 0x000000074dd00000| Untracked 
| 222|0x000000074de00000, 0x000000074de00000, 0x000000074df00000|  0%| F|  |TAMS 0x000000074de00000, 0x000000074de00000| Untracked 
| 223|0x000000074df00000, 0x000000074df00000, 0x000000074e000000|  0%| F|  |TAMS 0x000000074df00000, 0x000000074df00000| Untracked 
| 224|0x000000074e000000, 0x000000074e000000, 0x000000074e100000|  0%| F|  |TAMS 0x000000074e000000, 0x000000074e000000| Untracked 
| 225|0x000000074e100000, 0x000000074e100000, 0x000000074e200000|  0%| F|  |TAMS 0x000000074e100000, 0x000000074e100000| Untracked 
| 226|0x000000074e200000, 0x000000074e200000, 0x000000074e300000|  0%| F|  |TAMS 0x000000074e200000, 0x000000074e200000| Untracked 
| 227|0x000000074e300000, 0x000000074e300000, 0x000000074e400000|  0%| F|  |TAMS 0x000000074e300000, 0x000000074e300000| Untracked 
| 228|0x000000074e400000, 0x000000074e400000, 0x000000074e500000|  0%| F|  |TAMS 0x000000074e400000, 0x000000074e400000| Untracked 
| 229|0x000000074e500000, 0x000000074e500000, 0x000000074e600000|  0%| F|  |TAMS 0x000000074e500000, 0x000000074e500000| Untracked 
| 230|0x000000074e600000, 0x000000074e600000, 0x000000074e700000|  0%| F|  |TAMS 0x000000074e600000, 0x000000074e600000| Untracked 
| 231|0x000000074e700000, 0x000000074e700000, 0x000000074e800000|  0%| F|  |TAMS 0x000000074e700000, 0x000000074e700000| Untracked 
| 232|0x000000074e800000, 0x000000074e800000, 0x000000074e900000|  0%| F|  |TAMS 0x000000074e800000, 0x000000074e800000| Untracked 
| 233|0x000000074e900000, 0x000000074e900000, 0x000000074ea00000|  0%| F|  |TAMS 0x000000074e900000, 0x000000074e900000| Untracked 
| 234|0x000000074ea00000, 0x000000074ea00000, 0x000000074eb00000|  0%| F|  |TAMS 0x000000074ea00000, 0x000000074ea00000| Untracked 
| 235|0x000000074eb00000, 0x000000074eb00000, 0x000000074ec00000|  0%| F|  |TAMS 0x000000074eb00000, 0x000000074eb00000| Untracked 
| 236|0x000000074ec00000, 0x000000074ec00000, 0x000000074ed00000|  0%| F|  |TAMS 0x000000074ec00000, 0x000000074ec00000| Untracked 
| 237|0x000000074ed00000, 0x000000074ed00000, 0x000000074ee00000|  0%| F|  |TAMS 0x000000074ed00000, 0x000000074ed00000| Untracked 
| 238|0x000000074ee00000, 0x000000074ee00000, 0x000000074ef00000|  0%| F|  |TAMS 0x000000074ee00000, 0x000000074ee00000| Untracked 
| 239|0x000000074ef00000, 0x000000074ef00000, 0x000000074f000000|  0%| F|  |TAMS 0x000000074ef00000, 0x000000074ef00000| Untracked 
| 240|0x000000074f000000, 0x000000074f000000, 0x000000074f100000|  0%| F|  |TAMS 0x000000074f000000, 0x000000074f000000| Untracked 
| 241|0x000000074f100000, 0x000000074f100000, 0x000000074f200000|  0%| F|  |TAMS 0x000000074f100000, 0x000000074f100000| Untracked 
| 242|0x000000074f200000, 0x000000074f200000, 0x000000074f300000|  0%| F|  |TAMS 0x000000074f200000, 0x000000074f200000| Untracked 
| 243|0x000000074f300000, 0x000000074f300000, 0x000000074f400000|  0%| F|  |TAMS 0x000000074f300000, 0x000000074f300000| Untracked 
| 244|0x000000074f400000, 0x000000074f400000, 0x000000074f500000|  0%| F|  |TAMS 0x000000074f400000, 0x000000074f400000| Untracked 
| 245|0x000000074f500000, 0x000000074f500000, 0x000000074f600000|  0%| F|  |TAMS 0x000000074f500000, 0x000000074f500000| Untracked 
| 246|0x000000074f600000, 0x000000074f600000, 0x000000074f700000|  0%| F|  |TAMS 0x000000074f600000, 0x000000074f600000| Untracked 
| 247|0x000000074f700000, 0x000000074f700000, 0x000000074f800000|  0%| F|  |TAMS 0x000000074f700000, 0x000000074f700000| Untracked 
| 248|0x000000074f800000, 0x000000074f800000, 0x000000074f900000|  0%| F|  |TAMS 0x000000074f800000, 0x000000074f800000| Untracked 
| 249|0x000000074f900000, 0x000000074f900000, 0x000000074fa00000|  0%| F|  |TAMS 0x000000074f900000, 0x000000074f900000| Untracked 
| 250|0x000000074fa00000, 0x000000074fa00000, 0x000000074fb00000|  0%| F|  |TAMS 0x000000074fa00000, 0x000000074fa00000| Untracked 
| 251|0x000000074fb00000, 0x000000074fb00000, 0x000000074fc00000|  0%| F|  |TAMS 0x000000074fb00000, 0x000000074fb00000| Untracked 
| 252|0x000000074fc00000, 0x000000074fc00000, 0x000000074fd00000|  0%| F|  |TAMS 0x000000074fc00000, 0x000000074fc00000| Untracked 
| 253|0x000000074fd00000, 0x000000074fd00000, 0x000000074fe00000|  0%| F|  |TAMS 0x000000074fd00000, 0x000000074fd00000| Untracked 
| 254|0x000000074fe00000, 0x000000074fe00000, 0x000000074ff00000|  0%| F|  |TAMS 0x000000074fe00000, 0x000000074fe00000| Untracked 
| 255|0x000000074ff00000, 0x000000074ff00000, 0x0000000750000000|  0%| F|  |TAMS 0x000000074ff00000, 0x000000074ff00000| Untracked 
| 256|0x0000000750000000, 0x0000000750000000, 0x0000000750100000|  0%| F|  |TAMS 0x0000000750000000, 0x0000000750000000| Untracked 
| 257|0x0000000750100000, 0x0000000750100000, 0x0000000750200000|  0%| F|  |TAMS 0x0000000750100000, 0x0000000750100000| Untracked 
| 258|0x0000000750200000, 0x0000000750200000, 0x0000000750300000|  0%| F|  |TAMS 0x0000000750200000, 0x0000000750200000| Untracked 
| 259|0x0000000750300000, 0x0000000750300000, 0x0000000750400000|  0%| F|  |TAMS 0x0000000750300000, 0x0000000750300000| Untracked 
| 260|0x0000000750400000, 0x0000000750400000, 0x0000000750500000|  0%| F|  |TAMS 0x0000000750400000, 0x0000000750400000| Untracked 
| 261|0x0000000750500000, 0x0000000750500000, 0x0000000750600000|  0%| F|  |TAMS 0x0000000750500000, 0x0000000750500000| Untracked 
| 262|0x0000000750600000, 0x0000000750600000, 0x0000000750700000|  0%| F|  |TAMS 0x0000000750600000, 0x0000000750600000| Untracked 
| 263|0x0000000750700000, 0x0000000750700000, 0x0000000750800000|  0%| F|  |TAMS 0x0000000750700000, 0x0000000750700000| Untracked 
| 264|0x0000000750800000, 0x0000000750800000, 0x0000000750900000|  0%| F|  |TAMS 0x0000000750800000, 0x0000000750800000| Untracked 
| 265|0x0000000750900000, 0x0000000750900000, 0x0000000750a00000|  0%| F|  |TAMS 0x0000000750900000, 0x0000000750900000| Untracked 
| 266|0x0000000750a00000, 0x0000000750a00000, 0x0000000750b00000|  0%| F|  |TAMS 0x0000000750a00000, 0x0000000750a00000| Untracked 
| 267|0x0000000750b00000, 0x0000000750b00000, 0x0000000750c00000|  0%| F|  |TAMS 0x0000000750b00000, 0x0000000750b00000| Untracked 
| 268|0x0000000750c00000, 0x0000000750c00000, 0x0000000750d00000|  0%| F|  |TAMS 0x0000000750c00000, 0x0000000750c00000| Untracked 
| 269|0x0000000750d00000, 0x0000000750d00000, 0x0000000750e00000|  0%| F|  |TAMS 0x0000000750d00000, 0x0000000750d00000| Untracked 
| 270|0x0000000750e00000, 0x0000000750e00000, 0x0000000750f00000|  0%| F|  |TAMS 0x0000000750e00000, 0x0000000750e00000| Untracked 
| 271|0x0000000750f00000, 0x0000000750f00000, 0x0000000751000000|  0%| F|  |TAMS 0x0000000750f00000, 0x0000000750f00000| Untracked 
| 272|0x0000000751000000, 0x0000000751000000, 0x0000000751100000|  0%| F|  |TAMS 0x0000000751000000, 0x0000000751000000| Untracked 
| 273|0x0000000751100000, 0x0000000751116390, 0x0000000751200000|  8%| O|  |TAMS 0x0000000751100000, 0x0000000751100000| Untracked 
| 274|0x0000000751200000, 0x0000000751200000, 0x0000000751300000|  0%| F|  |TAMS 0x0000000751200000, 0x0000000751200000| Untracked 
| 275|0x0000000751300000, 0x0000000751316ae0, 0x0000000751400000|  8%| O|  |TAMS 0x0000000751300000, 0x0000000751300000| Untracked 
| 276|0x0000000751400000, 0x0000000751400000, 0x0000000751500000|  0%| F|  |TAMS 0x0000000751400000, 0x0000000751400000| Untracked 
| 277|0x0000000751500000, 0x0000000751500000, 0x0000000751600000|  0%| F|  |TAMS 0x0000000751500000, 0x0000000751500000| Untracked 
| 278|0x0000000751600000, 0x0000000751600000, 0x0000000751700000|  0%| F|  |TAMS 0x0000000751600000, 0x0000000751600000| Untracked 
| 279|0x0000000751700000, 0x0000000751700000, 0x0000000751800000|  0%| F|  |TAMS 0x0000000751700000, 0x0000000751700000| Untracked 
| 280|0x0000000751800000, 0x0000000751800000, 0x0000000751900000|  0%| F|  |TAMS 0x0000000751800000, 0x0000000751800000| Untracked 
| 281|0x0000000751900000, 0x0000000751900000, 0x0000000751a00000|  0%| F|  |TAMS 0x0000000751900000, 0x0000000751900000| Untracked 
| 282|0x0000000751a00000, 0x0000000751a00000, 0x0000000751b00000|  0%| F|  |TAMS 0x0000000751a00000, 0x0000000751a00000| Untracked 
| 283|0x0000000751b00000, 0x0000000751b00000, 0x0000000751c00000|  0%| F|  |TAMS 0x0000000751b00000, 0x0000000751b00000| Untracked 
| 284|0x0000000751c00000, 0x0000000751c00000, 0x0000000751d00000|  0%| F|  |TAMS 0x0000000751c00000, 0x0000000751c00000| Untracked 
| 285|0x0000000751d00000, 0x0000000751d00000, 0x0000000751e00000|  0%| F|  |TAMS 0x0000000751d00000, 0x0000000751d00000| Untracked 
| 286|0x0000000751e00000, 0x0000000751e00000, 0x0000000751f00000|  0%| F|  |TAMS 0x0000000751e00000, 0x0000000751e00000| Untracked 
| 287|0x0000000751f00000, 0x0000000751f00000, 0x0000000752000000|  0%| F|  |TAMS 0x0000000751f00000, 0x0000000751f00000| Untracked 
| 288|0x0000000752000000, 0x0000000752000000, 0x0000000752100000|  0%| F|  |TAMS 0x0000000752000000, 0x0000000752000000| Untracked 
| 289|0x0000000752100000, 0x0000000752100000, 0x0000000752200000|  0%| F|  |TAMS 0x0000000752100000, 0x0000000752100000| Untracked 
| 290|0x0000000752200000, 0x0000000752200000, 0x0000000752300000|  0%| F|  |TAMS 0x0000000752200000, 0x0000000752200000| Untracked 
| 291|0x0000000752300000, 0x0000000752300000, 0x0000000752400000|  0%| F|  |TAMS 0x0000000752300000, 0x0000000752300000| Untracked 
| 292|0x0000000752400000, 0x0000000752400000, 0x0000000752500000|  0%| F|  |TAMS 0x0000000752400000, 0x0000000752400000| Untracked 
| 293|0x0000000752500000, 0x0000000752500000, 0x0000000752600000|  0%| F|  |TAMS 0x0000000752500000, 0x0000000752500000| Untracked 
| 294|0x0000000752600000, 0x0000000752600000, 0x0000000752700000|  0%| F|  |TAMS 0x0000000752600000, 0x0000000752600000| Untracked 
| 295|0x0000000752700000, 0x0000000752700000, 0x0000000752800000|  0%| F|  |TAMS 0x0000000752700000, 0x0000000752700000| Untracked 
| 296|0x0000000752800000, 0x0000000752800000, 0x0000000752900000|  0%| F|  |TAMS 0x0000000752800000, 0x0000000752800000| Untracked 
| 297|0x0000000752900000, 0x0000000752900000, 0x0000000752a00000|  0%| F|  |TAMS 0x0000000752900000, 0x0000000752900000| Untracked 
| 298|0x0000000752a00000, 0x0000000752a00000, 0x0000000752b00000|  0%| F|  |TAMS 0x0000000752a00000, 0x0000000752a00000| Untracked 
| 299|0x0000000752b00000, 0x0000000752b00000, 0x0000000752c00000|  0%| F|  |TAMS 0x0000000752b00000, 0x0000000752b00000| Untracked 
| 300|0x0000000752c00000, 0x0000000752c00000, 0x0000000752d00000|  0%| F|  |TAMS 0x0000000752c00000, 0x0000000752c00000| Untracked 
| 301|0x0000000752d00000, 0x0000000752d00000, 0x0000000752e00000|  0%| F|  |TAMS 0x0000000752d00000, 0x0000000752d00000| Untracked 
| 302|0x0000000752e00000, 0x0000000752e00000, 0x0000000752f00000|  0%| F|  |TAMS 0x0000000752e00000, 0x0000000752e00000| Untracked 
| 303|0x0000000752f00000, 0x0000000752f00000, 0x0000000753000000|  0%| F|  |TAMS 0x0000000752f00000, 0x0000000752f00000| Untracked 
| 304|0x0000000753000000, 0x0000000753000000, 0x0000000753100000|  0%| F|  |TAMS 0x0000000753000000, 0x0000000753000000| Untracked 
| 305|0x0000000753100000, 0x0000000753100000, 0x0000000753200000|  0%| F|  |TAMS 0x0000000753100000, 0x0000000753100000| Untracked 
| 306|0x0000000753200000, 0x0000000753200000, 0x0000000753300000|  0%| F|  |TAMS 0x0000000753200000, 0x0000000753200000| Untracked 
| 307|0x0000000753300000, 0x0000000753300000, 0x0000000753400000|  0%| F|  |TAMS 0x0000000753300000, 0x0000000753300000| Untracked 
| 308|0x0000000753400000, 0x0000000753400000, 0x0000000753500000|  0%| F|  |TAMS 0x0000000753400000, 0x0000000753400000| Untracked 
| 309|0x0000000753500000, 0x0000000753500000, 0x0000000753600000|  0%| F|  |TAMS 0x0000000753500000, 0x0000000753500000| Untracked 
| 310|0x0000000753600000, 0x0000000753600000, 0x0000000753700000|  0%| F|  |TAMS 0x0000000753600000, 0x0000000753600000| Untracked 
| 311|0x0000000753700000, 0x00000007537ae510, 0x0000000753800000| 68%| E|  |TAMS 0x0000000753700000, 0x0000000753700000| Complete 
| 312|0x0000000753800000, 0x0000000753900000, 0x0000000753900000|100%| E|CS|TAMS 0x0000000753800000, 0x0000000753800000| Complete 
| 313|0x0000000753900000, 0x0000000753a00000, 0x0000000753a00000|100%| E|CS|TAMS 0x0000000753900000, 0x0000000753900000| Complete 
| 314|0x0000000753a00000, 0x0000000753b00000, 0x0000000753b00000|100%| E|CS|TAMS 0x0000000753a00000, 0x0000000753a00000| Complete 
| 315|0x0000000753b00000, 0x0000000753c00000, 0x0000000753c00000|100%| E|CS|TAMS 0x0000000753b00000, 0x0000000753b00000| Complete 
| 316|0x0000000753c00000, 0x0000000753d00000, 0x0000000753d00000|100%| E|CS|TAMS 0x0000000753c00000, 0x0000000753c00000| Complete 
| 317|0x0000000753d00000, 0x0000000753e00000, 0x0000000753e00000|100%| E|CS|TAMS 0x0000000753d00000, 0x0000000753d00000| Complete 
| 318|0x0000000753e00000, 0x0000000753f00000, 0x0000000753f00000|100%| E|CS|TAMS 0x0000000753e00000, 0x0000000753e00000| Complete 
| 319|0x0000000753f00000, 0x0000000754000000, 0x0000000754000000|100%| E|CS|TAMS 0x0000000753f00000, 0x0000000753f00000| Complete 
| 320|0x0000000754000000, 0x0000000754100000, 0x0000000754100000|100%| E|CS|TAMS 0x0000000754000000, 0x0000000754000000| Complete 
| 321|0x0000000754100000, 0x0000000754200000, 0x0000000754200000|100%| E|CS|TAMS 0x0000000754100000, 0x0000000754100000| Complete 
| 322|0x0000000754200000, 0x0000000754300000, 0x0000000754300000|100%| E|CS|TAMS 0x0000000754200000, 0x0000000754200000| Complete 
| 323|0x0000000754300000, 0x0000000754400000, 0x0000000754400000|100%| E|CS|TAMS 0x0000000754300000, 0x0000000754300000| Complete 
| 324|0x0000000754400000, 0x0000000754500000, 0x0000000754500000|100%| E|CS|TAMS 0x0000000754400000, 0x0000000754400000| Complete 
| 325|0x0000000754500000, 0x0000000754600000, 0x0000000754600000|100%| E|CS|TAMS 0x0000000754500000, 0x0000000754500000| Complete 
| 326|0x0000000754600000, 0x0000000754700000, 0x0000000754700000|100%| E|CS|TAMS 0x0000000754600000, 0x0000000754600000| Complete 
| 327|0x0000000754700000, 0x0000000754800000, 0x0000000754800000|100%| E|CS|TAMS 0x0000000754700000, 0x0000000754700000| Complete 
| 328|0x0000000754800000, 0x0000000754900000, 0x0000000754900000|100%| E|CS|TAMS 0x0000000754800000, 0x0000000754800000| Complete 
| 329|0x0000000754900000, 0x0000000754a00000, 0x0000000754a00000|100%| E|CS|TAMS 0x0000000754900000, 0x0000000754900000| Complete 
| 330|0x0000000754a00000, 0x0000000754b00000, 0x0000000754b00000|100%| E|CS|TAMS 0x0000000754a00000, 0x0000000754a00000| Complete 
| 331|0x0000000754b00000, 0x0000000754c00000, 0x0000000754c00000|100%| E|CS|TAMS 0x0000000754b00000, 0x0000000754b00000| Complete 
| 332|0x0000000754c00000, 0x0000000754d00000, 0x0000000754d00000|100%| E|CS|TAMS 0x0000000754c00000, 0x0000000754c00000| Complete 
| 333|0x0000000754d00000, 0x0000000754e00000, 0x0000000754e00000|100%| E|CS|TAMS 0x0000000754d00000, 0x0000000754d00000| Complete 

Card table byte_map: [0x0000021be1fb0000,0x0000021be25b0000] _byte_map_base: 0x0000021bde5b0000

Marking Bits (Prev, Next): (CMBitMap*) 0x0000021bf4e73a30, (CMBitMap*) 0x0000021bf4e739f8
 Prev Bits: [0x0000021be5bb0000, 0x0000021be8bb0000)
 Next Bits: [0x0000021be2bb0000, 0x0000021be5bb0000)

Polling page: 0x0000021bd04b0000

Metaspace:

Usage:
  Non-class:     81.43 MB capacity,    80.12 MB ( 98%) used,  1008.33 KB (  1%) free+waste,   332.88 KB ( <1%) overhead. 
      Class:     13.65 MB capacity,    12.57 MB ( 92%) used,   941.30 KB (  7%) free+waste,   161.06 KB (  1%) overhead. 
       Both:     95.08 MB capacity,    92.70 MB ( 97%) used,     1.90 MB (  2%) free+waste,   493.94 KB ( <1%) overhead. 

Virtual space:
  Non-class space:       82.00 MB reserved,      81.51 MB (>99%) committed 
      Class space:        1.00 GB reserved,      13.75 MB (  1%) committed 
             Both:        1.08 GB reserved,      95.26 MB (  9%) committed 

Chunk freelists:
   Non-Class:  1.50 KB
       Class:  0 bytes
        Both:  1.50 KB

CodeHeap 'non-profiled nmethods': size=119168Kb used=19950Kb max_used=19950Kb free=99217Kb
 bounds [0x0000021b87ba0000, 0x0000021b88f20000, 0x0000021b8f000000]
CodeHeap 'profiled nmethods': size=119168Kb used=41930Kb max_used=46133Kb free=77237Kb
 bounds [0x0000021b80740000, 0x0000021b83480000, 0x0000021b87ba0000]
CodeHeap 'non-nmethods': size=7424Kb used=1678Kb max_used=3381Kb free=5745Kb
 bounds [0x0000021b80000000, 0x0000021b803f0000, 0x0000021b80740000]
 total_blobs=31377 nmethods=17152 adapters=1144
 compilation: enabled
              stopped_count=0, restarted_count=0
 full_count=0

Compilation events (10 events):
Event: 470.172 Thread 0x0000021bf6c5c800 nmethod 21579 0x0000021b81439a90 code [0x0000021b81439c60, 0x0000021b81439eb0]
Event: 470.175 Thread 0x0000021bf797b800 nmethod 21580 0x0000021b88f1c610 code [0x0000021b88f1c7c0, 0x0000021b88f1cbf8]
Event: 470.181 Thread 0x0000021bf797b800 21581       4       com.jidesoft.grid.CompoundTableModelEvent::addEvent (182 bytes)
Event: 470.187 Thread 0x0000021bf797b800 nmethod 21581 0x0000021b88f1ce10 code [0x0000021b88f1cfe0, 0x0000021b88f1d858]
Event: 470.743 Thread 0x0000021bf6c5c800 21582       1       com.jidesoft.editor.CodeEditor::isDelayContentsOnLoading (5 bytes)
Event: 470.743 Thread 0x0000021bf6c5c800 nmethod 21582 0x0000021b88f1dc10 code [0x0000021b88f1ddc0, 0x0000021b88f1ded8]
Event: 470.744 Thread 0x0000021bf6c5c800 21583       1       com.jidesoft.marker.Marker::getType (5 bytes)
Event: 470.744 Thread 0x0000021bf6c5c800 nmethod 21583 0x0000021b88f1df90 code [0x0000021b88f1e140, 0x0000021b88f1e258]
Event: 470.744 Thread 0x0000021bf6c5c800 21584       1       java.awt.event.AdjustmentEvent::getAdjustable (5 bytes)
Event: 470.745 Thread 0x0000021bf6c5c800 nmethod 21584 0x0000021b88f1e310 code [0x0000021b88f1e4c0, 0x0000021b88f1e5d8]

GC Heap History (10 events):
Event: 447.663 GC heap before
{Heap before GC invocations=374 (full 264):
 garbage-first heap   total 284672K, used 128162K [0x0000000740000000, 0x0000000800000000)
  region size 1024K, 6 young (6144K), 1 survivors (1024K)
 Metaspace       used 94894K, capacity 97363K, committed 97544K, reserved 1132544K
  class space    used 12875K, capacity 13977K, committed 14080K, reserved 1048576K
}
Event: 447.707 GC heap after
{Heap after GC invocations=375 (full 265):
 garbage-first heap   total 284672K, used 98153K [0x0000000740000000, 0x0000000800000000)
  region size 1024K, 0 young (0K), 0 survivors (0K)
 Metaspace       used 94894K, capacity 97363K, committed 97544K, reserved 1132544K
  class space    used 12875K, capacity 13977K, committed 14080K, reserved 1048576K
}
Event: 447.733 GC heap before
{Heap before GC invocations=375 (full 265):
 garbage-first heap   total 284672K, used 112489K [0x0000000740000000, 0x0000000800000000)
  region size 1024K, 5 young (5120K), 0 survivors (0K)
 Metaspace       used 94894K, capacity 97363K, committed 97544K, reserved 1132544K
  class space    used 12875K, capacity 13977K, committed 14080K, reserved 1048576K
}
Event: 447.779 GC heap after
{Heap after GC invocations=376 (full 266):
 garbage-first heap   total 284672K, used 98153K [0x0000000740000000, 0x0000000800000000)
  region size 1024K, 0 young (0K), 0 survivors (0K)
 Metaspace       used 94894K, capacity 97363K, committed 97544K, reserved 1132544K
  class space    used 12875K, capacity 13977K, committed 14080K, reserved 1048576K
}
Event: 462.184 GC heap before
{Heap before GC invocations=376 (full 266):
 garbage-first heap   total 284672K, used 159593K [0x0000000740000000, 0x0000000800000000)
  region size 1024K, 60 young (61440K), 0 survivors (0K)
 Metaspace       used 94897K, capacity 97363K, committed 97544K, reserved 1132544K
  class space    used 12875K, capacity 13977K, committed 14080K, reserved 1048576K
}
Event: 462.186 GC heap after
{Heap after GC invocations=377 (full 266):
 garbage-first heap   total 284672K, used 98802K [0x0000000740000000, 0x0000000800000000)
  region size 1024K, 1 young (1024K), 1 survivors (1024K)
 Metaspace       used 94897K, capacity 97363K, committed 97544K, reserved 1132544K
  class space    used 12875K, capacity 13977K, committed 14080K, reserved 1048576K
}
Event: 464.505 GC heap before
{Heap before GC invocations=377 (full 266):
 garbage-first heap   total 284672K, used 159218K [0x0000000740000000, 0x0000000800000000)
  region size 1024K, 60 young (61440K), 1 survivors (1024K)
 Metaspace       used 94902K, capacity 97366K, committed 97544K, reserved 1132544K
  class space    used 12875K, capacity 13978K, committed 14080K, reserved 1048576K
}
Event: 464.507 GC heap after
{Heap after GC invocations=378 (full 266):
 garbage-first heap   total 284672K, used 98631K [0x0000000740000000, 0x0000000800000000)
  region size 1024K, 1 young (1024K), 1 survivors (1024K)
 Metaspace       used 94902K, capacity 97366K, committed 97544K, reserved 1132544K
  class space    used 12875K, capacity 13978K, committed 14080K, reserved 1048576K
}
Event: 469.072 GC heap before
{Heap before GC invocations=378 (full 266):
 garbage-first heap   total 284672K, used 159047K [0x0000000740000000, 0x0000000800000000)
  region size 1024K, 60 young (61440K), 1 survivors (1024K)
 Metaspace       used 94913K, capacity 97366K, committed 97544K, reserved 1132544K
  class space    used 12875K, capacity 13978K, committed 14080K, reserved 1048576K
}
Event: 469.074 GC heap after
{Heap after GC invocations=379 (full 266):
 garbage-first heap   total 342016K, used 98863K [0x0000000740000000, 0x0000000800000000)
  region size 1024K, 1 young (1024K), 1 survivors (1024K)
 Metaspace       used 94913K, capacity 97366K, committed 97544K, reserved 1132544K
  class space    used 12875K, capacity 13978K, committed 14080K, reserved 1048576K
}

Deoptimization events (10 events):
Event: 399.350 Thread 0x0000021bd5ad0800 Uncommon trap: reason=unstable_if action=reinterpret pc=0x0000021b88e4dc88 method=ui.data.p.b.c.a.d.a(Lui/data/p/a;Ljava/awt/Rectangle;Z)Z @ 58 c2
Event: 399.503 Thread 0x0000021bd5ad0800 Uncommon trap: reason=unstable_if action=reinterpret pc=0x0000021b88e1d288 method=com.jidesoft.document.d.a(Ljava/awt/Component;Lcom/jidesoft/document/DocumentPane;)Ljava/awt/Component; @ 23 c2
Event: 399.503 Thread 0x0000021bd5ad0800 Uncommon trap: reason=unstable_if action=reinterpret pc=0x0000021b883bd5d8 method=com.jidesoft.document.d.a(Ljava/awt/Component;Lcom/jidesoft/document/DocumentPane;)Ljava/awt/Component; @ 23 c2
Event: 427.072 Thread 0x0000021bd5ad0800 Uncommon trap: reason=bimorphic_or_optimized_type_check action=maybe_recompile pc=0x0000021b88d31114 method=sun.java2d.marlin.DHelpers$PolyStack.popAll(Lsun/java2d/marlin/DPathConsumer2D;)V @ 214 c2
Event: 427.072 Thread 0x0000021bd5ad0800 Uncommon trap: reason=bimorphic_or_optimized_type_check action=maybe_recompile pc=0x0000021b885d7594 method=sun.java2d.pipe.AlphaPaintPipe.startSequence(Lsun/java2d/SunGraphics2D;Ljava/awt/Shape;Ljava/awt/Rectangle;[I)Ljava/lang/Object; @ 10 c2
Event: 427.072 Thread 0x0000021bd5ad0800 Uncommon trap: reason=bimorphic_or_optimized_type_check action=maybe_recompile pc=0x0000021b88d31114 method=sun.java2d.marlin.DHelpers$PolyStack.popAll(Lsun/java2d/marlin/DPathConsumer2D;)V @ 214 c2
Event: 427.072 Thread 0x0000021bd5ad0800 Uncommon trap: reason=class_check action=maybe_recompile pc=0x0000021b87f17508 method=sun.java2d.pipe.SpanShapeRenderer.fill(Lsun/java2d/SunGraphics2D;Ljava/awt/Shape;)V @ 1 c2
Event: 463.150 Thread 0x0000021bd5ad0800 Uncommon trap: reason=bimorphic_or_optimized_type_check action=maybe_recompile pc=0x0000021b88aebd14 method=javax.swing.JTable.isRowSelected(I)Z @ 5 c2
Event: 470.399 Thread 0x0000021bd5ad0800 Uncommon trap: reason=class_check action=maybe_recompile pc=0x0000021b88080ab0 method=java.awt.Container.dispatchEventImpl(Ljava/awt/AWTEvent;)V @ 34 c2
Event: 470.408 Thread 0x0000021bd5ad0800 Uncommon trap: reason=class_check action=maybe_recompile pc=0x0000021b88080ab0 method=java.awt.Container.dispatchEventImpl(Ljava/awt/AWTEvent;)V @ 34 c2

Classes redefined (0 events):
No events

Internal exceptions (10 events):
Event: 115.645 Thread 0x0000021bd5ad0800 Implicit null exception at 0x0000021b88cd194b to 0x0000021b88cd20be
Event: 218.441 Thread 0x0000021bd5ad0800 Implicit null exception at 0x0000021b8870c80f to 0x0000021b8870d0a6
Event: 329.501 Thread 0x0000021bd5ad0800 Implicit null exception at 0x0000021b88724ca8 to 0x0000021b8872616e
Event: 344.385 Thread 0x0000021bd5ad0800 Exception <a 'java/lang/NoSuchMethodError'{0x00000007502fd888}: java.lang.invoke.DirectMethodHandle$Holder.invokeSpecial(Ljava/lang/Object;Ljava/lang/Object;IILjava/lang/Object;Ljava/lang/Object;I)Ljava/lang/Object;> (0x00000007502fd888) thrown at [t:/wor
Event: 344.385 Thread 0x0000021bd5ad0800 Exception <a 'java/lang/NoSuchMethodError'{0x000000075014b908}: java.lang.invoke.DelegatingMethodHandle$Holder.reinvoke_L(Ljava/lang/Object;IILjava/lang/Object;Ljava/lang/Object;I)Ljava/lang/Object;> (0x000000075014b908) thrown at [t:/workspace/open/src/h
Event: 360.483 Thread 0x0000021bd5ad0800 Exception <a 'java/lang/NoSuchMethodError'{0x000000074eb04d38}: java.lang.invoke.DirectMethodHandle$Holder.invokeSpecial(Ljava/lang/Object;Ljava/lang/Object;IILjava/lang/Object;Ljava/lang/Object;Ljava/lang/Object;ILjava/lang/Object;)Ljava/lang/Object;> (0
Event: 360.483 Thread 0x0000021bd5ad0800 Exception <a 'java/lang/NoSuchMethodError'{0x000000074eb08790}: java.lang.invoke.DelegatingMethodHandle$Holder.reinvoke_L(Ljava/lang/Object;IILjava/lang/Object;Ljava/lang/Object;Ljava/lang/Object;ILjava/lang/Object;)Ljava/lang/Object;> (0x000000074eb08790
Event: 360.485 Thread 0x0000021bd5ad0800 Exception <a 'java/lang/NoSuchMethodError'{0x000000074eb54b40}: java.lang.invoke.DirectMethodHandle$Holder.invokeSpecial(Ljava/lang/Object;Ljava/lang/Object;Ljava/lang/Object;Ljava/lang/Object;Ljava/lang/Object;ILjava/lang/Object;)Ljava/lang/Object;> (0x0
Event: 360.485 Thread 0x0000021bd5ad0800 Exception <a 'java/lang/NoSuchMethodError'{0x000000074eb58690}: java.lang.invoke.DelegatingMethodHandle$Holder.reinvoke_L(Ljava/lang/Object;Ljava/lang/Object;Ljava/lang/Object;Ljava/lang/Object;ILjava/lang/Object;)Ljava/lang/Object;> (0x000000074eb58690) 
Event: 360.485 Thread 0x0000021bd5ad0800 Exception <a 'java/lang/NoSuchMethodError'{0x000000074eb62af0}: java.lang.invoke.Invokers$Holder.linkToTargetMethod(Ljava/lang/Object;Ljava/lang/Object;Ljava/lang/Object;ILjava/lang/Object;Ljava/lang/Object;)Ljava/lang/Object;> (0x000000074eb62af0) thrown

Events (10 events):
Event: 470.159 Executing VM operation: RevokeBias
Event: 470.161 Executing VM operation: RevokeBias done
Event: 470.399 Thread 0x0000021bd5ad0800 Uncommon trap: trap_request=0xffffffde fr.pc=0x0000021b88080ab0 relative=0x0000000000000610
Event: 470.399 Thread 0x0000021bd5ad0800 DEOPT PACKING pc=0x0000021b88080ab0 sp=0x000000bd4b1f5c30
Event: 470.399 Thread 0x0000021bd5ad0800 DEOPT UNPACKING pc=0x0000021b800291af sp=0x000000bd4b1f5bd8 mode 2
Event: 470.408 Thread 0x0000021bd5ad0800 Uncommon trap: trap_request=0xffffffde fr.pc=0x0000021b88080ab0 relative=0x0000000000000610
Event: 470.408 Thread 0x0000021bd5ad0800 DEOPT PACKING pc=0x0000021b88080ab0 sp=0x000000bd4b1f5c30
Event: 470.408 Thread 0x0000021bd5ad0800 DEOPT UNPACKING pc=0x0000021b800291af sp=0x000000bd4b1f5bd8 mode 2
Event: 470.684 Thread 0x0000021bfbaa2000 Thread added: 0x0000021bfbaa2000
Event: 470.692 Thread 0x0000021bfbaa2000 Thread exited: 0x0000021bfbaa2000


Dynamic libraries:
0x00007ff7cf5c0000 - 0x00007ff7cf5ef000 	C:\Xilinx\Vivado\2020.2\bin\unwrapped\win64.o\vivado.exe
0x00007fffb0250000 - 0x00007fffb0467000 	C:\Windows\SYSTEM32\ntdll.dll
0x00007fffaeb30000 - 0x00007fffaebf4000 	C:\Windows\System32\KERNEL32.DLL
0x00007fffad630000 - 0x00007fffad9d7000 	C:\Windows\System32\KERNELBASE.dll
0x00007fffadd60000 - 0x00007fffade71000 	C:\Windows\System32\ucrtbase.dll
0x00007fffa7750000 - 0x00007fffa7763000 	C:\Xilinx\Vivado\2020.2\lib\win64.o\libboost_signals.dll
0x00007fffa64c0000 - 0x00007fffa64d8000 	C:\Xilinx\Vivado\2020.2\lib\win64.o\librdi_commonmain.dll
0x00007fff7c790000 - 0x00007fff7c81e000 	C:\Windows\SYSTEM32\MSVCP140.dll
0x00007fff53cd0000 - 0x00007fff54e47000 	C:\Xilinx\Vivado\2020.2\lib\win64.o\librdi_common.dll
0x00007fff7c820000 - 0x00007fff7c83b000 	C:\Windows\SYSTEM32\VCRUNTIME140.dll
0x00007fffaf5a0000 - 0x00007fffaf745000 	C:\Windows\System32\ole32.dll
0x00007fffade80000 - 0x00007fffadf1a000 	C:\Windows\System32\msvcp_win.dll
0x00007fffafcb0000 - 0x00007fffafe5e000 	C:\Windows\System32\USER32.dll
0x00007fffadf20000 - 0x00007fffadf46000 	C:\Windows\System32\win32u.dll
0x00007fffaf750000 - 0x00007fffaf779000 	C:\Windows\System32\GDI32.dll
0x00007fffad9e0000 - 0x00007fffadaf9000 	C:\Windows\System32\gdi32full.dll
0x00007fffafe60000 - 0x00007fffb01e8000 	C:\Windows\System32\combase.dll
0x00007fffaefa0000 - 0x00007fffaf052000 	C:\Windows\System32\ADVAPI32.dll
0x00007fffaec00000 - 0x00007fffaed15000 	C:\Windows\System32\RPCRT4.dll
0x00007fffa9700000 - 0x00007fffa9709000 	C:\Xilinx\Vivado\2020.2\lib\win64.o\librdi_commonversion.dll
0x00007fffaea80000 - 0x00007fffaeb27000 	C:\Windows\System32\msvcrt.dll
0x00007fffafc00000 - 0x00007fffafca8000 	C:\Windows\System32\sechost.dll
0x00007fffadf50000 - 0x00007fffadf78000 	C:\Windows\System32\bcrypt.dll
0x00007fff53b30000 - 0x00007fff53cc9000 	C:\Xilinx\Vivado\2020.2\lib\win64.o\librdi_commonxillic.dll
0x00007fffadff0000 - 0x00007fffae84c000 	C:\Windows\System32\SHELL32.dll
0x00007fff9adb0000 - 0x00007fff9add2000 	C:\Xilinx\Vivado\2020.2\lib\win64.o\libboost_filesystem.dll
0x00007fffaf060000 - 0x00007fffaf0d1000 	C:\Windows\System32\WS2_32.dll
0x00007fff7c780000 - 0x00007fff7c78c000 	C:\Windows\SYSTEM32\VCRUNTIME140_1.dll
0x000000005a9e0000 - 0x000000005ab0b000 	C:\Xilinx\Vivado\2020.2\lib\win64.o\tcl85t.dll
0x00007fffa7820000 - 0x00007fffa7830000 	C:\Xilinx\Vivado\2020.2\lib\win64.o\libboost_date_time.dll
0x00007fff537c0000 - 0x00007fff53b2e000 	C:\Xilinx\Vivado\2020.2\lib\win64.o\libCOIN-all.dll
0x00007fff7fe40000 - 0x00007fff7ff51000 	C:\Xilinx\Vivado\2020.2\lib\win64.o\libboost_regex.dll
0x00007fffa64b0000 - 0x00007fffa64b9000 	C:\Xilinx\Vivado\2020.2\lib\win64.o\libboost_system.dll
0x00007fff8e200000 - 0x00007fff8e273000 	C:\Xilinx\Vivado\2020.2\lib\win64.o\libboost_program_options.dll
0x00007fffa64a0000 - 0x00007fffa64ac000 	C:\Xilinx\Vivado\2020.2\lib\win64.o\libboost_xilinx.dll
0x00007fff8df30000 - 0x00007fff8dfb2000 	C:\Xilinx\Vivado\2020.2\lib\win64.o\libhdlpsolve.dll
0x00007fff9b650000 - 0x00007fff9b66e000 	C:\Xilinx\Vivado\2020.2\lib\win64.o\libboost_thread.dll
0x00007fff9ad40000 - 0x00007fff9ad68000 	C:\Xilinx\Vivado\2020.2\lib\win64.o\libisl_sysinfo.dll
0x00007fff8cef0000 - 0x00007fff8cf95000 	C:\Xilinx\Vivado\2020.2\lib\win64.o\libhdxml.dll
0x00007fff529c0000 - 0x00007fff537b2600 	C:\Xilinx\Vivado\2020.2\lib\win64.o\libisl_iostreams.dll
0x00007fff9a5d0000 - 0x00007fff9a5ea000 	C:\Xilinx\Vivado\2020.2\lib\win64.o\pthreadVC2.dll
0x00007fff83130000 - 0x00007fff83195000 	C:\Xilinx\Vivado\2020.2\lib\win64.o\liblmx6.0.dll
0x00007fff92f20000 - 0x00007fff92f3c000 	C:\Xilinx\Vivado\2020.2\lib\win64.o\librdiconfig.dll
0x00007fffae9b0000 - 0x00007fffaea0e000 	C:\Windows\System32\SHLWAPI.dll
0x00007fff92e70000 - 0x00007fff92e91000 	C:\Xilinx\Vivado\2020.2\lib\win64.o\librdizlib.dll
0x0000000012000000 - 0x0000000012270000 	C:\Xilinx\Vivado\2020.2\lib\win64.o\xerces-c_3_1.dll
0x00007fff8d760000 - 0x00007fff8d779000 	C:\Windows\SYSTEM32\NETAPI32.dll
0x00007fff96500000 - 0x00007fff969f4000 	C:\Windows\SYSTEM32\WININET.dll
0x00007fffa6fd0000 - 0x00007fffa7106000 	C:\Windows\SYSTEM32\WINHTTP.dll
0x00007fff95d10000 - 0x00007fff95f00000 	C:\Windows\SYSTEM32\urlmon.dll
0x00007fff5db90000 - 0x00007fff5db99000 	C:\Windows\SYSTEM32\WSOCK32.dll
0x00007fff526e0000 - 0x00007fff529bb000 	C:\Xilinx\Vivado\2020.2\lib\win64.o\libXil_lmgr11.dll
0x00007fffae8b0000 - 0x00007fffae9a7000 	C:\Windows\System32\COMDLG32.dll
0x00007fff8e6c0000 - 0x00007fff8e6f1000 	C:\Windows\SYSTEM32\VCOMP140.DLL
0x00007fffaed20000 - 0x00007fffaee15000 	C:\Windows\System32\shcore.dll
0x00007fffaf4b0000 - 0x00007fffaf587000 	C:\Windows\System32\OLEAUT32.dll
0x00007fff3b240000 - 0x00007fff3d157000 	C:\Xilinx\Vivado\2020.2\lib\win64.o\gurobi90.dll
0x00007fffadbf0000 - 0x00007fffadd58000 	C:\Windows\System32\CRYPT32.dll
0x00007fffadb80000 - 0x00007fffadbeb000 	C:\Windows\System32\WINTRUST.dll
0x00007fffadf80000 - 0x00007fffadfe1000 	C:\Windows\System32\WLDAP32.dll
0x00007fffaea70000 - 0x00007fffaea78000 	C:\Windows\System32\Normaliz.dll
0x00007fff9abd0000 - 0x00007fff9abdc000 	C:\Xilinx\Vivado\2020.2\lib\win64.o\libboost_chrono.dll
0x00007fff8e9d0000 - 0x00007fff8e9f3000 	C:\Xilinx\Vivado\2020.2\lib\win64.o\libisl_iosutils.dll
0x00007fff95a50000 - 0x00007fff95d0e000 	C:\Windows\SYSTEM32\iertutil.dll
0x00007fff90fb0000 - 0x00007fff90fc6000 	C:\Xilinx\Vivado\2020.2\lib\win64.o\libboost_iostreams.dll
0x00007fff95a00000 - 0x00007fff95a28000 	C:\Windows\SYSTEM32\srvcli.dll
0x00007fffac080000 - 0x00007fffac08c000 	C:\Windows\SYSTEM32\netutils.dll
0x00007fff8b420000 - 0x00007fff8b4d3000 	C:\Windows\WinSxS\amd64_microsoft.windows.common-controls_6595b64144ccf1df_5.82.22621.3527_none_b43b7f4b638cc64f\COMCTL32.dll
0x00007fffa6c60000 - 0x00007fffa6c7f000 	C:\Windows\SYSTEM32\dhcpcsvc.DLL
0x00007fffacaf0000 - 0x00007fffacb59000 	C:\Windows\SYSTEM32\MSWSOCK.DLL
0x00007fffaee20000 - 0x00007fffaee51000 	C:\Windows\System32\IMM32.DLL
0x00007fffacdb0000 - 0x00007fffacdc2000 	C:\Windows\SYSTEM32\MSASN1.dll
0x00007fffac680000 - 0x00007fffac698000 	C:\Windows\SYSTEM32\kernel.appcore.dll
0x00007fff521b0000 - 0x00007fff526d2000 	C:\Xilinx\Vivado\2020.2\lib\win64.o\librdi_commontasks.dll
0x00007fff9a7a0000 - 0x00007fff9a7aa000 	C:\Windows\SYSTEM32\VERSION.dll
0x00007fff51ed0000 - 0x00007fff521a5000 	C:\Xilinx\Vivado\2020.2\lib\win64.o\librdi_sio.dll
0x00007fffac090000 - 0x00007fffac0bd000 	C:\Windows\SYSTEM32\IPHLPAPI.DLL
0x00007fff506e0000 - 0x00007fff51203000 	C:\Xilinx\Vivado\2020.2\tps\win64\jre11.0.2\bin\server\jvm.dll
0x00007fffae8a0000 - 0x00007fffae8a8000 	C:\Windows\System32\PSAPI.DLL
0x00007fffa4e80000 - 0x00007fffa4eb4000 	C:\Windows\SYSTEM32\WINMM.dll
0x00007fffab4c0000 - 0x00007fffabdb6000 	C:\Windows\SYSTEM32\windows.storage.dll
0x00007fffab380000 - 0x00007fffab4be000 	C:\Windows\SYSTEM32\wintypes.dll
0x00007fff38780000 - 0x00007fff3b23e000 	C:\Xilinx\Vivado\2020.2\lib\win64.o\librdi_tcltasks.dll
0x00007fff55440000 - 0x00007fff55536000 	C:\Xilinx\Vivado\2020.2\lib\win64.o\librdi_chipscope.dll
0x00007fff65870000 - 0x00007fff658ee000 	C:\Xilinx\Vivado\2020.2\lib\win64.o\librdi_boarddep.dll
0x00007fff51a20000 - 0x00007fff51ec6000 	C:\Xilinx\Vivado\2020.2\lib\win64.o\librdi_bitstream.dll
0x00007fff51500000 - 0x00007fff51661000 	C:\Xilinx\Vivado\2020.2\lib\win64.o\librdi_containers.dll
0x00007fff36950000 - 0x00007fff3877c000 	C:\Xilinx\Vivado\2020.2\lib\win64.o\librdi_constraints.dll
0x00007fff51670000 - 0x00007fff5185a000 	C:\Xilinx\Vivado\2020.2\lib\win64.o\librdi_chipscopeimpl.dll
0x00007fff51860000 - 0x00007fff51a13000 	C:\Xilinx\Vivado\2020.2\lib\win64.o\librdi_board.dll
0x00007fff34590000 - 0x00007fff3694d000 	C:\Xilinx\Vivado\2020.2\lib\win64.o\librdi_coregen.dll
0x00007fff32820000 - 0x00007fff34581000 	C:\Xilinx\Vivado\2020.2\lib\win64.o\librdi_designutils.dll
0x00007fff4ffc0000 - 0x00007fff506d8000 	C:\Xilinx\Vivado\2020.2\lib\win64.o\librdi_coregenipxact.dll
0x00007fff4fc50000 - 0x00007fff4ffb8000 	C:\Xilinx\Vivado\2020.2\lib\win64.o\librdi_dlyest.dll
0x00007fff5c250000 - 0x00007fff5c303000 	C:\Xilinx\Vivado\2020.2\lib\win64.o\librdi_dsp.dll
0x00007fff4e950000 - 0x00007fff4ec6d000 	C:\Xilinx\Vivado\2020.2\lib\win64.o\librdi_guitools.dll
0x00007fff4ec70000 - 0x00007fff4f332000 	C:\Xilinx\Vivado\2020.2\lib\win64.o\librdi_filemgmt.dll
0x00007fff4f5f0000 - 0x00007fff4fc4d000 	C:\Xilinx\Vivado\2020.2\lib\win64.o\librdi_drc.dll
0x00007fff65800000 - 0x00007fff6586b000 	C:\Xilinx\Vivado\2020.2\lib\win64.o\librdi_hdf.dll
0x00007fff4f4a0000 - 0x00007fff4f5e7000 	C:\Xilinx\Vivado\2020.2\lib\win64.o\librdi_hip_perf_analysis.dll
0x00007fff4e6d0000 - 0x00007fff4e947000 	C:\Xilinx\Vivado\2020.2\lib\win64.o\librdi_hip_devdesign.dll
0x00007fff18660000 - 0x00007fff1a234000 	C:\Xilinx\Vivado\2020.2\lib\win64.o\librdi_implflow.dll
0x00007fff5e660000 - 0x00007fff5e6d2000 	C:\Xilinx\Vivado\2020.2\lib\win64.o\librdi_memoryarray.dll
0x00007fff4e080000 - 0x00007fff4e6cc000 	C:\Xilinx\Vivado\2020.2\lib\win64.o\librdi_memdata.dll
0x00007fff8a330000 - 0x00007fff8a384000 	C:\Xilinx\Vivado\2020.2\lib\win64.o\librdi_pfi.dll
0x00007fff16210000 - 0x00007fff18654000 	C:\Xilinx\Vivado\2020.2\lib\win64.o\librdi_mig.dll
0x00007fff12c60000 - 0x00007fff12ffe000 	C:\Xilinx\Vivado\2020.2\lib\win64.o\librdi_platform.dll
0x00007fff13000000 - 0x00007fff16207000 	C:\Xilinx\Vivado\2020.2\lib\win64.o\librdi_place.dll
0x00007fff4d950000 - 0x00007fff4e07c000 	C:\Xilinx\Vivado\2020.2\lib\win64.o\librdi_netlist.dll
0x00007fff12440000 - 0x00007fff12c57000 	C:\Xilinx\Vivado\2020.2\lib\win64.o\librdi_power.dll
0x00007fff1a240000 - 0x00007fff3281f000 	C:\Xilinx\Vivado\2020.2\lib\win64.o\librdi_device.dll
0x00007fff11dc0000 - 0x00007fff12434000 	C:\Xilinx\Vivado\2020.2\lib\win64.o\librdi_project.dll
0x00007fff11690000 - 0x00007fff11db2000 	C:\Xilinx\Vivado\2020.2\lib\win64.o\librdi_psta.dll
0x00007fff10e80000 - 0x00007fff1168c000 	C:\Xilinx\Vivado\2020.2\lib\win64.o\librdi_rsb.dll
0x00007fff4d6d0000 - 0x00007fff4d944000 	C:\Xilinx\Vivado\2020.2\lib\win64.o\librdi_simdata.dll
0x00007fff513f0000 - 0x00007fff514f9000 	C:\Xilinx\Vivado\2020.2\lib\win64.o\librdi_runsbase.dll
0x00007fff4f380000 - 0x00007fff4f496000 	C:\Xilinx\Vivado\2020.2\lib\win64.o\librdi_xhub.dll
0x00007fff55d30000 - 0x00007fff55dd7000 	C:\Xilinx\Vivado\2020.2\lib\win64.o\librdi_xhubtasks.dll
0x00007fff10950000 - 0x00007fff10e7b000 	C:\Xilinx\Vivado\2020.2\lib\win64.o\librdi_runs.dll
0x00007fff0f7d0000 - 0x00007fff0f9bb000 	C:\Xilinx\Vivado\2020.2\lib\win64.o\librdi_advchipscopeimpl.dll
0x00007fff0f9c0000 - 0x00007fff10941000 	C:\Xilinx\Vivado\2020.2\lib\win64.o\librdi_timing.dll
0x00007fff8e400000 - 0x00007fff8e447000 	C:\Xilinx\Vivado\2020.2\lib\win64.o\libboost_serialization.dll
0x00007fff5dbb0000 - 0x00007fff5dc1a000 	C:\Xilinx\Vivado\2020.2\lib\win64.o\librdi_noc_frameworks.dll
0x00007fff87fb0000 - 0x00007fff87ff6000 	C:\Xilinx\Vivado\2020.2\lib\win64.o\libboost_graph.dll
0x00007fff0f6e0000 - 0x00007fff0f7cb000 	C:\Xilinx\Vivado\2020.2\lib\win64.o\librdi_ipconfig_readwrite.dll
0x00007fff0f610000 - 0x00007fff0f6d6000 	C:\Xilinx\Vivado\2020.2\lib\win64.o\librdi_bda.dll
0x00007fff0eea0000 - 0x00007fff0f607000 	C:\Xilinx\Vivado\2020.2\lib\win64.o\librdi_ippcw.dll
0x00007fff0e040000 - 0x00007fff0e33b000 	C:\Xilinx\Vivado\2020.2\lib\win64.o\librdi_hip_config.dll

dbghelp: loaded successfully - version: 4.0.5 - missing functions: none
symbol engine: initialized successfully - sym options: 0x614 - pdb path: .;C:\Xilinx\Vivado\2020.2\bin\unwrapped\win64.o;C:\Windows\SYSTEM32;C:\Xilinx\Vivado\2020.2\lib\win64.o;C:\Windows\WinSxS\amd64_microsoft.windows.common-controls_6595b64144ccf1df_5.82.22621.3527_none_b43b7f4b638cc64f;C:\Xilinx\Vivado\2020.2\tps\win64\jre11.0.2\bin\server;C:\Xilinx\Vivado\2020.2\tps\win64\python-3.8.3;C:\Xilinx\Vivado\2020.2\tps\win64\jre11.0.2\bin;C:\Windows\WinSxS\amd64_microsoft.windows.common-controls_6595b64144ccf1df_6.0.22621.3527_none_270e469b73872a76;C:\Windows\HancomIME\x64

VM Arguments:
jvm_args: -Dsun.java2d.pmoffscreen=false -Dhttps.protocols=TLSv1,TLSv1.1,TLSv1.2 -Dsun.java2d.xrender=false -Dsun.java2d.d3d=false -Dsun.awt.nopixfmt=true -Dsun.java2d.dpiaware=true -Dsun.java2d.uiScale.enabled=false -Xverify:none -Dswing.aatext=true -XX:-UsePerfData -Djdk.map.althashing.threshold=512 -XX:StringTableSize=4072 --add-opens=java.base/java.nio=ALL-UNNAMED --add-opens=java.desktop/sun.swing=ALL-UNNAMED --add-opens=java.desktop/javax.swing=ALL-UNNAMED --add-opens=java.desktop/javax.swing.tree=ALL-UNNAMED --add-opens=java.desktop/javax.swing.plaf.basic=ALL-UNNAMED --add-opens=java.desktop/javax.swing.plaf.synth=ALL-UNNAMED --add-opens=java.desktop/com.sun.awt=ALL-UNNAMED -XX:NewSize=60m -XX:MaxNewSize=60m -Xms128m -Xmx3072m -Xss5m 
java_command: <unknown>
java_class_path (initial): C:/Xilinx/Vivado/2020.2\lib\classes\alloy.jar;C:/Xilinx/Vivado/2020.2\lib\classes\ArchiveSummary.jar;C:/Xilinx/Vivado/2020.2\lib\classes\autoesl-models.jar;C:/Xilinx/Vivado/2020.2\lib\classes\autopilot.scelaborator.jar;C:/Xilinx/Vivado/2020.2\lib\classes\autopilot.sourceprocessor.jar;C:/Xilinx/Vivado/2020.2\lib\classes\autopilot.tbprocessor.jar;C:/Xilinx/Vivado/2020.2\lib\classes\batik-anim.jar;C:/Xilinx/Vivado/2020.2\lib\classes\batik-awt-util.jar;C:/Xilinx/Vivado/2020.2\lib\classes\batik-bridge.jar;C:/Xilinx/Vivado/2020.2\lib\classes\batik-codec.jar;C:/Xilinx/Vivado/2020.2\lib\classes\batik-css.jar;C:/Xilinx/Vivado/2020.2\lib\classes\batik-dom.jar;C:/Xilinx/Vivado/2020.2\lib\classes\batik-ext.jar;C:/Xilinx/Vivado/2020.2\lib\classes\batik-gui-util.jar;C:/Xilinx/Vivado/2020.2\lib\classes\batik-gvt.jar;C:/Xilinx/Vivado/2020.2\lib\classes\batik-parser.jar;C:/Xilinx/Vivado/2020.2\lib\classes\batik-script.jar;C:/Xilinx/Vivado/2020.2\lib\classes\batik-svg-dom.jar;C:/Xilinx/Vivado/2020.2\lib\classes\batik-swing.jar;C:/Xilinx/Vivado/2020.2\lib\classes\batik-transcoder.jar;C:/Xilinx/Vivado/2020.2\lib\classes\batik-util.jar;C:/Xilinx/Vivado/2020.2\lib\classes\batik-xml.jar;C:/Xilinx/Vivado/2020.2\lib\classes\com.google.gson_2.8.2.v20180104-1110.jar;C:/Xilinx/Vivado/2020.2\lib\classes\com.google.guava_27.1.0.v20190517-1946.jar;C:/Xilinx/Vivado/2020.2\lib\classes\com.ibm.icu_4.4.2.v20110208.jar;C:/Xilinx/Vivado/2020.2\lib\classes\com.sigasi.hdt.connection_4.9.0.202009050929.jar;C:/Xilinx/Vivado/2020.2\lib\classes\com.sigasi.hdt.epl_4.9.0.202009050929.jar;C:/Xilinx/Vivado/2020.2\lib\classes\com.sigasi.hdt.project_4.9.0.202009050929.jar;C:/Xilinx/Vivado/2020.2\lib\classes\com.sigasi.hdt.readonlyfilesystem_4.9.0.202009050929.jar;C:/Xilinx/Vivado/2020.2\lib\classes\com.sigasi.lcm_4.9.0.202009050929.jar;C:/Xilinx/Vivado/2020.2\lib\classes\com.sigasi.sdk.client_4.9.0.202009050929.jar;C:/Xilinx/Vivado/2020.2\lib\classes\com.xilinx.hls.services.jar;C:/Xili
Launcher Type: generic

[Global flags]
     bool BytecodeVerificationLocal                = false                                     {product} {command line}
     bool BytecodeVerificationRemote               = false                                     {product} {command line}
     intx CICompilerCount                          = 12                                        {product} {ergonomic}
     uint ConcGCThreads                            = 3                                         {product} {ergonomic}
     uint G1ConcRefinementThreads                  = 13                                        {product} {ergonomic}
   size_t G1HeapRegionSize                         = 1048576                                   {product} {ergonomic}
    uintx GCDrainStackTargetSize                   = 64                                        {product} {ergonomic}
   size_t InitialHeapSize                          = 134217728                                 {product} {command line}
   size_t MarkStackSize                            = 4194304                                   {product} {ergonomic}
   size_t MaxHeapSize                              = 3221225472                                {product} {command line}
   size_t MaxNewSize                               = 62914560                                  {product} {command line}
   size_t MinHeapDeltaBytes                        = 1048576                                   {product} {ergonomic}
   size_t NewSize                                  = 62914560                                  {product} {command line}
    uintx NonNMethodCodeHeapSize                   = 7591728                                {pd product} {ergonomic}
    uintx NonProfiledCodeHeapSize                  = 122033256                              {pd product} {ergonomic}
    uintx ProfiledCodeHeapSize                     = 122033256                              {pd product} {ergonomic}
    uintx ReservedCodeCacheSize                    = 251658240                              {pd product} {ergonomic}
     bool SegmentedCodeCache                       = true                                      {product} {ergonomic}
    uintx StringTableSize                          = 4072                                      {product} {command line}
     intx ThreadStackSize                          = 5120                                   {pd product} {command line}
     bool UseCompressedClassPointers               = true                                 {lp64_product} {ergonomic}
     bool UseCompressedOops                        = true                                 {lp64_product} {ergonomic}
     bool UseG1GC                                  = true                                      {product} {ergonomic}
     bool UseLargePagesIndividualAllocation        = false                                  {pd product} {ergonomic}
     bool UsePerfData                              = false                                     {product} {command line}

Logging:
Log output configuration:
 #0: stdout all=warning uptime,level,tags
 #1: stderr all=off uptime,level,tags

Environment Variables:
PATH=C:/Xilinx/Vivado/2020.2\gnuwin\bin;C:/Xilinx/Vivado/2020.2\gnu\microblaze\nt\bin;C:/Xilinx/Vivado/2020.2/bin;C:/Xilinx/Vivado/2020.2/tps/win64/javafx-sdk-11.0.2/lib;C:/Xilinx/Vivado/2020.2/tps/win64/javafx-sdk-11.0.2/bin;C:/Xilinx/Vivado/2020.2/lib/win64.o;C:/Xilinx/Vivado/2020.2/tps/win64/jre11.0.2/bin/server;C:/Xilinx/Vivado/2020.2/tps/win64/jre11.0.2/bin;C:/Xilinx/Vitis/2020.2/bin;C:/Xilinx/Vivado/2020.2/ids_lite/ISE/bin/nt64;C:/Xilinx/Vivado/2020.2/ids_lite/ISE/lib/nt64;C:/Xilinx/Vitis_HLS/2020.2/bin;C:\Program Files (x86)\Common Files\Oracle\Java\java8path;C:\Program Files (x86)\Common Files\Oracle\Java\javapath;C:\Windows\system32;C:\Windows;C:\Windows\System32\Wbem;C:\Windows\System32\WindowsPowerShell\v1.0\;C:\Windows\System32\OpenSSH\;C:\Program Files\Bandizip\;C:\Program Files\Git\cmd;C:\Program Files (x86)\IVI Foundation\VISA\WinNT\Bin\;C:\Program Files\IVI Foundation\VISA\Win64\Bin\;C:\Users\kccistc\AppData\Local\Microsoft\WindowsApps;C:\Users\kccistc\AppData\Local\Programs\Microsoft VS Code\bin;;C:/Xilinx/Vivado/2020.2\tps\mingw\6.2.0\win64.o\nt\bin;C:/Xilinx/Vivado/2020.2\tps\mingw\6.2.0\win64.o\nt\libexec\gcc\x86_64-w64-mingw32\6.2.0;C:/Xilinx/Vivado/2020.2\tps\win64\python-3.8.3;C:/Xilinx/Vivado/2020.2\tps\win64\python-3.8.3\bin;C:/Xilinx/Vivado/2020.2\tps\win64\python-3.8.3\lib;C:/Xilinx/Vivado/2020.2\tps\win64\python-3.8.3\lib\site-packages
USERNAME=kccistc
OS=Windows_NT
PROCESSOR_IDENTIFIER=Intel64 Family 6 Model 154 Stepping 3, GenuineIntel



---------------  S Y S T E M  ---------------

OS: Windows 10 , 64 bit Build 22621 (10.0.22621.3527)

CPU:total 16 (initial active 16) (8 cores per cpu, 2 threads per core) family 6 model 154 stepping 3, cmov, cx8, fxsr, mmx, sse, sse2, sse3, ssse3, sse4.1, sse4.2, popcnt, avx, avx2, aes, clmul, erms, 3dnowpref, lzcnt, ht, tsc, tscinvbit, bmi1, bmi2, adx, sha, fma

Memory: 4k page, system-wide physical 16066M (7130M free)
TotalPageFile size 32450M (AvailPageFile size 20869M)
current process WorkingSet (physical memory assigned to process): 1119M, peak: 1119M
current process commit charge ("private bytes"): 1164M, peak: 1172M

vm_info: OpenJDK 64-Bit Server VM (11.0.2+9) for windows-amd64 JRE (11.0.2+9), built on Jan 18 2019 05:23:22 by "mach5one" with MS VC++ 15.5 (VS2017)

END.
