#
# A fatal error has been detected by the Java Runtime Environment:
#
#  EXCEPTION_ACCESS_VIOLATION (0xc0000005) at pc=0x00007fff05c31049, pid=6724, tid=6004
#
# JRE version: OpenJDK Runtime Environment (11.0.2+9) (build 11.0.2+9)
# Java VM: OpenJDK 64-Bit Server VM (11.0.2+9, mixed mode, tiered, compressed oops, g1 gc, windows-amd64)
# Problematic frame:
# C  0x00007fff05c31049
#
# No core dump will be written. Minidumps are not enabled by default on client versions of Windows
#
# If you would like to submit a bug report, please visit:
#   http://bugreport.java.com/bugreport/crash.jsp
# The crash happened outside the Java Virtual Machine in native code.
# See problematic frame for where to report the bug.
#

---------------  S U M M A R Y ------------

Command Line: -Dsun.java2d.pmoffscreen=false -Dhttps.protocols=TLSv1,TLSv1.1,TLSv1.2 -Dsun.java2d.xrender=false -Dsun.java2d.d3d=false -Dsun.awt.nopixfmt=true -Dsun.java2d.dpiaware=true -Dsun.java2d.uiScale.enabled=false -Xverify:none -Dswing.aatext=true -XX:-UsePerfData -Djdk.map.althashing.threshold=512 -XX:StringTableSize=4072 --add-opens=java.base/java.nio=ALL-UNNAMED --add-opens=java.desktop/sun.swing=ALL-UNNAMED --add-opens=java.desktop/javax.swing=ALL-UNNAMED --add-opens=java.desktop/javax.swing.tree=ALL-UNNAMED --add-opens=java.desktop/javax.swing.plaf.basic=ALL-UNNAMED --add-opens=java.desktop/javax.swing.plaf.synth=ALL-UNNAMED --add-opens=java.desktop/com.sun.awt=ALL-UNNAMED -XX:NewSize=60m -XX:MaxNewSize=60m -Xms128m -Xmx3072m -Xss5m 

Host: 12th Gen Intel(R) Core(TM) i7-1260P, 16 cores, 15G,  Windows 10 , 64 bit Build 22621 (10.0.22621.3527)
Time: Fri Jun  7 19:51:41 2024 대한민국 표준시 elapsed time: 148 seconds (0d 0h 2m 28s)

---------------  T H R E A D  ---------------

Current thread (0x00000160c5e5b800):  JavaThread "AWT-EventQueue-0" [_thread_in_native, id=6004, stack(0x00000053b7e00000,0x00000053b8300000)]

Stack: [0x00000053b7e00000,0x00000053b8300000],  sp=0x00000053b82f3af0,  free space=5070k
Native frames: (J=compiled Java code, j=interpreted, Vv=VM code, C=native code)
C  0x00007fff05c31049
C  0x00007fff05c42487
C  0x00007fff05c437c2
C  0x00007fff05c2a485
C  0x00007fff0d4984b4
C  0x00007fff0d4b8e72
C  0x00007fff0d5534f5
C  0x00007fff0d553419
C  0x00007fff0d584ce1
C  0x00007fff0d582426
C  0x00007fff0d5de2c1
C  0x00007fff0d5e03b3
C  0x00007fff0d5b936d
C  0x00007fff0d5b93d8
C  0x00007fff0d5b9481
C  0x00007fff0d5df59c
C  0x00007fff0d5b06e5
C  0x00007fff0d5b0375
C  0x00007fff0d5ed00f
C  0x00000160b6bef0b7

Java frames: (J=compiled Java code, j=interpreted, Vv=VM code)
j  ui.views.waveform.waveformi.WVExecutive_getGraphicsDataSize(J)J+0
j  ui.views.waveform.executive.a.klK()Ljava/io/ByteArrayInputStream;+8
j  ui.views.waveform.b.a.klh()V+7
j  ui.views.waveform.b.a.jty()V+1
j  ui.views.waveform.m.kkr()V+4
j  ui.views.waveform.m.Ii(Z)V+11
j  ui.views.waveform.w.aH(ZZ)V+30
j  ui.views.waveform.c.b.j(Lui/frmwork/a/l;)V+94
j  ui.views.waveform.w.handleTclEvent(Lui/frmwork/a/l;)V+13
J 15554 c1 ui.frmwork.a.o.c(Lui/frmwork/a/l;)V (61 bytes) @ 0x00000160b9644a0c [0x00000160b9644060+0x00000000000009ac]
J 15535 c1 ui.frmwork.E.i(JZ)V (471 bytes) @ 0x00000160b96113bc [0x00000160b960d240+0x000000000000417c]
J 15538 c1 ui.frmwork.E.fireTclEvent(J)I (113 bytes) @ 0x00000160b9616594 [0x00000160b9615dc0+0x00000000000007d4]
v  ~StubRoutines::call_stub
j  ui.views.waveform.waveformi.WVExecutive_processModelEvent(JJ)V+0
j  ui.views.waveform.executive.a.gb(J)V+5
j  ui.views.waveform.c.b.ga(J)V+8
j  ui.views.waveform.c.b.j(Lui/frmwork/a/l;)V+127
j  ui.views.waveform.w.handleTclEvent(Lui/frmwork/a/l;)V+13
J 15554 c1 ui.frmwork.a.o.c(Lui/frmwork/a/l;)V (61 bytes) @ 0x00000160b9644a0c [0x00000160b9644060+0x00000000000009ac]
J 15535 c1 ui.frmwork.E.i(JZ)V (471 bytes) @ 0x00000160b96113bc [0x00000160b960d240+0x000000000000417c]
j  ui.frmwork.E.dQ(J)V+3
j  ui.frmwork.E$$Lambda$203.run()V+8
J 15774 c2 java.awt.event.InvocationEvent.dispatch()V java.desktop@11.0.2 (69 bytes) @ 0x00000160bf5738ac [0x00000160bf5736c0+0x00000000000001ec]
J 17671 c2 java.awt.EventQueue$4.run()Ljava/lang/Object; java.desktop@11.0.2 (5 bytes) @ 0x00000160beb57ae8 [0x00000160beb575e0+0x0000000000000508]
v  ~StubRoutines::call_stub
J 4700  java.security.AccessController.doPrivileged(Ljava/security/PrivilegedAction;Ljava/security/AccessControlContext;)Ljava/lang/Object; java.base@11.0.2 (0 bytes) @ 0x00000160bea2e7b6 [0x00000160bea2e740+0x0000000000000076]
J 15180 c2 java.awt.EventQueue.dispatchEvent(Ljava/awt/AWTEvent;)V java.desktop@11.0.2 (80 bytes) @ 0x00000160bec3abcc [0x00000160bec3a640+0x000000000000058c]
J 18928 c2 java.awt.EventDispatchThread.pumpOneEventForFilters(I)V java.desktop@11.0.2 (113 bytes) @ 0x00000160bf7e7f18 [0x00000160bf7e7ca0+0x0000000000000278]
j  java.awt.EventDispatchThread.pumpEventsForFilter(ILjava/awt/Conditional;Ljava/awt/EventFilter;)V+35 java.desktop@11.0.2
j  java.awt.EventDispatchThread.pumpEventsForFilter(Ljava/awt/Conditional;Ljava/awt/EventFilter;)V+4 java.desktop@11.0.2
j  java.awt.WaitDispatchSupport$2.run()V+59 java.desktop@11.0.2
j  java.awt.WaitDispatchSupport$4.run()Ljava/lang/Void;+4 java.desktop@11.0.2
j  java.awt.WaitDispatchSupport$4.run()Ljava/lang/Object;+1 java.desktop@11.0.2
v  ~StubRoutines::call_stub
J 1081  java.security.AccessController.doPrivileged(Ljava/security/PrivilegedAction;)Ljava/lang/Object; java.base@11.0.2 (0 bytes) @ 0x00000160be7d4ba2 [0x00000160be7d4b40+0x0000000000000062]
j  java.awt.WaitDispatchSupport.enter()Z+260 java.desktop@11.0.2
j  java.awt.Dialog.show()V+224 java.desktop@11.0.2
J 7557 c1 java.awt.Component.setVisible(Z)V java.desktop@11.0.2 (6 bytes) @ 0x00000160b842e6e4 [0x00000160b842e4e0+0x0000000000000204]
j  java.awt.Window.setVisible(Z)V+2 java.desktop@11.0.2
j  java.awt.Dialog.setVisible(Z)V+2 java.desktop@11.0.2
j  ui.dlg.c.g.setVisible(Z)V+2
j  ui.dlg.c.bz.bIi()V+64
j  ui.dlg.c.bI.actionPerformed(Ljava/awt/event/ActionEvent;)V+8
j  ui.dlg.c.bz.fud()V+388
j  ui.views.c.t.b.a.run()V+60
j  ui.frmwork.cmd.a.hsT()Z+66
j  ui.frmwork.cmd.d.htb()V+42
j  ui.bm.actionPerformed(Ljava/awt/event/ActionEvent;)V+25
j  javax.swing.AbstractButton.fireActionPerformed(Ljava/awt/event/ActionEvent;)V+83 java.desktop@11.0.2
j  ui.utils.swing.b.E.fireActionPerformed(Ljava/awt/event/ActionEvent;)V+7
j  javax.swing.AbstractButton$Handler.actionPerformed(Ljava/awt/event/ActionEvent;)V+5 java.desktop@11.0.2
j  javax.swing.DefaultButtonModel.fireActionPerformed(Ljava/awt/event/ActionEvent;)V+34 java.desktop@11.0.2
j  javax.swing.DefaultButtonModel.setPressed(Z)V+117 java.desktop@11.0.2
j  javax.swing.plaf.basic.BasicButtonListener.mouseReleased(Ljava/awt/event/MouseEvent;)V+35 java.desktop@11.0.2
j  com.jidesoft.plaf.basic.BasicJideButtonListener.mouseReleased(Ljava/awt/event/MouseEvent;)V+61
j  java.awt.AWTEventMulticaster.mouseReleased(Ljava/awt/event/MouseEvent;)V+8 java.desktop@11.0.2
j  java.awt.AWTEventMulticaster.mouseReleased(Ljava/awt/event/MouseEvent;)V+8 java.desktop@11.0.2
j  java.awt.AWTEventMulticaster.mouseReleased(Ljava/awt/event/MouseEvent;)V+8 java.desktop@11.0.2
j  java.awt.AWTEventMulticaster.mouseReleased(Ljava/awt/event/MouseEvent;)V+8 java.desktop@11.0.2
J 17098 c1 java.awt.Component.processMouseEvent(Ljava/awt/event/MouseEvent;)V java.desktop@11.0.2 (100 bytes) @ 0x00000160b867893c [0x00000160b86784c0+0x000000000000047c]
J 17097 c1 javax.swing.JComponent.processMouseEvent(Ljava/awt/event/MouseEvent;)V java.desktop@11.0.2 (27 bytes) @ 0x00000160b85f5ef4 [0x00000160b85f5ce0+0x0000000000000214]
J 15064 c2 java.awt.Container.processEvent(Ljava/awt/AWTEvent;)V java.desktop@11.0.2 (22 bytes) @ 0x00000160be8cf4d4 [0x00000160be8cf3a0+0x0000000000000134]
J 19272 c2 java.awt.Component.dispatchEventImpl(Ljava/awt/AWTEvent;)V java.desktop@11.0.2 (777 bytes) @ 0x00000160bf86f3b8 [0x00000160bf86e980+0x0000000000000a38]
J 18932 c2 java.awt.Container.dispatchEventImpl(Ljava/awt/AWTEvent;)V java.desktop@11.0.2 (129 bytes) @ 0x00000160bf7ea3b8 [0x00000160bf7ea360+0x0000000000000058]
J 17722 c2 java.awt.LightweightDispatcher.retargetMouseEvent(Ljava/awt/Component;ILjava/awt/event/MouseEvent;)V java.desktop@11.0.2 (372 bytes) @ 0x00000160bec1b66c [0x00000160bec1b000+0x000000000000066c]
J 15101 c1 java.awt.LightweightDispatcher.processMouseEvent(Ljava/awt/event/MouseEvent;)Z java.desktop@11.0.2 (265 bytes) @ 0x00000160b95074bc [0x00000160b9506460+0x000000000000105c]
J 18932 c2 java.awt.Container.dispatchEventImpl(Ljava/awt/AWTEvent;)V java.desktop@11.0.2 (129 bytes) @ 0x00000160bf7ea6f4 [0x00000160bf7ea360+0x0000000000000394]
J 14912 c1 java.awt.Window.dispatchEventImpl(Ljava/awt/AWTEvent;)V java.desktop@11.0.2 (23 bytes) @ 0x00000160b9405acc [0x00000160b94054a0+0x000000000000062c]
J 17671 c2 java.awt.EventQueue$4.run()Ljava/lang/Object; java.desktop@11.0.2 (5 bytes) @ 0x00000160beb57b80 [0x00000160beb575e0+0x00000000000005a0]
v  ~StubRoutines::call_stub
J 4700  java.security.AccessController.doPrivileged(Ljava/security/PrivilegedAction;Ljava/security/AccessControlContext;)Ljava/lang/Object; java.base@11.0.2 (0 bytes) @ 0x00000160bea2e7b6 [0x00000160bea2e740+0x0000000000000076]
J 19099 c2 java.awt.EventQueue$5.run()Ljava/lang/Object; java.desktop@11.0.2 (5 bytes) @ 0x00000160bf827af4 [0x00000160bf827880+0x0000000000000274]
v  ~StubRoutines::call_stub
J 4700  java.security.AccessController.doPrivileged(Ljava/security/PrivilegedAction;Ljava/security/AccessControlContext;)Ljava/lang/Object; java.base@11.0.2 (0 bytes) @ 0x00000160bea2e7b6 [0x00000160bea2e740+0x0000000000000076]
J 15180 c2 java.awt.EventQueue.dispatchEvent(Ljava/awt/AWTEvent;)V java.desktop@11.0.2 (80 bytes) @ 0x00000160bec3a9e8 [0x00000160bec3a640+0x00000000000003a8]
J 18928 c2 java.awt.EventDispatchThread.pumpOneEventForFilters(I)V java.desktop@11.0.2 (113 bytes) @ 0x00000160bf7e7f18 [0x00000160bf7e7ca0+0x0000000000000278]
j  java.awt.EventDispatchThread.pumpEventsForFilter(ILjava/awt/Conditional;Ljava/awt/EventFilter;)V+35 java.desktop@11.0.2
j  java.awt.EventDispatchThread.pumpEventsForHierarchy(ILjava/awt/Conditional;Ljava/awt/Component;)V+11 java.desktop@11.0.2
j  java.awt.EventDispatchThread.pumpEvents(ILjava/awt/Conditional;)V+4 java.desktop@11.0.2
j  java.awt.EventDispatchThread.pumpEvents(Ljava/awt/Conditional;)V+3 java.desktop@11.0.2
j  java.awt.EventDispatchThread.run()V+9 java.desktop@11.0.2
v  ~StubRoutines::call_stub

siginfo: EXCEPTION_ACCESS_VIOLATION (0xc0000005), reading address 0x0000000000000044


Register to memory mapping:

RIP=0x00007fff05c31049 points into unknown readable memory: 83 79 44 00 75 07 33
RAX=0x00008f9e1ed4c389 is an unknown value
RBX=0x00000160b00f3520 points into unknown readable memory: 80 3e 0f b0 60 01 00 00
RCX=0x0 is NULL
RDX=0x00000160c95db3b0 points into unknown readable memory: c0 4b c5 05 ff 7f 00 00
RSP=0x00000053b82f3af0 is pointing into the stack for thread: 0x00000160c5e5b800
RBP=0x0 is NULL
RSI=0x00000160c95db3b0 points into unknown readable memory: c0 4b c5 05 ff 7f 00 00
RDI=0x0 is NULL
R8 =0x00000053b82f3b80 is pointing into the stack for thread: 0x00000160c5e5b800
R9 =0x0000000000000018 is an unknown value
R10=0x0 is NULL
R11=0x27f8000000000780 is an unknown value
R12=0x0000000000000001 is an unknown value
R13=0x00007fff05c58e50 points into unknown readable memory: d0 2f c3 05 ff 7f 00 00
R14=0x00000160b2efe340 points into unknown readable memory: b0 b3 5d c9 60 01 00 00
R15=0x00000053b82f3b80 is pointing into the stack for thread: 0x00000160c5e5b800


Registers:
RAX=0x00008f9e1ed4c389, RBX=0x00000160b00f3520, RCX=0x0000000000000000, RDX=0x00000160c95db3b0
RSP=0x00000053b82f3af0, RBP=0x0000000000000000, RSI=0x00000160c95db3b0, RDI=0x0000000000000000
R8 =0x00000053b82f3b80, R9 =0x0000000000000018, R10=0x0000000000000000, R11=0x27f8000000000780
R12=0x0000000000000001, R13=0x00007fff05c58e50, R14=0x00000160b2efe340, R15=0x00000053b82f3b80
RIP=0x00007fff05c31049, EFLAGS=0x0000000000010206

Top of Stack: (sp=0x00000053b82f3af0)
0x00000053b82f3af0:   00000053b82f4ec0 00000053b82f3f10
0x00000053b82f3b00:   0000000000000000 00007fffad653dab
0x00000053b82f3b10:   0000fd6199d7f3ed 00000053b82f4ec0
0x00000053b82f3b20:   fffffffffffffffe 00000053b82f3cf8
0x00000053b82f3b30:   00007fff0d7a9920 00000053b82f3f10
0x00000053b82f3b40:   00000160c906b120 00000160b2efe340
0x00000053b82f3b50:   00000160b2efe340 00007fff05c42487
0x00000053b82f3b60:   0000000000000002 00000160b00f3520
0x00000053b82f3b70:   00000160d6bec5a0 00000053b82f3f10
0x00000053b82f3b80:   00000053b82f3fd0 00000053b82f4590
0x00000053b82f3b90:   0000002280000029 0000000000000000
0x00000053b82f3ba0:   0000000000000000 000000000000000f
0x00000053b82f3bb0:   00007fff7c8247c0 00000053b82f3cf8
0x00000053b82f3bc0:   00007fff0d6d6990 0000000000000001
0x00000053b82f3bd0:   00000053b82f4700 00007fff0d7a9920
0x00000053b82f3be0:   00000053b82f4ec0 0000000000000000 

Instructions: (pc=0x00007fff05c31049)
0x00007fff05c31029:   50 48 c7 44 24 30 fe ff ff ff 48 89 5c 24 78 48
0x00007fff05c31039:   89 b4 24 80 00 00 00 4d 8b f8 48 8b f2 48 8b f9
0x00007fff05c31049:   83 79 44 00 75 07 33 c0 e9 d1 00 00 00 48 8b 41
0x00007fff05c31059:   48 8b 10 48 03 51 28 48 8d 4c 24 38 e8 66 eb ff 


Stack slot to memory mapping:
stack at sp + 0 slots: 0x00000053b82f4ec0 is pointing into the stack for thread: 0x00000160c5e5b800
stack at sp + 1 slots: 0x00000053b82f3f10 is pointing into the stack for thread: 0x00000160c5e5b800
stack at sp + 2 slots: 0x0 is NULL
stack at sp + 3 slots: 0x00007fffad653dab KERNELBASE.dll
stack at sp + 4 slots: 0x0000fd6199d7f3ed is an unknown value
stack at sp + 5 slots: 0x00000053b82f4ec0 is pointing into the stack for thread: 0x00000160c5e5b800
stack at sp + 6 slots: 0xfffffffffffffffe is an unknown value
stack at sp + 7 slots: 0x00000053b82f3cf8 is pointing into the stack for thread: 0x00000160c5e5b800


---------------  P R O C E S S  ---------------

Threads class SMR info:
_java_thread_list=0x00000160cbf283f0, length=32, elements={
0x00000160b16ad800, 0x00000160b2ef5000, 0x00000160b1665800, 0x00000160b1666800,
0x00000160d3203800, 0x00000160d2911800, 0x00000160d0bc4800, 0x00000160b52fe800,
0x00000160b32f8800, 0x00000160b330d000, 0x00000160afac1800, 0x00000160afd4b800,
0x00000160afd4c800, 0x00000160b03bb000, 0x00000160c5e5b800, 0x00000160c5e59000,
0x00000160c5e5f000, 0x00000160c5e5d000, 0x00000160c5e5b000, 0x00000160c5e5a000,
0x00000160c5e62000, 0x00000160c5e65800, 0x00000160d0bc3000, 0x00000160c5e64000,
0x00000160c5e63000, 0x00000160c5e68000, 0x00000160d0bc5800, 0x00000160d0bc7000,
0x00000160c5f4c000, 0x00000160c5f52800, 0x00000160c5f51000, 0x00000160c5f53800
}

Java Threads: ( => current thread )
  0x00000160b16ad800 JavaThread "main" [_thread_blocked, id=10856, stack(0x00000053b3100000,0x00000053b3200000)]
  0x00000160b2ef5000 JavaThread "Reference Handler" daemon [_thread_blocked, id=14160, stack(0x00000053b3800000,0x00000053b3d00000)]
  0x00000160b1665800 JavaThread "Finalizer" daemon [_thread_blocked, id=19100, stack(0x00000053b3d00000,0x00000053b4200000)]
  0x00000160b1666800 JavaThread "Signal Dispatcher" daemon [_thread_blocked, id=7808, stack(0x00000053b4200000,0x00000053b4700000)]
  0x00000160d3203800 JavaThread "Attach Listener" daemon [_thread_blocked, id=17636, stack(0x00000053b4700000,0x00000053b4c00000)]
  0x00000160d2911800 JavaThread "C2 CompilerThread0" daemon [_thread_blocked, id=17664, stack(0x00000053b4c00000,0x00000053b4d00000)]
  0x00000160d0bc4800 JavaThread "C1 CompilerThread0" daemon [_thread_blocked, id=2856, stack(0x00000053b4d00000,0x00000053b4e00000)]
  0x00000160b52fe800 JavaThread "Sweeper thread" daemon [_thread_blocked, id=15940, stack(0x00000053b4e00000,0x00000053b5300000)]
  0x00000160b32f8800 JavaThread "Common-Cleaner" daemon [_thread_blocked, id=6916, stack(0x00000053b5700000,0x00000053b5c00000)]
  0x00000160b330d000 JavaThread "Service Thread" daemon [_thread_blocked, id=5792, stack(0x00000053b5c00000,0x00000053b6100000)]
  0x00000160afac1800 JavaThread "Java2D Disposer" daemon [_thread_blocked, id=4036, stack(0x00000053b6200000,0x00000053b6700000)]
  0x00000160afd4b800 JavaThread "AWT-Shutdown" [_thread_blocked, id=19096, stack(0x00000053b6700000,0x00000053b6c00000)]
  0x00000160afd4c800 JavaThread "AWT-Windows" daemon [_thread_in_native, id=19220, stack(0x00000053b6c00000,0x00000053b7100000)]
  0x00000160b03bb000 JavaThread "TimerQueue" daemon [_thread_blocked, id=14248, stack(0x00000053b7100000,0x00000053b7600000)]
=>0x00000160c5e5b800 JavaThread "AWT-EventQueue-0" [_thread_in_native, id=6004, stack(0x00000053b7e00000,0x00000053b8300000)]
  0x00000160c5e59000 JavaThread "Thread-1" [_thread_in_native, id=10380, stack(0x00000053b1a00000,0x00000053b2e00000)]
  0x00000160c5e5f000 JavaThread "Process Messages Thread" [_thread_blocked, id=16736, stack(0x00000053b8800000,0x00000053b8d00000)]
  0x00000160c5e5d000 JavaThread "Batik CleanerThread" daemon [_thread_blocked, id=5332, stack(0x00000053b8300000,0x00000053b8800000)]
  0x00000160c5e5b000 JavaThread "SyntheticaCleanerThread" daemon [_thread_blocked, id=12632, stack(0x00000053ba100000,0x00000053ba600000)]
  0x00000160c5e5a000 JavaThread "Monitor HEventQueue Thread" [_thread_blocked, id=15648, stack(0x00000053ba600000,0x00000053bab00000)]
  0x00000160c5e62000 JavaThread "SyntheticaAnimation 50" daemon [_thread_blocked, id=19400, stack(0x00000053bab00000,0x00000053bb000000)]
  0x00000160c5e65800 JavaThread "SyntheticaAnimation 25" daemon [_thread_blocked, id=16272, stack(0x00000053bb400000,0x00000053bb900000)]
  0x00000160d0bc3000 JavaThread "SyntheticaAnimation 70" daemon [_thread_blocked, id=18904, stack(0x00000053bc300000,0x00000053bc800000)]
  0x00000160c5e64000 JavaThread "Refresh Filesets Swing Worker Thread" [_thread_blocked, id=18668, stack(0x00000053bbe00000,0x00000053bc300000)]
  0x00000160c5e63000 JavaThread "hw_ila_monitor" [_thread_blocked, id=11692, stack(0x00000053bc800000,0x00000053bcd00000)]
  0x00000160c5e68000 JavaThread "pool-2-thread-1" [_thread_blocked, id=6964, stack(0x00000053bd200000,0x00000053bd700000)]
  0x00000160d0bc5800 JavaThread "pool-3-thread-1" [_thread_blocked, id=14528, stack(0x00000053bd700000,0x00000053bdc00000)]
  0x00000160d0bc7000 JavaThread "pool-4-thread-1" [_thread_blocked, id=17560, stack(0x00000053bdc00000,0x00000053be100000)]
  0x00000160c5f4c000 JavaThread "Update Runs Swing Worker Thread" [_thread_blocked, id=4992, stack(0x00000053be600000,0x00000053beb00000)]
  0x00000160c5f52800 JavaThread "SyntheticaAnimation 50" daemon [_thread_blocked, id=3260, stack(0x00000053b7600000,0x00000053b7b00000)]
  0x00000160c5f51000 JavaThread "SyntheticaAnimation 50" daemon [_thread_blocked, id=18504, stack(0x00000053b9c00000,0x00000053ba100000)]
  0x00000160c5f53800 JavaThread "Relaunch Simulation Thread" [_thread_blocked, id=7328, stack(0x00000053bb900000,0x00000053bbe00000)]

Other Threads:
  0x00000160b1766800 VMThread "VM Thread" [stack: 0x00000053b3700000,0x00000053b3800000] [id=15484]
  0x00000160d43b6800 WatcherThread [stack: 0x00000053b6100000,0x00000053b6200000] [id=11216]
  0x00000160b30f1800 GCTaskThread "GC Thread#0" [stack: 0x00000053b3200000,0x00000053b3300000] [id=18920]
  0x0000016098d45800 GCTaskThread "GC Thread#1" [stack: 0x00000053b8d00000,0x00000053b8e00000] [id=17464]
  0x00000160c63d1000 GCTaskThread "GC Thread#2" [stack: 0x00000053b8e00000,0x00000053b8f00000] [id=18084]
  0x0000016099578800 GCTaskThread "GC Thread#3" [stack: 0x00000053b8f00000,0x00000053b9000000] [id=8324]
  0x0000016099579000 GCTaskThread "GC Thread#4" [stack: 0x00000053b9000000,0x00000053b9100000] [id=18284]
  0x0000016099718800 GCTaskThread "GC Thread#5" [stack: 0x00000053b9100000,0x00000053b9200000] [id=17440]
  0x00000160990ec800 GCTaskThread "GC Thread#6" [stack: 0x00000053b9200000,0x00000053b9300000] [id=9512]
  0x00000160990ed800 GCTaskThread "GC Thread#7" [stack: 0x00000053b9300000,0x00000053b9400000] [id=6088]
  0x00000160993b2800 GCTaskThread "GC Thread#8" [stack: 0x00000053b9400000,0x00000053b9500000] [id=18036]
  0x00000160993b3000 GCTaskThread "GC Thread#9" [stack: 0x00000053b9500000,0x00000053b9600000] [id=19316]
  0x00000160d30fa800 GCTaskThread "GC Thread#10" [stack: 0x00000053b9600000,0x00000053b9700000] [id=16884]
  0x00000160d30fb000 GCTaskThread "GC Thread#11" [stack: 0x00000053b9700000,0x00000053b9800000] [id=8436]
  0x00000160d30fc800 GCTaskThread "GC Thread#12" [stack: 0x00000053bb200000,0x00000053bb300000] [id=16232]
  0x00000160d2c96800 ConcurrentGCThread "G1 Main Marker" [stack: 0x00000053b3300000,0x00000053b3400000] [id=18676]
  0x00000160b31f0800 ConcurrentGCThread "G1 Conc#0" [stack: 0x00000053b3400000,0x00000053b3500000] [id=18716]
  0x00000160d30f7800 ConcurrentGCThread "G1 Conc#1" [stack: 0x00000053b9800000,0x00000053b9900000] [id=7972]
  0x00000160d30f9000 ConcurrentGCThread "G1 Conc#2" [stack: 0x00000053b9900000,0x00000053b9a00000] [id=3936]
  0x00000160d30fa000 ConcurrentGCThread "G1 Refine#0" [stack: 0x00000053b3500000,0x00000053b3600000] [id=18712]
  0x00000160d30fc000 ConcurrentGCThread "G1 Refine#1" [stack: 0x00000053b9b00000,0x00000053b9c00000] [id=13992]
  0x00000160d2c00000 ConcurrentGCThread "G1 Young RemSet Sampling" [stack: 0x00000053b3600000,0x00000053b3700000] [id=18704]

Threads with active compile tasks:

VM state:not at safepoint (normal execution)

VM Mutex/Monitor currently owned by a thread: None

Heap address: 0x0000000740000000, size: 3072 MB, Compressed Oops mode: Zero based, Oop shift amount: 3
Narrow klass base: 0x0000000800000000, Narrow klass shift: 0
Compressed class space size: 1073741824 Address: 0x0000000800000000

Heap:
 garbage-first heap   total 173056K, used 124922K [0x0000000740000000, 0x0000000800000000)
  region size 1024K, 28 young (28672K), 1 survivors (1024K)
 Metaspace       used 93323K, capacity 95716K, committed 95880K, reserved 1132544K
  class space    used 12777K, capacity 13859K, committed 13952K, reserved 1048576K
Heap Regions: E=young(eden), S=young(survivor), O=old, HS=humongous(starts), HC=humongous(continues), CS=collection set, F=free, A=archive, TAMS=top-at-mark-start (previous, next)
|   0|0x0000000740000000, 0x0000000740100000, 0x0000000740100000|100%|HS|  |TAMS 0x0000000740100000, 0x0000000740000000| Complete 
|   1|0x0000000740100000, 0x0000000740200000, 0x0000000740200000|100%|HC|  |TAMS 0x0000000740200000, 0x0000000740100000| Complete 
|   2|0x0000000740200000, 0x0000000740300000, 0x0000000740300000|100%|HS|  |TAMS 0x0000000740300000, 0x0000000740200000| Complete 
|   3|0x0000000740300000, 0x00000007403fc4d8, 0x0000000740400000| 98%| O|  |TAMS 0x00000007403fc4d8, 0x0000000740300000| Untracked 
|   4|0x0000000740400000, 0x00000007404ffff8, 0x0000000740500000| 99%| O|  |TAMS 0x00000007404ffff8, 0x0000000740400000| Untracked 
|   5|0x0000000740500000, 0x00000007405ffff0, 0x0000000740600000| 99%| O|  |TAMS 0x00000007405ffff0, 0x0000000740500000| Untracked 
|   6|0x0000000740600000, 0x0000000740700000, 0x0000000740700000|100%| O|  |TAMS 0x0000000740700000, 0x0000000740600000| Untracked 
|   7|0x0000000740700000, 0x0000000740800000, 0x0000000740800000|100%| O|  |TAMS 0x0000000740800000, 0x0000000740700000| Untracked 
|   8|0x0000000740800000, 0x0000000740900000, 0x0000000740900000|100%| O|  |TAMS 0x0000000740900000, 0x0000000740800000| Untracked 
|   9|0x0000000740900000, 0x0000000740a00000, 0x0000000740a00000|100%| O|  |TAMS 0x0000000740a00000, 0x0000000740900000| Untracked 
|  10|0x0000000740a00000, 0x0000000740afffe0, 0x0000000740b00000| 99%| O|  |TAMS 0x0000000740afffe0, 0x0000000740a00000| Untracked 
|  11|0x0000000740b00000, 0x0000000740bfffd8, 0x0000000740c00000| 99%| O|  |TAMS 0x0000000740bfffd8, 0x0000000740b00000| Untracked 
|  12|0x0000000740c00000, 0x0000000740cffff8, 0x0000000740d00000| 99%| O|  |TAMS 0x0000000740cffff8, 0x0000000740c00000| Untracked 
|  13|0x0000000740d00000, 0x0000000740deae80, 0x0000000740e00000| 91%| O|  |TAMS 0x0000000740deae80, 0x0000000740d00000| Untracked 
|  14|0x0000000740e00000, 0x0000000740effff0, 0x0000000740f00000| 99%| O|  |TAMS 0x0000000740effff0, 0x0000000740e00000| Untracked 
|  15|0x0000000740f00000, 0x0000000740fff8c8, 0x0000000741000000| 99%| O|  |TAMS 0x0000000740fff8c8, 0x0000000740f00000| Untracked 
|  16|0x0000000741000000, 0x00000007410ffff0, 0x0000000741100000| 99%| O|  |TAMS 0x00000007410ffff0, 0x0000000741000000| Untracked 
|  17|0x0000000741100000, 0x00000007411ffff8, 0x0000000741200000| 99%| O|  |TAMS 0x00000007411ffff8, 0x0000000741100000| Untracked 
|  18|0x0000000741200000, 0x00000007412ffff8, 0x0000000741300000| 99%| O|  |TAMS 0x00000007412ffff8, 0x0000000741200000| Untracked 
|  19|0x0000000741300000, 0x00000007413ffff8, 0x0000000741400000| 99%| O|  |TAMS 0x00000007413ffff8, 0x0000000741300000| Untracked 
|  20|0x0000000741400000, 0x00000007414fffe8, 0x0000000741500000| 99%| O|  |TAMS 0x00000007414fffe8, 0x0000000741400000| Untracked 
|  21|0x0000000741500000, 0x00000007415fffd0, 0x0000000741600000| 99%| O|  |TAMS 0x00000007415fffd0, 0x0000000741500000| Untracked 
|  22|0x0000000741600000, 0x00000007416ffff0, 0x0000000741700000| 99%| O|  |TAMS 0x00000007416ffff0, 0x0000000741600000| Untracked 
|  23|0x0000000741700000, 0x00000007417ffff8, 0x0000000741800000| 99%| O|  |TAMS 0x00000007417ffff8, 0x0000000741700000| Untracked 
|  24|0x0000000741800000, 0x00000007418fffb8, 0x0000000741900000| 99%| O|  |TAMS 0x00000007418fffb8, 0x0000000741800000| Untracked 
|  25|0x0000000741900000, 0x00000007419ffff0, 0x0000000741a00000| 99%| O|  |TAMS 0x00000007419ffff0, 0x0000000741900000| Untracked 
|  26|0x0000000741a00000, 0x0000000741affff8, 0x0000000741b00000| 99%| O|  |TAMS 0x0000000741affff8, 0x0000000741a00000| Untracked 
|  27|0x0000000741b00000, 0x0000000741bffff8, 0x0000000741c00000| 99%| O|  |TAMS 0x0000000741bffff8, 0x0000000741b00000| Untracked 
|  28|0x0000000741c00000, 0x0000000741cfff40, 0x0000000741d00000| 99%| O|  |TAMS 0x0000000741cfff40, 0x0000000741c00000| Untracked 
|  29|0x0000000741d00000, 0x0000000741dfffe8, 0x0000000741e00000| 99%| O|  |TAMS 0x0000000741dfffe8, 0x0000000741d00000| Untracked 
|  30|0x0000000741e00000, 0x0000000741effff0, 0x0000000741f00000| 99%| O|  |TAMS 0x0000000741effff0, 0x0000000741e00000| Untracked 
|  31|0x0000000741f00000, 0x0000000741fffff0, 0x0000000742000000| 99%| O|  |TAMS 0x0000000741fffff0, 0x0000000741f00000| Untracked 
|  32|0x0000000742000000, 0x0000000742100000, 0x0000000742100000|100%| O|  |TAMS 0x0000000742100000, 0x0000000742000000| Untracked 
|  33|0x0000000742100000, 0x00000007421fffd8, 0x0000000742200000| 99%| O|  |TAMS 0x00000007421fffd8, 0x0000000742100000| Untracked 
|  34|0x0000000742200000, 0x00000007422ffff8, 0x0000000742300000| 99%| O|  |TAMS 0x00000007422ffff8, 0x0000000742200000| Untracked 
|  35|0x0000000742300000, 0x00000007423ffff0, 0x0000000742400000| 99%| O|  |TAMS 0x00000007423ffff0, 0x0000000742300000| Untracked 
|  36|0x0000000742400000, 0x00000007424ffff8, 0x0000000742500000| 99%| O|  |TAMS 0x00000007424ffff8, 0x0000000742400000| Untracked 
|  37|0x0000000742500000, 0x00000007425ffe00, 0x0000000742600000| 99%| O|  |TAMS 0x00000007425ffe00, 0x0000000742500000| Untracked 
|  38|0x0000000742600000, 0x0000000742700000, 0x0000000742700000|100%| O|  |TAMS 0x0000000742700000, 0x0000000742600000| Untracked 
|  39|0x0000000742700000, 0x00000007427ffff0, 0x0000000742800000| 99%| O|  |TAMS 0x00000007427ffff0, 0x0000000742700000| Untracked 
|  40|0x0000000742800000, 0x00000007428fffd0, 0x0000000742900000| 99%| O|  |TAMS 0x00000007428fffd0, 0x0000000742800000| Untracked 
|  41|0x0000000742900000, 0x0000000742a00000, 0x0000000742a00000|100%|HS|  |TAMS 0x0000000742a00000, 0x0000000742900000| Complete 
|  42|0x0000000742a00000, 0x0000000742b00000, 0x0000000742b00000|100%|HC|  |TAMS 0x0000000742b00000, 0x0000000742a00000| Complete 
|  43|0x0000000742b00000, 0x0000000742c00000, 0x0000000742c00000|100%|HC|  |TAMS 0x0000000742c00000, 0x0000000742b00000| Complete 
|  44|0x0000000742c00000, 0x0000000742d00000, 0x0000000742d00000|100%|HC|  |TAMS 0x0000000742d00000, 0x0000000742c00000| Complete 
|  45|0x0000000742d00000, 0x0000000742e00000, 0x0000000742e00000|100%|HC|  |TAMS 0x0000000742e00000, 0x0000000742d00000| Complete 
|  46|0x0000000742e00000, 0x0000000742f00000, 0x0000000742f00000|100%|HC|  |TAMS 0x0000000742f00000, 0x0000000742e00000| Complete 
|  47|0x0000000742f00000, 0x0000000743000000, 0x0000000743000000|100%|HC|  |TAMS 0x0000000743000000, 0x0000000742f00000| Complete 
|  48|0x0000000743000000, 0x0000000743100000, 0x0000000743100000|100%|HC|  |TAMS 0x0000000743100000, 0x0000000743000000| Complete 
|  49|0x0000000743100000, 0x0000000743200000, 0x0000000743200000|100%|HC|  |TAMS 0x0000000743200000, 0x0000000743100000| Complete 
|  50|0x0000000743200000, 0x0000000743300000, 0x0000000743300000|100%|HC|  |TAMS 0x0000000743300000, 0x0000000743200000| Complete 
|  51|0x0000000743300000, 0x0000000743400000, 0x0000000743400000|100%|HC|  |TAMS 0x0000000743400000, 0x0000000743300000| Complete 
|  52|0x0000000743400000, 0x0000000743500000, 0x0000000743500000|100%|HC|  |TAMS 0x0000000743500000, 0x0000000743400000| Complete 
|  53|0x0000000743500000, 0x0000000743600000, 0x0000000743600000|100%|HC|  |TAMS 0x0000000743600000, 0x0000000743500000| Complete 
|  54|0x0000000743600000, 0x0000000743700000, 0x0000000743700000|100%|HC|  |TAMS 0x0000000743700000, 0x0000000743600000| Complete 
|  55|0x0000000743700000, 0x00000007437fffd0, 0x0000000743800000| 99%| O|  |TAMS 0x00000007437fffd0, 0x0000000743700000| Untracked 
|  56|0x0000000743800000, 0x00000007438fffe0, 0x0000000743900000| 99%| O|  |TAMS 0x00000007438fffe0, 0x0000000743800000| Untracked 
|  57|0x0000000743900000, 0x0000000743a00000, 0x0000000743a00000|100%| O|  |TAMS 0x0000000743a00000, 0x0000000743900000| Untracked 
|  58|0x0000000743a00000, 0x0000000743afffe8, 0x0000000743b00000| 99%| O|  |TAMS 0x0000000743afffe8, 0x0000000743a00000| Untracked 
|  59|0x0000000743b00000, 0x0000000743bffff8, 0x0000000743c00000| 99%| O|  |TAMS 0x0000000743bffff8, 0x0000000743b00000| Untracked 
|  60|0x0000000743c00000, 0x0000000743d00000, 0x0000000743d00000|100%| O|  |TAMS 0x0000000743d00000, 0x0000000743c00000| Untracked 
|  61|0x0000000743d00000, 0x0000000743e00000, 0x0000000743e00000|100%| O|  |TAMS 0x0000000743e00000, 0x0000000743d00000| Untracked 
|  62|0x0000000743e00000, 0x0000000743effff0, 0x0000000743f00000| 99%| O|  |TAMS 0x0000000743effff0, 0x0000000743e00000| Untracked 
|  63|0x0000000743f00000, 0x0000000743fffed8, 0x0000000744000000| 99%| O|  |TAMS 0x0000000743fffed8, 0x0000000743f00000| Untracked 
|  64|0x0000000744000000, 0x00000007440fffd8, 0x0000000744100000| 99%| O|  |TAMS 0x00000007440fffd8, 0x0000000744000000| Untracked 
|  65|0x0000000744100000, 0x0000000744200000, 0x0000000744200000|100%| O|  |TAMS 0x0000000744200000, 0x0000000744100000| Untracked 
|  66|0x0000000744200000, 0x00000007442ffff0, 0x0000000744300000| 99%| O|  |TAMS 0x00000007442ffff0, 0x0000000744200000| Untracked 
|  67|0x0000000744300000, 0x0000000744400000, 0x0000000744400000|100%| O|  |TAMS 0x0000000744400000, 0x0000000744300000| Untracked 
|  68|0x0000000744400000, 0x0000000744500000, 0x0000000744500000|100%| O|  |TAMS 0x0000000744500000, 0x0000000744400000| Untracked 
|  69|0x0000000744500000, 0x00000007445ffff0, 0x0000000744600000| 99%| O|  |TAMS 0x00000007445ffff0, 0x0000000744500000| Untracked 
|  70|0x0000000744600000, 0x00000007446fffe8, 0x0000000744700000| 99%| O|  |TAMS 0x00000007446fffe8, 0x0000000744600000| Untracked 
|  71|0x0000000744700000, 0x00000007447ffff8, 0x0000000744800000| 99%| O|  |TAMS 0x00000007447ffff8, 0x0000000744700000| Untracked 
|  72|0x0000000744800000, 0x0000000744900000, 0x0000000744900000|100%| O|  |TAMS 0x0000000744900000, 0x0000000744800000| Untracked 
|  73|0x0000000744900000, 0x00000007449ffff8, 0x0000000744a00000| 99%| O|  |TAMS 0x00000007449ffff8, 0x0000000744900000| Untracked 
|  74|0x0000000744a00000, 0x0000000744affff0, 0x0000000744b00000| 99%| O|  |TAMS 0x0000000744affff0, 0x0000000744a00000| Untracked 
|  75|0x0000000744b00000, 0x0000000744bfffd8, 0x0000000744c00000| 99%| O|  |TAMS 0x0000000744bfffd8, 0x0000000744b00000| Untracked 
|  76|0x0000000744c00000, 0x0000000744cfeeb8, 0x0000000744d00000| 99%| O|  |TAMS 0x0000000744cfeeb8, 0x0000000744c00000| Untracked 
|  77|0x0000000744d00000, 0x0000000744dfffe0, 0x0000000744e00000| 99%| O|  |TAMS 0x0000000744dfffe0, 0x0000000744d00000| Untracked 
|  78|0x0000000744e00000, 0x0000000744effff8, 0x0000000744f00000| 99%| O|  |TAMS 0x0000000744effff8, 0x0000000744e00000| Untracked 
|  79|0x0000000744f00000, 0x0000000744fffff0, 0x0000000745000000| 99%| O|  |TAMS 0x0000000744fffff0, 0x0000000744f00000| Untracked 
|  80|0x0000000745000000, 0x0000000745100000, 0x0000000745100000|100%| O|  |TAMS 0x0000000745100000, 0x0000000745000000| Untracked 
|  81|0x0000000745100000, 0x00000007451fbcb0, 0x0000000745200000| 98%| O|  |TAMS 0x00000007451fbcb0, 0x0000000745100000| Untracked 
|  82|0x0000000745200000, 0x00000007452ffff0, 0x0000000745300000| 99%| O|  |TAMS 0x00000007452ffff0, 0x0000000745200000| Untracked 
|  83|0x0000000745300000, 0x00000007453fffe8, 0x0000000745400000| 99%| O|  |TAMS 0x00000007453fffe8, 0x0000000745300000| Untracked 
|  84|0x0000000745400000, 0x00000007454fc648, 0x0000000745500000| 98%| O|  |TAMS 0x00000007454fc648, 0x0000000745400000| Untracked 
|  85|0x0000000745500000, 0x00000007455ffce0, 0x0000000745600000| 99%| O|  |TAMS 0x00000007455ffce0, 0x0000000745500000| Untracked 
|  86|0x0000000745600000, 0x0000000745700000, 0x0000000745700000|100%|HS|  |TAMS 0x0000000745700000, 0x0000000745600000| Complete 
|  87|0x0000000745700000, 0x00000007457ec000, 0x0000000745800000| 92%| O|  |TAMS 0x00000007457ec000, 0x0000000745700000| Untracked 
|  88|0x0000000745800000, 0x00000007458f02b0, 0x0000000745900000| 93%| O|  |TAMS 0x00000007458f02b0, 0x0000000745800000| Untracked 
|  89|0x0000000745900000, 0x00000007459bad78, 0x0000000745a00000| 72%| O|  |TAMS 0x00000007459bad78, 0x0000000745900000| Untracked 
|  90|0x0000000745a00000, 0x0000000745a5dbe0, 0x0000000745b00000| 36%| O|  |TAMS 0x0000000745a5dbe0, 0x0000000745a00000| Untracked 
|  91|0x0000000745b00000, 0x0000000745b48db0, 0x0000000745c00000| 28%| O|  |TAMS 0x0000000745b48db0, 0x0000000745b00000| Untracked 
|  92|0x0000000745c00000, 0x0000000745c00000, 0x0000000745d00000|  0%| F|  |TAMS 0x0000000745c00000, 0x0000000745c00000| Untracked 
|  93|0x0000000745d00000, 0x0000000745d00000, 0x0000000745e00000|  0%| F|  |TAMS 0x0000000745d00000, 0x0000000745d00000| Untracked 
|  94|0x0000000745e00000, 0x0000000745e00000, 0x0000000745f00000|  0%| F|  |TAMS 0x0000000745e00000, 0x0000000745e00000| Untracked 
|  95|0x0000000745f00000, 0x0000000746000000, 0x0000000746000000|100%|HS|  |TAMS 0x0000000746000000, 0x0000000745f00000| Complete 
|  96|0x0000000746000000, 0x0000000746100000, 0x0000000746100000|100%|HC|  |TAMS 0x0000000746100000, 0x0000000746000000| Complete 
|  97|0x0000000746100000, 0x0000000746200000, 0x0000000746200000|100%|HC|  |TAMS 0x0000000746200000, 0x0000000746100000| Complete 
|  98|0x0000000746200000, 0x0000000746300000, 0x0000000746300000|100%|HC|  |TAMS 0x0000000746300000, 0x0000000746200000| Complete 
|  99|0x0000000746300000, 0x0000000746400000, 0x0000000746400000|100%|HC|  |TAMS 0x0000000746400000, 0x0000000746300000| Complete 
| 100|0x0000000746400000, 0x000000074641f3f0, 0x0000000746500000| 12%| O|  |TAMS 0x000000074641f3f0, 0x0000000746400000| Untracked 
| 101|0x0000000746500000, 0x0000000746500000, 0x0000000746600000|  0%| F|  |TAMS 0x0000000746500000, 0x0000000746500000| Untracked 
| 102|0x0000000746600000, 0x0000000746600000, 0x0000000746700000|  0%| F|  |TAMS 0x0000000746600000, 0x0000000746600000| Untracked 
| 103|0x0000000746700000, 0x0000000746700000, 0x0000000746800000|  0%| F|  |TAMS 0x0000000746700000, 0x0000000746700000| Untracked 
| 104|0x0000000746800000, 0x0000000746800000, 0x0000000746900000|  0%| F|  |TAMS 0x0000000746800000, 0x0000000746800000| Untracked 
| 105|0x0000000746900000, 0x0000000746900000, 0x0000000746a00000|  0%| F|  |TAMS 0x0000000746900000, 0x0000000746900000| Untracked 
| 106|0x0000000746a00000, 0x0000000746a00000, 0x0000000746b00000|  0%| F|  |TAMS 0x0000000746a00000, 0x0000000746a00000| Untracked 
| 107|0x0000000746b00000, 0x0000000746b00000, 0x0000000746c00000|  0%| F|  |TAMS 0x0000000746b00000, 0x0000000746b00000| Untracked 
| 108|0x0000000746c00000, 0x0000000746cc4a30, 0x0000000746d00000| 76%| S|CS|TAMS 0x0000000746c00000, 0x0000000746c00000| Complete 
| 109|0x0000000746d00000, 0x0000000746d00000, 0x0000000746e00000|  0%| F|  |TAMS 0x0000000746d00000, 0x0000000746d00000| Untracked 
| 110|0x0000000746e00000, 0x0000000746e00000, 0x0000000746f00000|  0%| F|  |TAMS 0x0000000746e00000, 0x0000000746e00000| Untracked 
| 111|0x0000000746f00000, 0x0000000746f00000, 0x0000000747000000|  0%| F|  |TAMS 0x0000000746f00000, 0x0000000746f00000| Untracked 
| 112|0x0000000747000000, 0x0000000747000000, 0x0000000747100000|  0%| F|  |TAMS 0x0000000747000000, 0x0000000747000000| Untracked 
| 113|0x0000000747100000, 0x0000000747100000, 0x0000000747200000|  0%| F|  |TAMS 0x0000000747100000, 0x0000000747100000| Untracked 
| 114|0x0000000747200000, 0x0000000747200000, 0x0000000747300000|  0%| F|  |TAMS 0x0000000747200000, 0x0000000747200000| Untracked 
| 115|0x0000000747300000, 0x0000000747300000, 0x0000000747400000|  0%| F|  |TAMS 0x0000000747300000, 0x0000000747300000| Untracked 
| 116|0x0000000747400000, 0x0000000747400000, 0x0000000747500000|  0%| F|  |TAMS 0x0000000747400000, 0x0000000747400000| Untracked 
| 117|0x0000000747500000, 0x0000000747500000, 0x0000000747600000|  0%| F|  |TAMS 0x0000000747500000, 0x0000000747500000| Untracked 
| 118|0x0000000747600000, 0x0000000747600000, 0x0000000747700000|  0%| F|  |TAMS 0x0000000747600000, 0x0000000747600000| Untracked 
| 119|0x0000000747700000, 0x0000000747700000, 0x0000000747800000|  0%| F|  |TAMS 0x0000000747700000, 0x0000000747700000| Untracked 
| 120|0x0000000747800000, 0x0000000747800000, 0x0000000747900000|  0%| F|  |TAMS 0x0000000747800000, 0x0000000747800000| Untracked 
| 121|0x0000000747900000, 0x0000000747900000, 0x0000000747a00000|  0%| F|  |TAMS 0x0000000747900000, 0x0000000747900000| Untracked 
| 122|0x0000000747a00000, 0x0000000747a00000, 0x0000000747b00000|  0%| F|  |TAMS 0x0000000747a00000, 0x0000000747a00000| Untracked 
| 123|0x0000000747b00000, 0x0000000747b00000, 0x0000000747c00000|  0%| F|  |TAMS 0x0000000747b00000, 0x0000000747b00000| Untracked 
| 124|0x0000000747c00000, 0x0000000747c00000, 0x0000000747d00000|  0%| F|  |TAMS 0x0000000747c00000, 0x0000000747c00000| Untracked 
| 125|0x0000000747d00000, 0x0000000747d00000, 0x0000000747e00000|  0%| F|  |TAMS 0x0000000747d00000, 0x0000000747d00000| Untracked 
| 126|0x0000000747e00000, 0x0000000747e00000, 0x0000000747f00000|  0%| F|  |TAMS 0x0000000747e00000, 0x0000000747e00000| Untracked 
| 127|0x0000000747f00000, 0x0000000747f00000, 0x0000000748000000|  0%| F|  |TAMS 0x0000000747f00000, 0x0000000747f00000| Untracked 
| 128|0x0000000748000000, 0x0000000748000000, 0x0000000748100000|  0%| F|  |TAMS 0x0000000748000000, 0x0000000748000000| Untracked 
| 129|0x0000000748100000, 0x0000000748100000, 0x0000000748200000|  0%| F|  |TAMS 0x0000000748100000, 0x0000000748100000| Untracked 
| 130|0x0000000748200000, 0x0000000748200000, 0x0000000748300000|  0%| F|  |TAMS 0x0000000748200000, 0x0000000748200000| Untracked 
| 131|0x0000000748300000, 0x0000000748300000, 0x0000000748400000|  0%| F|  |TAMS 0x0000000748300000, 0x0000000748300000| Untracked 
| 132|0x0000000748400000, 0x0000000748400000, 0x0000000748500000|  0%| F|  |TAMS 0x0000000748400000, 0x0000000748400000| Untracked 
| 133|0x0000000748500000, 0x0000000748500000, 0x0000000748600000|  0%| F|  |TAMS 0x0000000748500000, 0x0000000748500000| Untracked 
| 134|0x0000000748600000, 0x0000000748600000, 0x0000000748700000|  0%| F|  |TAMS 0x0000000748600000, 0x0000000748600000| Untracked 
| 135|0x0000000748700000, 0x0000000748700000, 0x0000000748800000|  0%| F|  |TAMS 0x0000000748700000, 0x0000000748700000| Untracked 
| 136|0x0000000748800000, 0x0000000748800000, 0x0000000748900000|  0%| F|  |TAMS 0x0000000748800000, 0x0000000748800000| Untracked 
| 137|0x0000000748900000, 0x0000000748900000, 0x0000000748a00000|  0%| F|  |TAMS 0x0000000748900000, 0x0000000748900000| Untracked 
| 138|0x0000000748a00000, 0x0000000748a00000, 0x0000000748b00000|  0%| F|  |TAMS 0x0000000748a00000, 0x0000000748a00000| Untracked 
| 139|0x0000000748b00000, 0x0000000748b00000, 0x0000000748c00000|  0%| F|  |TAMS 0x0000000748b00000, 0x0000000748b00000| Untracked 
| 140|0x0000000748c00000, 0x0000000748c00000, 0x0000000748d00000|  0%| F|  |TAMS 0x0000000748c00000, 0x0000000748c00000| Untracked 
| 141|0x0000000748d00000, 0x0000000748d00000, 0x0000000748e00000|  0%| F|  |TAMS 0x0000000748d00000, 0x0000000748d00000| Untracked 
| 142|0x0000000748e00000, 0x0000000748e847d0, 0x0000000748f00000| 51%| E|  |TAMS 0x0000000748e00000, 0x0000000748e00000| Complete 
| 143|0x0000000748f00000, 0x0000000749000000, 0x0000000749000000|100%| E|CS|TAMS 0x0000000748f00000, 0x0000000748f00000| Complete 
| 144|0x0000000749000000, 0x0000000749100000, 0x0000000749100000|100%| E|CS|TAMS 0x0000000749000000, 0x0000000749000000| Complete 
| 145|0x0000000749100000, 0x0000000749200000, 0x0000000749200000|100%| E|CS|TAMS 0x0000000749100000, 0x0000000749100000| Complete 
| 146|0x0000000749200000, 0x0000000749300000, 0x0000000749300000|100%| E|CS|TAMS 0x0000000749200000, 0x0000000749200000| Complete 
| 147|0x0000000749300000, 0x0000000749400000, 0x0000000749400000|100%| E|CS|TAMS 0x0000000749300000, 0x0000000749300000| Complete 
| 148|0x0000000749400000, 0x0000000749500000, 0x0000000749500000|100%| E|CS|TAMS 0x0000000749400000, 0x0000000749400000| Complete 
| 149|0x0000000749500000, 0x0000000749600000, 0x0000000749600000|100%| E|CS|TAMS 0x0000000749500000, 0x0000000749500000| Complete 
| 150|0x0000000749600000, 0x0000000749700000, 0x0000000749700000|100%| E|CS|TAMS 0x0000000749600000, 0x0000000749600000| Complete 
| 151|0x0000000749700000, 0x0000000749800000, 0x0000000749800000|100%| E|CS|TAMS 0x0000000749700000, 0x0000000749700000| Complete 
| 152|0x0000000749800000, 0x0000000749900000, 0x0000000749900000|100%| E|CS|TAMS 0x0000000749800000, 0x0000000749800000| Complete 
| 153|0x0000000749900000, 0x0000000749a00000, 0x0000000749a00000|100%| E|CS|TAMS 0x0000000749900000, 0x0000000749900000| Complete 
| 154|0x0000000749a00000, 0x0000000749b00000, 0x0000000749b00000|100%| E|CS|TAMS 0x0000000749a00000, 0x0000000749a00000| Complete 
| 155|0x0000000749b00000, 0x0000000749c00000, 0x0000000749c00000|100%| E|CS|TAMS 0x0000000749b00000, 0x0000000749b00000| Complete 
| 156|0x0000000749c00000, 0x0000000749d00000, 0x0000000749d00000|100%| E|CS|TAMS 0x0000000749c00000, 0x0000000749c00000| Complete 
| 157|0x0000000749d00000, 0x0000000749e00000, 0x0000000749e00000|100%| E|CS|TAMS 0x0000000749d00000, 0x0000000749d00000| Complete 
| 158|0x0000000749e00000, 0x0000000749f00000, 0x0000000749f00000|100%| E|CS|TAMS 0x0000000749e00000, 0x0000000749e00000| Complete 
| 159|0x0000000749f00000, 0x000000074a000000, 0x000000074a000000|100%| E|CS|TAMS 0x0000000749f00000, 0x0000000749f00000| Complete 
| 160|0x000000074a000000, 0x000000074a100000, 0x000000074a100000|100%| E|CS|TAMS 0x000000074a000000, 0x000000074a000000| Complete 
| 161|0x000000074a100000, 0x000000074a200000, 0x000000074a200000|100%| E|CS|TAMS 0x000000074a100000, 0x000000074a100000| Complete 
| 162|0x000000074a200000, 0x000000074a300000, 0x000000074a300000|100%| E|CS|TAMS 0x000000074a200000, 0x000000074a200000| Complete 
| 163|0x000000074a300000, 0x000000074a400000, 0x000000074a400000|100%| E|CS|TAMS 0x000000074a300000, 0x000000074a300000| Complete 
| 164|0x000000074a400000, 0x000000074a500000, 0x000000074a500000|100%| E|CS|TAMS 0x000000074a400000, 0x000000074a400000| Complete 
| 165|0x000000074a500000, 0x000000074a600000, 0x000000074a600000|100%| E|CS|TAMS 0x000000074a500000, 0x000000074a500000| Complete 
| 166|0x000000074a600000, 0x000000074a700000, 0x000000074a700000|100%| E|CS|TAMS 0x000000074a600000, 0x000000074a600000| Complete 
| 167|0x000000074a700000, 0x000000074a800000, 0x000000074a800000|100%| E|CS|TAMS 0x000000074a700000, 0x000000074a700000| Complete 
| 168|0x000000074a800000, 0x000000074a900000, 0x000000074a900000|100%| E|CS|TAMS 0x000000074a800000, 0x000000074a800000| Complete 

Card table byte_map: [0x00000160a5410000,0x00000160a5a10000] _byte_map_base: 0x00000160a1a10000

Marking Bits (Prev, Next): (CMBitMap*) 0x000001609650db98, (CMBitMap*) 0x000001609650dbd0
 Prev Bits: [0x00000160a6010000, 0x00000160a9010000)
 Next Bits: [0x00000160a9010000, 0x00000160ac010000)

Polling page: 0x00000160936a0000

Metaspace:

Usage:
  Non-class:     79.94 MB capacity,    78.66 MB ( 98%) used,   990.98 KB (  1%) free+waste,   320.44 KB ( <1%) overhead. 
      Class:     13.53 MB capacity,    12.48 MB ( 92%) used,   925.68 KB (  7%) free+waste,   155.56 KB (  1%) overhead. 
       Both:     93.47 MB capacity,    91.14 MB ( 98%) used,     1.87 MB (  2%) free+waste,   476.00 KB ( <1%) overhead. 

Virtual space:
  Non-class space:       82.00 MB reserved,      80.01 MB ( 98%) committed 
      Class space:        1.00 GB reserved,      13.63 MB (  1%) committed 
             Both:        1.08 GB reserved,      93.63 MB (  8%) committed 

Chunk freelists:
   Non-Class:  896 bytes
       Class:  3.63 KB
        Both:  4.50 KB

CodeHeap 'non-profiled nmethods': size=119168Kb used=17713Kb max_used=17713Kb free=101454Kb
 bounds [0x00000160be780000, 0x00000160bf8d0000, 0x00000160c5be0000]
CodeHeap 'profiled nmethods': size=119168Kb used=43564Kb max_used=43564Kb free=75604Kb
 bounds [0x00000160b7320000, 0x00000160b9de0000, 0x00000160be780000]
CodeHeap 'non-nmethods': size=7424Kb used=1669Kb max_used=3385Kb free=5754Kb
 bounds [0x00000160b6be0000, 0x00000160b6fc0000, 0x00000160b7320000]
 total_blobs=28030 nmethods=16549 adapters=1134
 compilation: enabled
              stopped_count=0, restarted_count=0
 full_count=0

Compilation events (10 events):
Event: 148.591 Thread 0x00000160d0bc4800 19487       3       de.javasoft.plaf.synthetica.painter.SyntheticaPainter::paintProgressBarBorder (81 bytes)
Event: 148.591 Thread 0x00000160d0bc4800 nmethod 19487 0x00000160b9dd1e10 code [0x00000160b9dd2060, 0x00000160b9dd2e30]
Event: 148.591 Thread 0x00000160d0bc4800 19488       3       de.javasoft.plaf.synthetica.painter.ProgressBarPainter::paintProgressBarBorder (1 bytes)
Event: 148.591 Thread 0x00000160d0bc4800 nmethod 19488 0x00000160b9dd3110 code [0x00000160b9dd32c0, 0x00000160b9dd3418]
Event: 148.720 Thread 0x00000160d2911800 19489       4       ui.views.c.v::hNS (36 bytes)
Event: 148.721 Thread 0x00000160d0bc4800 19490       1       ui.dlg.c.b.p::fxB (5 bytes)
Event: 148.721 Thread 0x00000160d0bc4800 nmethod 19490 0x00000160bf8cc590 code [0x00000160bf8cc740, 0x00000160bf8cc858]
Event: 148.721 Thread 0x00000160d2911800 nmethod 19489 0x00000160bf8cc910 code [0x00000160bf8ccac0, 0x00000160bf8ccbc8]
Event: 148.722 Thread 0x00000160d0bc4800 19491       3       ui.utils.swing.b.k::setToolTipText (70 bytes)
Event: 148.722 Thread 0x00000160d0bc4800 nmethod 19491 0x00000160b9dd3490 code [0x00000160b9dd36a0, 0x00000160b9dd3e10]

GC Heap History (10 events):
Event: 114.065 GC heap before
{Heap before GC invocations=66 (full 7):
 garbage-first heap   total 173056K, used 98569K [0x0000000740000000, 0x0000000800000000)
  region size 1024K, 2 young (2048K), 0 survivors (0K)
 Metaspace       used 93066K, capacity 95520K, committed 95624K, reserved 1130496K
  class space    used 12772K, capacity 13858K, committed 13952K, reserved 1048576K
}
Event: 114.066 GC heap after
{Heap after GC invocations=67 (full 7):
 garbage-first heap   total 173056K, used 97755K [0x0000000740000000, 0x0000000800000000)
  region size 1024K, 1 young (1024K), 1 survivors (1024K)
 Metaspace       used 93066K, capacity 95520K, committed 95624K, reserved 1130496K
  class space    used 12772K, capacity 13858K, committed 13952K, reserved 1048576K
}
Event: 114.089 GC heap before
{Heap before GC invocations=67 (full 7):
 garbage-first heap   total 173056K, used 105947K [0x0000000740000000, 0x0000000800000000)
  region size 1024K, 5 young (5120K), 1 survivors (1024K)
 Metaspace       used 93066K, capacity 95520K, committed 95624K, reserved 1130496K
  class space    used 12772K, capacity 13858K, committed 13952K, reserved 1048576K
}
Event: 114.131 GC heap after
{Heap after GC invocations=68 (full 8):
 garbage-first heap   total 173056K, used 97512K [0x0000000740000000, 0x0000000800000000)
  region size 1024K, 0 young (0K), 0 survivors (0K)
 Metaspace       used 93066K, capacity 95520K, committed 95624K, reserved 1130496K
  class space    used 12772K, capacity 13858K, committed 13952K, reserved 1048576K
}
Event: 131.612 GC heap before
{Heap before GC invocations=68 (full 8):
 garbage-first heap   total 173056K, used 158952K [0x0000000740000000, 0x0000000800000000)
  region size 1024K, 60 young (61440K), 0 survivors (0K)
 Metaspace       used 93102K, capacity 95520K, committed 95624K, reserved 1130496K
  class space    used 12772K, capacity 13858K, committed 13952K, reserved 1048576K
}
Event: 131.614 GC heap after
{Heap after GC invocations=69 (full 8):
 garbage-first heap   total 173056K, used 98155K [0x0000000740000000, 0x0000000800000000)
  region size 1024K, 1 young (1024K), 1 survivors (1024K)
 Metaspace       used 93102K, capacity 95520K, committed 95624K, reserved 1130496K
  class space    used 12772K, capacity 13858K, committed 13952K, reserved 1048576K
}
Event: 141.466 GC heap before
{Heap before GC invocations=69 (full 8):
 garbage-first heap   total 173056K, used 158571K [0x0000000740000000, 0x0000000800000000)
  region size 1024K, 60 young (61440K), 1 survivors (1024K)
 Metaspace       used 93187K, capacity 95587K, committed 95880K, reserved 1132544K
  class space    used 12773K, capacity 13859K, committed 13952K, reserved 1048576K
}
Event: 141.470 GC heap after
{Heap after GC invocations=70 (full 8):
 garbage-first heap   total 173056K, used 98369K [0x0000000740000000, 0x0000000800000000)
  region size 1024K, 1 young (1024K), 1 survivors (1024K)
 Metaspace       used 93187K, capacity 95587K, committed 95880K, reserved 1132544K
  class space    used 12773K, capacity 13859K, committed 13952K, reserved 1048576K
}
Event: 143.584 GC heap before
{Heap before GC invocations=71 (full 8):
 garbage-first heap   total 173056K, used 158785K [0x0000000740000000, 0x0000000800000000)
  region size 1024K, 60 young (61440K), 1 survivors (1024K)
 Metaspace       used 93268K, capacity 95652K, committed 95880K, reserved 1132544K
  class space    used 12777K, capacity 13859K, committed 13952K, reserved 1048576K
}
Event: 143.586 GC heap after
{Heap after GC invocations=72 (full 8):
 garbage-first heap   total 173056K, used 98298K [0x0000000740000000, 0x0000000800000000)
  region size 1024K, 1 young (1024K), 1 survivors (1024K)
 Metaspace       used 93268K, capacity 95652K, committed 95880K, reserved 1132544K
  class space    used 12777K, capacity 13859K, committed 13952K, reserved 1048576K
}

Deoptimization events (10 events):
Event: 141.003 Thread 0x00000160c5e5b800 Uncommon trap: reason=bimorphic_or_optimized_type_check action=maybe_recompile pc=0x00000160bf6ab078 method=javax.swing.JTable.isRowSelected(I)Z @ 5 c2
Event: 143.100 Thread 0x00000160c5e5b800 Uncommon trap: reason=profile_predicate action=maybe_recompile pc=0x00000160bf0bf97c method=java.util.TreeMap.put(Ljava/lang/Object;Ljava/lang/Object;)Ljava/lang/Object; @ 55 c2
Event: 143.100 Thread 0x00000160c5e5b800 Uncommon trap: reason=profile_predicate action=maybe_recompile pc=0x00000160bf0bf97c method=java.util.TreeMap.put(Ljava/lang/Object;Ljava/lang/Object;)Ljava/lang/Object; @ 55 c2
Event: 143.100 Thread 0x00000160c5e5b800 Uncommon trap: reason=profile_predicate action=maybe_recompile pc=0x00000160be9eeaf8 method=java.util.TreeMap.getEntryUsingComparator(Ljava/lang/Object;)Ljava/util/TreeMap$Entry; @ 19 c2
Event: 143.107 Thread 0x00000160c5e5b800 Uncommon trap: reason=class_check action=maybe_recompile pc=0x00000160bf0c66fc method=java.lang.Throwable.<init>()V @ 24 c2
Event: 144.468 Thread 0x00000160c5e5b800 Uncommon trap: reason=class_check action=maybe_recompile pc=0x00000160bf18ec28 method=java.awt.Component.addNotify()V @ 200 c2
Event: 144.479 Thread 0x00000160c5e5b800 Uncommon trap: reason=speculate_class_check action=maybe_recompile pc=0x00000160bf7f8510 method=javax.swing.plaf.basic.BasicLabelUI.paint(Ljava/awt/Graphics;Ljavax/swing/JComponent;)V @ 168 c2
Event: 144.797 Thread 0x00000160c5e5b800 Uncommon trap: reason=unstable_if action=reinterpret pc=0x00000160bf1611d8 method=javax.swing.SwingUtilities.getRootPane(Ljava/awt/Component;)Ljavax/swing/JRootPane; @ 4 c2
Event: 145.436 Thread 0x00000160c5e5b800 Uncommon trap: reason=class_check action=maybe_recompile pc=0x00000160bede24fc method=javax.swing.plaf.synth.ParsedSynthStyle$DelegatingPainter.paintPanelBackground(Ljavax/swing/plaf/synth/SynthContext;Ljava/awt/Graphics;IIII)V @ 16 c2
Event: 145.673 Thread 0x00000160c5e5b800 Uncommon trap: reason=speculate_class_check action=maybe_recompile pc=0x00000160bf7f8510 method=javax.swing.plaf.basic.BasicLabelUI.paint(Ljava/awt/Graphics;Ljavax/swing/JComponent;)V @ 168 c2

Classes redefined (0 events):
No events

Internal exceptions (10 events):
Event: 49.886 Thread 0x00000160c5e5b800 Exception <a 'java/lang/NoSuchMethodError'{0x000000074984b468}: java.lang.invoke.DirectMethodHandle$Holder.invokeSpecial(Ljava/lang/Object;Ljava/lang/Object;Ljava/lang/Object;IILjava/lang/Object;Ljava/lang/Object;Ljava/lang/Object;Ljava/lang/Object;Ljava/
Event: 49.886 Thread 0x00000160c5e5b800 Exception <a 'java/lang/NoSuchMethodError'{0x000000074984f588}: java.lang.invoke.DelegatingMethodHandle$Holder.reinvoke_L(Ljava/lang/Object;Ljava/lang/Object;IILjava/lang/Object;Ljava/lang/Object;Ljava/lang/Object;Ljava/lang/Object;Ljava/lang/Object;Ljava
Event: 49.887 Thread 0x00000160c5e5b800 Exception <a 'java/lang/NoSuchMethodError'{0x00000007498b0848}: java.lang.invoke.DirectMethodHandle$Holder.invokeSpecial(Ljava/lang/Object;Ljava/lang/Object;IIILjava/lang/Object;Ljava/lang/Object;Ljava/lang/Object;Ljava/lang/Object;Ljava/lang/Object;Ljava
Event: 49.887 Thread 0x00000160c5e5b800 Exception <a 'java/lang/NoSuchMethodError'{0x00000007498b47e8}: java.lang.invoke.DelegatingMethodHandle$Holder.reinvoke_L(Ljava/lang/Object;IIILjava/lang/Object;Ljava/lang/Object;Ljava/lang/Object;Ljava/lang/Object;Ljava/lang/Object;Ljava/lang/Object;)Lja
Event: 49.888 Thread 0x00000160c5e5b800 Exception <a 'java/lang/NoSuchMethodError'{0x00000007498e2038}: java.lang.invoke.DirectMethodHandle$Holder.invokeStatic(Ljava/lang/Object;Ljava/lang/Object;Ljava/lang/Object;Ljava/lang/Object;Ljava/lang/Object;IILjava/lang/Object;Ljava/lang/Object;Ljava/l
Event: 49.888 Thread 0x00000160c5e5b800 Exception <a 'java/lang/NoSuchMethodError'{0x00000007498fe810}: java.lang.invoke.DirectMethodHandle$Holder.invokeStatic(Ljava/lang/Object;Ljava/lang/Object;Ljava/lang/Object;Ljava/lang/Object;Ljava/lang/Object;IILjava/lang/Object;Ljava/lang/Object;Ljava/l
Event: 49.889 Thread 0x00000160c5e5b800 Exception <a 'java/lang/NoSuchMethodError'{0x0000000749727ae8}: java.lang.invoke.Invokers$Holder.linkToTargetMethod(Ljava/lang/Object;Ljava/lang/Object;Ljava/lang/Object;Ljava/lang/Object;Ljava/lang/Object;Ljava/lang/Object;Ljava/lang/Object;)Ljava/lang/O
Event: 66.637 Thread 0x00000160c5e5b800 Exception <a 'java/lang/NoSuchMethodError'{0x0000000748f67bd8}: java.lang.invoke.DirectMethodHandle$Holder.invokeSpecial(Ljava/lang/Object;Ljava/lang/Object;IILjava/lang/Object;ILjava/lang/Object;I)Ljava/lang/Object;> (0x0000000748f67bd8) thrown at [t:/wo
Event: 66.637 Thread 0x00000160c5e5b800 Exception <a 'java/lang/NoSuchMethodError'{0x0000000748f6b3a8}: java.lang.invoke.DelegatingMethodHandle$Holder.reinvoke_L(Ljava/lang/Object;IILjava/lang/Object;ILjava/lang/Object;I)Ljava/lang/Object;> (0x0000000748f6b3a8) thrown at [t:/workspace/open/src/
Event: 66.639 Thread 0x00000160c5e5b800 Exception <a 'java/lang/NoSuchMethodError'{0x0000000748f9a518}: java.lang.invoke.Invokers$Holder.linkToTargetMethod(Ljava/lang/Object;ILjava/lang/Object;ILjava/lang/Object;)Ljava/lang/Object;> (0x0000000748f9a518) thrown at [t:/workspace/open/src/hotspot/

Events (10 events):
Event: 145.673 Thread 0x00000160c5e5b800 DEOPT PACKING pc=0x00000160bf7f8510 sp=0x00000053b82f48d0
Event: 145.673 Thread 0x00000160c5e5b800 DEOPT UNPACKING pc=0x00000160b6c091af sp=0x00000053b82f48b8 mode 2
Event: 146.029 Thread 0x00000160c5f54000 Thread added: 0x00000160c5f54000
Event: 146.031 Thread 0x00000160c5f54000 Thread exited: 0x00000160c5f54000
Event: 147.030 Thread 0x00000160c5f51800 Thread added: 0x00000160c5f51800
Event: 147.032 Thread 0x00000160c5f51800 Thread exited: 0x00000160c5f51800
Event: 148.035 Thread 0x00000160c5f4e800 Thread added: 0x00000160c5f4e800
Event: 148.041 Thread 0x00000160c5f4e800 Thread exited: 0x00000160c5f4e800
Event: 148.723 Thread 0x00000160c5e5b800 DEOPT PACKING pc=0x00000160b8207106 sp=0x00000053b82f4cf0
Event: 148.723 Thread 0x00000160c5e5b800 DEOPT UNPACKING pc=0x00000160b6c08fce sp=0x00000053b82f4170 mode 0


Dynamic libraries:
0x00007ff7cf5c0000 - 0x00007ff7cf5ef000 	C:\Xilinx\Vivado\2020.2\bin\unwrapped\win64.o\vivado.exe
0x00007fffb0250000 - 0x00007fffb0467000 	C:\Windows\SYSTEM32\ntdll.dll
0x00007fffaeb30000 - 0x00007fffaebf4000 	C:\Windows\System32\KERNEL32.DLL
0x00007fffad630000 - 0x00007fffad9d7000 	C:\Windows\System32\KERNELBASE.dll
0x00007fffadd60000 - 0x00007fffade71000 	C:\Windows\System32\ucrtbase.dll
0x00007fff7c790000 - 0x00007fff7c81e000 	C:\Windows\SYSTEM32\MSVCP140.dll
0x00007fffa7750000 - 0x00007fffa7763000 	C:\Xilinx\Vivado\2020.2\lib\win64.o\libboost_signals.dll
0x00007fffa64c0000 - 0x00007fffa64d8000 	C:\Xilinx\Vivado\2020.2\lib\win64.o\librdi_commonmain.dll
0x00007fffaf5a0000 - 0x00007fffaf745000 	C:\Windows\System32\ole32.dll
0x00007fff7c820000 - 0x00007fff7c83b000 	C:\Windows\SYSTEM32\VCRUNTIME140.dll
0x00007fffade80000 - 0x00007fffadf1a000 	C:\Windows\System32\msvcp_win.dll
0x00007fff7c780000 - 0x00007fff7c78c000 	C:\Windows\SYSTEM32\VCRUNTIME140_1.dll
0x00007fffaf750000 - 0x00007fffaf779000 	C:\Windows\System32\GDI32.dll
0x00007fff9adb0000 - 0x00007fff9add2000 	C:\Xilinx\Vivado\2020.2\lib\win64.o\libboost_filesystem.dll
0x00007fffadf20000 - 0x00007fffadf46000 	C:\Windows\System32\win32u.dll
0x00007fffaefa0000 - 0x00007fffaf052000 	C:\Windows\System32\ADVAPI32.dll
0x00007fffad9e0000 - 0x00007fffadaf9000 	C:\Windows\System32\gdi32full.dll
0x00007fffaea80000 - 0x00007fffaeb27000 	C:\Windows\System32\msvcrt.dll
0x00007fffafc00000 - 0x00007fffafca8000 	C:\Windows\System32\sechost.dll
0x00007fffadf50000 - 0x00007fffadf78000 	C:\Windows\System32\bcrypt.dll
0x00007fffafcb0000 - 0x00007fffafe5e000 	C:\Windows\System32\USER32.dll
0x00007fffaec00000 - 0x00007fffaed15000 	C:\Windows\System32\RPCRT4.dll
0x00007fffafe60000 - 0x00007fffb01e8000 	C:\Windows\System32\combase.dll
0x00007fffa9700000 - 0x00007fffa9709000 	C:\Xilinx\Vivado\2020.2\lib\win64.o\librdi_commonversion.dll
0x000000005a9e0000 - 0x000000005ab0b000 	C:\Xilinx\Vivado\2020.2\lib\win64.o\tcl85t.dll
0x00007fffaf060000 - 0x00007fffaf0d1000 	C:\Windows\System32\WS2_32.dll
0x00007fff55120000 - 0x00007fff552b9000 	C:\Xilinx\Vivado\2020.2\lib\win64.o\librdi_commonxillic.dll
0x00007fffa7820000 - 0x00007fffa7829000 	C:\Xilinx\Vivado\2020.2\lib\win64.o\libboost_system.dll
0x00007fff539b0000 - 0x00007fff54b27000 	C:\Xilinx\Vivado\2020.2\lib\win64.o\librdi_common.dll
0x00007fffadff0000 - 0x00007fffae84c000 	C:\Windows\System32\SHELL32.dll
0x00007fff7fe40000 - 0x00007fff7ff51000 	C:\Xilinx\Vivado\2020.2\lib\win64.o\libboost_regex.dll
0x00007fff536d0000 - 0x00007fff539ab000 	C:\Xilinx\Vivado\2020.2\lib\win64.o\libXil_lmgr11.dll
0x00007fffae8b0000 - 0x00007fffae9a7000 	C:\Windows\System32\COMDLG32.dll
0x00007fffaed20000 - 0x00007fffaee15000 	C:\Windows\System32\shcore.dll
0x00007fffae9b0000 - 0x00007fffaea0e000 	C:\Windows\System32\SHLWAPI.dll
0x00007fffa64b0000 - 0x00007fffa64c0000 	C:\Xilinx\Vivado\2020.2\lib\win64.o\libboost_date_time.dll
0x00007fffaf4b0000 - 0x00007fffaf587000 	C:\Windows\System32\OLEAUT32.dll
0x00007fffadb80000 - 0x00007fffadbeb000 	C:\Windows\System32\WINTRUST.dll
0x00007fffadbf0000 - 0x00007fffadd58000 	C:\Windows\System32\CRYPT32.dll
0x00007fff8eaa0000 - 0x00007fff8eb13000 	C:\Xilinx\Vivado\2020.2\lib\win64.o\libboost_program_options.dll
0x00007fff52560000 - 0x00007fff528ce000 	C:\Xilinx\Vivado\2020.2\lib\win64.o\libCOIN-all.dll
0x00007fffa64a0000 - 0x00007fffa64ac000 	C:\Xilinx\Vivado\2020.2\lib\win64.o\libboost_xilinx.dll
0x00007fff9b650000 - 0x00007fff9b66e000 	C:\Xilinx\Vivado\2020.2\lib\win64.o\libboost_thread.dll
0x00007fff8cef0000 - 0x00007fff8cf95000 	C:\Xilinx\Vivado\2020.2\lib\win64.o\libhdxml.dll
0x00007fff8e1f0000 - 0x00007fff8e272000 	C:\Xilinx\Vivado\2020.2\lib\win64.o\libhdlpsolve.dll
0x00007fff9ad40000 - 0x00007fff9ad68000 	C:\Xilinx\Vivado\2020.2\lib\win64.o\libisl_sysinfo.dll
0x00007fff8df50000 - 0x00007fff8dfb5000 	C:\Xilinx\Vivado\2020.2\lib\win64.o\liblmx6.0.dll
0x00007fff9a5d0000 - 0x00007fff9a5ea000 	C:\Xilinx\Vivado\2020.2\lib\win64.o\pthreadVC2.dll
0x00007fff92f20000 - 0x00007fff92f3c000 	C:\Xilinx\Vivado\2020.2\lib\win64.o\librdiconfig.dll
0x00007fff92e70000 - 0x00007fff92e91000 	C:\Xilinx\Vivado\2020.2\lib\win64.o\librdizlib.dll
0x00007fff8d760000 - 0x00007fff8d779000 	C:\Windows\SYSTEM32\NETAPI32.dll
0x00007fff96500000 - 0x00007fff969f4000 	C:\Windows\SYSTEM32\WININET.dll
0x0000000012000000 - 0x0000000012270000 	C:\Xilinx\Vivado\2020.2\lib\win64.o\xerces-c_3_1.dll
0x00007fffa6fd0000 - 0x00007fffa7106000 	C:\Windows\SYSTEM32\WINHTTP.dll
0x00007fff95d10000 - 0x00007fff95f00000 	C:\Windows\SYSTEM32\urlmon.dll
0x00007fff528d0000 - 0x00007fff536c2600 	C:\Xilinx\Vivado\2020.2\lib\win64.o\libisl_iostreams.dll
0x00007fff5db90000 - 0x00007fff5db99000 	C:\Windows\SYSTEM32\WSOCK32.dll
0x00007fff8e6c0000 - 0x00007fff8e6f1000 	C:\Windows\SYSTEM32\VCOMP140.DLL
0x00007fff8b420000 - 0x00007fff8b4d3000 	C:\Windows\WinSxS\amd64_microsoft.windows.common-controls_6595b64144ccf1df_5.82.22621.3527_none_b43b7f4b638cc64f\COMCTL32.dll
0x00007fff3b240000 - 0x00007fff3d157000 	C:\Xilinx\Vivado\2020.2\lib\win64.o\gurobi90.dll
0x00007fffadf80000 - 0x00007fffadfe1000 	C:\Windows\System32\WLDAP32.dll
0x00007fffaea70000 - 0x00007fffaea78000 	C:\Windows\System32\Normaliz.dll
0x00007fffa6c60000 - 0x00007fffa6c7f000 	C:\Windows\SYSTEM32\dhcpcsvc.DLL
0x00007fff9abd0000 - 0x00007fff9abdc000 	C:\Xilinx\Vivado\2020.2\lib\win64.o\libboost_chrono.dll
0x00007fff95a00000 - 0x00007fff95a28000 	C:\Windows\SYSTEM32\srvcli.dll
0x00007fffac080000 - 0x00007fffac08c000 	C:\Windows\SYSTEM32\netutils.dll
0x00007fff95a50000 - 0x00007fff95d0e000 	C:\Windows\SYSTEM32\iertutil.dll
0x00007fff90fb0000 - 0x00007fff90fc6000 	C:\Xilinx\Vivado\2020.2\lib\win64.o\libboost_iostreams.dll
0x00007fff8e9d0000 - 0x00007fff8e9f3000 	C:\Xilinx\Vivado\2020.2\lib\win64.o\libisl_iosutils.dll
0x00007fffacaf0000 - 0x00007fffacb59000 	C:\Windows\SYSTEM32\MSWSOCK.DLL
0x00007fffaee20000 - 0x00007fffaee51000 	C:\Windows\System32\IMM32.DLL
0x00007fffacdb0000 - 0x00007fffacdc2000 	C:\Windows\SYSTEM32\MSASN1.dll
0x00007fffac680000 - 0x00007fffac698000 	C:\Windows\SYSTEM32\kernel.appcore.dll
0x00007fff52030000 - 0x00007fff52552000 	C:\Xilinx\Vivado\2020.2\lib\win64.o\librdi_commontasks.dll
0x00007fff50f30000 - 0x00007fff51205000 	C:\Xilinx\Vivado\2020.2\lib\win64.o\librdi_sio.dll
0x00007fff9a7a0000 - 0x00007fff9a7aa000 	C:\Windows\SYSTEM32\VERSION.dll
0x00007fffac090000 - 0x00007fffac0bd000 	C:\Windows\SYSTEM32\IPHLPAPI.DLL
0x00007fff51500000 - 0x00007fff52023000 	C:\Xilinx\Vivado\2020.2\tps\win64\jre11.0.2\bin\server\jvm.dll
0x00007fffae8a0000 - 0x00007fffae8a8000 	C:\Windows\System32\PSAPI.DLL
0x00007fffa4e80000 - 0x00007fffa4eb4000 	C:\Windows\SYSTEM32\WINMM.dll
0x00007fffab4c0000 - 0x00007fffabdb6000 	C:\Windows\SYSTEM32\windows.storage.dll
0x00007fffab380000 - 0x00007fffab4be000 	C:\Windows\SYSTEM32\wintypes.dll
0x00007fff38780000 - 0x00007fff3b23e000 	C:\Xilinx\Vivado\2020.2\lib\win64.o\librdi_tcltasks.dll
0x00007fff657f0000 - 0x00007fff658e6000 	C:\Xilinx\Vivado\2020.2\lib\win64.o\librdi_chipscope.dll
0x00007fff83120000 - 0x00007fff8319e000 	C:\Xilinx\Vivado\2020.2\lib\win64.o\librdi_boarddep.dll
0x00007fff508c0000 - 0x00007fff50a73000 	C:\Xilinx\Vivado\2020.2\lib\win64.o\librdi_board.dll
0x00007fff50a80000 - 0x00007fff50f26000 	C:\Xilinx\Vivado\2020.2\lib\win64.o\librdi_bitstream.dll
0x00007fff506d0000 - 0x00007fff508ba000 	C:\Xilinx\Vivado\2020.2\lib\win64.o\librdi_chipscopeimpl.dll
0x00007fff36950000 - 0x00007fff3877c000 	C:\Xilinx\Vivado\2020.2\lib\win64.o\librdi_constraints.dll
0x00007fff50560000 - 0x00007fff506c1000 	C:\Xilinx\Vivado\2020.2\lib\win64.o\librdi_containers.dll
0x00007fff34590000 - 0x00007fff3694d000 	C:\Xilinx\Vivado\2020.2\lib\win64.o\librdi_coregen.dll
0x00007fff32820000 - 0x00007fff34581000 	C:\Xilinx\Vivado\2020.2\lib\win64.o\librdi_designutils.dll
0x00007fff4fe40000 - 0x00007fff50558000 	C:\Xilinx\Vivado\2020.2\lib\win64.o\librdi_coregenipxact.dll
0x00007fff5c250000 - 0x00007fff5c303000 	C:\Xilinx\Vivado\2020.2\lib\win64.o\librdi_dsp.dll
0x00007fff4fad0000 - 0x00007fff4fe38000 	C:\Xilinx\Vivado\2020.2\lib\win64.o\librdi_dlyest.dll
0x00007fff4ec70000 - 0x00007fff4f332000 	C:\Xilinx\Vivado\2020.2\lib\win64.o\librdi_filemgmt.dll
0x00007fff4f470000 - 0x00007fff4facd000 	C:\Xilinx\Vivado\2020.2\lib\win64.o\librdi_drc.dll
0x00007fff5e670000 - 0x00007fff5e6db000 	C:\Xilinx\Vivado\2020.2\lib\win64.o\librdi_hdf.dll
0x00007fff4e950000 - 0x00007fff4ec6d000 	C:\Xilinx\Vivado\2020.2\lib\win64.o\librdi_guitools.dll
0x00007fff4e6d0000 - 0x00007fff4e947000 	C:\Xilinx\Vivado\2020.2\lib\win64.o\librdi_hip_devdesign.dll
0x00007fff4e580000 - 0x00007fff4e6c7000 	C:\Xilinx\Vivado\2020.2\lib\win64.o\librdi_hip_perf_analysis.dll
0x00007fff5dba0000 - 0x00007fff5dc12000 	C:\Xilinx\Vivado\2020.2\lib\win64.o\librdi_memoryarray.dll
0x00007fff18660000 - 0x00007fff1a234000 	C:\Xilinx\Vivado\2020.2\lib\win64.o\librdi_implflow.dll
0x00007fff4df30000 - 0x00007fff4e57c000 	C:\Xilinx\Vivado\2020.2\lib\win64.o\librdi_memdata.dll
0x00007fff16210000 - 0x00007fff18654000 	C:\Xilinx\Vivado\2020.2\lib\win64.o\librdi_mig.dll
0x00007fff8a330000 - 0x00007fff8a384000 	C:\Xilinx\Vivado\2020.2\lib\win64.o\librdi_pfi.dll
0x00007fff4d800000 - 0x00007fff4df2c000 	C:\Xilinx\Vivado\2020.2\lib\win64.o\librdi_netlist.dll
0x00007fff12c60000 - 0x00007fff12ffe000 	C:\Xilinx\Vivado\2020.2\lib\win64.o\librdi_platform.dll
0x00007fff13000000 - 0x00007fff16207000 	C:\Xilinx\Vivado\2020.2\lib\win64.o\librdi_place.dll
0x00007fff1a240000 - 0x00007fff3281f000 	C:\Xilinx\Vivado\2020.2\lib\win64.o\librdi_device.dll
0x00007fff10e80000 - 0x00007fff1168c000 	C:\Xilinx\Vivado\2020.2\lib\win64.o\librdi_rsb.dll
0x00007fff12440000 - 0x00007fff12c57000 	C:\Xilinx\Vivado\2020.2\lib\win64.o\librdi_power.dll
0x00007fff11690000 - 0x00007fff11db2000 	C:\Xilinx\Vivado\2020.2\lib\win64.o\librdi_psta.dll
0x00007fff11dc0000 - 0x00007fff12434000 	C:\Xilinx\Vivado\2020.2\lib\win64.o\librdi_project.dll
0x00007fff106d0000 - 0x00007fff10944000 	C:\Xilinx\Vivado\2020.2\lib\win64.o\librdi_simdata.dll
0x00007fff513f0000 - 0x00007fff514f9000 	C:\Xilinx\Vivado\2020.2\lib\win64.o\librdi_runsbase.dll
0x00007fff10950000 - 0x00007fff10e7b000 	C:\Xilinx\Vivado\2020.2\lib\win64.o\librdi_runs.dll
0x00007fff4d6e0000 - 0x00007fff4d7f6000 	C:\Xilinx\Vivado\2020.2\lib\win64.o\librdi_xhub.dll
0x00007fff55d30000 - 0x00007fff55dd7000 	C:\Xilinx\Vivado\2020.2\lib\win64.o\librdi_xhubtasks.dll
0x00007fff0f550000 - 0x00007fff0f73b000 	C:\Xilinx\Vivado\2020.2\lib\win64.o\librdi_advchipscopeimpl.dll
0x00007fff0f740000 - 0x00007fff106c1000 	C:\Xilinx\Vivado\2020.2\lib\win64.o\librdi_timing.dll
0x00007fff8e400000 - 0x00007fff8e447000 	C:\Xilinx\Vivado\2020.2\lib\win64.o\libboost_serialization.dll
0x00007fff4f380000 - 0x00007fff4f46b000 	C:\Xilinx\Vivado\2020.2\lib\win64.o\librdi_ipconfig_readwrite.dll
0x00007fff550b0000 - 0x00007fff5511a000 	C:\Xilinx\Vivado\2020.2\lib\win64.o\librdi_noc_frameworks.dll
0x00007fff0f480000 - 0x00007fff0f546000 	C:\Xilinx\Vivado\2020.2\lib\win64.o\librdi_bda.dll
0x00007fff881f0000 - 0x00007fff88236000 	C:\Xilinx\Vivado\2020.2\lib\win64.o\libboost_graph.dll
0x00007fff0deb0000 - 0x00007fff0e1ab000 	C:\Xilinx\Vivado\2020.2\lib\win64.o\librdi_hip_config.dll
0x00007fff0ed10000 - 0x00007fff0f477000 	C:\Xilinx\Vivado\2020.2\lib\win64.o\librdi_ippcw.dll

dbghelp: loaded successfully - version: 4.0.5 - missing functions: none
symbol engine: initialized successfully - sym options: 0x614 - pdb path: .;C:\Xilinx\Vivado\2020.2\bin\unwrapped\win64.o;C:\Windows\SYSTEM32;C:\Xilinx\Vivado\2020.2\lib\win64.o;C:\Windows\WinSxS\amd64_microsoft.windows.common-controls_6595b64144ccf1df_5.82.22621.3527_none_b43b7f4b638cc64f;C:\Xilinx\Vivado\2020.2\tps\win64\jre11.0.2\bin\server;C:\Xilinx\Vivado\2020.2\tps\win64\python-3.8.3;C:\Xilinx\Vivado\2020.2\tps\win64\jre11.0.2\bin;C:\Windows\WinSxS\amd64_microsoft.windows.common-controls_6595b64144ccf1df_6.0.22621.3527_none_270e469b73872a76;C:\Windows\HancomIME\x64

VM Arguments:
jvm_args: -Dsun.java2d.pmoffscreen=false -Dhttps.protocols=TLSv1,TLSv1.1,TLSv1.2 -Dsun.java2d.xrender=false -Dsun.java2d.d3d=false -Dsun.awt.nopixfmt=true -Dsun.java2d.dpiaware=true -Dsun.java2d.uiScale.enabled=false -Xverify:none -Dswing.aatext=true -XX:-UsePerfData -Djdk.map.althashing.threshold=512 -XX:StringTableSize=4072 --add-opens=java.base/java.nio=ALL-UNNAMED --add-opens=java.desktop/sun.swing=ALL-UNNAMED --add-opens=java.desktop/javax.swing=ALL-UNNAMED --add-opens=java.desktop/javax.swing.tree=ALL-UNNAMED --add-opens=java.desktop/javax.swing.plaf.basic=ALL-UNNAMED --add-opens=java.desktop/javax.swing.plaf.synth=ALL-UNNAMED --add-opens=java.desktop/com.sun.awt=ALL-UNNAMED -XX:NewSize=60m -XX:MaxNewSize=60m -Xms128m -Xmx3072m -Xss5m 
java_command: <unknown>
java_class_path (initial): C:/Xilinx/Vivado/2020.2\lib\classes\alloy.jar;C:/Xilinx/Vivado/2020.2\lib\classes\ArchiveSummary.jar;C:/Xilinx/Vivado/2020.2\lib\classes\autoesl-models.jar;C:/Xilinx/Vivado/2020.2\lib\classes\autopilot.scelaborator.jar;C:/Xilinx/Vivado/2020.2\lib\classes\autopilot.sourceprocessor.jar;C:/Xilinx/Vivado/2020.2\lib\classes\autopilot.tbprocessor.jar;C:/Xilinx/Vivado/2020.2\lib\classes\batik-anim.jar;C:/Xilinx/Vivado/2020.2\lib\classes\batik-awt-util.jar;C:/Xilinx/Vivado/2020.2\lib\classes\batik-bridge.jar;C:/Xilinx/Vivado/2020.2\lib\classes\batik-codec.jar;C:/Xilinx/Vivado/2020.2\lib\classes\batik-css.jar;C:/Xilinx/Vivado/2020.2\lib\classes\batik-dom.jar;C:/Xilinx/Vivado/2020.2\lib\classes\batik-ext.jar;C:/Xilinx/Vivado/2020.2\lib\classes\batik-gui-util.jar;C:/Xilinx/Vivado/2020.2\lib\classes\batik-gvt.jar;C:/Xilinx/Vivado/2020.2\lib\classes\batik-parser.jar;C:/Xilinx/Vivado/2020.2\lib\classes\batik-script.jar;C:/Xilinx/Vivado/2020.2\lib\classes\batik-svg-dom.jar;C:/Xilinx/Vivado/2020.2\lib\classes\batik-swing.jar;C:/Xilinx/Vivado/2020.2\lib\classes\batik-transcoder.jar;C:/Xilinx/Vivado/2020.2\lib\classes\batik-util.jar;C:/Xilinx/Vivado/2020.2\lib\classes\batik-xml.jar;C:/Xilinx/Vivado/2020.2\lib\classes\com.google.gson_2.8.2.v20180104-1110.jar;C:/Xilinx/Vivado/2020.2\lib\classes\com.google.guava_27.1.0.v20190517-1946.jar;C:/Xilinx/Vivado/2020.2\lib\classes\com.ibm.icu_4.4.2.v20110208.jar;C:/Xilinx/Vivado/2020.2\lib\classes\com.sigasi.hdt.connection_4.9.0.202009050929.jar;C:/Xilinx/Vivado/2020.2\lib\classes\com.sigasi.hdt.epl_4.9.0.202009050929.jar;C:/Xilinx/Vivado/2020.2\lib\classes\com.sigasi.hdt.project_4.9.0.202009050929.jar;C:/Xilinx/Vivado/2020.2\lib\classes\com.sigasi.hdt.readonlyfilesystem_4.9.0.202009050929.jar;C:/Xilinx/Vivado/2020.2\lib\classes\com.sigasi.lcm_4.9.0.202009050929.jar;C:/Xilinx/Vivado/2020.2\lib\classes\com.sigasi.sdk.client_4.9.0.202009050929.jar;C:/Xilinx/Vivado/2020.2\lib\classes\com.xilinx.hls.services.jar;C:/Xili
Launcher Type: generic

[Global flags]
     bool BytecodeVerificationLocal                = false                                     {product} {command line}
     bool BytecodeVerificationRemote               = false                                     {product} {command line}
     intx CICompilerCount                          = 12                                        {product} {ergonomic}
     uint ConcGCThreads                            = 3                                         {product} {ergonomic}
     uint G1ConcRefinementThreads                  = 13                                        {product} {ergonomic}
   size_t G1HeapRegionSize                         = 1048576                                   {product} {ergonomic}
    uintx GCDrainStackTargetSize                   = 64                                        {product} {ergonomic}
   size_t InitialHeapSize                          = 134217728                                 {product} {command line}
   size_t MarkStackSize                            = 4194304                                   {product} {ergonomic}
   size_t MaxHeapSize                              = 3221225472                                {product} {command line}
   size_t MaxNewSize                               = 62914560                                  {product} {command line}
   size_t MinHeapDeltaBytes                        = 1048576                                   {product} {ergonomic}
   size_t NewSize                                  = 62914560                                  {product} {command line}
    uintx NonNMethodCodeHeapSize                   = 7591728                                {pd product} {ergonomic}
    uintx NonProfiledCodeHeapSize                  = 122033256                              {pd product} {ergonomic}
    uintx ProfiledCodeHeapSize                     = 122033256                              {pd product} {ergonomic}
    uintx ReservedCodeCacheSize                    = 251658240                              {pd product} {ergonomic}
     bool SegmentedCodeCache                       = true                                      {product} {ergonomic}
    uintx StringTableSize                          = 4072                                      {product} {command line}
     intx ThreadStackSize                          = 5120                                   {pd product} {command line}
     bool UseCompressedClassPointers               = true                                 {lp64_product} {ergonomic}
     bool UseCompressedOops                        = true                                 {lp64_product} {ergonomic}
     bool UseG1GC                                  = true                                      {product} {ergonomic}
     bool UseLargePagesIndividualAllocation        = false                                  {pd product} {ergonomic}
     bool UsePerfData                              = false                                     {product} {command line}

Logging:
Log output configuration:
 #0: stdout all=warning uptime,level,tags
 #1: stderr all=off uptime,level,tags

Environment Variables:
PATH=C:/Xilinx/Vivado/2020.2\gnuwin\bin;C:/Xilinx/Vivado/2020.2\gnu\microblaze\nt\bin;C:/Xilinx/Vivado/2020.2/bin;C:/Xilinx/Vivado/2020.2/tps/win64/javafx-sdk-11.0.2/lib;C:/Xilinx/Vivado/2020.2/tps/win64/javafx-sdk-11.0.2/bin;C:/Xilinx/Vivado/2020.2/lib/win64.o;C:/Xilinx/Vivado/2020.2/tps/win64/jre11.0.2/bin/server;C:/Xilinx/Vivado/2020.2/tps/win64/jre11.0.2/bin;C:/Xilinx/Vitis/2020.2/bin;C:/Xilinx/Vivado/2020.2/ids_lite/ISE/bin/nt64;C:/Xilinx/Vivado/2020.2/ids_lite/ISE/lib/nt64;C:/Xilinx/Vitis_HLS/2020.2/bin;C:\Program Files (x86)\Common Files\Oracle\Java\java8path;C:\Program Files (x86)\Common Files\Oracle\Java\javapath;C:\Windows\system32;C:\Windows;C:\Windows\System32\Wbem;C:\Windows\System32\WindowsPowerShell\v1.0\;C:\Windows\System32\OpenSSH\;C:\Program Files\Bandizip\;C:\Program Files\Git\cmd;C:\Program Files (x86)\IVI Foundation\VISA\WinNT\Bin\;C:\Program Files\IVI Foundation\VISA\Win64\Bin\;C:\Users\kccistc\AppData\Local\Microsoft\WindowsApps;C:\Users\kccistc\AppData\Local\Programs\Microsoft VS Code\bin;;C:/Xilinx/Vivado/2020.2\tps\mingw\6.2.0\win64.o\nt\bin;C:/Xilinx/Vivado/2020.2\tps\mingw\6.2.0\win64.o\nt\libexec\gcc\x86_64-w64-mingw32\6.2.0;C:/Xilinx/Vivado/2020.2\tps\win64\python-3.8.3;C:/Xilinx/Vivado/2020.2\tps\win64\python-3.8.3\bin;C:/Xilinx/Vivado/2020.2\tps\win64\python-3.8.3\lib;C:/Xilinx/Vivado/2020.2\tps\win64\python-3.8.3\lib\site-packages
USERNAME=kccistc
OS=Windows_NT
PROCESSOR_IDENTIFIER=Intel64 Family 6 Model 154 Stepping 3, GenuineIntel



---------------  S Y S T E M  ---------------

OS: Windows 10 , 64 bit Build 22621 (10.0.22621.3527)

CPU:total 16 (initial active 16) (8 cores per cpu, 2 threads per core) family 6 model 154 stepping 3, cmov, cx8, fxsr, mmx, sse, sse2, sse3, ssse3, sse4.1, sse4.2, popcnt, avx, avx2, aes, clmul, erms, 3dnowpref, lzcnt, ht, tsc, tscinvbit, bmi1, bmi2, adx, sha, fma

Memory: 4k page, system-wide physical 16066M (7182M free)
TotalPageFile size 32450M (AvailPageFile size 20229M)
current process WorkingSet (physical memory assigned to process): 977M, peak: 1114M
current process commit charge ("private bytes"): 988M, peak: 1105M

vm_info: OpenJDK 64-Bit Server VM (11.0.2+9) for windows-amd64 JRE (11.0.2+9), built on Jan 18 2019 05:23:22 by "mach5one" with MS VC++ 15.5 (VS2017)

END.
