Copyright 1986-2020 Xilinx, Inc. All Rights Reserved.
------------------------------------------------------------------------------------
| Tool Version : Vivado v.2020.2 (win64) Build 3064766 Wed Nov 18 09:12:45 MST 2020
| Date         : Wed Jun  5 20:14:18 2024
| Host         : DESKTOP-7CFQ9ND running 64-bit major release  (build 9200)
| Command      : report_control_sets -verbose -file RV32I_control_sets_placed.rpt
| Design       : RV32I
| Device       : xc7a35t
------------------------------------------------------------------------------------

Control Set Information

Table of Contents
-----------------
1. Summary
2. Histogram
3. Flip-Flop Distribution
4. Detailed Control Set Information

1. Summary
----------

+----------------------------------------------------------+-------+
|                          Status                          | Count |
+----------------------------------------------------------+-------+
| Total control sets                                       |     8 |
|    Minimum number of control sets                        |     8 |
|    Addition due to synthesis replication                 |     0 |
|    Addition due to physical synthesis replication        |     0 |
| Unused register locations in slices containing registers |    34 |
+----------------------------------------------------------+-------+
* Control sets can be merged at opt_design using control_set_merge or merge_equivalent_drivers
** Run report_qor_suggestions for automated merging and remapping suggestions


2. Histogram
------------

+--------------------+-------+
|       Fanout       | Count |
+--------------------+-------+
| Total control sets |     8 |
| >= 0 to < 4        |     2 |
| >= 4 to < 6        |     1 |
| >= 6 to < 8        |     0 |
| >= 8 to < 10       |     0 |
| >= 10 to < 12      |     0 |
| >= 12 to < 14      |     0 |
| >= 14 to < 16      |     0 |
| >= 16              |     5 |
+--------------------+-------+
* Control sets can be remapped at either synth_design or opt_design


3. Flip-Flop Distribution
-------------------------

+--------------+-----------------------+------------------------+-----------------+--------------+
| Clock Enable | Synchronous Set/Reset | Asynchronous Set/Reset | Total Registers | Total Slices |
+--------------+-----------------------+------------------------+-----------------+--------------+
| No           | No                    | No                     |               5 |            4 |
| No           | No                    | Yes                    |              51 |           21 |
| No           | Yes                   | No                     |               0 |            0 |
| Yes          | No                    | No                     |               0 |            0 |
| Yes          | No                    | Yes                    |              70 |           31 |
| Yes          | Yes                   | No                     |               0 |            0 |
+--------------+-----------------------+------------------------+-----------------+--------------+


4. Detailed Control Set Information
-----------------------------------

+-------------------------------------+------------------------------------+------------------+------------------+----------------+--------------+
|             Clock Signal            |            Enable Signal           | Set/Reset Signal | Slice Load Count | Bel Load Count | Bels / Slice |
+-------------------------------------+------------------------------------+------------------+------------------+----------------+--------------+
|  clk_IBUF_BUFG                      |                                    |                  |                1 |              1 |         1.00 |
|  U_FND/U_1kHz/CLK                   |                                    | reset_IBUF       |                2 |              2 |         1.00 |
|  U_CPU_Core/U_DP/U_PC/q_reg[2]_7[0] |                                    |                  |                3 |              4 |         1.33 |
|  clk_IBUF_BUFG                      | U_CPU_Core/U_DP/U_PC/p_1_in        |                  |                8 |             32 |         4.00 |
|  clk_IBUF_BUFG                      | U_CPU_Core/U_DP/U_PC/E[0]          | reset_IBUF       |               13 |             34 |         2.62 |
|  clk_IBUF_BUFG                      | U_CPU_Core/U_DP/U_PC/q_reg[2]_8[0] | reset_IBUF       |               18 |             36 |         2.00 |
|  clk_IBUF_BUFG                      |                                    | reset_IBUF       |               19 |             49 |         2.58 |
|  clk_IBUF_BUFG                      | U_CPU_Core/U_DP/U_PC/we            |                  |               12 |             96 |         8.00 |
+-------------------------------------+------------------------------------+------------------+------------------+----------------+--------------+


