
*** Running vivado
    with args -log Dedicated_Process.vds -m64 -product Vivado -mode batch -messageDb vivado.pb -notrace -source Dedicated_Process.tcl



****** Vivado v2020.2 (64-bit)
  **** SW Build 3064766 on Wed Nov 18 09:12:45 MST 2020
  **** IP Build 3064653 on Wed Nov 18 14:17:31 MST 2020
    ** Copyright 1986-2020 Xilinx, Inc. All Rights Reserved.

source Dedicated_Process.tcl -notrace
Command: synth_design -top Dedicated_Process -part xc7a35tcpg236-1
Starting synth_design
Attempting to get a license for feature 'Synthesis' and/or device 'xc7a35t'
INFO: [Common 17-349] Got license for feature 'Synthesis' and/or device 'xc7a35t'
INFO: [Device 21-403] Loading part xc7a35tcpg236-1
INFO: [Synth 8-7079] Multithreading enabled for synth_design using a maximum of 2 processes.
INFO: [Synth 8-7078] Launching helper process for spawning children vivado processes
INFO: [Synth 8-7075] Helper process launched with PID 16428
---------------------------------------------------------------------------------
Starting RTL Elaboration : Time (s): cpu = 00:00:02 ; elapsed = 00:00:02 . Memory (MB): peak = 1105.496 ; gain = 0.000
---------------------------------------------------------------------------------
INFO: [Synth 8-6157] synthesizing module 'Dedicated_Process' [D:/FPGA_RISC/20240528_Dedicated_Processor_0+9_Counter/20240528_Dedicated_Processor_0+9_Counter.srcs/sources_1/new/Dedicated_Process.v:3]
INFO: [Synth 8-6157] synthesizing module 'dataPath' [D:/FPGA_RISC/20240528_Dedicated_Processor_0+9_Counter/20240528_Dedicated_Processor_0+9_Counter.srcs/sources_1/new/DataPath.v:3]
INFO: [Synth 8-6157] synthesizing module 'MUX_2X1' [D:/FPGA_RISC/20240528_Dedicated_Processor_0+9_Counter/20240528_Dedicated_Processor_0+9_Counter.srcs/sources_1/new/DataPath.v:65]
INFO: [Synth 8-6155] done synthesizing module 'MUX_2X1' (1#1) [D:/FPGA_RISC/20240528_Dedicated_Processor_0+9_Counter/20240528_Dedicated_Processor_0+9_Counter.srcs/sources_1/new/DataPath.v:65]
INFO: [Synth 8-6157] synthesizing module 'register' [D:/FPGA_RISC/20240528_Dedicated_Processor_0+9_Counter/20240528_Dedicated_Processor_0+9_Counter.srcs/sources_1/new/DataPath.v:80]
INFO: [Synth 8-6155] done synthesizing module 'register' (2#1) [D:/FPGA_RISC/20240528_Dedicated_Processor_0+9_Counter/20240528_Dedicated_Processor_0+9_Counter.srcs/sources_1/new/DataPath.v:80]
INFO: [Synth 8-6157] synthesizing module 'comparator' [D:/FPGA_RISC/20240528_Dedicated_Processor_0+9_Counter/20240528_Dedicated_Processor_0+9_Counter.srcs/sources_1/new/DataPath.v:107]
INFO: [Synth 8-6155] done synthesizing module 'comparator' (3#1) [D:/FPGA_RISC/20240528_Dedicated_Processor_0+9_Counter/20240528_Dedicated_Processor_0+9_Counter.srcs/sources_1/new/DataPath.v:107]
INFO: [Synth 8-6157] synthesizing module 'adder' [D:/FPGA_RISC/20240528_Dedicated_Processor_0+9_Counter/20240528_Dedicated_Processor_0+9_Counter.srcs/sources_1/new/DataPath.v:117]
INFO: [Synth 8-6155] done synthesizing module 'adder' (4#1) [D:/FPGA_RISC/20240528_Dedicated_Processor_0+9_Counter/20240528_Dedicated_Processor_0+9_Counter.srcs/sources_1/new/DataPath.v:117]
INFO: [Synth 8-6155] done synthesizing module 'dataPath' (5#1) [D:/FPGA_RISC/20240528_Dedicated_Processor_0+9_Counter/20240528_Dedicated_Processor_0+9_Counter.srcs/sources_1/new/DataPath.v:3]
INFO: [Synth 8-6157] synthesizing module 'controlunit' [D:/FPGA_RISC/20240528_Dedicated_Processor_0+9_Counter/20240528_Dedicated_Processor_0+9_Counter.srcs/sources_1/new/ControlUnit.v:3]
	Parameter S0 bound to: 3'b000 
	Parameter S1 bound to: 3'b001 
	Parameter S2 bound to: 3'b010 
	Parameter S3 bound to: 3'b011 
	Parameter S4 bound to: 3'b100 
INFO: [Synth 8-6155] done synthesizing module 'controlunit' (6#1) [D:/FPGA_RISC/20240528_Dedicated_Processor_0+9_Counter/20240528_Dedicated_Processor_0+9_Counter.srcs/sources_1/new/ControlUnit.v:3]
INFO: [Synth 8-6157] synthesizing module 'fndController' [D:/FPGA_RISC/20240528_Dedicated_Processor_0+9_Counter/20240528_Dedicated_Processor_0+9_Counter.srcs/sources_1/imports/FPGA_RISC/fndController.v:3]
INFO: [Synth 8-6157] synthesizing module 'clkDiv' [D:/FPGA_RISC/20240528_Dedicated_Processor_0+9_Counter/20240528_Dedicated_Processor_0+9_Counter.srcs/sources_1/imports/FPGA_RISC/fndController.v:196]
	Parameter MAX_COUNT bound to: 100000 - type: integer 
INFO: [Synth 8-6155] done synthesizing module 'clkDiv' (7#1) [D:/FPGA_RISC/20240528_Dedicated_Processor_0+9_Counter/20240528_Dedicated_Processor_0+9_Counter.srcs/sources_1/imports/FPGA_RISC/fndController.v:196]
WARNING: [Synth 8-689] width (2) of port connection 'o_clk' does not match port width (1) of module 'clkDiv' [D:/FPGA_RISC/20240528_Dedicated_Processor_0+9_Counter/20240528_Dedicated_Processor_0+9_Counter.srcs/sources_1/imports/FPGA_RISC/fndController.v:19]
INFO: [Synth 8-6157] synthesizing module 'counter' [D:/FPGA_RISC/20240528_Dedicated_Processor_0+9_Counter/20240528_Dedicated_Processor_0+9_Counter.srcs/sources_1/imports/FPGA_RISC/fndController.v:172]
	Parameter MAX_COUNT bound to: 4 - type: integer 
INFO: [Synth 8-6155] done synthesizing module 'counter' (8#1) [D:/FPGA_RISC/20240528_Dedicated_Processor_0+9_Counter/20240528_Dedicated_Processor_0+9_Counter.srcs/sources_1/imports/FPGA_RISC/fndController.v:172]
WARNING: [Synth 8-689] width (2) of port connection 'clk' does not match port width (1) of module 'counter' [D:/FPGA_RISC/20240528_Dedicated_Processor_0+9_Counter/20240528_Dedicated_Processor_0+9_Counter.srcs/sources_1/imports/FPGA_RISC/fndController.v:24]
INFO: [Synth 8-6157] synthesizing module 'digitSplitter' [D:/FPGA_RISC/20240528_Dedicated_Processor_0+9_Counter/20240528_Dedicated_Processor_0+9_Counter.srcs/sources_1/imports/FPGA_RISC/fndController.v:58]
INFO: [Synth 8-6155] done synthesizing module 'digitSplitter' (9#1) [D:/FPGA_RISC/20240528_Dedicated_Processor_0+9_Counter/20240528_Dedicated_Processor_0+9_Counter.srcs/sources_1/imports/FPGA_RISC/fndController.v:58]
INFO: [Synth 8-6157] synthesizing module 'mux' [D:/FPGA_RISC/20240528_Dedicated_Processor_0+9_Counter/20240528_Dedicated_Processor_0+9_Counter.srcs/sources_1/imports/FPGA_RISC/fndController.v:117]
INFO: [Synth 8-226] default block is never used [D:/FPGA_RISC/20240528_Dedicated_Processor_0+9_Counter/20240528_Dedicated_Processor_0+9_Counter.srcs/sources_1/imports/FPGA_RISC/fndController.v:127]
INFO: [Synth 8-6155] done synthesizing module 'mux' (10#1) [D:/FPGA_RISC/20240528_Dedicated_Processor_0+9_Counter/20240528_Dedicated_Processor_0+9_Counter.srcs/sources_1/imports/FPGA_RISC/fndController.v:117]
INFO: [Synth 8-6157] synthesizing module 'BDCtoSEG' [D:/FPGA_RISC/20240528_Dedicated_Processor_0+9_Counter/20240528_Dedicated_Processor_0+9_Counter.srcs/sources_1/imports/FPGA_RISC/fndController.v:72]
INFO: [Synth 8-226] default block is never used [D:/FPGA_RISC/20240528_Dedicated_Processor_0+9_Counter/20240528_Dedicated_Processor_0+9_Counter.srcs/sources_1/imports/FPGA_RISC/fndController.v:78]
INFO: [Synth 8-6155] done synthesizing module 'BDCtoSEG' (11#1) [D:/FPGA_RISC/20240528_Dedicated_Processor_0+9_Counter/20240528_Dedicated_Processor_0+9_Counter.srcs/sources_1/imports/FPGA_RISC/fndController.v:72]
INFO: [Synth 8-6157] synthesizing module 'Decoder_2_4' [D:/FPGA_RISC/20240528_Dedicated_Processor_0+9_Counter/20240528_Dedicated_Processor_0+9_Counter.srcs/sources_1/imports/FPGA_RISC/fndController.v:101]
INFO: [Synth 8-6155] done synthesizing module 'Decoder_2_4' (12#1) [D:/FPGA_RISC/20240528_Dedicated_Processor_0+9_Counter/20240528_Dedicated_Processor_0+9_Counter.srcs/sources_1/imports/FPGA_RISC/fndController.v:101]
INFO: [Synth 8-6155] done synthesizing module 'fndController' (13#1) [D:/FPGA_RISC/20240528_Dedicated_Processor_0+9_Counter/20240528_Dedicated_Processor_0+9_Counter.srcs/sources_1/imports/FPGA_RISC/fndController.v:3]
INFO: [Synth 8-6155] done synthesizing module 'Dedicated_Process' (14#1) [D:/FPGA_RISC/20240528_Dedicated_Processor_0+9_Counter/20240528_Dedicated_Processor_0+9_Counter.srcs/sources_1/new/Dedicated_Process.v:3]
---------------------------------------------------------------------------------
Finished RTL Elaboration : Time (s): cpu = 00:00:02 ; elapsed = 00:00:03 . Memory (MB): peak = 1105.496 ; gain = 0.000
---------------------------------------------------------------------------------
---------------------------------------------------------------------------------
Start Handling Custom Attributes
---------------------------------------------------------------------------------
---------------------------------------------------------------------------------
Finished Handling Custom Attributes : Time (s): cpu = 00:00:03 ; elapsed = 00:00:03 . Memory (MB): peak = 1105.496 ; gain = 0.000
---------------------------------------------------------------------------------
---------------------------------------------------------------------------------
Finished RTL Optimization Phase 1 : Time (s): cpu = 00:00:03 ; elapsed = 00:00:03 . Memory (MB): peak = 1105.496 ; gain = 0.000
---------------------------------------------------------------------------------
Netlist sorting complete. Time (s): cpu = 00:00:00 ; elapsed = 00:00:00.001 . Memory (MB): peak = 1105.496 ; gain = 0.000
INFO: [Project 1-570] Preparing netlist for logic optimization

Processing XDC Constraints
Initializing timing engine
Parsing XDC File [D:/FPGA_RISC/20240528_Dedicated_Processor_0+9_Counter/20240528_Dedicated_Processor_0+9_Counter.srcs/constrs_1/imports/work_FPGA/MY_Basys-3-Master.xdc]
Finished Parsing XDC File [D:/FPGA_RISC/20240528_Dedicated_Processor_0+9_Counter/20240528_Dedicated_Processor_0+9_Counter.srcs/constrs_1/imports/work_FPGA/MY_Basys-3-Master.xdc]
INFO: [Project 1-236] Implementation specific constraints were found while reading constraint file [D:/FPGA_RISC/20240528_Dedicated_Processor_0+9_Counter/20240528_Dedicated_Processor_0+9_Counter.srcs/constrs_1/imports/work_FPGA/MY_Basys-3-Master.xdc]. These constraints will be ignored for synthesis but will be used in implementation. Impacted constraints are listed in the file [.Xil/Dedicated_Process_propImpl.xdc].
Resolution: To avoid this warning, move constraints listed in [.Xil/Dedicated_Process_propImpl.xdc] to another XDC file and exclude this new file from synthesis with the used_in_synthesis property (File Properties dialog in GUI) and re-run elaboration/synthesis.
Completed Processing XDC Constraints

Netlist sorting complete. Time (s): cpu = 00:00:00 ; elapsed = 00:00:00 . Memory (MB): peak = 1158.258 ; gain = 0.000
INFO: [Project 1-111] Unisim Transformation Summary:
No Unisim elements were transformed.

Constraint Validation Runtime : Time (s): cpu = 00:00:00 ; elapsed = 00:00:00.001 . Memory (MB): peak = 1158.258 ; gain = 0.000
---------------------------------------------------------------------------------
Finished Constraint Validation : Time (s): cpu = 00:00:05 ; elapsed = 00:00:07 . Memory (MB): peak = 1158.258 ; gain = 52.762
---------------------------------------------------------------------------------
---------------------------------------------------------------------------------
Start Loading Part and Timing Information
---------------------------------------------------------------------------------
Loading part: xc7a35tcpg236-1
---------------------------------------------------------------------------------
Finished Loading Part and Timing Information : Time (s): cpu = 00:00:05 ; elapsed = 00:00:07 . Memory (MB): peak = 1158.258 ; gain = 52.762
---------------------------------------------------------------------------------
---------------------------------------------------------------------------------
Start Applying 'set_property' XDC Constraints
---------------------------------------------------------------------------------
---------------------------------------------------------------------------------
Finished applying 'set_property' XDC Constraints : Time (s): cpu = 00:00:05 ; elapsed = 00:00:07 . Memory (MB): peak = 1158.258 ; gain = 52.762
---------------------------------------------------------------------------------
INFO: [Synth 8-802] inferred FSM for state register 'state_reg' in module 'controlunit'
---------------------------------------------------------------------------------------------------
                   State |                     New Encoding |                Previous Encoding 
---------------------------------------------------------------------------------------------------
                      S0 |                              000 |                              000
                      S1 |                              001 |                              001
                      S2 |                              010 |                              010
                      S3 |                              011 |                              011
                      S4 |                              100 |                              100
---------------------------------------------------------------------------------------------------
INFO: [Synth 8-3354] encoded FSM with state register 'state_reg' using encoding 'sequential' in module 'controlunit'
---------------------------------------------------------------------------------
Finished RTL Optimization Phase 2 : Time (s): cpu = 00:00:05 ; elapsed = 00:00:07 . Memory (MB): peak = 1158.258 ; gain = 52.762
---------------------------------------------------------------------------------
---------------------------------------------------------------------------------
Start RTL Component Statistics 
---------------------------------------------------------------------------------
Detailed RTL Component Info : 
+---Adders : 
	   2 Input   32 Bit       Adders := 1     
	   2 Input   17 Bit       Adders := 1     
	   2 Input    8 Bit       Adders := 2     
	   2 Input    2 Bit       Adders := 1     
+---Registers : 
	               32 Bit    Registers := 1     
	               17 Bit    Registers := 1     
	                8 Bit    Registers := 3     
	                2 Bit    Registers := 1     
	                1 Bit    Registers := 2     
+---Muxes : 
	   2 Input   32 Bit        Muxes := 1     
	   2 Input   17 Bit        Muxes := 1     
	   2 Input    8 Bit        Muxes := 1     
	   4 Input    4 Bit        Muxes := 2     
	   5 Input    3 Bit        Muxes := 1     
	   2 Input    3 Bit        Muxes := 1     
	   2 Input    2 Bit        Muxes := 1     
	   5 Input    1 Bit        Muxes := 3     
---------------------------------------------------------------------------------
Finished RTL Component Statistics 
---------------------------------------------------------------------------------
---------------------------------------------------------------------------------
Start Part Resource Summary
---------------------------------------------------------------------------------
Part Resources:
DSPs: 90 (col length:60)
BRAMs: 100 (col length: RAMB18 60 RAMB36 30)
---------------------------------------------------------------------------------
Finished Part Resource Summary
---------------------------------------------------------------------------------
---------------------------------------------------------------------------------
Start Cross Boundary and Area Optimization
---------------------------------------------------------------------------------
---------------------------------------------------------------------------------
Finished Cross Boundary and Area Optimization : Time (s): cpu = 00:00:06 ; elapsed = 00:00:10 . Memory (MB): peak = 1158.258 ; gain = 52.762
---------------------------------------------------------------------------------
---------------------------------------------------------------------------------
Start Applying XDC Timing Constraints
---------------------------------------------------------------------------------
---------------------------------------------------------------------------------
Finished Applying XDC Timing Constraints : Time (s): cpu = 00:00:08 ; elapsed = 00:00:13 . Memory (MB): peak = 1158.258 ; gain = 52.762
---------------------------------------------------------------------------------
---------------------------------------------------------------------------------
Start Timing Optimization
---------------------------------------------------------------------------------
---------------------------------------------------------------------------------
Finished Timing Optimization : Time (s): cpu = 00:00:08 ; elapsed = 00:00:13 . Memory (MB): peak = 1176.195 ; gain = 70.699
---------------------------------------------------------------------------------
---------------------------------------------------------------------------------
Start Technology Mapping
---------------------------------------------------------------------------------
---------------------------------------------------------------------------------
Finished Technology Mapping : Time (s): cpu = 00:00:08 ; elapsed = 00:00:13 . Memory (MB): peak = 1176.969 ; gain = 71.473
---------------------------------------------------------------------------------
---------------------------------------------------------------------------------
Start IO Insertion
---------------------------------------------------------------------------------
---------------------------------------------------------------------------------
Start Flattening Before IO Insertion
---------------------------------------------------------------------------------
---------------------------------------------------------------------------------
Finished Flattening Before IO Insertion
---------------------------------------------------------------------------------
---------------------------------------------------------------------------------
Start Final Netlist Cleanup
---------------------------------------------------------------------------------
---------------------------------------------------------------------------------
Finished Final Netlist Cleanup
---------------------------------------------------------------------------------
---------------------------------------------------------------------------------
Finished IO Insertion : Time (s): cpu = 00:00:09 ; elapsed = 00:00:15 . Memory (MB): peak = 1190.227 ; gain = 84.730
---------------------------------------------------------------------------------
---------------------------------------------------------------------------------
Start Renaming Generated Instances
---------------------------------------------------------------------------------
---------------------------------------------------------------------------------
Finished Renaming Generated Instances : Time (s): cpu = 00:00:09 ; elapsed = 00:00:15 . Memory (MB): peak = 1190.227 ; gain = 84.730
---------------------------------------------------------------------------------
---------------------------------------------------------------------------------
Start Rebuilding User Hierarchy
---------------------------------------------------------------------------------
---------------------------------------------------------------------------------
Finished Rebuilding User Hierarchy : Time (s): cpu = 00:00:10 ; elapsed = 00:00:15 . Memory (MB): peak = 1190.227 ; gain = 84.730
---------------------------------------------------------------------------------
---------------------------------------------------------------------------------
Start Renaming Generated Ports
---------------------------------------------------------------------------------
---------------------------------------------------------------------------------
Finished Renaming Generated Ports : Time (s): cpu = 00:00:10 ; elapsed = 00:00:15 . Memory (MB): peak = 1190.227 ; gain = 84.730
---------------------------------------------------------------------------------
---------------------------------------------------------------------------------
Start Handling Custom Attributes
---------------------------------------------------------------------------------
---------------------------------------------------------------------------------
Finished Handling Custom Attributes : Time (s): cpu = 00:00:10 ; elapsed = 00:00:15 . Memory (MB): peak = 1190.227 ; gain = 84.730
---------------------------------------------------------------------------------
---------------------------------------------------------------------------------
Start Renaming Generated Nets
---------------------------------------------------------------------------------
---------------------------------------------------------------------------------
Finished Renaming Generated Nets : Time (s): cpu = 00:00:10 ; elapsed = 00:00:15 . Memory (MB): peak = 1190.227 ; gain = 84.730
---------------------------------------------------------------------------------
---------------------------------------------------------------------------------
Start Writing Synthesis Report
---------------------------------------------------------------------------------

Report BlackBoxes: 
+-+--------------+----------+
| |BlackBox name |Instances |
+-+--------------+----------+
+-+--------------+----------+

Report Cell Usage: 
+------+-------+------+
|      |Cell   |Count |
+------+-------+------+
|1     |BUFG   |     1|
|2     |CARRY4 |    20|
|3     |LUT1   |     5|
|4     |LUT2   |    38|
|5     |LUT3   |    14|
|6     |LUT4   |    15|
|7     |LUT5   |    44|
|8     |LUT6   |    27|
|9     |FDCE   |    78|
|10    |FDRE   |     2|
|11    |IBUF   |     2|
|12    |OBUF   |    20|
+------+-------+------+
---------------------------------------------------------------------------------
Finished Writing Synthesis Report : Time (s): cpu = 00:00:10 ; elapsed = 00:00:15 . Memory (MB): peak = 1190.227 ; gain = 84.730
---------------------------------------------------------------------------------
Synthesis finished with 0 errors, 0 critical warnings and 0 warnings.
Synthesis Optimization Runtime : Time (s): cpu = 00:00:07 ; elapsed = 00:00:14 . Memory (MB): peak = 1190.227 ; gain = 31.969
Synthesis Optimization Complete : Time (s): cpu = 00:00:10 ; elapsed = 00:00:15 . Memory (MB): peak = 1190.227 ; gain = 84.730
INFO: [Project 1-571] Translating synthesized netlist
Netlist sorting complete. Time (s): cpu = 00:00:00 ; elapsed = 00:00:00.002 . Memory (MB): peak = 1199.719 ; gain = 0.000
INFO: [Netlist 29-17] Analyzing 20 Unisim elements for replacement
INFO: [Netlist 29-28] Unisim Transformation completed in 0 CPU seconds
INFO: [Project 1-570] Preparing netlist for logic optimization
INFO: [Opt 31-138] Pushed 0 inverter(s) to 0 load pin(s).
Netlist sorting complete. Time (s): cpu = 00:00:00 ; elapsed = 00:00:00 . Memory (MB): peak = 1199.719 ; gain = 0.000
INFO: [Project 1-111] Unisim Transformation Summary:
No Unisim elements were transformed.

INFO: [Common 17-83] Releasing license: Synthesis
47 Infos, 2 Warnings, 0 Critical Warnings and 0 Errors encountered.
synth_design completed successfully
synth_design: Time (s): cpu = 00:00:11 ; elapsed = 00:00:19 . Memory (MB): peak = 1199.719 ; gain = 94.223
INFO: [Common 17-1381] The checkpoint 'D:/FPGA_RISC/20240528_Dedicated_Processor_0+9_Counter/20240528_Dedicated_Processor_0+9_Counter.runs/synth_1/Dedicated_Process.dcp' has been generated.
INFO: [runtcl-4] Executing : report_utilization -file Dedicated_Process_utilization_synth.rpt -pb Dedicated_Process_utilization_synth.pb
INFO: [Common 17-206] Exiting Vivado at Tue May 28 17:18:17 2024...
