Copyright 1986-2020 Xilinx, Inc. All Rights Reserved.
-----------------------------------------------------------------------------------------------------------------------------------------------------
| Tool Version : Vivado v.2020.2 (win64) Build 3064766 Wed Nov 18 09:12:45 MST 2020
| Date         : Mon Jun  3 15:01:36 2024
| Host         : DESKTOP-7CFQ9ND running 64-bit major release  (build 9200)
| Command      : report_methodology -file RV32I_methodology_drc_routed.rpt -pb RV32I_methodology_drc_routed.pb -rpx RV32I_methodology_drc_routed.rpx
| Design       : RV32I
| Device       : xc7a35tcpg236-1
| Speed File   : -1
| Design State : Fully Routed
-----------------------------------------------------------------------------------------------------------------------------------------------------

Report Methodology

Table of Contents
-----------------
1. REPORT SUMMARY
2. REPORT DETAILS

1. REPORT SUMMARY
-----------------
            Netlist: netlist
          Floorplan: design_1
      Design limits: <entire design considered>
             Max violations: <unlimited>
             Violations found: 181
+-----------+----------+-------------------------------+------------+
| Rule      | Severity | Description                   | Violations |
+-----------+----------+-------------------------------+------------+
| TIMING-16 | Warning  | Large setup violation         | 176        |
| TIMING-18 | Warning  | Missing input or output delay | 5          |
+-----------+----------+-------------------------------+------------+

2. REPORT DETAILS
-----------------
TIMING-16#1 Warning
Large setup violation  
There is a large setup violation of -1.765 ns between U_CPU_Core/U_DataPath/U_PC/q_reg[2]/C (clocked by sys_clk_pin) and U_GPO/ODR_reg[0]/CE (clocked by sys_clk_pin). Large setup violations at the end of those stages might be difficult to fix during the post-placement implementation flow and could be the result of non-optimal XDC constraints or non-optimal design architecture
Related violations: <none>

TIMING-16#2 Warning
Large setup violation  
There is a large setup violation of -1.765 ns between U_CPU_Core/U_DataPath/U_PC/q_reg[2]/C (clocked by sys_clk_pin) and U_GPO/ODR_reg[15]/CE (clocked by sys_clk_pin). Large setup violations at the end of those stages might be difficult to fix during the post-placement implementation flow and could be the result of non-optimal XDC constraints or non-optimal design architecture
Related violations: <none>

TIMING-16#3 Warning
Large setup violation  
There is a large setup violation of -1.765 ns between U_CPU_Core/U_DataPath/U_PC/q_reg[2]/C (clocked by sys_clk_pin) and U_GPO/ODR_reg[30]/CE (clocked by sys_clk_pin). Large setup violations at the end of those stages might be difficult to fix during the post-placement implementation flow and could be the result of non-optimal XDC constraints or non-optimal design architecture
Related violations: <none>

TIMING-16#4 Warning
Large setup violation  
There is a large setup violation of -1.765 ns between U_CPU_Core/U_DataPath/U_PC/q_reg[2]/C (clocked by sys_clk_pin) and U_GPO/ODR_reg[31]/CE (clocked by sys_clk_pin). Large setup violations at the end of those stages might be difficult to fix during the post-placement implementation flow and could be the result of non-optimal XDC constraints or non-optimal design architecture
Related violations: <none>

TIMING-16#5 Warning
Large setup violation  
There is a large setup violation of -1.765 ns between U_CPU_Core/U_DataPath/U_PC/q_reg[2]/C (clocked by sys_clk_pin) and U_GPO/ODR_reg[3]/CE (clocked by sys_clk_pin). Large setup violations at the end of those stages might be difficult to fix during the post-placement implementation flow and could be the result of non-optimal XDC constraints or non-optimal design architecture
Related violations: <none>

TIMING-16#6 Warning
Large setup violation  
There is a large setup violation of -1.765 ns between U_CPU_Core/U_DataPath/U_PC/q_reg[2]/C (clocked by sys_clk_pin) and U_GPO/ODR_reg[8]/CE (clocked by sys_clk_pin). Large setup violations at the end of those stages might be difficult to fix during the post-placement implementation flow and could be the result of non-optimal XDC constraints or non-optimal design architecture
Related violations: <none>

TIMING-16#7 Warning
Large setup violation  
There is a large setup violation of -1.799 ns between U_CPU_Core/U_DataPath/U_PC/q_reg[2]/C (clocked by sys_clk_pin) and U_GPO/ODR_reg[11]/CE (clocked by sys_clk_pin). Large setup violations at the end of those stages might be difficult to fix during the post-placement implementation flow and could be the result of non-optimal XDC constraints or non-optimal design architecture
Related violations: <none>

TIMING-16#8 Warning
Large setup violation  
There is a large setup violation of -1.799 ns between U_CPU_Core/U_DataPath/U_PC/q_reg[2]/C (clocked by sys_clk_pin) and U_GPO/ODR_reg[13]/CE (clocked by sys_clk_pin). Large setup violations at the end of those stages might be difficult to fix during the post-placement implementation flow and could be the result of non-optimal XDC constraints or non-optimal design architecture
Related violations: <none>

TIMING-16#9 Warning
Large setup violation  
There is a large setup violation of -1.799 ns between U_CPU_Core/U_DataPath/U_PC/q_reg[2]/C (clocked by sys_clk_pin) and U_GPO/ODR_reg[14]/CE (clocked by sys_clk_pin). Large setup violations at the end of those stages might be difficult to fix during the post-placement implementation flow and could be the result of non-optimal XDC constraints or non-optimal design architecture
Related violations: <none>

TIMING-16#10 Warning
Large setup violation  
There is a large setup violation of -1.799 ns between U_CPU_Core/U_DataPath/U_PC/q_reg[2]/C (clocked by sys_clk_pin) and U_GPO/ODR_reg[19]/CE (clocked by sys_clk_pin). Large setup violations at the end of those stages might be difficult to fix during the post-placement implementation flow and could be the result of non-optimal XDC constraints or non-optimal design architecture
Related violations: <none>

TIMING-16#11 Warning
Large setup violation  
There is a large setup violation of -1.799 ns between U_CPU_Core/U_DataPath/U_PC/q_reg[2]/C (clocked by sys_clk_pin) and U_GPO/ODR_reg[22]/CE (clocked by sys_clk_pin). Large setup violations at the end of those stages might be difficult to fix during the post-placement implementation flow and could be the result of non-optimal XDC constraints or non-optimal design architecture
Related violations: <none>

TIMING-16#12 Warning
Large setup violation  
There is a large setup violation of -1.799 ns between U_CPU_Core/U_DataPath/U_PC/q_reg[2]/C (clocked by sys_clk_pin) and U_GPO/ODR_reg[24]/CE (clocked by sys_clk_pin). Large setup violations at the end of those stages might be difficult to fix during the post-placement implementation flow and could be the result of non-optimal XDC constraints or non-optimal design architecture
Related violations: <none>

TIMING-16#13 Warning
Large setup violation  
There is a large setup violation of -1.799 ns between U_CPU_Core/U_DataPath/U_PC/q_reg[2]/C (clocked by sys_clk_pin) and U_GPO/ODR_reg[25]/CE (clocked by sys_clk_pin). Large setup violations at the end of those stages might be difficult to fix during the post-placement implementation flow and could be the result of non-optimal XDC constraints or non-optimal design architecture
Related violations: <none>

TIMING-16#14 Warning
Large setup violation  
There is a large setup violation of -1.799 ns between U_CPU_Core/U_DataPath/U_PC/q_reg[2]/C (clocked by sys_clk_pin) and U_GPO/ODR_reg[9]/CE (clocked by sys_clk_pin). Large setup violations at the end of those stages might be difficult to fix during the post-placement implementation flow and could be the result of non-optimal XDC constraints or non-optimal design architecture
Related violations: <none>

TIMING-16#15 Warning
Large setup violation  
There is a large setup violation of -1.801 ns between U_CPU_Core/U_DataPath/U_PC/q_reg[2]/C (clocked by sys_clk_pin) and U_GPO/ODR_reg[26]/CE (clocked by sys_clk_pin). Large setup violations at the end of those stages might be difficult to fix during the post-placement implementation flow and could be the result of non-optimal XDC constraints or non-optimal design architecture
Related violations: <none>

TIMING-16#16 Warning
Large setup violation  
There is a large setup violation of -1.801 ns between U_CPU_Core/U_DataPath/U_PC/q_reg[2]/C (clocked by sys_clk_pin) and U_GPO/ODR_reg[28]/CE (clocked by sys_clk_pin). Large setup violations at the end of those stages might be difficult to fix during the post-placement implementation flow and could be the result of non-optimal XDC constraints or non-optimal design architecture
Related violations: <none>

TIMING-16#17 Warning
Large setup violation  
There is a large setup violation of -1.801 ns between U_CPU_Core/U_DataPath/U_PC/q_reg[2]/C (clocked by sys_clk_pin) and U_GPO/ODR_reg[29]/CE (clocked by sys_clk_pin). Large setup violations at the end of those stages might be difficult to fix during the post-placement implementation flow and could be the result of non-optimal XDC constraints or non-optimal design architecture
Related violations: <none>

TIMING-16#18 Warning
Large setup violation  
There is a large setup violation of -1.801 ns between U_CPU_Core/U_DataPath/U_PC/q_reg[2]/C (clocked by sys_clk_pin) and U_GPO/ODR_reg[7]/CE (clocked by sys_clk_pin). Large setup violations at the end of those stages might be difficult to fix during the post-placement implementation flow and could be the result of non-optimal XDC constraints or non-optimal design architecture
Related violations: <none>

TIMING-16#19 Warning
Large setup violation  
There is a large setup violation of -1.839 ns between U_CPU_Core/U_DataPath/U_PC/q_reg[2]/C (clocked by sys_clk_pin) and U_GPO/ODR_reg[18]/CE (clocked by sys_clk_pin). Large setup violations at the end of those stages might be difficult to fix during the post-placement implementation flow and could be the result of non-optimal XDC constraints or non-optimal design architecture
Related violations: <none>

TIMING-16#20 Warning
Large setup violation  
There is a large setup violation of -1.839 ns between U_CPU_Core/U_DataPath/U_PC/q_reg[2]/C (clocked by sys_clk_pin) and U_GPO/ODR_reg[4]/CE (clocked by sys_clk_pin). Large setup violations at the end of those stages might be difficult to fix during the post-placement implementation flow and could be the result of non-optimal XDC constraints or non-optimal design architecture
Related violations: <none>

TIMING-16#21 Warning
Large setup violation  
There is a large setup violation of -1.839 ns between U_CPU_Core/U_DataPath/U_PC/q_reg[2]/C (clocked by sys_clk_pin) and U_GPO/ODR_reg[5]/CE (clocked by sys_clk_pin). Large setup violations at the end of those stages might be difficult to fix during the post-placement implementation flow and could be the result of non-optimal XDC constraints or non-optimal design architecture
Related violations: <none>

TIMING-16#22 Warning
Large setup violation  
There is a large setup violation of -1.839 ns between U_CPU_Core/U_DataPath/U_PC/q_reg[2]/C (clocked by sys_clk_pin) and U_GPO/ODR_reg[6]/CE (clocked by sys_clk_pin). Large setup violations at the end of those stages might be difficult to fix during the post-placement implementation flow and could be the result of non-optimal XDC constraints or non-optimal design architecture
Related violations: <none>

TIMING-16#23 Warning
Large setup violation  
There is a large setup violation of -1.896 ns between U_CPU_Core/U_DataPath/U_PC/q_reg[2]/C (clocked by sys_clk_pin) and U_GPO/ODR_reg[12]/CE (clocked by sys_clk_pin). Large setup violations at the end of those stages might be difficult to fix during the post-placement implementation flow and could be the result of non-optimal XDC constraints or non-optimal design architecture
Related violations: <none>

TIMING-16#24 Warning
Large setup violation  
There is a large setup violation of -1.896 ns between U_CPU_Core/U_DataPath/U_PC/q_reg[2]/C (clocked by sys_clk_pin) and U_GPO/ODR_reg[21]/CE (clocked by sys_clk_pin). Large setup violations at the end of those stages might be difficult to fix during the post-placement implementation flow and could be the result of non-optimal XDC constraints or non-optimal design architecture
Related violations: <none>

TIMING-16#25 Warning
Large setup violation  
There is a large setup violation of -1.896 ns between U_CPU_Core/U_DataPath/U_PC/q_reg[2]/C (clocked by sys_clk_pin) and U_GPO/ODR_reg[27]/CE (clocked by sys_clk_pin). Large setup violations at the end of those stages might be difficult to fix during the post-placement implementation flow and could be the result of non-optimal XDC constraints or non-optimal design architecture
Related violations: <none>

TIMING-16#26 Warning
Large setup violation  
There is a large setup violation of -1.896 ns between U_CPU_Core/U_DataPath/U_PC/q_reg[2]/C (clocked by sys_clk_pin) and U_GPO/ODR_reg[2]/CE (clocked by sys_clk_pin). Large setup violations at the end of those stages might be difficult to fix during the post-placement implementation flow and could be the result of non-optimal XDC constraints or non-optimal design architecture
Related violations: <none>

TIMING-16#27 Warning
Large setup violation  
There is a large setup violation of -1.908 ns between U_CPU_Core/U_DataPath/U_PC/q_reg[2]/C (clocked by sys_clk_pin) and U_GPO/ODR_reg[10]/CE (clocked by sys_clk_pin). Large setup violations at the end of those stages might be difficult to fix during the post-placement implementation flow and could be the result of non-optimal XDC constraints or non-optimal design architecture
Related violations: <none>

TIMING-16#28 Warning
Large setup violation  
There is a large setup violation of -1.908 ns between U_CPU_Core/U_DataPath/U_PC/q_reg[2]/C (clocked by sys_clk_pin) and U_GPO/ODR_reg[17]/CE (clocked by sys_clk_pin). Large setup violations at the end of those stages might be difficult to fix during the post-placement implementation flow and could be the result of non-optimal XDC constraints or non-optimal design architecture
Related violations: <none>

TIMING-16#29 Warning
Large setup violation  
There is a large setup violation of -1.924 ns between U_CPU_Core/U_DataPath/U_PC/q_reg[2]/C (clocked by sys_clk_pin) and U_GPO/ODR_reg[14]/D (clocked by sys_clk_pin). Large setup violations at the end of those stages might be difficult to fix during the post-placement implementation flow and could be the result of non-optimal XDC constraints or non-optimal design architecture
Related violations: <none>

TIMING-16#30 Warning
Large setup violation  
There is a large setup violation of -1.932 ns between U_CPU_Core/U_DataPath/U_PC/q_reg[2]/C (clocked by sys_clk_pin) and U_GPO/ODR_reg[16]/CE (clocked by sys_clk_pin). Large setup violations at the end of those stages might be difficult to fix during the post-placement implementation flow and could be the result of non-optimal XDC constraints or non-optimal design architecture
Related violations: <none>

TIMING-16#31 Warning
Large setup violation  
There is a large setup violation of -1.932 ns between U_CPU_Core/U_DataPath/U_PC/q_reg[2]/C (clocked by sys_clk_pin) and U_GPO/ODR_reg[1]/CE (clocked by sys_clk_pin). Large setup violations at the end of those stages might be difficult to fix during the post-placement implementation flow and could be the result of non-optimal XDC constraints or non-optimal design architecture
Related violations: <none>

TIMING-16#32 Warning
Large setup violation  
There is a large setup violation of -1.932 ns between U_CPU_Core/U_DataPath/U_PC/q_reg[2]/C (clocked by sys_clk_pin) and U_GPO/ODR_reg[20]/CE (clocked by sys_clk_pin). Large setup violations at the end of those stages might be difficult to fix during the post-placement implementation flow and could be the result of non-optimal XDC constraints or non-optimal design architecture
Related violations: <none>

TIMING-16#33 Warning
Large setup violation  
There is a large setup violation of -1.932 ns between U_CPU_Core/U_DataPath/U_PC/q_reg[2]/C (clocked by sys_clk_pin) and U_GPO/ODR_reg[23]/CE (clocked by sys_clk_pin). Large setup violations at the end of those stages might be difficult to fix during the post-placement implementation flow and could be the result of non-optimal XDC constraints or non-optimal design architecture
Related violations: <none>

TIMING-16#34 Warning
Large setup violation  
There is a large setup violation of -2.104 ns between U_CPU_Core/U_DataPath/U_PC/q_reg[2]/C (clocked by sys_clk_pin) and U_GPO/ODR_reg[13]/D (clocked by sys_clk_pin). Large setup violations at the end of those stages might be difficult to fix during the post-placement implementation flow and could be the result of non-optimal XDC constraints or non-optimal design architecture
Related violations: <none>

TIMING-16#35 Warning
Large setup violation  
There is a large setup violation of -2.128 ns between U_CPU_Core/U_DataPath/U_PC/q_reg[2]/C (clocked by sys_clk_pin) and U_GPO/ODR_reg[9]/D (clocked by sys_clk_pin). Large setup violations at the end of those stages might be difficult to fix during the post-placement implementation flow and could be the result of non-optimal XDC constraints or non-optimal design architecture
Related violations: <none>

TIMING-16#36 Warning
Large setup violation  
There is a large setup violation of -2.176 ns between U_CPU_Core/U_DataPath/U_PC/q_reg[2]/C (clocked by sys_clk_pin) and U_GPO/ODR_reg[11]/D (clocked by sys_clk_pin). Large setup violations at the end of those stages might be difficult to fix during the post-placement implementation flow and could be the result of non-optimal XDC constraints or non-optimal design architecture
Related violations: <none>

TIMING-16#37 Warning
Large setup violation  
There is a large setup violation of -2.200 ns between U_CPU_Core/U_DataPath/U_PC/q_reg[2]/C (clocked by sys_clk_pin) and U_GPO/ODR_reg[10]/D (clocked by sys_clk_pin). Large setup violations at the end of those stages might be difficult to fix during the post-placement implementation flow and could be the result of non-optimal XDC constraints or non-optimal design architecture
Related violations: <none>

TIMING-16#38 Warning
Large setup violation  
There is a large setup violation of -2.212 ns between U_CPU_Core/U_DataPath/U_PC/q_reg[2]/C (clocked by sys_clk_pin) and U_GPO/ODR_reg[12]/D (clocked by sys_clk_pin). Large setup violations at the end of those stages might be difficult to fix during the post-placement implementation flow and could be the result of non-optimal XDC constraints or non-optimal design architecture
Related violations: <none>

TIMING-16#39 Warning
Large setup violation  
There is a large setup violation of -2.218 ns between U_CPU_Core/U_DataPath/U_PC/q_reg[2]/C (clocked by sys_clk_pin) and U_GPO/ODR_reg[15]/D (clocked by sys_clk_pin). Large setup violations at the end of those stages might be difficult to fix during the post-placement implementation flow and could be the result of non-optimal XDC constraints or non-optimal design architecture
Related violations: <none>

TIMING-16#40 Warning
Large setup violation  
There is a large setup violation of -2.222 ns between U_CPU_Core/U_DataPath/U_PC/q_reg[2]/C (clocked by sys_clk_pin) and U_GPO/ODR_reg[17]/D (clocked by sys_clk_pin). Large setup violations at the end of those stages might be difficult to fix during the post-placement implementation flow and could be the result of non-optimal XDC constraints or non-optimal design architecture
Related violations: <none>

TIMING-16#41 Warning
Large setup violation  
There is a large setup violation of -2.251 ns between U_CPU_Core/U_DataPath/U_PC/q_reg[2]/C (clocked by sys_clk_pin) and U_GPO/ODR_reg[21]/D (clocked by sys_clk_pin). Large setup violations at the end of those stages might be difficult to fix during the post-placement implementation flow and could be the result of non-optimal XDC constraints or non-optimal design architecture
Related violations: <none>

TIMING-16#42 Warning
Large setup violation  
There is a large setup violation of -2.256 ns between U_CPU_Core/U_DataPath/U_PC/q_reg[2]/C (clocked by sys_clk_pin) and U_GPO/ODR_reg[19]/D (clocked by sys_clk_pin). Large setup violations at the end of those stages might be difficult to fix during the post-placement implementation flow and could be the result of non-optimal XDC constraints or non-optimal design architecture
Related violations: <none>

TIMING-16#43 Warning
Large setup violation  
There is a large setup violation of -2.278 ns between U_CPU_Core/U_DataPath/U_PC/q_reg[2]/C (clocked by sys_clk_pin) and U_GPO/ODR_reg[31]/D (clocked by sys_clk_pin). Large setup violations at the end of those stages might be difficult to fix during the post-placement implementation flow and could be the result of non-optimal XDC constraints or non-optimal design architecture
Related violations: <none>

TIMING-16#44 Warning
Large setup violation  
There is a large setup violation of -2.279 ns between U_CPU_Core/U_DataPath/U_PC/q_reg[2]/C (clocked by sys_clk_pin) and U_GPO/ODR_reg[26]/D (clocked by sys_clk_pin). Large setup violations at the end of those stages might be difficult to fix during the post-placement implementation flow and could be the result of non-optimal XDC constraints or non-optimal design architecture
Related violations: <none>

TIMING-16#45 Warning
Large setup violation  
There is a large setup violation of -2.282 ns between U_CPU_Core/U_DataPath/U_PC/q_reg[2]/C (clocked by sys_clk_pin) and U_GPO/ODR_reg[29]/D (clocked by sys_clk_pin). Large setup violations at the end of those stages might be difficult to fix during the post-placement implementation flow and could be the result of non-optimal XDC constraints or non-optimal design architecture
Related violations: <none>

TIMING-16#46 Warning
Large setup violation  
There is a large setup violation of -2.302 ns between U_CPU_Core/U_DataPath/U_PC/q_reg[2]/C (clocked by sys_clk_pin) and U_GPO/ODR_reg[16]/D (clocked by sys_clk_pin). Large setup violations at the end of those stages might be difficult to fix during the post-placement implementation flow and could be the result of non-optimal XDC constraints or non-optimal design architecture
Related violations: <none>

TIMING-16#47 Warning
Large setup violation  
There is a large setup violation of -2.331 ns between U_CPU_Core/U_DataPath/U_PC/q_reg[2]/C (clocked by sys_clk_pin) and U_RAM/ram_reg_0_63_31_31/SP/I (clocked by sys_clk_pin). Large setup violations at the end of those stages might be difficult to fix during the post-placement implementation flow and could be the result of non-optimal XDC constraints or non-optimal design architecture
Related violations: <none>

TIMING-16#48 Warning
Large setup violation  
There is a large setup violation of -2.341 ns between U_CPU_Core/U_DataPath/U_PC/q_reg[2]/C (clocked by sys_clk_pin) and U_GPO/ODR_reg[23]/D (clocked by sys_clk_pin). Large setup violations at the end of those stages might be difficult to fix during the post-placement implementation flow and could be the result of non-optimal XDC constraints or non-optimal design architecture
Related violations: <none>

TIMING-16#49 Warning
Large setup violation  
There is a large setup violation of -2.342 ns between U_CPU_Core/U_DataPath/U_PC/q_reg[2]/C (clocked by sys_clk_pin) and U_RAM/ram_reg_0_63_30_30/SP/I (clocked by sys_clk_pin). Large setup violations at the end of those stages might be difficult to fix during the post-placement implementation flow and could be the result of non-optimal XDC constraints or non-optimal design architecture
Related violations: <none>

TIMING-16#50 Warning
Large setup violation  
There is a large setup violation of -2.360 ns between U_CPU_Core/U_DataPath/U_PC/q_reg[2]/C (clocked by sys_clk_pin) and U_RAM/ram_reg_0_63_0_0/SP/WE (clocked by sys_clk_pin). Large setup violations at the end of those stages might be difficult to fix during the post-placement implementation flow and could be the result of non-optimal XDC constraints or non-optimal design architecture
Related violations: <none>

TIMING-16#51 Warning
Large setup violation  
There is a large setup violation of -2.360 ns between U_CPU_Core/U_DataPath/U_PC/q_reg[2]/C (clocked by sys_clk_pin) and U_RAM/ram_reg_0_63_10_10/SP/WE (clocked by sys_clk_pin). Large setup violations at the end of those stages might be difficult to fix during the post-placement implementation flow and could be the result of non-optimal XDC constraints or non-optimal design architecture
Related violations: <none>

TIMING-16#52 Warning
Large setup violation  
There is a large setup violation of -2.360 ns between U_CPU_Core/U_DataPath/U_PC/q_reg[2]/C (clocked by sys_clk_pin) and U_RAM/ram_reg_0_63_11_11/SP/WE (clocked by sys_clk_pin). Large setup violations at the end of those stages might be difficult to fix during the post-placement implementation flow and could be the result of non-optimal XDC constraints or non-optimal design architecture
Related violations: <none>

TIMING-16#53 Warning
Large setup violation  
There is a large setup violation of -2.360 ns between U_CPU_Core/U_DataPath/U_PC/q_reg[2]/C (clocked by sys_clk_pin) and U_RAM/ram_reg_0_63_12_12/SP/WE (clocked by sys_clk_pin). Large setup violations at the end of those stages might be difficult to fix during the post-placement implementation flow and could be the result of non-optimal XDC constraints or non-optimal design architecture
Related violations: <none>

TIMING-16#54 Warning
Large setup violation  
There is a large setup violation of -2.371 ns between U_CPU_Core/U_DataPath/U_PC/q_reg[2]/C (clocked by sys_clk_pin) and U_RAM/ram_reg_0_63_24_24/SP/WE (clocked by sys_clk_pin). Large setup violations at the end of those stages might be difficult to fix during the post-placement implementation flow and could be the result of non-optimal XDC constraints or non-optimal design architecture
Related violations: <none>

TIMING-16#55 Warning
Large setup violation  
There is a large setup violation of -2.371 ns between U_CPU_Core/U_DataPath/U_PC/q_reg[2]/C (clocked by sys_clk_pin) and U_RAM/ram_reg_0_63_25_25/SP/WE (clocked by sys_clk_pin). Large setup violations at the end of those stages might be difficult to fix during the post-placement implementation flow and could be the result of non-optimal XDC constraints or non-optimal design architecture
Related violations: <none>

TIMING-16#56 Warning
Large setup violation  
There is a large setup violation of -2.371 ns between U_CPU_Core/U_DataPath/U_PC/q_reg[2]/C (clocked by sys_clk_pin) and U_RAM/ram_reg_0_63_26_26/SP/WE (clocked by sys_clk_pin). Large setup violations at the end of those stages might be difficult to fix during the post-placement implementation flow and could be the result of non-optimal XDC constraints or non-optimal design architecture
Related violations: <none>

TIMING-16#57 Warning
Large setup violation  
There is a large setup violation of -2.371 ns between U_CPU_Core/U_DataPath/U_PC/q_reg[2]/C (clocked by sys_clk_pin) and U_RAM/ram_reg_0_63_27_27/SP/WE (clocked by sys_clk_pin). Large setup violations at the end of those stages might be difficult to fix during the post-placement implementation flow and could be the result of non-optimal XDC constraints or non-optimal design architecture
Related violations: <none>

TIMING-16#58 Warning
Large setup violation  
There is a large setup violation of -2.375 ns between U_CPU_Core/U_DataPath/U_PC/q_reg[2]/C (clocked by sys_clk_pin) and U_RAM/ram_reg_0_63_24_24/SP/I (clocked by sys_clk_pin). Large setup violations at the end of those stages might be difficult to fix during the post-placement implementation flow and could be the result of non-optimal XDC constraints or non-optimal design architecture
Related violations: <none>

TIMING-16#59 Warning
Large setup violation  
There is a large setup violation of -2.377 ns between U_CPU_Core/U_DataPath/U_PC/q_reg[2]/C (clocked by sys_clk_pin) and U_GPO/ODR_reg[22]/D (clocked by sys_clk_pin). Large setup violations at the end of those stages might be difficult to fix during the post-placement implementation flow and could be the result of non-optimal XDC constraints or non-optimal design architecture
Related violations: <none>

TIMING-16#60 Warning
Large setup violation  
There is a large setup violation of -2.394 ns between U_CPU_Core/U_DataPath/U_PC/q_reg[2]/C (clocked by sys_clk_pin) and U_RAM/ram_reg_0_63_13_13/SP/I (clocked by sys_clk_pin). Large setup violations at the end of those stages might be difficult to fix during the post-placement implementation flow and could be the result of non-optimal XDC constraints or non-optimal design architecture
Related violations: <none>

TIMING-16#61 Warning
Large setup violation  
There is a large setup violation of -2.397 ns between U_CPU_Core/U_DataPath/U_PC/q_reg[2]/C (clocked by sys_clk_pin) and U_GPO/ODR_reg[18]/D (clocked by sys_clk_pin). Large setup violations at the end of those stages might be difficult to fix during the post-placement implementation flow and could be the result of non-optimal XDC constraints or non-optimal design architecture
Related violations: <none>

TIMING-16#62 Warning
Large setup violation  
There is a large setup violation of -2.420 ns between U_CPU_Core/U_DataPath/U_PC/q_reg[2]/C (clocked by sys_clk_pin) and U_GPO/ODR_reg[24]/D (clocked by sys_clk_pin). Large setup violations at the end of those stages might be difficult to fix during the post-placement implementation flow and could be the result of non-optimal XDC constraints or non-optimal design architecture
Related violations: <none>

TIMING-16#63 Warning
Large setup violation  
There is a large setup violation of -2.426 ns between U_CPU_Core/U_DataPath/U_PC/q_reg[2]/C (clocked by sys_clk_pin) and U_GPO/ODR_reg[27]/D (clocked by sys_clk_pin). Large setup violations at the end of those stages might be difficult to fix during the post-placement implementation flow and could be the result of non-optimal XDC constraints or non-optimal design architecture
Related violations: <none>

TIMING-16#64 Warning
Large setup violation  
There is a large setup violation of -2.453 ns between U_CPU_Core/U_DataPath/U_PC/q_reg[2]/C (clocked by sys_clk_pin) and U_RAM/ram_reg_0_63_20_20/SP/I (clocked by sys_clk_pin). Large setup violations at the end of those stages might be difficult to fix during the post-placement implementation flow and could be the result of non-optimal XDC constraints or non-optimal design architecture
Related violations: <none>

TIMING-16#65 Warning
Large setup violation  
There is a large setup violation of -2.482 ns between U_CPU_Core/U_DataPath/U_PC/q_reg[2]/C (clocked by sys_clk_pin) and U_GPO/ODR_reg[28]/D (clocked by sys_clk_pin). Large setup violations at the end of those stages might be difficult to fix during the post-placement implementation flow and could be the result of non-optimal XDC constraints or non-optimal design architecture
Related violations: <none>

TIMING-16#66 Warning
Large setup violation  
There is a large setup violation of -2.487 ns between U_CPU_Core/U_DataPath/U_PC/q_reg[2]/C (clocked by sys_clk_pin) and U_RAM/ram_reg_0_63_12_12/SP/I (clocked by sys_clk_pin). Large setup violations at the end of those stages might be difficult to fix during the post-placement implementation flow and could be the result of non-optimal XDC constraints or non-optimal design architecture
Related violations: <none>

TIMING-16#67 Warning
Large setup violation  
There is a large setup violation of -2.500 ns between U_CPU_Core/U_DataPath/U_PC/q_reg[2]/C (clocked by sys_clk_pin) and U_RAM/ram_reg_0_63_31_31/SP/WE (clocked by sys_clk_pin). Large setup violations at the end of those stages might be difficult to fix during the post-placement implementation flow and could be the result of non-optimal XDC constraints or non-optimal design architecture
Related violations: <none>

TIMING-16#68 Warning
Large setup violation  
There is a large setup violation of -2.500 ns between U_CPU_Core/U_DataPath/U_PC/q_reg[2]/C (clocked by sys_clk_pin) and U_RAM/ram_reg_0_63_3_3/SP/WE (clocked by sys_clk_pin). Large setup violations at the end of those stages might be difficult to fix during the post-placement implementation flow and could be the result of non-optimal XDC constraints or non-optimal design architecture
Related violations: <none>

TIMING-16#69 Warning
Large setup violation  
There is a large setup violation of -2.500 ns between U_CPU_Core/U_DataPath/U_PC/q_reg[2]/C (clocked by sys_clk_pin) and U_RAM/ram_reg_0_63_4_4/SP/WE (clocked by sys_clk_pin). Large setup violations at the end of those stages might be difficult to fix during the post-placement implementation flow and could be the result of non-optimal XDC constraints or non-optimal design architecture
Related violations: <none>

TIMING-16#70 Warning
Large setup violation  
There is a large setup violation of -2.500 ns between U_CPU_Core/U_DataPath/U_PC/q_reg[2]/C (clocked by sys_clk_pin) and U_RAM/ram_reg_0_63_5_5/SP/WE (clocked by sys_clk_pin). Large setup violations at the end of those stages might be difficult to fix during the post-placement implementation flow and could be the result of non-optimal XDC constraints or non-optimal design architecture
Related violations: <none>

TIMING-16#71 Warning
Large setup violation  
There is a large setup violation of -2.509 ns between U_CPU_Core/U_DataPath/U_PC/q_reg[2]/C (clocked by sys_clk_pin) and U_RAM/ram_reg_0_63_28_28/SP/WE (clocked by sys_clk_pin). Large setup violations at the end of those stages might be difficult to fix during the post-placement implementation flow and could be the result of non-optimal XDC constraints or non-optimal design architecture
Related violations: <none>

TIMING-16#72 Warning
Large setup violation  
There is a large setup violation of -2.509 ns between U_CPU_Core/U_DataPath/U_PC/q_reg[2]/C (clocked by sys_clk_pin) and U_RAM/ram_reg_0_63_29_29/SP/WE (clocked by sys_clk_pin). Large setup violations at the end of those stages might be difficult to fix during the post-placement implementation flow and could be the result of non-optimal XDC constraints or non-optimal design architecture
Related violations: <none>

TIMING-16#73 Warning
Large setup violation  
There is a large setup violation of -2.509 ns between U_CPU_Core/U_DataPath/U_PC/q_reg[2]/C (clocked by sys_clk_pin) and U_RAM/ram_reg_0_63_2_2/SP/WE (clocked by sys_clk_pin). Large setup violations at the end of those stages might be difficult to fix during the post-placement implementation flow and could be the result of non-optimal XDC constraints or non-optimal design architecture
Related violations: <none>

TIMING-16#74 Warning
Large setup violation  
There is a large setup violation of -2.509 ns between U_CPU_Core/U_DataPath/U_PC/q_reg[2]/C (clocked by sys_clk_pin) and U_RAM/ram_reg_0_63_30_30/SP/WE (clocked by sys_clk_pin). Large setup violations at the end of those stages might be difficult to fix during the post-placement implementation flow and could be the result of non-optimal XDC constraints or non-optimal design architecture
Related violations: <none>

TIMING-16#75 Warning
Large setup violation  
There is a large setup violation of -2.515 ns between U_CPU_Core/U_DataPath/U_PC/q_reg[2]/C (clocked by sys_clk_pin) and U_GPO/ODR_reg[20]/D (clocked by sys_clk_pin). Large setup violations at the end of those stages might be difficult to fix during the post-placement implementation flow and could be the result of non-optimal XDC constraints or non-optimal design architecture
Related violations: <none>

TIMING-16#76 Warning
Large setup violation  
There is a large setup violation of -2.524 ns between U_CPU_Core/U_DataPath/U_PC/q_reg[2]/C (clocked by sys_clk_pin) and U_RAM/ram_reg_0_63_20_20/SP/WE (clocked by sys_clk_pin). Large setup violations at the end of those stages might be difficult to fix during the post-placement implementation flow and could be the result of non-optimal XDC constraints or non-optimal design architecture
Related violations: <none>

TIMING-16#77 Warning
Large setup violation  
There is a large setup violation of -2.524 ns between U_CPU_Core/U_DataPath/U_PC/q_reg[2]/C (clocked by sys_clk_pin) and U_RAM/ram_reg_0_63_21_21/SP/WE (clocked by sys_clk_pin). Large setup violations at the end of those stages might be difficult to fix during the post-placement implementation flow and could be the result of non-optimal XDC constraints or non-optimal design architecture
Related violations: <none>

TIMING-16#78 Warning
Large setup violation  
There is a large setup violation of -2.524 ns between U_CPU_Core/U_DataPath/U_PC/q_reg[2]/C (clocked by sys_clk_pin) and U_RAM/ram_reg_0_63_22_22/SP/WE (clocked by sys_clk_pin). Large setup violations at the end of those stages might be difficult to fix during the post-placement implementation flow and could be the result of non-optimal XDC constraints or non-optimal design architecture
Related violations: <none>

TIMING-16#79 Warning
Large setup violation  
There is a large setup violation of -2.524 ns between U_CPU_Core/U_DataPath/U_PC/q_reg[2]/C (clocked by sys_clk_pin) and U_RAM/ram_reg_0_63_23_23/SP/WE (clocked by sys_clk_pin). Large setup violations at the end of those stages might be difficult to fix during the post-placement implementation flow and could be the result of non-optimal XDC constraints or non-optimal design architecture
Related violations: <none>

TIMING-16#80 Warning
Large setup violation  
There is a large setup violation of -2.540 ns between U_CPU_Core/U_DataPath/U_PC/q_reg[2]/C (clocked by sys_clk_pin) and U_GPO/ODR_reg[25]/D (clocked by sys_clk_pin). Large setup violations at the end of those stages might be difficult to fix during the post-placement implementation flow and could be the result of non-optimal XDC constraints or non-optimal design architecture
Related violations: <none>

TIMING-16#81 Warning
Large setup violation  
There is a large setup violation of -2.559 ns between U_CPU_Core/U_DataPath/U_PC/q_reg[2]/C (clocked by sys_clk_pin) and U_GPO/ODR_reg[8]/D (clocked by sys_clk_pin). Large setup violations at the end of those stages might be difficult to fix during the post-placement implementation flow and could be the result of non-optimal XDC constraints or non-optimal design architecture
Related violations: <none>

TIMING-16#82 Warning
Large setup violation  
There is a large setup violation of -2.591 ns between U_CPU_Core/U_DataPath/U_PC/q_reg[2]/C (clocked by sys_clk_pin) and U_GPO/ODR_reg[30]/D (clocked by sys_clk_pin). Large setup violations at the end of those stages might be difficult to fix during the post-placement implementation flow and could be the result of non-optimal XDC constraints or non-optimal design architecture
Related violations: <none>

TIMING-16#83 Warning
Large setup violation  
There is a large setup violation of -2.592 ns between U_CPU_Core/U_DataPath/U_PC/q_reg[2]/C (clocked by sys_clk_pin) and U_RAM/ram_reg_0_63_11_11/SP/I (clocked by sys_clk_pin). Large setup violations at the end of those stages might be difficult to fix during the post-placement implementation flow and could be the result of non-optimal XDC constraints or non-optimal design architecture
Related violations: <none>

TIMING-16#84 Warning
Large setup violation  
There is a large setup violation of -2.598 ns between U_CPU_Core/U_DataPath/U_PC/q_reg[2]/C (clocked by sys_clk_pin) and U_RAM/ram_reg_0_63_28_28/SP/I (clocked by sys_clk_pin). Large setup violations at the end of those stages might be difficult to fix during the post-placement implementation flow and could be the result of non-optimal XDC constraints or non-optimal design architecture
Related violations: <none>

TIMING-16#85 Warning
Large setup violation  
There is a large setup violation of -2.602 ns between U_CPU_Core/U_DataPath/U_PC/q_reg[2]/C (clocked by sys_clk_pin) and U_RAM/ram_reg_0_63_25_25/SP/I (clocked by sys_clk_pin). Large setup violations at the end of those stages might be difficult to fix during the post-placement implementation flow and could be the result of non-optimal XDC constraints or non-optimal design architecture
Related violations: <none>

TIMING-16#86 Warning
Large setup violation  
There is a large setup violation of -2.602 ns between U_CPU_Core/U_DataPath/U_PC/q_reg[2]/C (clocked by sys_clk_pin) and U_RAM/ram_reg_0_63_27_27/SP/I (clocked by sys_clk_pin). Large setup violations at the end of those stages might be difficult to fix during the post-placement implementation flow and could be the result of non-optimal XDC constraints or non-optimal design architecture
Related violations: <none>

TIMING-16#87 Warning
Large setup violation  
There is a large setup violation of -2.620 ns between U_CPU_Core/U_DataPath/U_PC/q_reg[2]/C (clocked by sys_clk_pin) and U_CPU_Core/U_DataPath/U_RegisterFile/RegFile_reg_r2_0_31_12_17/RAMC/I (clocked by sys_clk_pin). Large setup violations at the end of those stages might be difficult to fix during the post-placement implementation flow and could be the result of non-optimal XDC constraints or non-optimal design architecture
Related violations: <none>

TIMING-16#88 Warning
Large setup violation  
There is a large setup violation of -2.628 ns between U_CPU_Core/U_DataPath/U_PC/q_reg[2]/C (clocked by sys_clk_pin) and U_CPU_Core/U_DataPath/U_RegisterFile/RegFile_reg_r1_0_31_12_17/RAMC/I (clocked by sys_clk_pin). Large setup violations at the end of those stages might be difficult to fix during the post-placement implementation flow and could be the result of non-optimal XDC constraints or non-optimal design architecture
Related violations: <none>

TIMING-16#89 Warning
Large setup violation  
There is a large setup violation of -2.633 ns between U_CPU_Core/U_DataPath/U_PC/q_reg[2]/C (clocked by sys_clk_pin) and U_RAM/ram_reg_0_63_10_10/SP/I (clocked by sys_clk_pin). Large setup violations at the end of those stages might be difficult to fix during the post-placement implementation flow and could be the result of non-optimal XDC constraints or non-optimal design architecture
Related violations: <none>

TIMING-16#90 Warning
Large setup violation  
There is a large setup violation of -2.660 ns between U_CPU_Core/U_DataPath/U_PC/q_reg[2]/C (clocked by sys_clk_pin) and U_RAM/ram_reg_0_63_14_14/SP/I (clocked by sys_clk_pin). Large setup violations at the end of those stages might be difficult to fix during the post-placement implementation flow and could be the result of non-optimal XDC constraints or non-optimal design architecture
Related violations: <none>

TIMING-16#91 Warning
Large setup violation  
There is a large setup violation of -2.664 ns between U_CPU_Core/U_DataPath/U_PC/q_reg[2]/C (clocked by sys_clk_pin) and U_RAM/ram_reg_0_63_13_13/SP/WE (clocked by sys_clk_pin). Large setup violations at the end of those stages might be difficult to fix during the post-placement implementation flow and could be the result of non-optimal XDC constraints or non-optimal design architecture
Related violations: <none>

TIMING-16#92 Warning
Large setup violation  
There is a large setup violation of -2.664 ns between U_CPU_Core/U_DataPath/U_PC/q_reg[2]/C (clocked by sys_clk_pin) and U_RAM/ram_reg_0_63_14_14/SP/WE (clocked by sys_clk_pin). Large setup violations at the end of those stages might be difficult to fix during the post-placement implementation flow and could be the result of non-optimal XDC constraints or non-optimal design architecture
Related violations: <none>

TIMING-16#93 Warning
Large setup violation  
There is a large setup violation of -2.664 ns between U_CPU_Core/U_DataPath/U_PC/q_reg[2]/C (clocked by sys_clk_pin) and U_RAM/ram_reg_0_63_15_15/SP/WE (clocked by sys_clk_pin). Large setup violations at the end of those stages might be difficult to fix during the post-placement implementation flow and could be the result of non-optimal XDC constraints or non-optimal design architecture
Related violations: <none>

TIMING-16#94 Warning
Large setup violation  
There is a large setup violation of -2.664 ns between U_CPU_Core/U_DataPath/U_PC/q_reg[2]/C (clocked by sys_clk_pin) and U_RAM/ram_reg_0_63_16_16/SP/WE (clocked by sys_clk_pin). Large setup violations at the end of those stages might be difficult to fix during the post-placement implementation flow and could be the result of non-optimal XDC constraints or non-optimal design architecture
Related violations: <none>

TIMING-16#95 Warning
Large setup violation  
There is a large setup violation of -2.678 ns between U_CPU_Core/U_DataPath/U_PC/q_reg[2]/C (clocked by sys_clk_pin) and U_RAM/ram_reg_0_63_21_21/SP/I (clocked by sys_clk_pin). Large setup violations at the end of those stages might be difficult to fix during the post-placement implementation flow and could be the result of non-optimal XDC constraints or non-optimal design architecture
Related violations: <none>

TIMING-16#96 Warning
Large setup violation  
There is a large setup violation of -2.683 ns between U_CPU_Core/U_DataPath/U_PC/q_reg[2]/C (clocked by sys_clk_pin) and U_RAM/ram_reg_0_63_17_17/SP/I (clocked by sys_clk_pin). Large setup violations at the end of those stages might be difficult to fix during the post-placement implementation flow and could be the result of non-optimal XDC constraints or non-optimal design architecture
Related violations: <none>

TIMING-16#97 Warning
Large setup violation  
There is a large setup violation of -2.691 ns between U_CPU_Core/U_DataPath/U_PC/q_reg[2]/C (clocked by sys_clk_pin) and U_RAM/ram_reg_0_63_17_17/SP/WE (clocked by sys_clk_pin). Large setup violations at the end of those stages might be difficult to fix during the post-placement implementation flow and could be the result of non-optimal XDC constraints or non-optimal design architecture
Related violations: <none>

TIMING-16#98 Warning
Large setup violation  
There is a large setup violation of -2.691 ns between U_CPU_Core/U_DataPath/U_PC/q_reg[2]/C (clocked by sys_clk_pin) and U_RAM/ram_reg_0_63_18_18/SP/WE (clocked by sys_clk_pin). Large setup violations at the end of those stages might be difficult to fix during the post-placement implementation flow and could be the result of non-optimal XDC constraints or non-optimal design architecture
Related violations: <none>

TIMING-16#99 Warning
Large setup violation  
There is a large setup violation of -2.691 ns between U_CPU_Core/U_DataPath/U_PC/q_reg[2]/C (clocked by sys_clk_pin) and U_RAM/ram_reg_0_63_19_19/SP/WE (clocked by sys_clk_pin). Large setup violations at the end of those stages might be difficult to fix during the post-placement implementation flow and could be the result of non-optimal XDC constraints or non-optimal design architecture
Related violations: <none>

TIMING-16#100 Warning
Large setup violation  
There is a large setup violation of -2.691 ns between U_CPU_Core/U_DataPath/U_PC/q_reg[2]/C (clocked by sys_clk_pin) and U_RAM/ram_reg_0_63_1_1/SP/WE (clocked by sys_clk_pin). Large setup violations at the end of those stages might be difficult to fix during the post-placement implementation flow and could be the result of non-optimal XDC constraints or non-optimal design architecture
Related violations: <none>

TIMING-16#101 Warning
Large setup violation  
There is a large setup violation of -2.695 ns between U_CPU_Core/U_DataPath/U_PC/q_reg[2]/C (clocked by sys_clk_pin) and U_RAM/ram_reg_0_63_6_6/SP/WE (clocked by sys_clk_pin). Large setup violations at the end of those stages might be difficult to fix during the post-placement implementation flow and could be the result of non-optimal XDC constraints or non-optimal design architecture
Related violations: <none>

TIMING-16#102 Warning
Large setup violation  
There is a large setup violation of -2.695 ns between U_CPU_Core/U_DataPath/U_PC/q_reg[2]/C (clocked by sys_clk_pin) and U_RAM/ram_reg_0_63_7_7/SP/WE (clocked by sys_clk_pin). Large setup violations at the end of those stages might be difficult to fix during the post-placement implementation flow and could be the result of non-optimal XDC constraints or non-optimal design architecture
Related violations: <none>

TIMING-16#103 Warning
Large setup violation  
There is a large setup violation of -2.695 ns between U_CPU_Core/U_DataPath/U_PC/q_reg[2]/C (clocked by sys_clk_pin) and U_RAM/ram_reg_0_63_8_8/SP/WE (clocked by sys_clk_pin). Large setup violations at the end of those stages might be difficult to fix during the post-placement implementation flow and could be the result of non-optimal XDC constraints or non-optimal design architecture
Related violations: <none>

TIMING-16#104 Warning
Large setup violation  
There is a large setup violation of -2.695 ns between U_CPU_Core/U_DataPath/U_PC/q_reg[2]/C (clocked by sys_clk_pin) and U_RAM/ram_reg_0_63_9_9/SP/WE (clocked by sys_clk_pin). Large setup violations at the end of those stages might be difficult to fix during the post-placement implementation flow and could be the result of non-optimal XDC constraints or non-optimal design architecture
Related violations: <none>

TIMING-16#105 Warning
Large setup violation  
There is a large setup violation of -2.713 ns between U_CPU_Core/U_DataPath/U_PC/q_reg[2]/C (clocked by sys_clk_pin) and U_RAM/ram_reg_0_63_8_8/SP/I (clocked by sys_clk_pin). Large setup violations at the end of those stages might be difficult to fix during the post-placement implementation flow and could be the result of non-optimal XDC constraints or non-optimal design architecture
Related violations: <none>

TIMING-16#106 Warning
Large setup violation  
There is a large setup violation of -2.714 ns between U_CPU_Core/U_DataPath/U_PC/q_reg[2]/C (clocked by sys_clk_pin) and U_CPU_Core/U_DataPath/U_RegisterFile/RegFile_reg_r2_0_31_18_23/RAMB/I (clocked by sys_clk_pin). Large setup violations at the end of those stages might be difficult to fix during the post-placement implementation flow and could be the result of non-optimal XDC constraints or non-optimal design architecture
Related violations: <none>

TIMING-16#107 Warning
Large setup violation  
There is a large setup violation of -2.724 ns between U_CPU_Core/U_DataPath/U_PC/q_reg[2]/C (clocked by sys_clk_pin) and U_CPU_Core/U_DataPath/U_RegisterFile/RegFile_reg_r2_0_31_0_5/RAMC_D1/I (clocked by sys_clk_pin). Large setup violations at the end of those stages might be difficult to fix during the post-placement implementation flow and could be the result of non-optimal XDC constraints or non-optimal design architecture
Related violations: <none>

TIMING-16#108 Warning
Large setup violation  
There is a large setup violation of -2.725 ns between U_CPU_Core/U_DataPath/U_PC/q_reg[2]/C (clocked by sys_clk_pin) and U_CPU_Core/U_DataPath/U_RegisterFile/RegFile_reg_r2_0_31_24_29/RAMB/I (clocked by sys_clk_pin). Large setup violations at the end of those stages might be difficult to fix during the post-placement implementation flow and could be the result of non-optimal XDC constraints or non-optimal design architecture
Related violations: <none>

TIMING-16#109 Warning
Large setup violation  
There is a large setup violation of -2.726 ns between U_CPU_Core/U_DataPath/U_PC/q_reg[2]/C (clocked by sys_clk_pin) and U_CPU_Core/U_DataPath/U_RegisterFile/RegFile_reg_r2_0_31_0_5/RAMA_D1/I (clocked by sys_clk_pin). Large setup violations at the end of those stages might be difficult to fix during the post-placement implementation flow and could be the result of non-optimal XDC constraints or non-optimal design architecture
Related violations: <none>

TIMING-16#110 Warning
Large setup violation  
There is a large setup violation of -2.729 ns between U_CPU_Core/U_DataPath/U_PC/q_reg[2]/C (clocked by sys_clk_pin) and U_RAM/ram_reg_0_63_22_22/SP/I (clocked by sys_clk_pin). Large setup violations at the end of those stages might be difficult to fix during the post-placement implementation flow and could be the result of non-optimal XDC constraints or non-optimal design architecture
Related violations: <none>

TIMING-16#111 Warning
Large setup violation  
There is a large setup violation of -2.730 ns between U_CPU_Core/U_DataPath/U_PC/q_reg[2]/C (clocked by sys_clk_pin) and U_CPU_Core/U_DataPath/U_RegisterFile/RegFile_reg_r1_0_31_24_29/RAMB/I (clocked by sys_clk_pin). Large setup violations at the end of those stages might be difficult to fix during the post-placement implementation flow and could be the result of non-optimal XDC constraints or non-optimal design architecture
Related violations: <none>

TIMING-16#112 Warning
Large setup violation  
There is a large setup violation of -2.740 ns between U_CPU_Core/U_DataPath/U_PC/q_reg[2]/C (clocked by sys_clk_pin) and U_RAM/ram_reg_0_63_16_16/SP/I (clocked by sys_clk_pin). Large setup violations at the end of those stages might be difficult to fix during the post-placement implementation flow and could be the result of non-optimal XDC constraints or non-optimal design architecture
Related violations: <none>

TIMING-16#113 Warning
Large setup violation  
There is a large setup violation of -2.741 ns between U_CPU_Core/U_DataPath/U_PC/q_reg[2]/C (clocked by sys_clk_pin) and U_CPU_Core/U_DataPath/U_RegisterFile/RegFile_reg_r2_0_31_0_5/RAMB/I (clocked by sys_clk_pin). Large setup violations at the end of those stages might be difficult to fix during the post-placement implementation flow and could be the result of non-optimal XDC constraints or non-optimal design architecture
Related violations: <none>

TIMING-16#114 Warning
Large setup violation  
There is a large setup violation of -2.744 ns between U_CPU_Core/U_DataPath/U_PC/q_reg[2]/C (clocked by sys_clk_pin) and U_CPU_Core/U_DataPath/U_RegisterFile/RegFile_reg_r1_0_31_30_31/RAMA_D1/I (clocked by sys_clk_pin). Large setup violations at the end of those stages might be difficult to fix during the post-placement implementation flow and could be the result of non-optimal XDC constraints or non-optimal design architecture
Related violations: <none>

TIMING-16#115 Warning
Large setup violation  
There is a large setup violation of -2.745 ns between U_CPU_Core/U_DataPath/U_PC/q_reg[2]/C (clocked by sys_clk_pin) and U_CPU_Core/U_DataPath/U_RegisterFile/RegFile_reg_r1_0_31_24_29/RAMC_D1/I (clocked by sys_clk_pin). Large setup violations at the end of those stages might be difficult to fix during the post-placement implementation flow and could be the result of non-optimal XDC constraints or non-optimal design architecture
Related violations: <none>

TIMING-16#116 Warning
Large setup violation  
There is a large setup violation of -2.746 ns between U_CPU_Core/U_DataPath/U_PC/q_reg[2]/C (clocked by sys_clk_pin) and U_RAM/ram_reg_0_63_23_23/SP/I (clocked by sys_clk_pin). Large setup violations at the end of those stages might be difficult to fix during the post-placement implementation flow and could be the result of non-optimal XDC constraints or non-optimal design architecture
Related violations: <none>

TIMING-16#117 Warning
Large setup violation  
There is a large setup violation of -2.750 ns between U_CPU_Core/U_DataPath/U_PC/q_reg[2]/C (clocked by sys_clk_pin) and U_CPU_Core/U_DataPath/U_RegisterFile/RegFile_reg_r1_0_31_30_31/RAMA/I (clocked by sys_clk_pin). Large setup violations at the end of those stages might be difficult to fix during the post-placement implementation flow and could be the result of non-optimal XDC constraints or non-optimal design architecture
Related violations: <none>

TIMING-16#118 Warning
Large setup violation  
There is a large setup violation of -2.759 ns between U_CPU_Core/U_DataPath/U_PC/q_reg[2]/C (clocked by sys_clk_pin) and U_CPU_Core/U_DataPath/U_RegisterFile/RegFile_reg_r1_0_31_0_5/RAMB/I (clocked by sys_clk_pin). Large setup violations at the end of those stages might be difficult to fix during the post-placement implementation flow and could be the result of non-optimal XDC constraints or non-optimal design architecture
Related violations: <none>

TIMING-16#119 Warning
Large setup violation  
There is a large setup violation of -2.759 ns between U_CPU_Core/U_DataPath/U_PC/q_reg[2]/C (clocked by sys_clk_pin) and U_CPU_Core/U_DataPath/U_RegisterFile/RegFile_reg_r2_0_31_0_5/RAMB_D1/I (clocked by sys_clk_pin). Large setup violations at the end of those stages might be difficult to fix during the post-placement implementation flow and could be the result of non-optimal XDC constraints or non-optimal design architecture
Related violations: <none>

TIMING-16#120 Warning
Large setup violation  
There is a large setup violation of -2.768 ns between U_CPU_Core/U_DataPath/U_PC/q_reg[2]/C (clocked by sys_clk_pin) and U_CPU_Core/U_DataPath/U_RegisterFile/RegFile_reg_r2_0_31_0_5/RAMA/I (clocked by sys_clk_pin). Large setup violations at the end of those stages might be difficult to fix during the post-placement implementation flow and could be the result of non-optimal XDC constraints or non-optimal design architecture
Related violations: <none>

TIMING-16#121 Warning
Large setup violation  
There is a large setup violation of -2.769 ns between U_CPU_Core/U_DataPath/U_PC/q_reg[2]/C (clocked by sys_clk_pin) and U_CPU_Core/U_DataPath/U_RegisterFile/RegFile_reg_r1_0_31_18_23/RAMA_D1/I (clocked by sys_clk_pin). Large setup violations at the end of those stages might be difficult to fix during the post-placement implementation flow and could be the result of non-optimal XDC constraints or non-optimal design architecture
Related violations: <none>

TIMING-16#122 Warning
Large setup violation  
There is a large setup violation of -2.771 ns between U_CPU_Core/U_DataPath/U_PC/q_reg[2]/C (clocked by sys_clk_pin) and U_CPU_Core/U_DataPath/U_RegisterFile/RegFile_reg_r1_0_31_12_17/RAMC_D1/I (clocked by sys_clk_pin). Large setup violations at the end of those stages might be difficult to fix during the post-placement implementation flow and could be the result of non-optimal XDC constraints or non-optimal design architecture
Related violations: <none>

TIMING-16#123 Warning
Large setup violation  
There is a large setup violation of -2.780 ns between U_CPU_Core/U_DataPath/U_PC/q_reg[2]/C (clocked by sys_clk_pin) and U_CPU_Core/U_DataPath/U_RegisterFile/RegFile_reg_r1_0_31_24_29/RAMA_D1/I (clocked by sys_clk_pin). Large setup violations at the end of those stages might be difficult to fix during the post-placement implementation flow and could be the result of non-optimal XDC constraints or non-optimal design architecture
Related violations: <none>

TIMING-16#124 Warning
Large setup violation  
There is a large setup violation of -2.782 ns between U_CPU_Core/U_DataPath/U_PC/q_reg[2]/C (clocked by sys_clk_pin) and U_CPU_Core/U_DataPath/U_RegisterFile/RegFile_reg_r1_0_31_24_29/RAMA/I (clocked by sys_clk_pin). Large setup violations at the end of those stages might be difficult to fix during the post-placement implementation flow and could be the result of non-optimal XDC constraints or non-optimal design architecture
Related violations: <none>

TIMING-16#125 Warning
Large setup violation  
There is a large setup violation of -2.782 ns between U_CPU_Core/U_DataPath/U_PC/q_reg[2]/C (clocked by sys_clk_pin) and U_RAM/ram_reg_0_63_15_15/SP/I (clocked by sys_clk_pin). Large setup violations at the end of those stages might be difficult to fix during the post-placement implementation flow and could be the result of non-optimal XDC constraints or non-optimal design architecture
Related violations: <none>

TIMING-16#126 Warning
Large setup violation  
There is a large setup violation of -2.792 ns between U_CPU_Core/U_DataPath/U_PC/q_reg[2]/C (clocked by sys_clk_pin) and U_CPU_Core/U_DataPath/U_RegisterFile/RegFile_reg_r1_0_31_0_5/RAMA/I (clocked by sys_clk_pin). Large setup violations at the end of those stages might be difficult to fix during the post-placement implementation flow and could be the result of non-optimal XDC constraints or non-optimal design architecture
Related violations: <none>

TIMING-16#127 Warning
Large setup violation  
There is a large setup violation of -2.812 ns between U_CPU_Core/U_DataPath/U_PC/q_reg[2]/C (clocked by sys_clk_pin) and U_CPU_Core/U_DataPath/U_RegisterFile/RegFile_reg_r1_0_31_18_23/RAMC/I (clocked by sys_clk_pin). Large setup violations at the end of those stages might be difficult to fix during the post-placement implementation flow and could be the result of non-optimal XDC constraints or non-optimal design architecture
Related violations: <none>

TIMING-16#128 Warning
Large setup violation  
There is a large setup violation of -2.812 ns between U_CPU_Core/U_DataPath/U_PC/q_reg[2]/C (clocked by sys_clk_pin) and U_CPU_Core/U_DataPath/U_RegisterFile/RegFile_reg_r2_0_31_24_29/RAMC/I (clocked by sys_clk_pin). Large setup violations at the end of those stages might be difficult to fix during the post-placement implementation flow and could be the result of non-optimal XDC constraints or non-optimal design architecture
Related violations: <none>

TIMING-16#129 Warning
Large setup violation  
There is a large setup violation of -2.813 ns between U_CPU_Core/U_DataPath/U_PC/q_reg[2]/C (clocked by sys_clk_pin) and U_CPU_Core/U_DataPath/U_RegisterFile/RegFile_reg_r2_0_31_24_29/RAMB_D1/I (clocked by sys_clk_pin). Large setup violations at the end of those stages might be difficult to fix during the post-placement implementation flow and could be the result of non-optimal XDC constraints or non-optimal design architecture
Related violations: <none>

TIMING-16#130 Warning
Large setup violation  
There is a large setup violation of -2.813 ns between U_CPU_Core/U_DataPath/U_PC/q_reg[2]/C (clocked by sys_clk_pin) and U_RAM/ram_reg_0_63_26_26/SP/I (clocked by sys_clk_pin). Large setup violations at the end of those stages might be difficult to fix during the post-placement implementation flow and could be the result of non-optimal XDC constraints or non-optimal design architecture
Related violations: <none>

TIMING-16#131 Warning
Large setup violation  
There is a large setup violation of -2.824 ns between U_CPU_Core/U_DataPath/U_PC/q_reg[2]/C (clocked by sys_clk_pin) and U_CPU_Core/U_DataPath/U_RegisterFile/RegFile_reg_r2_0_31_12_17/RAMB_D1/I (clocked by sys_clk_pin). Large setup violations at the end of those stages might be difficult to fix during the post-placement implementation flow and could be the result of non-optimal XDC constraints or non-optimal design architecture
Related violations: <none>

TIMING-16#132 Warning
Large setup violation  
There is a large setup violation of -2.829 ns between U_CPU_Core/U_DataPath/U_PC/q_reg[2]/C (clocked by sys_clk_pin) and U_CPU_Core/U_DataPath/U_RegisterFile/RegFile_reg_r2_0_31_6_11/RAMA_D1/I (clocked by sys_clk_pin). Large setup violations at the end of those stages might be difficult to fix during the post-placement implementation flow and could be the result of non-optimal XDC constraints or non-optimal design architecture
Related violations: <none>

TIMING-16#133 Warning
Large setup violation  
There is a large setup violation of -2.842 ns between U_CPU_Core/U_DataPath/U_PC/q_reg[2]/C (clocked by sys_clk_pin) and U_CPU_Core/U_DataPath/U_RegisterFile/RegFile_reg_r2_0_31_24_29/RAMA/I (clocked by sys_clk_pin). Large setup violations at the end of those stages might be difficult to fix during the post-placement implementation flow and could be the result of non-optimal XDC constraints or non-optimal design architecture
Related violations: <none>

TIMING-16#134 Warning
Large setup violation  
There is a large setup violation of -2.842 ns between U_CPU_Core/U_DataPath/U_PC/q_reg[2]/C (clocked by sys_clk_pin) and U_RAM/ram_reg_0_63_29_29/SP/I (clocked by sys_clk_pin). Large setup violations at the end of those stages might be difficult to fix during the post-placement implementation flow and could be the result of non-optimal XDC constraints or non-optimal design architecture
Related violations: <none>

TIMING-16#135 Warning
Large setup violation  
There is a large setup violation of -2.844 ns between U_CPU_Core/U_DataPath/U_PC/q_reg[2]/C (clocked by sys_clk_pin) and U_CPU_Core/U_DataPath/U_RegisterFile/RegFile_reg_r1_0_31_12_17/RAMA_D1/I (clocked by sys_clk_pin). Large setup violations at the end of those stages might be difficult to fix during the post-placement implementation flow and could be the result of non-optimal XDC constraints or non-optimal design architecture
Related violations: <none>

TIMING-16#136 Warning
Large setup violation  
There is a large setup violation of -2.844 ns between U_CPU_Core/U_DataPath/U_PC/q_reg[2]/C (clocked by sys_clk_pin) and U_CPU_Core/U_DataPath/U_RegisterFile/RegFile_reg_r1_0_31_6_11/RAMB/I (clocked by sys_clk_pin). Large setup violations at the end of those stages might be difficult to fix during the post-placement implementation flow and could be the result of non-optimal XDC constraints or non-optimal design architecture
Related violations: <none>

TIMING-16#137 Warning
Large setup violation  
There is a large setup violation of -2.844 ns between U_CPU_Core/U_DataPath/U_PC/q_reg[2]/C (clocked by sys_clk_pin) and U_CPU_Core/U_DataPath/U_RegisterFile/RegFile_reg_r2_0_31_6_11/RAMB/I (clocked by sys_clk_pin). Large setup violations at the end of those stages might be difficult to fix during the post-placement implementation flow and could be the result of non-optimal XDC constraints or non-optimal design architecture
Related violations: <none>

TIMING-16#138 Warning
Large setup violation  
There is a large setup violation of -2.846 ns between U_CPU_Core/U_DataPath/U_PC/q_reg[2]/C (clocked by sys_clk_pin) and U_CPU_Core/U_DataPath/U_RegisterFile/RegFile_reg_r2_0_31_12_17/RAMA_D1/I (clocked by sys_clk_pin). Large setup violations at the end of those stages might be difficult to fix during the post-placement implementation flow and could be the result of non-optimal XDC constraints or non-optimal design architecture
Related violations: <none>

TIMING-16#139 Warning
Large setup violation  
There is a large setup violation of -2.851 ns between U_CPU_Core/U_DataPath/U_PC/q_reg[2]/C (clocked by sys_clk_pin) and U_CPU_Core/U_DataPath/U_RegisterFile/RegFile_reg_r2_0_31_18_23/RAMA/I (clocked by sys_clk_pin). Large setup violations at the end of those stages might be difficult to fix during the post-placement implementation flow and could be the result of non-optimal XDC constraints or non-optimal design architecture
Related violations: <none>

TIMING-16#140 Warning
Large setup violation  
There is a large setup violation of -2.852 ns between U_CPU_Core/U_DataPath/U_PC/q_reg[2]/C (clocked by sys_clk_pin) and U_RAM/ram_reg_0_63_9_9/SP/I (clocked by sys_clk_pin). Large setup violations at the end of those stages might be difficult to fix during the post-placement implementation flow and could be the result of non-optimal XDC constraints or non-optimal design architecture
Related violations: <none>

TIMING-16#141 Warning
Large setup violation  
There is a large setup violation of -2.854 ns between U_CPU_Core/U_DataPath/U_PC/q_reg[2]/C (clocked by sys_clk_pin) and U_CPU_Core/U_DataPath/U_RegisterFile/RegFile_reg_r1_0_31_18_23/RAMB/I (clocked by sys_clk_pin). Large setup violations at the end of those stages might be difficult to fix during the post-placement implementation flow and could be the result of non-optimal XDC constraints or non-optimal design architecture
Related violations: <none>

TIMING-16#142 Warning
Large setup violation  
There is a large setup violation of -2.862 ns between U_CPU_Core/U_DataPath/U_PC/q_reg[2]/C (clocked by sys_clk_pin) and U_CPU_Core/U_DataPath/U_RegisterFile/RegFile_reg_r2_0_31_12_17/RAMB/I (clocked by sys_clk_pin). Large setup violations at the end of those stages might be difficult to fix during the post-placement implementation flow and could be the result of non-optimal XDC constraints or non-optimal design architecture
Related violations: <none>

TIMING-16#143 Warning
Large setup violation  
There is a large setup violation of -2.865 ns between U_CPU_Core/U_DataPath/U_PC/q_reg[2]/C (clocked by sys_clk_pin) and U_CPU_Core/U_DataPath/U_RegisterFile/RegFile_reg_r1_0_31_12_17/RAMB/I (clocked by sys_clk_pin). Large setup violations at the end of those stages might be difficult to fix during the post-placement implementation flow and could be the result of non-optimal XDC constraints or non-optimal design architecture
Related violations: <none>

TIMING-16#144 Warning
Large setup violation  
There is a large setup violation of -2.879 ns between U_CPU_Core/U_DataPath/U_PC/q_reg[2]/C (clocked by sys_clk_pin) and U_CPU_Core/U_DataPath/U_RegisterFile/RegFile_reg_r1_0_31_18_23/RAMC_D1/I (clocked by sys_clk_pin). Large setup violations at the end of those stages might be difficult to fix during the post-placement implementation flow and could be the result of non-optimal XDC constraints or non-optimal design architecture
Related violations: <none>

TIMING-16#145 Warning
Large setup violation  
There is a large setup violation of -2.879 ns between U_CPU_Core/U_DataPath/U_PC/q_reg[2]/C (clocked by sys_clk_pin) and U_CPU_Core/U_DataPath/U_RegisterFile/RegFile_reg_r2_0_31_24_29/RAMC_D1/I (clocked by sys_clk_pin). Large setup violations at the end of those stages might be difficult to fix during the post-placement implementation flow and could be the result of non-optimal XDC constraints or non-optimal design architecture
Related violations: <none>

TIMING-16#146 Warning
Large setup violation  
There is a large setup violation of -2.886 ns between U_CPU_Core/U_DataPath/U_PC/q_reg[2]/C (clocked by sys_clk_pin) and U_CPU_Core/U_DataPath/U_RegisterFile/RegFile_reg_r2_0_31_18_23/RAMC/I (clocked by sys_clk_pin). Large setup violations at the end of those stages might be difficult to fix during the post-placement implementation flow and could be the result of non-optimal XDC constraints or non-optimal design architecture
Related violations: <none>

TIMING-16#147 Warning
Large setup violation  
There is a large setup violation of -2.887 ns between U_CPU_Core/U_DataPath/U_PC/q_reg[2]/C (clocked by sys_clk_pin) and U_CPU_Core/U_DataPath/U_RegisterFile/RegFile_reg_r1_0_31_0_5/RAMC_D1/I (clocked by sys_clk_pin). Large setup violations at the end of those stages might be difficult to fix during the post-placement implementation flow and could be the result of non-optimal XDC constraints or non-optimal design architecture
Related violations: <none>

TIMING-16#148 Warning
Large setup violation  
There is a large setup violation of -2.899 ns between U_CPU_Core/U_DataPath/U_PC/q_reg[2]/C (clocked by sys_clk_pin) and U_CPU_Core/U_DataPath/U_RegisterFile/RegFile_reg_r2_0_31_6_11/RAMC_D1/I (clocked by sys_clk_pin). Large setup violations at the end of those stages might be difficult to fix during the post-placement implementation flow and could be the result of non-optimal XDC constraints or non-optimal design architecture
Related violations: <none>

TIMING-16#149 Warning
Large setup violation  
There is a large setup violation of -2.910 ns between U_CPU_Core/U_DataPath/U_PC/q_reg[2]/C (clocked by sys_clk_pin) and U_CPU_Core/U_DataPath/U_RegisterFile/RegFile_reg_r2_0_31_18_23/RAMA_D1/I (clocked by sys_clk_pin). Large setup violations at the end of those stages might be difficult to fix during the post-placement implementation flow and could be the result of non-optimal XDC constraints or non-optimal design architecture
Related violations: <none>

TIMING-16#150 Warning
Large setup violation  
There is a large setup violation of -2.914 ns between U_CPU_Core/U_DataPath/U_PC/q_reg[2]/C (clocked by sys_clk_pin) and U_CPU_Core/U_DataPath/U_RegisterFile/RegFile_reg_r2_0_31_30_31/RAMA_D1/I (clocked by sys_clk_pin). Large setup violations at the end of those stages might be difficult to fix during the post-placement implementation flow and could be the result of non-optimal XDC constraints or non-optimal design architecture
Related violations: <none>

TIMING-16#151 Warning
Large setup violation  
There is a large setup violation of -2.918 ns between U_CPU_Core/U_DataPath/U_PC/q_reg[2]/C (clocked by sys_clk_pin) and U_CPU_Core/U_DataPath/U_RegisterFile/RegFile_reg_r1_0_31_18_23/RAMB_D1/I (clocked by sys_clk_pin). Large setup violations at the end of those stages might be difficult to fix during the post-placement implementation flow and could be the result of non-optimal XDC constraints or non-optimal design architecture
Related violations: <none>

TIMING-16#152 Warning
Large setup violation  
There is a large setup violation of -2.918 ns between U_CPU_Core/U_DataPath/U_PC/q_reg[2]/C (clocked by sys_clk_pin) and U_CPU_Core/U_DataPath/U_RegisterFile/RegFile_reg_r2_0_31_24_29/RAMA_D1/I (clocked by sys_clk_pin). Large setup violations at the end of those stages might be difficult to fix during the post-placement implementation flow and could be the result of non-optimal XDC constraints or non-optimal design architecture
Related violations: <none>

TIMING-16#153 Warning
Large setup violation  
There is a large setup violation of -2.928 ns between U_CPU_Core/U_DataPath/U_PC/q_reg[2]/C (clocked by sys_clk_pin) and U_CPU_Core/U_DataPath/U_RegisterFile/RegFile_reg_r2_0_31_12_17/RAMA/I (clocked by sys_clk_pin). Large setup violations at the end of those stages might be difficult to fix during the post-placement implementation flow and could be the result of non-optimal XDC constraints or non-optimal design architecture
Related violations: <none>

TIMING-16#154 Warning
Large setup violation  
There is a large setup violation of -2.928 ns between U_CPU_Core/U_DataPath/U_PC/q_reg[2]/C (clocked by sys_clk_pin) and U_CPU_Core/U_DataPath/U_RegisterFile/RegFile_reg_r2_0_31_18_23/RAMC_D1/I (clocked by sys_clk_pin). Large setup violations at the end of those stages might be difficult to fix during the post-placement implementation flow and could be the result of non-optimal XDC constraints or non-optimal design architecture
Related violations: <none>

TIMING-16#155 Warning
Large setup violation  
There is a large setup violation of -2.936 ns between U_CPU_Core/U_DataPath/U_PC/q_reg[2]/C (clocked by sys_clk_pin) and U_CPU_Core/U_DataPath/U_RegisterFile/RegFile_reg_r1_0_31_0_5/RAMB_D1/I (clocked by sys_clk_pin). Large setup violations at the end of those stages might be difficult to fix during the post-placement implementation flow and could be the result of non-optimal XDC constraints or non-optimal design architecture
Related violations: <none>

TIMING-16#156 Warning
Large setup violation  
There is a large setup violation of -2.953 ns between U_CPU_Core/U_DataPath/U_PC/q_reg[2]/C (clocked by sys_clk_pin) and U_CPU_Core/U_DataPath/U_RegisterFile/RegFile_reg_r2_0_31_0_5/RAMC/I (clocked by sys_clk_pin). Large setup violations at the end of those stages might be difficult to fix during the post-placement implementation flow and could be the result of non-optimal XDC constraints or non-optimal design architecture
Related violations: <none>

TIMING-16#157 Warning
Large setup violation  
There is a large setup violation of -2.958 ns between U_CPU_Core/U_DataPath/U_PC/q_reg[2]/C (clocked by sys_clk_pin) and U_CPU_Core/U_DataPath/U_RegisterFile/RegFile_reg_r1_0_31_24_29/RAMB_D1/I (clocked by sys_clk_pin). Large setup violations at the end of those stages might be difficult to fix during the post-placement implementation flow and could be the result of non-optimal XDC constraints or non-optimal design architecture
Related violations: <none>

TIMING-16#158 Warning
Large setup violation  
There is a large setup violation of -2.969 ns between U_CPU_Core/U_DataPath/U_PC/q_reg[2]/C (clocked by sys_clk_pin) and U_CPU_Core/U_DataPath/U_RegisterFile/RegFile_reg_r1_0_31_6_11/RAMA_D1/I (clocked by sys_clk_pin). Large setup violations at the end of those stages might be difficult to fix during the post-placement implementation flow and could be the result of non-optimal XDC constraints or non-optimal design architecture
Related violations: <none>

TIMING-16#159 Warning
Large setup violation  
There is a large setup violation of -2.976 ns between U_CPU_Core/U_DataPath/U_PC/q_reg[2]/C (clocked by sys_clk_pin) and U_CPU_Core/U_DataPath/U_RegisterFile/RegFile_reg_r1_0_31_12_17/RAMA/I (clocked by sys_clk_pin). Large setup violations at the end of those stages might be difficult to fix during the post-placement implementation flow and could be the result of non-optimal XDC constraints or non-optimal design architecture
Related violations: <none>

TIMING-16#160 Warning
Large setup violation  
There is a large setup violation of -2.977 ns between U_CPU_Core/U_DataPath/U_PC/q_reg[2]/C (clocked by sys_clk_pin) and U_CPU_Core/U_DataPath/U_RegisterFile/RegFile_reg_r2_0_31_6_11/RAMA/I (clocked by sys_clk_pin). Large setup violations at the end of those stages might be difficult to fix during the post-placement implementation flow and could be the result of non-optimal XDC constraints or non-optimal design architecture
Related violations: <none>

TIMING-16#161 Warning
Large setup violation  
There is a large setup violation of -2.980 ns between U_CPU_Core/U_DataPath/U_PC/q_reg[2]/C (clocked by sys_clk_pin) and U_CPU_Core/U_DataPath/U_RegisterFile/RegFile_reg_r1_0_31_6_11/RAMA/I (clocked by sys_clk_pin). Large setup violations at the end of those stages might be difficult to fix during the post-placement implementation flow and could be the result of non-optimal XDC constraints or non-optimal design architecture
Related violations: <none>

TIMING-16#162 Warning
Large setup violation  
There is a large setup violation of -2.981 ns between U_CPU_Core/U_DataPath/U_PC/q_reg[2]/C (clocked by sys_clk_pin) and U_CPU_Core/U_DataPath/U_RegisterFile/RegFile_reg_r1_0_31_24_29/RAMC/I (clocked by sys_clk_pin). Large setup violations at the end of those stages might be difficult to fix during the post-placement implementation flow and could be the result of non-optimal XDC constraints or non-optimal design architecture
Related violations: <none>

TIMING-16#163 Warning
Large setup violation  
There is a large setup violation of -2.987 ns between U_CPU_Core/U_DataPath/U_PC/q_reg[2]/C (clocked by sys_clk_pin) and U_CPU_Core/U_DataPath/U_RegisterFile/RegFile_reg_r2_0_31_6_11/RAMB_D1/I (clocked by sys_clk_pin). Large setup violations at the end of those stages might be difficult to fix during the post-placement implementation flow and could be the result of non-optimal XDC constraints or non-optimal design architecture
Related violations: <none>

TIMING-16#164 Warning
Large setup violation  
There is a large setup violation of -2.990 ns between U_CPU_Core/U_DataPath/U_PC/q_reg[2]/C (clocked by sys_clk_pin) and U_CPU_Core/U_DataPath/U_RegisterFile/RegFile_reg_r1_0_31_12_17/RAMB_D1/I (clocked by sys_clk_pin). Large setup violations at the end of those stages might be difficult to fix during the post-placement implementation flow and could be the result of non-optimal XDC constraints or non-optimal design architecture
Related violations: <none>

TIMING-16#165 Warning
Large setup violation  
There is a large setup violation of -2.990 ns between U_CPU_Core/U_DataPath/U_PC/q_reg[2]/C (clocked by sys_clk_pin) and U_CPU_Core/U_DataPath/U_RegisterFile/RegFile_reg_r1_0_31_6_11/RAMB_D1/I (clocked by sys_clk_pin). Large setup violations at the end of those stages might be difficult to fix during the post-placement implementation flow and could be the result of non-optimal XDC constraints or non-optimal design architecture
Related violations: <none>

TIMING-16#166 Warning
Large setup violation  
There is a large setup violation of -2.991 ns between U_CPU_Core/U_DataPath/U_PC/q_reg[2]/C (clocked by sys_clk_pin) and U_CPU_Core/U_DataPath/U_RegisterFile/RegFile_reg_r1_0_31_18_23/RAMA/I (clocked by sys_clk_pin). Large setup violations at the end of those stages might be difficult to fix during the post-placement implementation flow and could be the result of non-optimal XDC constraints or non-optimal design architecture
Related violations: <none>

TIMING-16#167 Warning
Large setup violation  
There is a large setup violation of -2.999 ns between U_CPU_Core/U_DataPath/U_PC/q_reg[2]/C (clocked by sys_clk_pin) and U_RAM/ram_reg_0_63_18_18/SP/I (clocked by sys_clk_pin). Large setup violations at the end of those stages might be difficult to fix during the post-placement implementation flow and could be the result of non-optimal XDC constraints or non-optimal design architecture
Related violations: <none>

TIMING-16#168 Warning
Large setup violation  
There is a large setup violation of -3.004 ns between U_CPU_Core/U_DataPath/U_PC/q_reg[2]/C (clocked by sys_clk_pin) and U_CPU_Core/U_DataPath/U_RegisterFile/RegFile_reg_r2_0_31_6_11/RAMC/I (clocked by sys_clk_pin). Large setup violations at the end of those stages might be difficult to fix during the post-placement implementation flow and could be the result of non-optimal XDC constraints or non-optimal design architecture
Related violations: <none>

TIMING-16#169 Warning
Large setup violation  
There is a large setup violation of -3.021 ns between U_CPU_Core/U_DataPath/U_PC/q_reg[2]/C (clocked by sys_clk_pin) and U_CPU_Core/U_DataPath/U_RegisterFile/RegFile_reg_r1_0_31_0_5/RAMA_D1/I (clocked by sys_clk_pin). Large setup violations at the end of those stages might be difficult to fix during the post-placement implementation flow and could be the result of non-optimal XDC constraints or non-optimal design architecture
Related violations: <none>

TIMING-16#170 Warning
Large setup violation  
There is a large setup violation of -3.029 ns between U_CPU_Core/U_DataPath/U_PC/q_reg[2]/C (clocked by sys_clk_pin) and U_RAM/ram_reg_0_63_19_19/SP/I (clocked by sys_clk_pin). Large setup violations at the end of those stages might be difficult to fix during the post-placement implementation flow and could be the result of non-optimal XDC constraints or non-optimal design architecture
Related violations: <none>

TIMING-16#171 Warning
Large setup violation  
There is a large setup violation of -3.040 ns between U_CPU_Core/U_DataPath/U_PC/q_reg[2]/C (clocked by sys_clk_pin) and U_CPU_Core/U_DataPath/U_RegisterFile/RegFile_reg_r2_0_31_12_17/RAMC_D1/I (clocked by sys_clk_pin). Large setup violations at the end of those stages might be difficult to fix during the post-placement implementation flow and could be the result of non-optimal XDC constraints or non-optimal design architecture
Related violations: <none>

TIMING-16#172 Warning
Large setup violation  
There is a large setup violation of -3.043 ns between U_CPU_Core/U_DataPath/U_PC/q_reg[2]/C (clocked by sys_clk_pin) and U_CPU_Core/U_DataPath/U_RegisterFile/RegFile_reg_r1_0_31_6_11/RAMC_D1/I (clocked by sys_clk_pin). Large setup violations at the end of those stages might be difficult to fix during the post-placement implementation flow and could be the result of non-optimal XDC constraints or non-optimal design architecture
Related violations: <none>

TIMING-16#173 Warning
Large setup violation  
There is a large setup violation of -3.055 ns between U_CPU_Core/U_DataPath/U_PC/q_reg[2]/C (clocked by sys_clk_pin) and U_CPU_Core/U_DataPath/U_RegisterFile/RegFile_reg_r2_0_31_18_23/RAMB_D1/I (clocked by sys_clk_pin). Large setup violations at the end of those stages might be difficult to fix during the post-placement implementation flow and could be the result of non-optimal XDC constraints or non-optimal design architecture
Related violations: <none>

TIMING-16#174 Warning
Large setup violation  
There is a large setup violation of -3.057 ns between U_CPU_Core/U_DataPath/U_PC/q_reg[2]/C (clocked by sys_clk_pin) and U_CPU_Core/U_DataPath/U_RegisterFile/RegFile_reg_r2_0_31_30_31/RAMA/I (clocked by sys_clk_pin). Large setup violations at the end of those stages might be difficult to fix during the post-placement implementation flow and could be the result of non-optimal XDC constraints or non-optimal design architecture
Related violations: <none>

TIMING-16#175 Warning
Large setup violation  
There is a large setup violation of -3.107 ns between U_CPU_Core/U_DataPath/U_PC/q_reg[2]/C (clocked by sys_clk_pin) and U_CPU_Core/U_DataPath/U_RegisterFile/RegFile_reg_r1_0_31_0_5/RAMC/I (clocked by sys_clk_pin). Large setup violations at the end of those stages might be difficult to fix during the post-placement implementation flow and could be the result of non-optimal XDC constraints or non-optimal design architecture
Related violations: <none>

TIMING-16#176 Warning
Large setup violation  
There is a large setup violation of -3.144 ns between U_CPU_Core/U_DataPath/U_PC/q_reg[2]/C (clocked by sys_clk_pin) and U_CPU_Core/U_DataPath/U_RegisterFile/RegFile_reg_r1_0_31_6_11/RAMC/I (clocked by sys_clk_pin). Large setup violations at the end of those stages might be difficult to fix during the post-placement implementation flow and could be the result of non-optimal XDC constraints or non-optimal design architecture
Related violations: <none>

TIMING-18#1 Warning
Missing input or output delay  
An input delay is missing on reset relative to clock(s) sys_clk_pin
Related violations: <none>

TIMING-18#2 Warning
Missing input or output delay  
An output delay is missing on outPortA[0] relative to clock(s) sys_clk_pin
Related violations: <none>

TIMING-18#3 Warning
Missing input or output delay  
An output delay is missing on outPortA[1] relative to clock(s) sys_clk_pin
Related violations: <none>

TIMING-18#4 Warning
Missing input or output delay  
An output delay is missing on outPortA[2] relative to clock(s) sys_clk_pin
Related violations: <none>

TIMING-18#5 Warning
Missing input or output delay  
An output delay is missing on outPortA[3] relative to clock(s) sys_clk_pin
Related violations: <none>


